[ 60%] Built target shutter_hw_core
[100%] Built target shutter_position_node
-- Install configuration: "Release"
-- Up-to-date: /home/hrs47/ros2_ws/install/shutter_hardware_interface/lib/libshutter_hw_core.so
-- Up-to-date: /home/hrs47/ros2_ws/install/shutter_hardware_interface/lib/shutter_hardware_interface/shutter_position_node
-- Up-to-date: /home/hrs47/ros2_ws/install/shutter_hardware_interface/include
-- Up-to-date: /home/hrs47/ros2_ws/install/shutter_hardware_interface/include/shutter_hardware_interface
-- Up-to-date: /home/hrs47/ros2_ws/install/shutter_hardware_interface/include/shutter_hardware_interface/dynamixel_ros_control.h
-- Up-to-date: /home/hrs47/ros2_ws/install/shutter_hardware_interface/include/shutter_hardware_interface/shutter_position_interface.h
-- Up-to-date: /home/hrs47/ros2_ws/install/shutter_hardware_interface/share/shutter_hardware_interface/config
-- Up-to-date: /home/hrs47/ros2_ws/install/shutter_hardware_interface/share/shutter_hardware_interface/config/position_controllers.yaml
-- Up-to-date: /home/hrs47/ros2_ws/install/shutter_hardware_interface/share/shutter_hardware_interface/config/dynamixel_joints_position.yaml
-- Up-to-date: /home/hrs47/ros2_ws/install/shutter_hardware_interface/share/shutter_hardware_interface/launch
-- Up-to-date: /home/hrs47/ros2_ws/install/shutter_hardware_interface/share/shutter_hardware_interface/launch/shutter_position_interface.launch.py
-- Up-to-date: /home/hrs47/ros2_ws/install/shutter_hardware_interface/share/ament_index/resource_index/package_run_dependencies/shutter_hardware_interface
-- Up-to-date: /home/hrs47/ros2_ws/install/shutter_hardware_interface/share/ament_index/resource_index/parent_prefix_path/shutter_hardware_interface
-- Up-to-date: /home/hrs47/ros2_ws/install/shutter_hardware_interface/share/shutter_hardware_interface/environment/ament_prefix_path.sh
-- Up-to-date: /home/hrs47/ros2_ws/install/shutter_hardware_interface/share/shutter_hardware_interface/environment/ament_prefix_path.dsv
-- Up-to-date: /home/hrs47/ros2_ws/install/shutter_hardware_interface/share/shutter_hardware_interface/environment/path.sh
-- Up-to-date: /home/hrs47/ros2_ws/install/shutter_hardware_interface/share/shutter_hardware_interface/environment/path.dsv
-- Up-to-date: /home/hrs47/ros2_ws/install/shutter_hardware_interface/share/shutter_hardware_interface/local_setup.bash
-- Up-to-date: /home/hrs47/ros2_ws/install/shutter_hardware_interface/share/shutter_hardware_interface/local_setup.sh
-- Up-to-date: /home/hrs47/ros2_ws/install/shutter_hardware_interface/share/shutter_hardware_interface/local_setup.zsh
-- Up-to-date: /home/hrs47/ros2_ws/install/shutter_hardware_interface/share/shutter_hardware_interface/local_setup.dsv
-- Installing: /home/hrs47/ros2_ws/install/shutter_hardware_interface/share/shutter_hardware_interface/package.dsv
-- Up-to-date: /home/hrs47/ros2_ws/install/shutter_hardware_interface/share/ament_index/resource_index/packages/shutter_hardware_interface
-- Up-to-date: /home/hrs47/ros2_ws/install/shutter_hardware_interface/share/shutter_hardware_interface/cmake/ament_cmake_export_include_directories-extras.cmake
-- Up-to-date: /home/hrs47/ros2_ws/install/shutter_hardware_interface/share/shutter_hardware_interface/cmake/ament_cmake_export_dependencies-extras.cmake
-- Up-to-date: /home/hrs47/ros2_ws/install/shutter_hardware_interface/share/shutter_hardware_interface/cmake/shutter_hardware_interfaceConfig.cmake
-- Up-to-date: /home/hrs47/ros2_ws/install/shutter_hardware_interface/share/shutter_hardware_interface/cmake/shutter_hardware_interfaceConfig-version.cmake
-- Up-to-date: /home/hrs47/ros2_ws/install/shutter_hardware_interface/share/shutter_hardware_interface/package.xml
