[0.878s] Invoking command in '/home/hrs47/ros2_ws/src/shutter-ros2/modules/ROS-TCP-Endpoint': DEBUGINFOD_URLS=https://debuginfod.ubuntu.com PS1=(.venv) \[\e]0;\u@\h: \w\a\]${debian_chroot:+($debian_chroot)}\[\033[01;32m\]\u@\h\[\033[00m\]:\[\033[01;34m\]\w\[\033[00m\]\$ PYTHONPATH=/home/hrs47/ros2_ws/src/shutter-ros2/build/ros_tcp_endpoint/prefix_override:/usr/lib/python3/dist-packages/colcon_core/task/python/colcon_distutils_commands:/home/hrs47/ros2_ws/src/shutter-ros2/install/ros_tcp_endpoint/lib/python3.12/site-packages:${PYTHONPATH} VIRTUAL_ENV_PROMPT=(.venv) /usr/bin/python3 -W ignore:setup.py install is deprecated -W ignore:easy_install command is deprecated setup.py egg_info --egg-base ../../build/ros_tcp_endpoint build --build-base /home/hrs47/ros2_ws/src/shutter-ros2/build/ros_tcp_endpoint/build install --record /home/hrs47/ros2_ws/src/shutter-ros2/build/ros_tcp_endpoint/install.log --single-version-externally-managed install_data
[1.186s] running egg_info
[1.186s] creating ../../build/ros_tcp_endpoint/ros_tcp_endpoint.egg-info
[1.211s] writing ../../build/ros_tcp_endpoint/ros_tcp_endpoint.egg-info/PKG-INFO
[1.211s] writing dependency_links to ../../build/ros_tcp_endpoint/ros_tcp_endpoint.egg-info/dependency_links.txt
[1.211s] writing entry points to ../../build/ros_tcp_endpoint/ros_tcp_endpoint.egg-info/entry_points.txt
[1.211s] writing requirements to ../../build/ros_tcp_endpoint/ros_tcp_endpoint.egg-info/requires.txt
[1.211s] writing top-level names to ../../build/ros_tcp_endpoint/ros_tcp_endpoint.egg-info/top_level.txt
[1.212s] writing manifest file '../../build/ros_tcp_endpoint/ros_tcp_endpoint.egg-info/SOURCES.txt'
[1.262s] reading manifest file '../../build/ros_tcp_endpoint/ros_tcp_endpoint.egg-info/SOURCES.txt'
[1.262s] adding license file 'LICENSE'
[1.262s] writing manifest file '../../build/ros_tcp_endpoint/ros_tcp_endpoint.egg-info/SOURCES.txt'
[1.263s] running build
[1.263s] running build_py
[1.263s] creating /home/hrs47/ros2_ws/src/shutter-ros2/build/ros_tcp_endpoint/build
[1.263s] creating /home/hrs47/ros2_ws/src/shutter-ros2/build/ros_tcp_endpoint/build/lib
[1.263s] creating /home/hrs47/ros2_ws/src/shutter-ros2/build/ros_tcp_endpoint/build/lib/ros_tcp_endpoint
[1.263s] copying ros_tcp_endpoint/subscriber.py -> /home/hrs47/ros2_ws/src/shutter-ros2/build/ros_tcp_endpoint/build/lib/ros_tcp_endpoint
[1.264s] copying ros_tcp_endpoint/client.py -> /home/hrs47/ros2_ws/src/shutter-ros2/build/ros_tcp_endpoint/build/lib/ros_tcp_endpoint
[1.264s] copying ros_tcp_endpoint/tcp_sender.py -> /home/hrs47/ros2_ws/src/shutter-ros2/build/ros_tcp_endpoint/build/lib/ros_tcp_endpoint
[1.264s] copying ros_tcp_endpoint/publisher.py -> /home/hrs47/ros2_ws/src/shutter-ros2/build/ros_tcp_endpoint/build/lib/ros_tcp_endpoint
[1.264s] copying ros_tcp_endpoint/communication.py -> /home/hrs47/ros2_ws/src/shutter-ros2/build/ros_tcp_endpoint/build/lib/ros_tcp_endpoint
[1.264s] copying ros_tcp_endpoint/server.py -> /home/hrs47/ros2_ws/src/shutter-ros2/build/ros_tcp_endpoint/build/lib/ros_tcp_endpoint
[1.264s] copying ros_tcp_endpoint/thread_pauser.py -> /home/hrs47/ros2_ws/src/shutter-ros2/build/ros_tcp_endpoint/build/lib/ros_tcp_endpoint
[1.265s] copying ros_tcp_endpoint/__init__.py -> /home/hrs47/ros2_ws/src/shutter-ros2/build/ros_tcp_endpoint/build/lib/ros_tcp_endpoint
[1.265s] copying ros_tcp_endpoint/unity_service.py -> /home/hrs47/ros2_ws/src/shutter-ros2/build/ros_tcp_endpoint/build/lib/ros_tcp_endpoint
[1.265s] copying ros_tcp_endpoint/service.py -> /home/hrs47/ros2_ws/src/shutter-ros2/build/ros_tcp_endpoint/build/lib/ros_tcp_endpoint
[1.265s] copying ros_tcp_endpoint/exceptions.py -> /home/hrs47/ros2_ws/src/shutter-ros2/build/ros_tcp_endpoint/build/lib/ros_tcp_endpoint
[1.265s] copying ros_tcp_endpoint/default_server_endpoint.py -> /home/hrs47/ros2_ws/src/shutter-ros2/build/ros_tcp_endpoint/build/lib/ros_tcp_endpoint
[1.265s] running install
[1.271s] running install_lib
[1.298s] creating /home/hrs47/ros2_ws/src/shutter-ros2/install/ros_tcp_endpoint/lib/python3.12/site-packages/ros_tcp_endpoint
[1.298s] copying /home/hrs47/ros2_ws/src/shutter-ros2/build/ros_tcp_endpoint/build/lib/ros_tcp_endpoint/subscriber.py -> /home/hrs47/ros2_ws/src/shutter-ros2/install/ros_tcp_endpoint/lib/python3.12/site-packages/ros_tcp_endpoint
[1.298s] copying /home/hrs47/ros2_ws/src/shutter-ros2/build/ros_tcp_endpoint/build/lib/ros_tcp_endpoint/client.py -> /home/hrs47/ros2_ws/src/shutter-ros2/install/ros_tcp_endpoint/lib/python3.12/site-packages/ros_tcp_endpoint
[1.298s] copying /home/hrs47/ros2_ws/src/shutter-ros2/build/ros_tcp_endpoint/build/lib/ros_tcp_endpoint/tcp_sender.py -> /home/hrs47/ros2_ws/src/shutter-ros2/install/ros_tcp_endpoint/lib/python3.12/site-packages/ros_tcp_endpoint
[1.299s] copying /home/hrs47/ros2_ws/src/shutter-ros2/build/ros_tcp_endpoint/build/lib/ros_tcp_endpoint/publisher.py -> /home/hrs47/ros2_ws/src/shutter-ros2/install/ros_tcp_endpoint/lib/python3.12/site-packages/ros_tcp_endpoint
[1.299s] copying /home/hrs47/ros2_ws/src/shutter-ros2/build/ros_tcp_endpoint/build/lib/ros_tcp_endpoint/communication.py -> /home/hrs47/ros2_ws/src/shutter-ros2/install/ros_tcp_endpoint/lib/python3.12/site-packages/ros_tcp_endpoint
[1.299s] copying /home/hrs47/ros2_ws/src/shutter-ros2/build/ros_tcp_endpoint/build/lib/ros_tcp_endpoint/server.py -> /home/hrs47/ros2_ws/src/shutter-ros2/install/ros_tcp_endpoint/lib/python3.12/site-packages/ros_tcp_endpoint
[1.299s] copying /home/hrs47/ros2_ws/src/shutter-ros2/build/ros_tcp_endpoint/build/lib/ros_tcp_endpoint/thread_pauser.py -> /home/hrs47/ros2_ws/src/shutter-ros2/install/ros_tcp_endpoint/lib/python3.12/site-packages/ros_tcp_endpoint
[1.299s] copying /home/hrs47/ros2_ws/src/shutter-ros2/build/ros_tcp_endpoint/build/lib/ros_tcp_endpoint/__init__.py -> /home/hrs47/ros2_ws/src/shutter-ros2/install/ros_tcp_endpoint/lib/python3.12/site-packages/ros_tcp_endpoint
[1.299s] copying /home/hrs47/ros2_ws/src/shutter-ros2/build/ros_tcp_endpoint/build/lib/ros_tcp_endpoint/unity_service.py -> /home/hrs47/ros2_ws/src/shutter-ros2/install/ros_tcp_endpoint/lib/python3.12/site-packages/ros_tcp_endpoint
[1.299s] copying /home/hrs47/ros2_ws/src/shutter-ros2/build/ros_tcp_endpoint/build/lib/ros_tcp_endpoint/service.py -> /home/hrs47/ros2_ws/src/shutter-ros2/install/ros_tcp_endpoint/lib/python3.12/site-packages/ros_tcp_endpoint
[1.299s] copying /home/hrs47/ros2_ws/src/shutter-ros2/build/ros_tcp_endpoint/build/lib/ros_tcp_endpoint/exceptions.py -> /home/hrs47/ros2_ws/src/shutter-ros2/install/ros_tcp_endpoint/lib/python3.12/site-packages/ros_tcp_endpoint
[1.299s] copying /home/hrs47/ros2_ws/src/shutter-ros2/build/ros_tcp_endpoint/build/lib/ros_tcp_endpoint/default_server_endpoint.py -> /home/hrs47/ros2_ws/src/shutter-ros2/install/ros_tcp_endpoint/lib/python3.12/site-packages/ros_tcp_endpoint
[1.300s] byte-compiling /home/hrs47/ros2_ws/src/shutter-ros2/install/ros_tcp_endpoint/lib/python3.12/site-packages/ros_tcp_endpoint/subscriber.py to subscriber.cpython-312.pyc
[1.301s] byte-compiling /home/hrs47/ros2_ws/src/shutter-ros2/install/ros_tcp_endpoint/lib/python3.12/site-packages/ros_tcp_endpoint/client.py to client.cpython-312.pyc
[1.302s] byte-compiling /home/hrs47/ros2_ws/src/shutter-ros2/install/ros_tcp_endpoint/lib/python3.12/site-packages/ros_tcp_endpoint/tcp_sender.py to tcp_sender.cpython-312.pyc
[1.303s] byte-compiling /home/hrs47/ros2_ws/src/shutter-ros2/install/ros_tcp_endpoint/lib/python3.12/site-packages/ros_tcp_endpoint/publisher.py to publisher.cpython-312.pyc
[1.304s] byte-compiling /home/hrs47/ros2_ws/src/shutter-ros2/install/ros_tcp_endpoint/lib/python3.12/site-packages/ros_tcp_endpoint/communication.py to communication.cpython-312.pyc
[1.304s] byte-compiling /home/hrs47/ros2_ws/src/shutter-ros2/install/ros_tcp_endpoint/lib/python3.12/site-packages/ros_tcp_endpoint/server.py to server.cpython-312.pyc
[1.307s] byte-compiling /home/hrs47/ros2_ws/src/shutter-ros2/install/ros_tcp_endpoint/lib/python3.12/site-packages/ros_tcp_endpoint/thread_pauser.py to thread_pauser.cpython-312.pyc
[1.307s] byte-compiling /home/hrs47/ros2_ws/src/shutter-ros2/install/ros_tcp_endpoint/lib/python3.12/site-packages/ros_tcp_endpoint/__init__.py to __init__.cpython-312.pyc
[1.307s] byte-compiling /home/hrs47/ros2_ws/src/shutter-ros2/install/ros_tcp_endpoint/lib/python3.12/site-packages/ros_tcp_endpoint/unity_service.py to unity_service.cpython-312.pyc
[1.308s] byte-compiling /home/hrs47/ros2_ws/src/shutter-ros2/install/ros_tcp_endpoint/lib/python3.12/site-packages/ros_tcp_endpoint/service.py to service.cpython-312.pyc
[1.308s] byte-compiling /home/hrs47/ros2_ws/src/shutter-ros2/install/ros_tcp_endpoint/lib/python3.12/site-packages/ros_tcp_endpoint/exceptions.py to exceptions.cpython-312.pyc
[1.309s] byte-compiling /home/hrs47/ros2_ws/src/shutter-ros2/install/ros_tcp_endpoint/lib/python3.12/site-packages/ros_tcp_endpoint/default_server_endpoint.py to default_server_endpoint.cpython-312.pyc
[1.309s] running install_data
[1.309s] creating /home/hrs47/ros2_ws/src/shutter-ros2/install/ros_tcp_endpoint/share/ament_index
[1.309s] creating /home/hrs47/ros2_ws/src/shutter-ros2/install/ros_tcp_endpoint/share/ament_index/resource_index
[1.309s] creating /home/hrs47/ros2_ws/src/shutter-ros2/install/ros_tcp_endpoint/share/ament_index/resource_index/packages
[1.309s] copying resource/ros_tcp_endpoint -> /home/hrs47/ros2_ws/src/shutter-ros2/install/ros_tcp_endpoint/share/ament_index/resource_index/packages
[1.310s] copying package.xml -> /home/hrs47/ros2_ws/src/shutter-ros2/install/ros_tcp_endpoint/share/ros_tcp_endpoint
[1.310s] creating /home/hrs47/ros2_ws/src/shutter-ros2/install/ros_tcp_endpoint/share/ros_tcp_endpoint/launch
[1.310s] copying launch/endpoint.py -> /home/hrs47/ros2_ws/src/shutter-ros2/install/ros_tcp_endpoint/share/ros_tcp_endpoint/launch
[1.310s] running install_egg_info
[1.337s] Copying ../../build/ros_tcp_endpoint/ros_tcp_endpoint.egg-info to /home/hrs47/ros2_ws/src/shutter-ros2/install/ros_tcp_endpoint/lib/python3.12/site-packages/ros_tcp_endpoint-0.0.1-py3.12.egg-info
[1.337s] running install_scripts
[1.501s] Installing default_server_endpoint script to /home/hrs47/ros2_ws/src/shutter-ros2/install/ros_tcp_endpoint/lib/ros_tcp_endpoint
[1.501s] writing list of installed files to '/home/hrs47/ros2_ws/src/shutter-ros2/build/ros_tcp_endpoint/install.log'
[1.527s] Invoked command in '/home/hrs47/ros2_ws/src/shutter-ros2/modules/ROS-TCP-Endpoint' returned '0': DEBUGINFOD_URLS=https://debuginfod.ubuntu.com PS1=(.venv) \[\e]0;\u@\h: \w\a\]${debian_chroot:+($debian_chroot)}\[\033[01;32m\]\u@\h\[\033[00m\]:\[\033[01;34m\]\w\[\033[00m\]\$ PYTHONPATH=/home/hrs47/ros2_ws/src/shutter-ros2/build/ros_tcp_endpoint/prefix_override:/usr/lib/python3/dist-packages/colcon_core/task/python/colcon_distutils_commands:/home/hrs47/ros2_ws/src/shutter-ros2/install/ros_tcp_endpoint/lib/python3.12/site-packages:${PYTHONPATH} VIRTUAL_ENV_PROMPT=(.venv) /usr/bin/python3 -W ignore:setup.py install is deprecated -W ignore:easy_install command is deprecated setup.py egg_info --egg-base ../../build/ros_tcp_endpoint build --build-base /home/hrs47/ros2_ws/src/shutter-ros2/build/ros_tcp_endpoint/build install --record /home/hrs47/ros2_ws/src/shutter-ros2/build/ros_tcp_endpoint/install.log --single-version-externally-managed install_data
