[0.013s] Invoking command in '/home/hrs47/ros2_ws/build/shutter_bringup': AMENT_PREFIX_PATH=/home/hrs47/ros2_ws/install/ros_tcp_endpoint:/home/hrs47/ros2_ws/install/shutter_hardware_interface:/home/hrs47/ros2_ws/install/shutter_bringup:/home/hrs47/ros2_ws/install/shutter_face_ros:/home/hrs47/ros2_ws/install/shutter_description:/opt/ros/jazzy CMAKE_PREFIX_PATH=/home/hrs47/ros2_ws/install/shutter_face_ros:/home/hrs47/ros2_ws/install/shutter_description:/home/hrs47/ros2_ws/install/shutter_hardware_interface:/home/hrs47/ros2_ws/install/shutter_bringup:/opt/ros/jazzy/opt/sdformat_vendor:/opt/ros/jazzy/opt/gz_math_vendor:/opt/ros/jazzy/opt/gz_utils_vendor:/opt/ros/jazzy/opt/gz_tools_vendor:/opt/ros/jazzy/opt/gz_cmake_vendor:/home/hrs47/ros2_ws/install/ros_tcp_endpoint:/opt/ros/jazzy DEBUGINFOD_URLS=https://debuginfod.ubuntu.com LD_LIBRARY_PATH=/home/hrs47/ros2_ws/install/shutter_face_ros/lib:/home/hrs47/ros2_ws/install/shutter_hardware_interface/lib:/opt/ros/jazzy/opt/sdformat_vendor/lib:/opt/ros/jazzy/opt/rviz_ogre_vendor/lib:/opt/ros/jazzy/lib/x86_64-linux-gnu:/opt/ros/jazzy/opt/gz_math_vendor/lib:/opt/ros/jazzy/opt/gz_utils_vendor/lib:/opt/ros/jazzy/opt/gz_tools_vendor/lib:/opt/ros/jazzy/opt/gz_cmake_vendor/lib:/opt/ros/jazzy/lib:/usr/local/cuda/lib64:/usr/local/cuda/extras/CUPTI/lib64:/opt/ros/noetic/lib:/opt/ros/noetic/lib/x86_64-linux-gnu PS1=(.venv) \[\e]0;\u@\h: \w\a\]${debian_chroot:+($debian_chroot)}\[\033[01;32m\]\u@\h\[\033[00m\]:\[\033[01;34m\]\w\[\033[00m\]\$ VIRTUAL_ENV_PROMPT=(.venv) /usr/bin/cmake --build /home/hrs47/ros2_ws/build/shutter_bringup -- -j12 -l12
[0.043s] -- Found ament_cmake: 2.5.4 (/opt/ros/jazzy/share/ament_cmake/cmake)
[1.228s] -- Found rclpy: 7.1.5 (/opt/ros/jazzy/share/rclpy/cmake)
[1.228s] -- Found std_msgs: 5.3.6 (/opt/ros/jazzy/share/std_msgs/cmake)
[1.268s] -- Found rosidl_generator_c: 4.6.6 (/opt/ros/jazzy/share/rosidl_generator_c/cmake)
[1.282s] -- Found rosidl_generator_cpp: 4.6.6 (/opt/ros/jazzy/share/rosidl_generator_cpp/cmake)
[1.300s] -- Using all available rosidl_typesupport_c: rosidl_typesupport_fastrtps_c;rosidl_typesupport_introspection_c
[1.317s] -- Using all available rosidl_typesupport_cpp: rosidl_typesupport_fastrtps_cpp;rosidl_typesupport_introspection_cpp
[1.355s] -- Found sensor_msgs: 5.3.6 (/opt/ros/jazzy/share/sensor_msgs/cmake)
[1.420s] -- Found ament_lint_auto: 0.17.3 (/opt/ros/jazzy/share/ament_lint_auto/cmake)
[1.548s] -- Added test 'copyright' to check source files copyright and LICENSE
[1.551s] -- Added test 'flake8' to check Python code syntax and style conventions
[1.551s] -- Configured 'flake8' exclude dirs and/or files: 
[1.552s] -- Added test 'lint_cmake' to check CMake code style
[1.552s] -- Added test 'pep257' to check Python code against some of the docstring style conventions in PEP 257
[1.554s] -- Added test 'xmllint' to check XML markup files
[1.555s] -- Configuring done (1.5s)
[1.562s] -- Generating done (0.0s)
[1.564s] -- Build files have been written to: /home/hrs47/ros2_ws/build/shutter_bringup
[1.586s] Invoked command in '/home/hrs47/ros2_ws/build/shutter_bringup' returned '0': AMENT_PREFIX_PATH=/home/hrs47/ros2_ws/install/ros_tcp_endpoint:/home/hrs47/ros2_ws/install/shutter_hardware_interface:/home/hrs47/ros2_ws/install/shutter_bringup:/home/hrs47/ros2_ws/install/shutter_face_ros:/home/hrs47/ros2_ws/install/shutter_description:/opt/ros/jazzy CMAKE_PREFIX_PATH=/home/hrs47/ros2_ws/install/shutter_face_ros:/home/hrs47/ros2_ws/install/shutter_description:/home/hrs47/ros2_ws/install/shutter_hardware_interface:/home/hrs47/ros2_ws/install/shutter_bringup:/opt/ros/jazzy/opt/sdformat_vendor:/opt/ros/jazzy/opt/gz_math_vendor:/opt/ros/jazzy/opt/gz_utils_vendor:/opt/ros/jazzy/opt/gz_tools_vendor:/opt/ros/jazzy/opt/gz_cmake_vendor:/home/hrs47/ros2_ws/install/ros_tcp_endpoint:/opt/ros/jazzy DEBUGINFOD_URLS=https://debuginfod.ubuntu.com LD_LIBRARY_PATH=/home/hrs47/ros2_ws/install/shutter_face_ros/lib:/home/hrs47/ros2_ws/install/shutter_hardware_interface/lib:/opt/ros/jazzy/opt/sdformat_vendor/lib:/opt/ros/jazzy/opt/rviz_ogre_vendor/lib:/opt/ros/jazzy/lib/x86_64-linux-gnu:/opt/ros/jazzy/opt/gz_math_vendor/lib:/opt/ros/jazzy/opt/gz_utils_vendor/lib:/opt/ros/jazzy/opt/gz_tools_vendor/lib:/opt/ros/jazzy/opt/gz_cmake_vendor/lib:/opt/ros/jazzy/lib:/usr/local/cuda/lib64:/usr/local/cuda/extras/CUPTI/lib64:/opt/ros/noetic/lib:/opt/ros/noetic/lib/x86_64-linux-gnu PS1=(.venv) \[\e]0;\u@\h: \w\a\]${debian_chroot:+($debian_chroot)}\[\033[01;32m\]\u@\h\[\033[00m\]:\[\033[01;34m\]\w\[\033[00m\]\$ VIRTUAL_ENV_PROMPT=(.venv) /usr/bin/cmake --build /home/hrs47/ros2_ws/build/shutter_bringup -- -j12 -l12
[1.587s] Invoking command in '/home/hrs47/ros2_ws/build/shutter_bringup': AMENT_PREFIX_PATH=/home/hrs47/ros2_ws/install/ros_tcp_endpoint:/home/hrs47/ros2_ws/install/shutter_hardware_interface:/home/hrs47/ros2_ws/install/shutter_bringup:/home/hrs47/ros2_ws/install/shutter_face_ros:/home/hrs47/ros2_ws/install/shutter_description:/opt/ros/jazzy CMAKE_PREFIX_PATH=/home/hrs47/ros2_ws/install/shutter_face_ros:/home/hrs47/ros2_ws/install/shutter_description:/home/hrs47/ros2_ws/install/shutter_hardware_interface:/home/hrs47/ros2_ws/install/shutter_bringup:/opt/ros/jazzy/opt/sdformat_vendor:/opt/ros/jazzy/opt/gz_math_vendor:/opt/ros/jazzy/opt/gz_utils_vendor:/opt/ros/jazzy/opt/gz_tools_vendor:/opt/ros/jazzy/opt/gz_cmake_vendor:/home/hrs47/ros2_ws/install/ros_tcp_endpoint:/opt/ros/jazzy DEBUGINFOD_URLS=https://debuginfod.ubuntu.com LD_LIBRARY_PATH=/home/hrs47/ros2_ws/install/shutter_face_ros/lib:/home/hrs47/ros2_ws/install/shutter_hardware_interface/lib:/opt/ros/jazzy/opt/sdformat_vendor/lib:/opt/ros/jazzy/opt/rviz_ogre_vendor/lib:/opt/ros/jazzy/lib/x86_64-linux-gnu:/opt/ros/jazzy/opt/gz_math_vendor/lib:/opt/ros/jazzy/opt/gz_utils_vendor/lib:/opt/ros/jazzy/opt/gz_tools_vendor/lib:/opt/ros/jazzy/opt/gz_cmake_vendor/lib:/opt/ros/jazzy/lib:/usr/local/cuda/lib64:/usr/local/cuda/extras/CUPTI/lib64:/opt/ros/noetic/lib:/opt/ros/noetic/lib/x86_64-linux-gnu PS1=(.venv) \[\e]0;\u@\h: \w\a\]${debian_chroot:+($debian_chroot)}\[\033[01;32m\]\u@\h\[\033[00m\]:\[\033[01;34m\]\w\[\033[00m\]\$ VIRTUAL_ENV_PROMPT=(.venv) /usr/bin/cmake --install /home/hrs47/ros2_ws/build/shutter_bringup
[1.594s] -- Install configuration: "Release"
[1.594s] -- Up-to-date: /home/hrs47/ros2_ws/install/shutter_bringup/share/shutter_bringup//launch
[1.594s] -- Up-to-date: /home/hrs47/ros2_ws/install/shutter_bringup/share/shutter_bringup//launch/shutter_sim.launch.py
[1.594s] -- Up-to-date: /home/hrs47/ros2_ws/install/shutter_bringup/share/shutter_bringup//launch/demo.launch.py
[1.594s] -- Up-to-date: /home/hrs47/ros2_ws/install/shutter_bringup/share/shutter_bringup//launch/shutter_unity.launch.py
[1.594s] -- Up-to-date: /home/hrs47/ros2_ws/install/shutter_bringup/share/shutter_bringup//launch/shutter_with_face.launch.py
[1.594s] -- Up-to-date: /home/hrs47/ros2_ws/install/shutter_bringup/share/shutter_bringup//launch/motor_startup_publisher.py
[1.594s] -- Up-to-date: /home/hrs47/ros2_ws/install/shutter_bringup/share/shutter_bringup//launch/shutter.launch.py
[1.594s] -- Up-to-date: /home/hrs47/ros2_ws/install/shutter_bringup/share/shutter_bringup//launch/shutter_webcam.launch.py
[1.595s] -- Up-to-date: /home/hrs47/ros2_ws/install/shutter_bringup/share/shutter_bringup//config
[1.595s] -- Up-to-date: /home/hrs47/ros2_ws/install/shutter_bringup/share/shutter_bringup//config/infer_webcam_id.py
[1.595s] -- Up-to-date: /home/hrs47/ros2_ws/install/shutter_bringup/share/shutter_bringup//config/shutter.v.0.2.yaml
[1.595s] -- Up-to-date: /home/hrs47/ros2_ws/install/shutter_bringup/share/shutter_bringup//config/logitech_c920.yaml
[1.595s] -- Up-to-date: /home/hrs47/ros2_ws/install/shutter_bringup/share/shutter_bringup//config/rviz_target.cfg.rviz
[1.595s] -- Up-to-date: /home/hrs47/ros2_ws/install/shutter_bringup/share/shutter_bringup//config/env-hooks
[1.595s] -- Up-to-date: /home/hrs47/ros2_ws/install/shutter_bringup/share/shutter_bringup//config/env-hooks/.gitkeep
[1.595s] -- Up-to-date: /home/hrs47/ros2_ws/install/shutter_bringup/share/shutter_bringup//config/shutter.v.0.1.yaml
[1.595s] -- Up-to-date: /home/hrs47/ros2_ws/install/shutter_bringup/share/shutter_bringup//config/shutter.v.2.0.yaml
[1.595s] -- Up-to-date: /home/hrs47/ros2_ws/install/shutter_bringup/lib/shutter_bringup/unity_simulation_manager.py
[1.595s] -- Up-to-date: /home/hrs47/ros2_ws/install/shutter_bringup/lib/shutter_bringup/infer_webcam_id.py
[1.595s] -- Installing: /home/hrs47/ros2_ws/install/shutter_bringup/lib/shutter_bringup/motor_startup_publisher.py
[1.595s] -- Up-to-date: /home/hrs47/ros2_ws/install/shutter_bringup/share/ament_index/resource_index/package_run_dependencies/shutter_bringup
[1.595s] -- Installing: /home/hrs47/ros2_ws/install/shutter_bringup/share/ament_index/resource_index/parent_prefix_path/shutter_bringup
[1.596s] -- Up-to-date: /home/hrs47/ros2_ws/install/shutter_bringup/share/shutter_bringup/environment/ament_prefix_path.sh
[1.596s] -- Up-to-date: /home/hrs47/ros2_ws/install/shutter_bringup/share/shutter_bringup/environment/ament_prefix_path.dsv
[1.596s] -- Up-to-date: /home/hrs47/ros2_ws/install/shutter_bringup/share/shutter_bringup/environment/path.sh
[1.596s] -- Up-to-date: /home/hrs47/ros2_ws/install/shutter_bringup/share/shutter_bringup/environment/path.dsv
[1.596s] -- Up-to-date: /home/hrs47/ros2_ws/install/shutter_bringup/share/shutter_bringup/local_setup.bash
[1.596s] -- Up-to-date: /home/hrs47/ros2_ws/install/shutter_bringup/share/shutter_bringup/local_setup.sh
[1.596s] -- Up-to-date: /home/hrs47/ros2_ws/install/shutter_bringup/share/shutter_bringup/local_setup.zsh
[1.596s] -- Up-to-date: /home/hrs47/ros2_ws/install/shutter_bringup/share/shutter_bringup/local_setup.dsv
[1.596s] -- Installing: /home/hrs47/ros2_ws/install/shutter_bringup/share/shutter_bringup/package.dsv
[1.596s] -- Up-to-date: /home/hrs47/ros2_ws/install/shutter_bringup/share/ament_index/resource_index/packages/shutter_bringup
[1.596s] -- Up-to-date: /home/hrs47/ros2_ws/install/shutter_bringup/share/shutter_bringup/cmake/shutter_bringupConfig.cmake
[1.596s] -- Up-to-date: /home/hrs47/ros2_ws/install/shutter_bringup/share/shutter_bringup/cmake/shutter_bringupConfig-version.cmake
[1.596s] -- Up-to-date: /home/hrs47/ros2_ws/install/shutter_bringup/share/shutter_bringup/package.xml
[1.597s] Invoked command in '/home/hrs47/ros2_ws/build/shutter_bringup' returned '0': AMENT_PREFIX_PATH=/home/hrs47/ros2_ws/install/ros_tcp_endpoint:/home/hrs47/ros2_ws/install/shutter_hardware_interface:/home/hrs47/ros2_ws/install/shutter_bringup:/home/hrs47/ros2_ws/install/shutter_face_ros:/home/hrs47/ros2_ws/install/shutter_description:/opt/ros/jazzy CMAKE_PREFIX_PATH=/home/hrs47/ros2_ws/install/shutter_face_ros:/home/hrs47/ros2_ws/install/shutter_description:/home/hrs47/ros2_ws/install/shutter_hardware_interface:/home/hrs47/ros2_ws/install/shutter_bringup:/opt/ros/jazzy/opt/sdformat_vendor:/opt/ros/jazzy/opt/gz_math_vendor:/opt/ros/jazzy/opt/gz_utils_vendor:/opt/ros/jazzy/opt/gz_tools_vendor:/opt/ros/jazzy/opt/gz_cmake_vendor:/home/hrs47/ros2_ws/install/ros_tcp_endpoint:/opt/ros/jazzy DEBUGINFOD_URLS=https://debuginfod.ubuntu.com LD_LIBRARY_PATH=/home/hrs47/ros2_ws/install/shutter_face_ros/lib:/home/hrs47/ros2_ws/install/shutter_hardware_interface/lib:/opt/ros/jazzy/opt/sdformat_vendor/lib:/opt/ros/jazzy/opt/rviz_ogre_vendor/lib:/opt/ros/jazzy/lib/x86_64-linux-gnu:/opt/ros/jazzy/opt/gz_math_vendor/lib:/opt/ros/jazzy/opt/gz_utils_vendor/lib:/opt/ros/jazzy/opt/gz_tools_vendor/lib:/opt/ros/jazzy/opt/gz_cmake_vendor/lib:/opt/ros/jazzy/lib:/usr/local/cuda/lib64:/usr/local/cuda/extras/CUPTI/lib64:/opt/ros/noetic/lib:/opt/ros/noetic/lib/x86_64-linux-gnu PS1=(.venv) \[\e]0;\u@\h: \w\a\]${debian_chroot:+($debian_chroot)}\[\033[01;32m\]\u@\h\[\033[00m\]:\[\033[01;34m\]\w\[\033[00m\]\$ VIRTUAL_ENV_PROMPT=(.venv) /usr/bin/cmake --install /home/hrs47/ros2_ws/build/shutter_bringup
