[0.221s] Invoking command in '/home/hrs47/ros2_ws/build/shutter_face_ros': CMAKE_PREFIX_PATH=${CMAKE_PREFIX_PATH}:/home/hrs47/ros2_ws/install/ros_tcp_endpoint:/opt/ros/jazzy DEBUGINFOD_URLS=https://debuginfod.ubuntu.com PS1=(.venv) \[\e]0;\u@\h: \w\a\]${debian_chroot:+($debian_chroot)}\[\033[01;32m\]\u@\h\[\033[00m\]:\[\033[01;34m\]\w\[\033[00m\]\$ VIRTUAL_ENV_PROMPT=(.venv) /usr/bin/cmake --build /home/hrs47/ros2_ws/build/shutter_face_ros -- -j12 -l12
[0.269s] [  2%] Built target shutter_face_ros__rosidl_generator_type_description
[0.284s] [  2%] Built target ament_cmake_python_copy_shutter_face_ros
[0.290s] [  5%] Built target shutter_face_ros__cpp
[0.294s] [ 20%] Built target shutter_face_ros__rosidl_generator_c
[0.326s] [ 29%] Built target shutter_face_ros__rosidl_typesupport_cpp
[0.326s] [ 38%] Built target shutter_face_ros__rosidl_typesupport_c
[0.327s] [ 47%] Built target shutter_face_ros__rosidl_typesupport_fastrtps_cpp
[0.328s] [ 55%] Built target shutter_face_ros__rosidl_typesupport_fastrtps_c
[0.329s] [ 64%] Built target shutter_face_ros__rosidl_typesupport_introspection_c
[0.331s] [ 73%] Built target shutter_face_ros__rosidl_typesupport_introspection_cpp
[0.353s] [ 73%] Built target shutter_face_ros
[0.374s] [ 76%] Built target shutter_face_ros__py
[0.398s] [ 82%] Built target shutter_face_ros__rosidl_generator_py
[0.420s] [ 97%] Built target shutter_face_ros_s__rosidl_typesupport_introspection_c
[0.420s] [ 97%] Built target shutter_face_ros_s__rosidl_typesupport_c
[0.421s] [100%] Built target shutter_face_ros_s__rosidl_typesupport_fastrtps_c
[0.576s] running egg_info
[0.603s] writing shutter_face_ros.egg-info/PKG-INFO
[0.603s] writing dependency_links to shutter_face_ros.egg-info/dependency_links.txt
[0.603s] writing top-level names to shutter_face_ros.egg-info/top_level.txt
[0.680s] reading manifest file 'shutter_face_ros.egg-info/SOURCES.txt'
[0.681s] writing manifest file 'shutter_face_ros.egg-info/SOURCES.txt'
[0.705s] [100%] Built target ament_cmake_python_build_shutter_face_ros_egg
[0.715s] Invoked command in '/home/hrs47/ros2_ws/build/shutter_face_ros' returned '0': CMAKE_PREFIX_PATH=${CMAKE_PREFIX_PATH}:/home/hrs47/ros2_ws/install/ros_tcp_endpoint:/opt/ros/jazzy DEBUGINFOD_URLS=https://debuginfod.ubuntu.com PS1=(.venv) \[\e]0;\u@\h: \w\a\]${debian_chroot:+($debian_chroot)}\[\033[01;32m\]\u@\h\[\033[00m\]:\[\033[01;34m\]\w\[\033[00m\]\$ VIRTUAL_ENV_PROMPT=(.venv) /usr/bin/cmake --build /home/hrs47/ros2_ws/build/shutter_face_ros -- -j12 -l12
[0.717s] Invoking command in '/home/hrs47/ros2_ws/build/shutter_face_ros': CMAKE_PREFIX_PATH=${CMAKE_PREFIX_PATH}:/home/hrs47/ros2_ws/install/ros_tcp_endpoint:/opt/ros/jazzy DEBUGINFOD_URLS=https://debuginfod.ubuntu.com PS1=(.venv) \[\e]0;\u@\h: \w\a\]${debian_chroot:+($debian_chroot)}\[\033[01;32m\]\u@\h\[\033[00m\]:\[\033[01;34m\]\w\[\033[00m\]\$ VIRTUAL_ENV_PROMPT=(.venv) /usr/bin/cmake --install /home/hrs47/ros2_ws/build/shutter_face_ros
[0.725s] -- Install configuration: "Release"
[0.725s] -- Up-to-date: /home/hrs47/ros2_ws/install/shutter_face_ros/share/ament_index/resource_index/rosidl_interfaces/shutter_face_ros
[0.725s] -- Up-to-date: /home/hrs47/ros2_ws/install/shutter_face_ros/share/shutter_face_ros/msg/PupilsLocation.json
[0.725s] -- Up-to-date: /home/hrs47/ros2_ws/install/shutter_face_ros/include/shutter_face_ros/shutter_face_ros
[0.725s] -- Up-to-date: /home/hrs47/ros2_ws/install/shutter_face_ros/include/shutter_face_ros/shutter_face_ros/msg
[0.725s] -- Up-to-date: /home/hrs47/ros2_ws/install/shutter_face_ros/include/shutter_face_ros/shutter_face_ros/msg/pupils_location.h
[0.726s] -- Up-to-date: /home/hrs47/ros2_ws/install/shutter_face_ros/include/shutter_face_ros/shutter_face_ros/msg/rosidl_generator_c__visibility_control.h
[0.726s] -- Up-to-date: /home/hrs47/ros2_ws/install/shutter_face_ros/include/shutter_face_ros/shutter_face_ros/msg/detail
[0.726s] -- Up-to-date: /home/hrs47/ros2_ws/install/shutter_face_ros/include/shutter_face_ros/shutter_face_ros/msg/detail/pupils_location__struct.h
[0.726s] -- Up-to-date: /home/hrs47/ros2_ws/install/shutter_face_ros/include/shutter_face_ros/shutter_face_ros/msg/detail/pupils_location__type_support.h
[0.726s] -- Up-to-date: /home/hrs47/ros2_ws/install/shutter_face_ros/include/shutter_face_ros/shutter_face_ros/msg/detail/pupils_location__type_support.c
[0.726s] -- Up-to-date: /home/hrs47/ros2_ws/install/shutter_face_ros/include/shutter_face_ros/shutter_face_ros/msg/detail/pupils_location__description.c
[0.726s] -- Up-to-date: /home/hrs47/ros2_ws/install/shutter_face_ros/include/shutter_face_ros/shutter_face_ros/msg/detail/pupils_location__functions.h
[0.726s] -- Up-to-date: /home/hrs47/ros2_ws/install/shutter_face_ros/include/shutter_face_ros/shutter_face_ros/msg/detail/pupils_location__functions.c
[0.727s] -- Up-to-date: /home/hrs47/ros2_ws/install/shutter_face_ros/share/shutter_face_ros/environment/library_path.sh
[0.727s] -- Up-to-date: /home/hrs47/ros2_ws/install/shutter_face_ros/share/shutter_face_ros/environment/library_path.dsv
[0.727s] -- Up-to-date: /home/hrs47/ros2_ws/install/shutter_face_ros/lib/libshutter_face_ros__rosidl_generator_c.so
[0.727s] -- Up-to-date: /home/hrs47/ros2_ws/install/shutter_face_ros/include/shutter_face_ros/shutter_face_ros
[0.727s] -- Up-to-date: /home/hrs47/ros2_ws/install/shutter_face_ros/include/shutter_face_ros/shutter_face_ros/msg
[0.727s] -- Up-to-date: /home/hrs47/ros2_ws/install/shutter_face_ros/include/shutter_face_ros/shutter_face_ros/msg/rosidl_typesupport_fastrtps_c__visibility_control.h
[0.727s] -- Up-to-date: /home/hrs47/ros2_ws/install/shutter_face_ros/include/shutter_face_ros/shutter_face_ros/msg/detail
[0.728s] -- Up-to-date: /home/hrs47/ros2_ws/install/shutter_face_ros/include/shutter_face_ros/shutter_face_ros/msg/detail/pupils_location__rosidl_typesupport_fastrtps_c.h
[0.728s] -- Up-to-date: /home/hrs47/ros2_ws/install/shutter_face_ros/lib/libshutter_face_ros__rosidl_typesupport_fastrtps_c.so
[0.728s] -- Up-to-date: /home/hrs47/ros2_ws/install/shutter_face_ros/include/shutter_face_ros/shutter_face_ros
[0.728s] -- Up-to-date: /home/hrs47/ros2_ws/install/shutter_face_ros/include/shutter_face_ros/shutter_face_ros/msg
[0.728s] -- Up-to-date: /home/hrs47/ros2_ws/install/shutter_face_ros/include/shutter_face_ros/shutter_face_ros/msg/pupils_location.hpp
[0.728s] -- Up-to-date: /home/hrs47/ros2_ws/install/shutter_face_ros/include/shutter_face_ros/shutter_face_ros/msg/rosidl_generator_cpp__visibility_control.hpp
[0.728s] -- Up-to-date: /home/hrs47/ros2_ws/install/shutter_face_ros/include/shutter_face_ros/shutter_face_ros/msg/detail
[0.729s] -- Up-to-date: /home/hrs47/ros2_ws/install/shutter_face_ros/include/shutter_face_ros/shutter_face_ros/msg/detail/pupils_location__builder.hpp
[0.729s] -- Up-to-date: /home/hrs47/ros2_ws/install/shutter_face_ros/include/shutter_face_ros/shutter_face_ros/msg/detail/pupils_location__struct.hpp
[0.729s] -- Up-to-date: /home/hrs47/ros2_ws/install/shutter_face_ros/include/shutter_face_ros/shutter_face_ros/msg/detail/pupils_location__traits.hpp
[0.729s] -- Up-to-date: /home/hrs47/ros2_ws/install/shutter_face_ros/include/shutter_face_ros/shutter_face_ros/msg/detail/pupils_location__type_support.hpp
[0.729s] -- Up-to-date: /home/hrs47/ros2_ws/install/shutter_face_ros/include/shutter_face_ros/shutter_face_ros
[0.729s] -- Up-to-date: /home/hrs47/ros2_ws/install/shutter_face_ros/include/shutter_face_ros/shutter_face_ros/msg
[0.729s] -- Up-to-date: /home/hrs47/ros2_ws/install/shutter_face_ros/include/shutter_face_ros/shutter_face_ros/msg/detail
[0.729s] -- Up-to-date: /home/hrs47/ros2_ws/install/shutter_face_ros/include/shutter_face_ros/shutter_face_ros/msg/detail/pupils_location__rosidl_typesupport_fastrtps_cpp.hpp
[0.730s] -- Up-to-date: /home/hrs47/ros2_ws/install/shutter_face_ros/include/shutter_face_ros/shutter_face_ros/msg/detail/dds_fastrtps
[0.730s] -- Up-to-date: /home/hrs47/ros2_ws/install/shutter_face_ros/include/shutter_face_ros/shutter_face_ros/msg/rosidl_typesupport_fastrtps_cpp__visibility_control.h
[0.730s] -- Up-to-date: /home/hrs47/ros2_ws/install/shutter_face_ros/lib/libshutter_face_ros__rosidl_typesupport_fastrtps_cpp.so
[0.730s] -- Up-to-date: /home/hrs47/ros2_ws/install/shutter_face_ros/include/shutter_face_ros/shutter_face_ros
[0.730s] -- Up-to-date: /home/hrs47/ros2_ws/install/shutter_face_ros/include/shutter_face_ros/shutter_face_ros/msg
[0.730s] -- Up-to-date: /home/hrs47/ros2_ws/install/shutter_face_ros/include/shutter_face_ros/shutter_face_ros/msg/detail
[0.730s] -- Up-to-date: /home/hrs47/ros2_ws/install/shutter_face_ros/include/shutter_face_ros/shutter_face_ros/msg/detail/pupils_location__rosidl_typesupport_introspection_c.h
[0.730s] -- Up-to-date: /home/hrs47/ros2_ws/install/shutter_face_ros/include/shutter_face_ros/shutter_face_ros/msg/detail/pupils_location__type_support.c
[0.731s] -- Up-to-date: /home/hrs47/ros2_ws/install/shutter_face_ros/include/shutter_face_ros/shutter_face_ros/msg/rosidl_typesupport_introspection_c__visibility_control.h
[0.731s] -- Up-to-date: /home/hrs47/ros2_ws/install/shutter_face_ros/lib/libshutter_face_ros__rosidl_typesupport_introspection_c.so
[0.731s] -- Up-to-date: /home/hrs47/ros2_ws/install/shutter_face_ros/lib/libshutter_face_ros__rosidl_typesupport_c.so
[0.731s] -- Up-to-date: /home/hrs47/ros2_ws/install/shutter_face_ros/include/shutter_face_ros/shutter_face_ros
[0.731s] -- Up-to-date: /home/hrs47/ros2_ws/install/shutter_face_ros/include/shutter_face_ros/shutter_face_ros/msg
[0.731s] -- Up-to-date: /home/hrs47/ros2_ws/install/shutter_face_ros/include/shutter_face_ros/shutter_face_ros/msg/detail
[0.731s] -- Up-to-date: /home/hrs47/ros2_ws/install/shutter_face_ros/include/shutter_face_ros/shutter_face_ros/msg/detail/pupils_location__type_support.cpp
[0.731s] -- Up-to-date: /home/hrs47/ros2_ws/install/shutter_face_ros/include/shutter_face_ros/shutter_face_ros/msg/detail/pupils_location__rosidl_typesupport_introspection_cpp.hpp
[0.732s] -- Up-to-date: /home/hrs47/ros2_ws/install/shutter_face_ros/lib/libshutter_face_ros__rosidl_typesupport_introspection_cpp.so
[0.732s] -- Up-to-date: /home/hrs47/ros2_ws/install/shutter_face_ros/lib/libshutter_face_ros__rosidl_typesupport_cpp.so
[0.732s] -- Up-to-date: /home/hrs47/ros2_ws/install/shutter_face_ros/share/shutter_face_ros/environment/pythonpath.sh
[0.732s] -- Up-to-date: /home/hrs47/ros2_ws/install/shutter_face_ros/share/shutter_face_ros/environment/pythonpath.dsv
[0.732s] -- Up-to-date: /home/hrs47/ros2_ws/install/shutter_face_ros/lib/python3.12/site-packages/shutter_face_ros-0.0.1-py3.12.egg-info
[0.732s] -- Installing: /home/hrs47/ros2_ws/install/shutter_face_ros/lib/python3.12/site-packages/shutter_face_ros-0.0.1-py3.12.egg-info/SOURCES.txt
[0.732s] -- Installing: /home/hrs47/ros2_ws/install/shutter_face_ros/lib/python3.12/site-packages/shutter_face_ros-0.0.1-py3.12.egg-info/dependency_links.txt
[0.732s] -- Installing: /home/hrs47/ros2_ws/install/shutter_face_ros/lib/python3.12/site-packages/shutter_face_ros-0.0.1-py3.12.egg-info/PKG-INFO
[0.733s] -- Installing: /home/hrs47/ros2_ws/install/shutter_face_ros/lib/python3.12/site-packages/shutter_face_ros-0.0.1-py3.12.egg-info/top_level.txt
[0.733s] -- Up-to-date: /home/hrs47/ros2_ws/install/shutter_face_ros/lib/python3.12/site-packages/shutter_face_ros
[0.733s] -- Up-to-date: /home/hrs47/ros2_ws/install/shutter_face_ros/lib/python3.12/site-packages/shutter_face_ros/_shutter_face_ros_s.ep.rosidl_typesupport_fastrtps_c.c
[0.733s] -- Up-to-date: /home/hrs47/ros2_ws/install/shutter_face_ros/lib/python3.12/site-packages/shutter_face_ros/shutter_face_ros_s__rosidl_typesupport_fastrtps_c.so
[0.733s] -- Up-to-date: /home/hrs47/ros2_ws/install/shutter_face_ros/lib/python3.12/site-packages/shutter_face_ros/_shutter_face_ros_s.ep.rosidl_typesupport_introspection_c.c
[0.733s] -- Up-to-date: /home/hrs47/ros2_ws/install/shutter_face_ros/lib/python3.12/site-packages/shutter_face_ros/shutter_face_ros_s__rosidl_typesupport_introspection_c.so
[0.733s] -- Up-to-date: /home/hrs47/ros2_ws/install/shutter_face_ros/lib/python3.12/site-packages/shutter_face_ros/__init__.py
[0.733s] -- Up-to-date: /home/hrs47/ros2_ws/install/shutter_face_ros/lib/python3.12/site-packages/shutter_face_ros/msg
[0.734s] -- Up-to-date: /home/hrs47/ros2_ws/install/shutter_face_ros/lib/python3.12/site-packages/shutter_face_ros/msg/__init__.py
[0.734s] -- Up-to-date: /home/hrs47/ros2_ws/install/shutter_face_ros/lib/python3.12/site-packages/shutter_face_ros/msg/_pupils_location_s.c
[0.734s] -- Up-to-date: /home/hrs47/ros2_ws/install/shutter_face_ros/lib/python3.12/site-packages/shutter_face_ros/msg/_pupils_location.py
[0.734s] -- Up-to-date: /home/hrs47/ros2_ws/install/shutter_face_ros/lib/python3.12/site-packages/shutter_face_ros/_shutter_face_ros_s.ep.rosidl_typesupport_c.c
[0.734s] -- Up-to-date: /home/hrs47/ros2_ws/install/shutter_face_ros/lib/python3.12/site-packages/shutter_face_ros/shutter_face_ros_s__rosidl_typesupport_c.so
[0.763s] Listing '/home/hrs47/ros2_ws/install/shutter_face_ros/lib/python3.12/site-packages/shutter_face_ros'...
[0.763s] Listing '/home/hrs47/ros2_ws/install/shutter_face_ros/lib/python3.12/site-packages/shutter_face_ros/msg'...
[0.767s] -- Up-to-date: /home/hrs47/ros2_ws/install/shutter_face_ros/lib/python3.12/site-packages/shutter_face_ros/shutter_face_ros_s__rosidl_typesupport_fastrtps_c.so
[0.768s] -- Up-to-date: /home/hrs47/ros2_ws/install/shutter_face_ros/lib/python3.12/site-packages/shutter_face_ros/shutter_face_ros_s__rosidl_typesupport_introspection_c.so
[0.768s] -- Up-to-date: /home/hrs47/ros2_ws/install/shutter_face_ros/lib/python3.12/site-packages/shutter_face_ros/shutter_face_ros_s__rosidl_typesupport_c.so
[0.768s] -- Up-to-date: /home/hrs47/ros2_ws/install/shutter_face_ros/lib/libshutter_face_ros__rosidl_generator_py.so
[0.769s] -- Up-to-date: /home/hrs47/ros2_ws/install/shutter_face_ros/share/shutter_face_ros/msg/PupilsLocation.idl
[0.769s] -- Up-to-date: /home/hrs47/ros2_ws/install/shutter_face_ros/share/shutter_face_ros/msg/PupilsLocation.msg
[0.769s] -- Up-to-date: /home/hrs47/ros2_ws/install/shutter_face_ros/lib/python3.12/site-packages/shutter_face
[0.769s] -- Up-to-date: /home/hrs47/ros2_ws/install/shutter_face_ros/lib/python3.12/site-packages/shutter_face/flat_face.py
[0.769s] -- Up-to-date: /home/hrs47/ros2_ws/install/shutter_face_ros/lib/python3.12/site-packages/shutter_face/face_params.py
[0.769s] -- Up-to-date: /home/hrs47/ros2_ws/install/shutter_face_ros/lib/python3.12/site-packages/shutter_face/__init__.py
[0.770s] -- Up-to-date: /home/hrs47/ros2_ws/install/shutter_face_ros/lib/python3.12/site-packages/shutter_face/data
[0.770s] -- Up-to-date: /home/hrs47/ros2_ws/install/shutter_face_ros/lib/shutter_face_ros/gaze_master.py
[0.770s] -- Up-to-date: /home/hrs47/ros2_ws/install/shutter_face_ros/lib/shutter_face_ros/simple_face.py
[0.770s] -- Up-to-date: /home/hrs47/ros2_ws/install/shutter_face_ros/share/shutter_face_ros/shutter_face/shutter_face/data
[0.770s] -- Up-to-date: /home/hrs47/ros2_ws/install/shutter_face_ros/share/shutter_face_ros/shutter_face/shutter_face/data/Happy_Overlay_2.svg
[0.770s] -- Up-to-date: /home/hrs47/ros2_ws/install/shutter_face_ros/share/shutter_face_ros/shutter_face/shutter_face/data/Bored_Overlay.svg
[0.770s] -- Up-to-date: /home/hrs47/ros2_ws/install/shutter_face_ros/share/shutter_face_ros/shutter_face/shutter_face/data/Angry_Overlay.svg
[0.771s] -- Up-to-date: /home/hrs47/ros2_ws/install/shutter_face_ros/share/shutter_face_ros/shutter_face/shutter_face/data/Surprised_Overlay.svg
[0.771s] -- Up-to-date: /home/hrs47/ros2_ws/install/shutter_face_ros/share/shutter_face_ros/shutter_face/shutter_face/data/Happy_Overlay.svg
[0.771s] -- Up-to-date: /home/hrs47/ros2_ws/install/shutter_face_ros/share/shutter_face_ros/shutter_face/shutter_face/data/Sad_Overlay.svg
[0.771s] -- Up-to-date: /home/hrs47/ros2_ws/install/shutter_face_ros/share/shutter_face_ros/shutter_face/shutter_face/data/Determined_Overlay.svg
[0.771s] -- Up-to-date: /home/hrs47/ros2_ws/install/shutter_face_ros/share/shutter_face_ros/launch
[0.771s] -- Up-to-date: /home/hrs47/ros2_ws/install/shutter_face_ros/share/shutter_face_ros/launch/simple_face.launch.py
[0.771s] -- Up-to-date: /home/hrs47/ros2_ws/install/shutter_face_ros/share/ament_index/resource_index/package_run_dependencies/shutter_face_ros
[0.772s] -- Up-to-date: /home/hrs47/ros2_ws/install/shutter_face_ros/share/ament_index/resource_index/parent_prefix_path/shutter_face_ros
[0.772s] -- Up-to-date: /home/hrs47/ros2_ws/install/shutter_face_ros/share/shutter_face_ros/environment/ament_prefix_path.sh
[0.772s] -- Up-to-date: /home/hrs47/ros2_ws/install/shutter_face_ros/share/shutter_face_ros/environment/ament_prefix_path.dsv
[0.772s] -- Up-to-date: /home/hrs47/ros2_ws/install/shutter_face_ros/share/shutter_face_ros/environment/path.sh
[0.772s] -- Up-to-date: /home/hrs47/ros2_ws/install/shutter_face_ros/share/shutter_face_ros/environment/path.dsv
[0.772s] -- Up-to-date: /home/hrs47/ros2_ws/install/shutter_face_ros/share/shutter_face_ros/local_setup.bash
[0.772s] -- Up-to-date: /home/hrs47/ros2_ws/install/shutter_face_ros/share/shutter_face_ros/local_setup.sh
[0.772s] -- Up-to-date: /home/hrs47/ros2_ws/install/shutter_face_ros/share/shutter_face_ros/local_setup.zsh
[0.773s] -- Up-to-date: /home/hrs47/ros2_ws/install/shutter_face_ros/share/shutter_face_ros/local_setup.dsv
[0.773s] -- Installing: /home/hrs47/ros2_ws/install/shutter_face_ros/share/shutter_face_ros/package.dsv
[0.773s] -- Up-to-date: /home/hrs47/ros2_ws/install/shutter_face_ros/share/ament_index/resource_index/packages/shutter_face_ros
[0.773s] -- Up-to-date: /home/hrs47/ros2_ws/install/shutter_face_ros/share/shutter_face_ros/cmake/export_shutter_face_ros__rosidl_generator_cExport.cmake
[0.773s] -- Up-to-date: /home/hrs47/ros2_ws/install/shutter_face_ros/share/shutter_face_ros/cmake/export_shutter_face_ros__rosidl_generator_cExport-release.cmake
[0.774s] -- Up-to-date: /home/hrs47/ros2_ws/install/shutter_face_ros/share/shutter_face_ros/cmake/export_shutter_face_ros__rosidl_typesupport_fastrtps_cExport.cmake
[0.774s] -- Up-to-date: /home/hrs47/ros2_ws/install/shutter_face_ros/share/shutter_face_ros/cmake/export_shutter_face_ros__rosidl_typesupport_fastrtps_cExport-release.cmake
[0.774s] -- Up-to-date: /home/hrs47/ros2_ws/install/shutter_face_ros/share/shutter_face_ros/cmake/export_shutter_face_ros__rosidl_generator_cppExport.cmake
[0.774s] -- Up-to-date: /home/hrs47/ros2_ws/install/shutter_face_ros/share/shutter_face_ros/cmake/export_shutter_face_ros__rosidl_typesupport_fastrtps_cppExport.cmake
[0.775s] -- Up-to-date: /home/hrs47/ros2_ws/install/shutter_face_ros/share/shutter_face_ros/cmake/export_shutter_face_ros__rosidl_typesupport_fastrtps_cppExport-release.cmake
[0.775s] -- Up-to-date: /home/hrs47/ros2_ws/install/shutter_face_ros/share/shutter_face_ros/cmake/shutter_face_ros__rosidl_typesupport_introspection_cExport.cmake
[0.775s] -- Up-to-date: /home/hrs47/ros2_ws/install/shutter_face_ros/share/shutter_face_ros/cmake/shutter_face_ros__rosidl_typesupport_introspection_cExport-release.cmake
[0.776s] -- Up-to-date: /home/hrs47/ros2_ws/install/shutter_face_ros/share/shutter_face_ros/cmake/shutter_face_ros__rosidl_typesupport_cExport.cmake
[0.776s] -- Up-to-date: /home/hrs47/ros2_ws/install/shutter_face_ros/share/shutter_face_ros/cmake/shutter_face_ros__rosidl_typesupport_cExport-release.cmake
[0.776s] -- Up-to-date: /home/hrs47/ros2_ws/install/shutter_face_ros/share/shutter_face_ros/cmake/shutter_face_ros__rosidl_typesupport_introspection_cppExport.cmake
[0.776s] -- Up-to-date: /home/hrs47/ros2_ws/install/shutter_face_ros/share/shutter_face_ros/cmake/shutter_face_ros__rosidl_typesupport_introspection_cppExport-release.cmake
[0.776s] -- Up-to-date: /home/hrs47/ros2_ws/install/shutter_face_ros/share/shutter_face_ros/cmake/shutter_face_ros__rosidl_typesupport_cppExport.cmake
[0.776s] -- Up-to-date: /home/hrs47/ros2_ws/install/shutter_face_ros/share/shutter_face_ros/cmake/shutter_face_ros__rosidl_typesupport_cppExport-release.cmake
[0.776s] -- Up-to-date: /home/hrs47/ros2_ws/install/shutter_face_ros/share/shutter_face_ros/cmake/export_shutter_face_ros__rosidl_generator_pyExport.cmake
[0.777s] -- Up-to-date: /home/hrs47/ros2_ws/install/shutter_face_ros/share/shutter_face_ros/cmake/export_shutter_face_ros__rosidl_generator_pyExport-release.cmake
[0.777s] -- Up-to-date: /home/hrs47/ros2_ws/install/shutter_face_ros/share/shutter_face_ros/cmake/rosidl_cmake-extras.cmake
[0.777s] -- Up-to-date: /home/hrs47/ros2_ws/install/shutter_face_ros/share/shutter_face_ros/cmake/ament_cmake_export_dependencies-extras.cmake
[0.777s] -- Up-to-date: /home/hrs47/ros2_ws/install/shutter_face_ros/share/shutter_face_ros/cmake/ament_cmake_export_include_directories-extras.cmake
[0.777s] -- Up-to-date: /home/hrs47/ros2_ws/install/shutter_face_ros/share/shutter_face_ros/cmake/ament_cmake_export_libraries-extras.cmake
[0.777s] -- Up-to-date: /home/hrs47/ros2_ws/install/shutter_face_ros/share/shutter_face_ros/cmake/ament_cmake_export_targets-extras.cmake
[0.778s] -- Up-to-date: /home/hrs47/ros2_ws/install/shutter_face_ros/share/shutter_face_ros/cmake/rosidl_cmake_export_typesupport_targets-extras.cmake
[0.778s] -- Up-to-date: /home/hrs47/ros2_ws/install/shutter_face_ros/share/shutter_face_ros/cmake/rosidl_cmake_export_typesupport_libraries-extras.cmake
[0.778s] -- Up-to-date: /home/hrs47/ros2_ws/install/shutter_face_ros/share/shutter_face_ros/cmake/shutter_face_rosConfig.cmake
[0.778s] -- Up-to-date: /home/hrs47/ros2_ws/install/shutter_face_ros/share/shutter_face_ros/cmake/shutter_face_rosConfig-version.cmake
[0.778s] -- Up-to-date: /home/hrs47/ros2_ws/install/shutter_face_ros/share/shutter_face_ros/package.xml
[0.779s] Invoked command in '/home/hrs47/ros2_ws/build/shutter_face_ros' returned '0': CMAKE_PREFIX_PATH=${CMAKE_PREFIX_PATH}:/home/hrs47/ros2_ws/install/ros_tcp_endpoint:/opt/ros/jazzy DEBUGINFOD_URLS=https://debuginfod.ubuntu.com PS1=(.venv) \[\e]0;\u@\h: \w\a\]${debian_chroot:+($debian_chroot)}\[\033[01;32m\]\u@\h\[\033[00m\]:\[\033[01;34m\]\w\[\033[00m\]\$ VIRTUAL_ENV_PROMPT=(.venv) /usr/bin/cmake --install /home/hrs47/ros2_ws/build/shutter_face_ros
