[0.011s] Invoking command in '/home/hrs47/ros2_ws/build/shutter_bringup': AMENT_PREFIX_PATH=/home/hrs47/ros2_ws/install/ros_tcp_endpoint:/home/hrs47/ros2_ws/install/shutter_bringup:/home/hrs47/ros2_ws/install/shutter_description:/opt/ros/jazzy CMAKE_PREFIX_PATH=/home/hrs47/ros2_ws/install/shutter_description:/home/hrs47/ros2_ws/install/shutter_bringup:/opt/ros/jazzy/opt/sdformat_vendor:/opt/ros/jazzy/opt/gz_math_vendor:/opt/ros/jazzy/opt/gz_utils_vendor:/opt/ros/jazzy/opt/gz_tools_vendor:/opt/ros/jazzy/opt/gz_cmake_vendor:/home/hrs47/ros2_ws/install/ros_tcp_endpoint:/opt/ros/jazzy DEBUGINFOD_URLS=https://debuginfod.ubuntu.com PS1=(.venv) \[\e]0;\u@\h: \w\a\]${debian_chroot:+($debian_chroot)}\[\033[01;32m\]\u@\h\[\033[00m\]:\[\033[01;34m\]\w\[\033[00m\]\$ VIRTUAL_ENV_PROMPT=(.venv) /usr/bin/cmake /home/hrs47/ros2_ws/src/shutter-ros2/shutter_bringup -DCMAKE_INSTALL_PREFIX=/home/hrs47/ros2_ws/install/shutter_bringup
[0.024s] -- Found ament_cmake: 2.5.4 (/opt/ros/jazzy/share/ament_cmake/cmake)
[0.635s] -- Found rclpy: 7.1.5 (/opt/ros/jazzy/share/rclpy/cmake)
[0.635s] -- Found std_msgs: 5.3.6 (/opt/ros/jazzy/share/std_msgs/cmake)
[0.676s] -- Found rosidl_generator_c: 4.6.6 (/opt/ros/jazzy/share/rosidl_generator_c/cmake)
[0.690s] -- Found rosidl_generator_cpp: 4.6.6 (/opt/ros/jazzy/share/rosidl_generator_cpp/cmake)
[0.711s] -- Using all available rosidl_typesupport_c: rosidl_typesupport_fastrtps_c;rosidl_typesupport_introspection_c
[0.729s] -- Using all available rosidl_typesupport_cpp: rosidl_typesupport_fastrtps_cpp;rosidl_typesupport_introspection_cpp
[0.768s] -- Found sensor_msgs: 5.3.6 (/opt/ros/jazzy/share/sensor_msgs/cmake)
[0.835s] -- Found ament_lint_auto: 0.17.3 (/opt/ros/jazzy/share/ament_lint_auto/cmake)
[0.956s] -- Added test 'copyright' to check source files copyright and LICENSE
[0.959s] -- Added test 'flake8' to check Python code syntax and style conventions
[0.959s] -- Configured 'flake8' exclude dirs and/or files: 
[0.959s] -- Added test 'lint_cmake' to check CMake code style
[0.960s] -- Added test 'pep257' to check Python code against some of the docstring style conventions in PEP 257
[0.961s] -- Added test 'xmllint' to check XML markup files
[0.962s] -- Configuring done (0.9s)
[0.968s] -- Generating done (0.0s)
[0.970s] -- Build files have been written to: /home/hrs47/ros2_ws/build/shutter_bringup
[0.974s] Invoked command in '/home/hrs47/ros2_ws/build/shutter_bringup' returned '0': AMENT_PREFIX_PATH=/home/hrs47/ros2_ws/install/ros_tcp_endpoint:/home/hrs47/ros2_ws/install/shutter_bringup:/home/hrs47/ros2_ws/install/shutter_description:/opt/ros/jazzy CMAKE_PREFIX_PATH=/home/hrs47/ros2_ws/install/shutter_description:/home/hrs47/ros2_ws/install/shutter_bringup:/opt/ros/jazzy/opt/sdformat_vendor:/opt/ros/jazzy/opt/gz_math_vendor:/opt/ros/jazzy/opt/gz_utils_vendor:/opt/ros/jazzy/opt/gz_tools_vendor:/opt/ros/jazzy/opt/gz_cmake_vendor:/home/hrs47/ros2_ws/install/ros_tcp_endpoint:/opt/ros/jazzy DEBUGINFOD_URLS=https://debuginfod.ubuntu.com PS1=(.venv) \[\e]0;\u@\h: \w\a\]${debian_chroot:+($debian_chroot)}\[\033[01;32m\]\u@\h\[\033[00m\]:\[\033[01;34m\]\w\[\033[00m\]\$ VIRTUAL_ENV_PROMPT=(.venv) /usr/bin/cmake /home/hrs47/ros2_ws/src/shutter-ros2/shutter_bringup -DCMAKE_INSTALL_PREFIX=/home/hrs47/ros2_ws/install/shutter_bringup
[0.975s] Invoking command in '/home/hrs47/ros2_ws/build/shutter_bringup': AMENT_PREFIX_PATH=/home/hrs47/ros2_ws/install/ros_tcp_endpoint:/home/hrs47/ros2_ws/install/shutter_bringup:/home/hrs47/ros2_ws/install/shutter_description:/opt/ros/jazzy CMAKE_PREFIX_PATH=/home/hrs47/ros2_ws/install/shutter_description:/home/hrs47/ros2_ws/install/shutter_bringup:/opt/ros/jazzy/opt/sdformat_vendor:/opt/ros/jazzy/opt/gz_math_vendor:/opt/ros/jazzy/opt/gz_utils_vendor:/opt/ros/jazzy/opt/gz_tools_vendor:/opt/ros/jazzy/opt/gz_cmake_vendor:/home/hrs47/ros2_ws/install/ros_tcp_endpoint:/opt/ros/jazzy DEBUGINFOD_URLS=https://debuginfod.ubuntu.com PS1=(.venv) \[\e]0;\u@\h: \w\a\]${debian_chroot:+($debian_chroot)}\[\033[01;32m\]\u@\h\[\033[00m\]:\[\033[01;34m\]\w\[\033[00m\]\$ VIRTUAL_ENV_PROMPT=(.venv) /usr/bin/cmake --build /home/hrs47/ros2_ws/build/shutter_bringup -- -j12 -l12
[1.012s] Invoked command in '/home/hrs47/ros2_ws/build/shutter_bringup' returned '0': AMENT_PREFIX_PATH=/home/hrs47/ros2_ws/install/ros_tcp_endpoint:/home/hrs47/ros2_ws/install/shutter_bringup:/home/hrs47/ros2_ws/install/shutter_description:/opt/ros/jazzy CMAKE_PREFIX_PATH=/home/hrs47/ros2_ws/install/shutter_description:/home/hrs47/ros2_ws/install/shutter_bringup:/opt/ros/jazzy/opt/sdformat_vendor:/opt/ros/jazzy/opt/gz_math_vendor:/opt/ros/jazzy/opt/gz_utils_vendor:/opt/ros/jazzy/opt/gz_tools_vendor:/opt/ros/jazzy/opt/gz_cmake_vendor:/home/hrs47/ros2_ws/install/ros_tcp_endpoint:/opt/ros/jazzy DEBUGINFOD_URLS=https://debuginfod.ubuntu.com PS1=(.venv) \[\e]0;\u@\h: \w\a\]${debian_chroot:+($debian_chroot)}\[\033[01;32m\]\u@\h\[\033[00m\]:\[\033[01;34m\]\w\[\033[00m\]\$ VIRTUAL_ENV_PROMPT=(.venv) /usr/bin/cmake --build /home/hrs47/ros2_ws/build/shutter_bringup -- -j12 -l12
[1.012s] Invoking command in '/home/hrs47/ros2_ws/build/shutter_bringup': AMENT_PREFIX_PATH=/home/hrs47/ros2_ws/install/ros_tcp_endpoint:/home/hrs47/ros2_ws/install/shutter_bringup:/home/hrs47/ros2_ws/install/shutter_description:/opt/ros/jazzy CMAKE_PREFIX_PATH=/home/hrs47/ros2_ws/install/shutter_description:/home/hrs47/ros2_ws/install/shutter_bringup:/opt/ros/jazzy/opt/sdformat_vendor:/opt/ros/jazzy/opt/gz_math_vendor:/opt/ros/jazzy/opt/gz_utils_vendor:/opt/ros/jazzy/opt/gz_tools_vendor:/opt/ros/jazzy/opt/gz_cmake_vendor:/home/hrs47/ros2_ws/install/ros_tcp_endpoint:/opt/ros/jazzy DEBUGINFOD_URLS=https://debuginfod.ubuntu.com PS1=(.venv) \[\e]0;\u@\h: \w\a\]${debian_chroot:+($debian_chroot)}\[\033[01;32m\]\u@\h\[\033[00m\]:\[\033[01;34m\]\w\[\033[00m\]\$ VIRTUAL_ENV_PROMPT=(.venv) /usr/bin/cmake --install /home/hrs47/ros2_ws/build/shutter_bringup
[1.021s] -- Install configuration: "Release"
[1.021s] -- Up-to-date: /home/hrs47/ros2_ws/install/shutter_bringup/share/shutter_bringup//launch
[1.021s] -- Up-to-date: /home/hrs47/ros2_ws/install/shutter_bringup/share/shutter_bringup//launch/shutter_sim.launch.py
[1.022s] -- Up-to-date: /home/hrs47/ros2_ws/install/shutter_bringup/share/shutter_bringup//launch/demo.launch.py
[1.022s] -- Up-to-date: /home/hrs47/ros2_ws/install/shutter_bringup/share/shutter_bringup//launch/shutter_unity.launch.py
[1.022s] -- Up-to-date: /home/hrs47/ros2_ws/install/shutter_bringup/share/shutter_bringup//launch/shutter_with_face.launch.py
[1.022s] -- Up-to-date: /home/hrs47/ros2_ws/install/shutter_bringup/share/shutter_bringup//launch/shutter.launch.py
[1.022s] -- Up-to-date: /home/hrs47/ros2_ws/install/shutter_bringup/share/shutter_bringup//launch/shutter_webcam.launch.py
[1.022s] -- Up-to-date: /home/hrs47/ros2_ws/install/shutter_bringup/share/shutter_bringup//config
[1.022s] -- Up-to-date: /home/hrs47/ros2_ws/install/shutter_bringup/share/shutter_bringup//config/infer_webcam_id.py
[1.023s] -- Up-to-date: /home/hrs47/ros2_ws/install/shutter_bringup/share/shutter_bringup//config/shutter.v.0.2.yaml
[1.023s] -- Up-to-date: /home/hrs47/ros2_ws/install/shutter_bringup/share/shutter_bringup//config/logitech_c920.yaml
[1.023s] -- Up-to-date: /home/hrs47/ros2_ws/install/shutter_bringup/share/shutter_bringup//config/rviz_target.cfg.rviz
[1.023s] -- Up-to-date: /home/hrs47/ros2_ws/install/shutter_bringup/share/shutter_bringup//config/env-hooks
[1.023s] -- Up-to-date: /home/hrs47/ros2_ws/install/shutter_bringup/share/shutter_bringup//config/env-hooks/.gitkeep
[1.023s] -- Up-to-date: /home/hrs47/ros2_ws/install/shutter_bringup/share/shutter_bringup//config/shutter.v.0.1.yaml
[1.023s] -- Up-to-date: /home/hrs47/ros2_ws/install/shutter_bringup/share/shutter_bringup//config/shutter.v.2.0.yaml
[1.023s] -- Up-to-date: /home/hrs47/ros2_ws/install/shutter_bringup/lib/shutter_bringup/unity_simulation_manager.py
[1.024s] -- Up-to-date: /home/hrs47/ros2_ws/install/shutter_bringup/lib/shutter_bringup/infer_webcam_id.py
[1.024s] -- Up-to-date: /home/hrs47/ros2_ws/install/shutter_bringup/share/ament_index/resource_index/package_run_dependencies/shutter_bringup
[1.024s] -- Installing: /home/hrs47/ros2_ws/install/shutter_bringup/share/ament_index/resource_index/parent_prefix_path/shutter_bringup
[1.024s] -- Up-to-date: /home/hrs47/ros2_ws/install/shutter_bringup/share/shutter_bringup/environment/ament_prefix_path.sh
[1.024s] -- Up-to-date: /home/hrs47/ros2_ws/install/shutter_bringup/share/shutter_bringup/environment/ament_prefix_path.dsv
[1.024s] -- Up-to-date: /home/hrs47/ros2_ws/install/shutter_bringup/share/shutter_bringup/environment/path.sh
[1.024s] -- Up-to-date: /home/hrs47/ros2_ws/install/shutter_bringup/share/shutter_bringup/environment/path.dsv
[1.024s] -- Up-to-date: /home/hrs47/ros2_ws/install/shutter_bringup/share/shutter_bringup/local_setup.bash
[1.025s] -- Up-to-date: /home/hrs47/ros2_ws/install/shutter_bringup/share/shutter_bringup/local_setup.sh
[1.025s] -- Up-to-date: /home/hrs47/ros2_ws/install/shutter_bringup/share/shutter_bringup/local_setup.zsh
[1.025s] -- Up-to-date: /home/hrs47/ros2_ws/install/shutter_bringup/share/shutter_bringup/local_setup.dsv
[1.025s] -- Installing: /home/hrs47/ros2_ws/install/shutter_bringup/share/shutter_bringup/package.dsv
[1.025s] -- Up-to-date: /home/hrs47/ros2_ws/install/shutter_bringup/share/ament_index/resource_index/packages/shutter_bringup
[1.025s] -- Up-to-date: /home/hrs47/ros2_ws/install/shutter_bringup/share/shutter_bringup/cmake/shutter_bringupConfig.cmake
[1.025s] -- Up-to-date: /home/hrs47/ros2_ws/install/shutter_bringup/share/shutter_bringup/cmake/shutter_bringupConfig-version.cmake
[1.026s] -- Up-to-date: /home/hrs47/ros2_ws/install/shutter_bringup/share/shutter_bringup/package.xml
[1.026s] Invoked command in '/home/hrs47/ros2_ws/build/shutter_bringup' returned '0': AMENT_PREFIX_PATH=/home/hrs47/ros2_ws/install/ros_tcp_endpoint:/home/hrs47/ros2_ws/install/shutter_bringup:/home/hrs47/ros2_ws/install/shutter_description:/opt/ros/jazzy CMAKE_PREFIX_PATH=/home/hrs47/ros2_ws/install/shutter_description:/home/hrs47/ros2_ws/install/shutter_bringup:/opt/ros/jazzy/opt/sdformat_vendor:/opt/ros/jazzy/opt/gz_math_vendor:/opt/ros/jazzy/opt/gz_utils_vendor:/opt/ros/jazzy/opt/gz_tools_vendor:/opt/ros/jazzy/opt/gz_cmake_vendor:/home/hrs47/ros2_ws/install/ros_tcp_endpoint:/opt/ros/jazzy DEBUGINFOD_URLS=https://debuginfod.ubuntu.com PS1=(.venv) \[\e]0;\u@\h: \w\a\]${debian_chroot:+($debian_chroot)}\[\033[01;32m\]\u@\h\[\033[00m\]:\[\033[01;34m\]\w\[\033[00m\]\$ VIRTUAL_ENV_PROMPT=(.venv) /usr/bin/cmake --install /home/hrs47/ros2_ws/build/shutter_bringup
