[0.219s] Invoking command in '/home/hrs47/ros2_ws/build/shutter_hardware_interface': CMAKE_PREFIX_PATH=${CMAKE_PREFIX_PATH}:/home/hrs47/ros2_ws/install/ros_tcp_endpoint:/opt/ros/jazzy DEBUGINFOD_URLS=https://debuginfod.ubuntu.com PS1=(.venv) \[\e]0;\u@\h: \w\a\]${debian_chroot:+($debian_chroot)}\[\033[01;32m\]\u@\h\[\033[00m\]:\[\033[01;34m\]\w\[\033[00m\]\$ VIRTUAL_ENV_PROMPT=(.venv) /usr/bin/cmake --build /home/hrs47/ros2_ws/build/shutter_hardware_interface -- -j12 -l12
[0.284s] [ 60%] Built target shutter_hw_core
[0.319s] [100%] Built target shutter_position_node
[0.332s] Invoked command in '/home/hrs47/ros2_ws/build/shutter_hardware_interface' returned '0': CMAKE_PREFIX_PATH=${CMAKE_PREFIX_PATH}:/home/hrs47/ros2_ws/install/ros_tcp_endpoint:/opt/ros/jazzy DEBUGINFOD_URLS=https://debuginfod.ubuntu.com PS1=(.venv) \[\e]0;\u@\h: \w\a\]${debian_chroot:+($debian_chroot)}\[\033[01;32m\]\u@\h\[\033[00m\]:\[\033[01;34m\]\w\[\033[00m\]\$ VIRTUAL_ENV_PROMPT=(.venv) /usr/bin/cmake --build /home/hrs47/ros2_ws/build/shutter_hardware_interface -- -j12 -l12
[0.334s] Invoking command in '/home/hrs47/ros2_ws/build/shutter_hardware_interface': CMAKE_PREFIX_PATH=${CMAKE_PREFIX_PATH}:/home/hrs47/ros2_ws/install/ros_tcp_endpoint:/opt/ros/jazzy DEBUGINFOD_URLS=https://debuginfod.ubuntu.com PS1=(.venv) \[\e]0;\u@\h: \w\a\]${debian_chroot:+($debian_chroot)}\[\033[01;32m\]\u@\h\[\033[00m\]:\[\033[01;34m\]\w\[\033[00m\]\$ VIRTUAL_ENV_PROMPT=(.venv) /usr/bin/cmake --install /home/hrs47/ros2_ws/build/shutter_hardware_interface
[0.341s] -- Install configuration: "Release"
[0.341s] -- Up-to-date: /home/hrs47/ros2_ws/install/shutter_hardware_interface/lib/libshutter_hw_core.so
[0.342s] -- Up-to-date: /home/hrs47/ros2_ws/install/shutter_hardware_interface/lib/shutter_hardware_interface/shutter_position_node
[0.342s] -- Up-to-date: /home/hrs47/ros2_ws/install/shutter_hardware_interface/include
[0.342s] -- Up-to-date: /home/hrs47/ros2_ws/install/shutter_hardware_interface/include/shutter_hardware_interface
[0.342s] -- Up-to-date: /home/hrs47/ros2_ws/install/shutter_hardware_interface/include/shutter_hardware_interface/dynamixel_ros_control.h
[0.342s] -- Up-to-date: /home/hrs47/ros2_ws/install/shutter_hardware_interface/include/shutter_hardware_interface/shutter_position_interface.h
[0.342s] -- Up-to-date: /home/hrs47/ros2_ws/install/shutter_hardware_interface/share/shutter_hardware_interface/config
[0.342s] -- Up-to-date: /home/hrs47/ros2_ws/install/shutter_hardware_interface/share/shutter_hardware_interface/config/position_controllers.yaml
[0.343s] -- Up-to-date: /home/hrs47/ros2_ws/install/shutter_hardware_interface/share/shutter_hardware_interface/config/dynamixel_joints_position.yaml
[0.343s] -- Up-to-date: /home/hrs47/ros2_ws/install/shutter_hardware_interface/share/shutter_hardware_interface/launch
[0.343s] -- Up-to-date: /home/hrs47/ros2_ws/install/shutter_hardware_interface/share/shutter_hardware_interface/launch/shutter_position_interface.launch.py
[0.343s] -- Up-to-date: /home/hrs47/ros2_ws/install/shutter_hardware_interface/share/ament_index/resource_index/package_run_dependencies/shutter_hardware_interface
[0.343s] -- Up-to-date: /home/hrs47/ros2_ws/install/shutter_hardware_interface/share/ament_index/resource_index/parent_prefix_path/shutter_hardware_interface
[0.343s] -- Up-to-date: /home/hrs47/ros2_ws/install/shutter_hardware_interface/share/shutter_hardware_interface/environment/ament_prefix_path.sh
[0.343s] -- Up-to-date: /home/hrs47/ros2_ws/install/shutter_hardware_interface/share/shutter_hardware_interface/environment/ament_prefix_path.dsv
[0.343s] -- Up-to-date: /home/hrs47/ros2_ws/install/shutter_hardware_interface/share/shutter_hardware_interface/environment/path.sh
[0.343s] -- Up-to-date: /home/hrs47/ros2_ws/install/shutter_hardware_interface/share/shutter_hardware_interface/environment/path.dsv
[0.343s] -- Up-to-date: /home/hrs47/ros2_ws/install/shutter_hardware_interface/share/shutter_hardware_interface/local_setup.bash
[0.343s] -- Up-to-date: /home/hrs47/ros2_ws/install/shutter_hardware_interface/share/shutter_hardware_interface/local_setup.sh
[0.343s] -- Up-to-date: /home/hrs47/ros2_ws/install/shutter_hardware_interface/share/shutter_hardware_interface/local_setup.zsh
[0.343s] -- Up-to-date: /home/hrs47/ros2_ws/install/shutter_hardware_interface/share/shutter_hardware_interface/local_setup.dsv
[0.344s] -- Installing: /home/hrs47/ros2_ws/install/shutter_hardware_interface/share/shutter_hardware_interface/package.dsv
[0.344s] -- Up-to-date: /home/hrs47/ros2_ws/install/shutter_hardware_interface/share/ament_index/resource_index/packages/shutter_hardware_interface
[0.344s] -- Up-to-date: /home/hrs47/ros2_ws/install/shutter_hardware_interface/share/shutter_hardware_interface/cmake/ament_cmake_export_include_directories-extras.cmake
[0.344s] -- Up-to-date: /home/hrs47/ros2_ws/install/shutter_hardware_interface/share/shutter_hardware_interface/cmake/ament_cmake_export_dependencies-extras.cmake
[0.344s] -- Up-to-date: /home/hrs47/ros2_ws/install/shutter_hardware_interface/share/shutter_hardware_interface/cmake/shutter_hardware_interfaceConfig.cmake
[0.344s] -- Up-to-date: /home/hrs47/ros2_ws/install/shutter_hardware_interface/share/shutter_hardware_interface/cmake/shutter_hardware_interfaceConfig-version.cmake
[0.344s] -- Up-to-date: /home/hrs47/ros2_ws/install/shutter_hardware_interface/share/shutter_hardware_interface/package.xml
[0.345s] Invoked command in '/home/hrs47/ros2_ws/build/shutter_hardware_interface' returned '0': CMAKE_PREFIX_PATH=${CMAKE_PREFIX_PATH}:/home/hrs47/ros2_ws/install/ros_tcp_endpoint:/opt/ros/jazzy DEBUGINFOD_URLS=https://debuginfod.ubuntu.com PS1=(.venv) \[\e]0;\u@\h: \w\a\]${debian_chroot:+($debian_chroot)}\[\033[01;32m\]\u@\h\[\033[00m\]:\[\033[01;34m\]\w\[\033[00m\]\$ VIRTUAL_ENV_PROMPT=(.venv) /usr/bin/cmake --install /home/hrs47/ros2_ws/build/shutter_hardware_interface
