[1.396s] Invoking command in '/home/hrs47/ros2_ws/build/shutter_description': CMAKE_PREFIX_PATH=${CMAKE_PREFIX_PATH}:/home/hrs47/ros2_ws/install/ros_tcp_endpoint:/opt/ros/jazzy DEBUGINFOD_URLS=https://debuginfod.ubuntu.com PS1=(.venv) \[\e]0;\u@\h: \w\a\]${debian_chroot:+($debian_chroot)}\[\033[01;32m\]\u@\h\[\033[00m\]:\[\033[01;34m\]\w\[\033[00m\]\$ VIRTUAL_ENV_PROMPT=(.venv) /usr/bin/cmake --build /home/hrs47/ros2_ws/build/shutter_description -- -j12 -l12
[1.439s] Invoked command in '/home/hrs47/ros2_ws/build/shutter_description' returned '0': CMAKE_PREFIX_PATH=${CMAKE_PREFIX_PATH}:/home/hrs47/ros2_ws/install/ros_tcp_endpoint:/opt/ros/jazzy DEBUGINFOD_URLS=https://debuginfod.ubuntu.com PS1=(.venv) \[\e]0;\u@\h: \w\a\]${debian_chroot:+($debian_chroot)}\[\033[01;32m\]\u@\h\[\033[00m\]:\[\033[01;34m\]\w\[\033[00m\]\$ VIRTUAL_ENV_PROMPT=(.venv) /usr/bin/cmake --build /home/hrs47/ros2_ws/build/shutter_description -- -j12 -l12
[1.448s] Invoking command in '/home/hrs47/ros2_ws/build/shutter_description': CMAKE_PREFIX_PATH=${CMAKE_PREFIX_PATH}:/home/hrs47/ros2_ws/install/ros_tcp_endpoint:/opt/ros/jazzy DEBUGINFOD_URLS=https://debuginfod.ubuntu.com PS1=(.venv) \[\e]0;\u@\h: \w\a\]${debian_chroot:+($debian_chroot)}\[\033[01;32m\]\u@\h\[\033[00m\]:\[\033[01;34m\]\w\[\033[00m\]\$ VIRTUAL_ENV_PROMPT=(.venv) /usr/bin/cmake --install /home/hrs47/ros2_ws/build/shutter_description
[1.456s] -- Install configuration: "Release"
[1.456s] -- Up-to-date: /home/hrs47/ros2_ws/install/shutter_description/share/shutter_description//launch
[1.456s] -- Up-to-date: /home/hrs47/ros2_ws/install/shutter_description/share/shutter_description//launch/shutter_rviz.launch.py
[1.456s] -- Up-to-date: /home/hrs47/ros2_ws/install/shutter_description/share/shutter_description//launch/load_description.launch.py
[1.456s] -- Up-to-date: /home/hrs47/ros2_ws/install/shutter_description/share/shutter_description//config
[1.456s] -- Up-to-date: /home/hrs47/ros2_ws/install/shutter_description/share/shutter_description//config/robot_view.rviz
[1.457s] -- Up-to-date: /home/hrs47/ros2_ws/install/shutter_description/share/shutter_description//meshes
[1.457s] -- Up-to-date: /home/hrs47/ros2_ws/install/shutter_description/share/shutter_description//meshes/shoulder_link.stl
[1.457s] -- Up-to-date: /home/hrs47/ros2_ws/install/shutter_description/share/shutter_description//meshes/base_link.stl
[1.457s] -- Up-to-date: /home/hrs47/ros2_ws/install/shutter_description/share/shutter_description//meshes/biceps_link.new.stl
[1.457s] -- Up-to-date: /home/hrs47/ros2_ws/install/shutter_description/share/shutter_description//meshes/head.obj
[1.457s] -- Up-to-date: /home/hrs47/ros2_ws/install/shutter_description/share/shutter_description//meshes/d435.dae
[1.457s] -- Up-to-date: /home/hrs47/ros2_ws/install/shutter_description/share/shutter_description//meshes/forearm_link.new.stl
[1.457s] -- Up-to-date: /home/hrs47/ros2_ws/install/shutter_description/share/shutter_description//meshes/forearm_link.stl
[1.457s] -- Up-to-date: /home/hrs47/ros2_ws/install/shutter_description/share/shutter_description//meshes/cart_in_meters.obj
[1.457s] -- Up-to-date: /home/hrs47/ros2_ws/install/shutter_description/share/shutter_description//meshes/wrist_link_no_motor.stl
[1.457s] -- Up-to-date: /home/hrs47/ros2_ws/install/shutter_description/share/shutter_description//meshes/biceps_link.stl
[1.457s] -- Up-to-date: /home/hrs47/ros2_ws/install/shutter_description/share/shutter_description//robots
[1.457s] -- Up-to-date: /home/hrs47/ros2_ws/install/shutter_description/share/shutter_description//robots/shutter.v.0.1.dae
[1.458s] -- Up-to-date: /home/hrs47/ros2_ws/install/shutter_description/share/shutter_description//robots/shutter.v.0.1.urdf
[1.458s] -- Up-to-date: /home/hrs47/ros2_ws/install/shutter_description/share/shutter_description//robots/shutter.v.0.1.openrave.xml
[1.458s] -- Up-to-date: /home/hrs47/ros2_ws/install/shutter_description/share/shutter_description//robots/shutter.v.2.0.xacro
[1.458s] -- Up-to-date: /home/hrs47/ros2_ws/install/shutter_description/share/shutter_description//robots/shutter.v.0.1.xacro
[1.458s] -- Up-to-date: /home/hrs47/ros2_ws/install/shutter_description/share/shutter_description//robots/shutter.v.unity.xacro
[1.458s] -- Up-to-date: /home/hrs47/ros2_ws/install/shutter_description/share/shutter_description//robots/shutter.v.3.0.xacro
[1.458s] -- Up-to-date: /home/hrs47/ros2_ws/install/shutter_description/share/shutter_description//robots/shutter.v.0.2.xacro
[1.458s] -- Up-to-date: /home/hrs47/ros2_ws/install/shutter_description/share/shutter_description//robots/generated_urdf
[1.458s] -- Up-to-date: /home/hrs47/ros2_ws/install/shutter_description/share/shutter_description//robots/generated_urdf/shutter.v.3.0.urdf
[1.458s] -- Up-to-date: /home/hrs47/ros2_ws/install/shutter_description/share/shutter_description//robots/generated_urdf/shutter.v.2.0.urdf
[1.458s] -- Up-to-date: /home/hrs47/ros2_ws/install/shutter_description/share/shutter_description//robots/shutter.v.4.1.xacro
[1.458s] -- Up-to-date: /home/hrs47/ros2_ws/install/shutter_description/share/shutter_description//robots/shutter.v.4.0.xacro
[1.458s] -- Up-to-date: /home/hrs47/ros2_ws/install/shutter_description/share/shutter_description//urdf
[1.458s] -- Up-to-date: /home/hrs47/ros2_ws/install/shutter_description/share/shutter_description//urdf/shutter.v.2.xacro
[1.458s] -- Up-to-date: /home/hrs47/ros2_ws/install/shutter_description/share/shutter_description//urdf/third_party
[1.458s] -- Up-to-date: /home/hrs47/ros2_ws/install/shutter_description/share/shutter_description//urdf/third_party/azure_kinect.urdf.xacro
[1.459s] -- Up-to-date: /home/hrs47/ros2_ws/install/shutter_description/share/shutter_description//urdf/third_party/sensor-zed.urdf.xacro
[1.459s] -- Up-to-date: /home/hrs47/ros2_ws/install/shutter_description/share/shutter_description//urdf/third_party/realsense_d435.urdf.xacro
[1.459s] -- Up-to-date: /home/hrs47/ros2_ws/install/shutter_description/share/shutter_description//urdf/third_party/widowx-nogripper.v.2.0.urdf.xacro
[1.459s] -- Up-to-date: /home/hrs47/ros2_ws/install/shutter_description/share/shutter_description//urdf/third_party/widowx-nogripper.v.0.2.urdf.xacro
[1.459s] -- Up-to-date: /home/hrs47/ros2_ws/install/shutter_description/share/shutter_description//urdf/third_party/widowx-nogripper.urdf.xacro
[1.459s] -- Up-to-date: /home/hrs47/ros2_ws/install/shutter_description/share/shutter_description//urdf/shutter.v.1.xacro
[1.459s] -- Up-to-date: /home/hrs47/ros2_ws/install/shutter_description/share/shutter_description//urdf/zed_urdf
[1.460s] -- Up-to-date: /home/hrs47/ros2_ws/install/shutter_description/share/shutter_description//urdf/zed_urdf/zed.urdf
[1.460s] -- Up-to-date: /home/hrs47/ros2_ws/install/shutter_description/share/shutter_description//urdf/zed_urdf/ZED.stl
[1.460s] -- Up-to-date: /home/hrs47/ros2_ws/install/shutter_description/share/shutter_description//urdf/core
[1.460s] -- Up-to-date: /home/hrs47/ros2_ws/install/shutter_description/share/shutter_description//urdf/core/shutter_cart.xacro
[1.460s] -- Up-to-date: /home/hrs47/ros2_ws/install/shutter_description/share/shutter_description//urdf/core/shutter_head.v.1.xacro
[1.460s] -- Up-to-date: /home/hrs47/ros2_ws/install/shutter_description/share/shutter_description//urdf/core/shutter_arm.xacro
[1.460s] -- Up-to-date: /home/hrs47/ros2_ws/install/shutter_description/share/shutter_description//urdf/core/shutter_head.v.2.xacro
[1.460s] -- Up-to-date: /home/hrs47/ros2_ws/install/shutter_description/lib/shutter_description/generate_ikfast_cpp.py
[1.460s] -- Up-to-date: /home/hrs47/ros2_ws/install/shutter_description/lib/shutter_description/make_ikfast_cpp.sh
[1.460s] -- Up-to-date: /home/hrs47/ros2_ws/install/shutter_description/lib/shutter_description/urdf_from_xacro.sh
[1.460s] -- Up-to-date: /home/hrs47/ros2_ws/install/shutter_description/share/ament_index/resource_index/package_run_dependencies/shutter_description
[1.461s] -- Up-to-date: /home/hrs47/ros2_ws/install/shutter_description/share/ament_index/resource_index/parent_prefix_path/shutter_description
[1.461s] -- Up-to-date: /home/hrs47/ros2_ws/install/shutter_description/share/shutter_description/environment/ament_prefix_path.sh
[1.461s] -- Up-to-date: /home/hrs47/ros2_ws/install/shutter_description/share/shutter_description/environment/ament_prefix_path.dsv
[1.461s] -- Up-to-date: /home/hrs47/ros2_ws/install/shutter_description/share/shutter_description/environment/path.sh
[1.461s] -- Up-to-date: /home/hrs47/ros2_ws/install/shutter_description/share/shutter_description/environment/path.dsv
[1.461s] -- Up-to-date: /home/hrs47/ros2_ws/install/shutter_description/share/shutter_description/local_setup.bash
[1.461s] -- Up-to-date: /home/hrs47/ros2_ws/install/shutter_description/share/shutter_description/local_setup.sh
[1.461s] -- Up-to-date: /home/hrs47/ros2_ws/install/shutter_description/share/shutter_description/local_setup.zsh
[1.461s] -- Up-to-date: /home/hrs47/ros2_ws/install/shutter_description/share/shutter_description/local_setup.dsv
[1.461s] -- Installing: /home/hrs47/ros2_ws/install/shutter_description/share/shutter_description/package.dsv
[1.461s] -- Up-to-date: /home/hrs47/ros2_ws/install/shutter_description/share/ament_index/resource_index/packages/shutter_description
[1.461s] -- Up-to-date: /home/hrs47/ros2_ws/install/shutter_description/share/shutter_description/cmake/shutter_descriptionConfig.cmake
[1.461s] -- Up-to-date: /home/hrs47/ros2_ws/install/shutter_description/share/shutter_description/cmake/shutter_descriptionConfig-version.cmake
[1.462s] -- Up-to-date: /home/hrs47/ros2_ws/install/shutter_description/share/shutter_description/package.xml
[1.462s] Invoked command in '/home/hrs47/ros2_ws/build/shutter_description' returned '0': CMAKE_PREFIX_PATH=${CMAKE_PREFIX_PATH}:/home/hrs47/ros2_ws/install/ros_tcp_endpoint:/opt/ros/jazzy DEBUGINFOD_URLS=https://debuginfod.ubuntu.com PS1=(.venv) \[\e]0;\u@\h: \w\a\]${debian_chroot:+($debian_chroot)}\[\033[01;32m\]\u@\h\[\033[00m\]:\[\033[01;34m\]\w\[\033[00m\]\$ VIRTUAL_ENV_PROMPT=(.venv) /usr/bin/cmake --install /home/hrs47/ros2_ws/build/shutter_description
