[0.384s] DEBUG:colcon:Command line arguments: ['/usr/bin/colcon', 'build', '--cmake-args', '-DCMAKE_BUILD_TYPE=Release']
[0.384s] DEBUG:colcon:Parsed command line arguments: Namespace(log_base=None, log_level=None, verb_name='build', build_base='build', install_base='install', merge_install=False, symlink_install=False, test_result_base=None, continue_on_error=False, executor='parallel', parallel_workers=12, event_handlers=None, ignore_user_meta=False, metas=['./colcon.meta'], base_paths=['.'], packages_ignore=None, packages_ignore_regex=None, paths=None, packages_up_to=None, packages_up_to_regex=None, packages_above=None, packages_above_and_dependencies=None, packages_above_depth=None, packages_select_by_dep=None, packages_skip_by_dep=None, packages_skip_up_to=None, packages_select_build_failed=False, packages_skip_build_finished=False, packages_select_test_failures=False, packages_skip_test_passed=False, packages_select=None, packages_skip=None, packages_select_regex=None, packages_skip_regex=None, packages_start=None, packages_end=None, allow_overriding=[], cmake_args=['-DCMAKE_BUILD_TYPE=Release'], cmake_target=None, cmake_target_skip_unavailable=False, cmake_clean_cache=False, cmake_clean_first=False, cmake_force_configure=False, ament_cmake_args=None, catkin_cmake_args=None, catkin_skip_building_tests=False, mixin_files=None, mixin=None, verb_parser=<colcon_mixin.mixin.mixin_argument.MixinArgumentDecorator object at 0x77adb48451f0>, verb_extension=<colcon_core.verb.build.BuildVerb object at 0x77adb4844e00>, main=<bound method BuildVerb.main of <colcon_core.verb.build.BuildVerb object at 0x77adb4844e00>>, mixin_verb=('build',))
[0.477s] Level 1:colcon.colcon_core.package_discovery:discover_packages(colcon_meta) check parameters
[0.477s] Level 1:colcon.colcon_core.package_discovery:discover_packages(recursive) check parameters
[0.477s] Level 1:colcon.colcon_core.package_discovery:discover_packages(ignore) check parameters
[0.477s] Level 1:colcon.colcon_core.package_discovery:discover_packages(path) check parameters
[0.477s] Level 1:colcon.colcon_core.package_discovery:discover_packages(colcon_meta) discover
[0.477s] Level 1:colcon.colcon_core.package_discovery:discover_packages(recursive) discover
[0.477s] INFO:colcon.colcon_core.package_discovery:Crawling recursively for packages in '/home/hrs47/ros2_ws'
[0.477s] Level 1:colcon.colcon_core.package_identification:_identify(.) by extensions ['ignore', 'ignore_ament_install']
[0.477s] Level 1:colcon.colcon_core.package_identification:_identify(.) by extension 'ignore'
[0.477s] Level 1:colcon.colcon_core.package_identification:_identify(.) by extension 'ignore_ament_install'
[0.477s] Level 1:colcon.colcon_core.package_identification:_identify(.) by extensions ['colcon_pkg']
[0.477s] Level 1:colcon.colcon_core.package_identification:_identify(.) by extension 'colcon_pkg'
[0.477s] Level 1:colcon.colcon_core.package_identification:_identify(.) by extensions ['colcon_meta']
[0.477s] Level 1:colcon.colcon_core.package_identification:_identify(.) by extension 'colcon_meta'
[0.478s] Level 1:colcon.colcon_core.package_identification:_identify(.) by extensions ['ros']
[0.478s] Level 1:colcon.colcon_core.package_identification:_identify(.) by extension 'ros'
[0.528s] Level 1:colcon.colcon_core.package_identification:_identify(.) by extensions ['cmake', 'python']
[0.528s] Level 1:colcon.colcon_core.package_identification:_identify(.) by extension 'cmake'
[0.528s] Level 1:colcon.colcon_core.package_identification:_identify(.) by extension 'python'
[0.528s] Level 1:colcon.colcon_core.package_identification:_identify(.) by extensions ['python_setup_py']
[0.528s] Level 1:colcon.colcon_core.package_identification:_identify(.) by extension 'python_setup_py'
[0.528s] Level 1:colcon.colcon_core.package_identification:_identify(build) by extensions ['ignore', 'ignore_ament_install']
[0.529s] Level 1:colcon.colcon_core.package_identification:_identify(build) by extension 'ignore'
[0.529s] Level 1:colcon.colcon_core.package_identification:_identify(build) ignored
[0.529s] Level 1:colcon.colcon_core.package_identification:_identify(install) by extensions ['ignore', 'ignore_ament_install']
[0.529s] Level 1:colcon.colcon_core.package_identification:_identify(install) by extension 'ignore'
[0.529s] Level 1:colcon.colcon_core.package_identification:_identify(install) ignored
[0.529s] Level 1:colcon.colcon_core.package_identification:_identify(log) by extensions ['ignore', 'ignore_ament_install']
[0.529s] Level 1:colcon.colcon_core.package_identification:_identify(log) by extension 'ignore'
[0.529s] Level 1:colcon.colcon_core.package_identification:_identify(log) ignored
[0.529s] Level 1:colcon.colcon_core.package_identification:_identify(src) by extensions ['ignore', 'ignore_ament_install']
[0.529s] Level 1:colcon.colcon_core.package_identification:_identify(src) by extension 'ignore'
[0.530s] Level 1:colcon.colcon_core.package_identification:_identify(src) by extension 'ignore_ament_install'
[0.530s] Level 1:colcon.colcon_core.package_identification:_identify(src) by extensions ['colcon_pkg']
[0.530s] Level 1:colcon.colcon_core.package_identification:_identify(src) by extension 'colcon_pkg'
[0.530s] Level 1:colcon.colcon_core.package_identification:_identify(src) by extensions ['colcon_meta']
[0.530s] Level 1:colcon.colcon_core.package_identification:_identify(src) by extension 'colcon_meta'
[0.530s] Level 1:colcon.colcon_core.package_identification:_identify(src) by extensions ['ros']
[0.530s] Level 1:colcon.colcon_core.package_identification:_identify(src) by extension 'ros'
[0.530s] Level 1:colcon.colcon_core.package_identification:_identify(src) by extensions ['cmake', 'python']
[0.530s] Level 1:colcon.colcon_core.package_identification:_identify(src) by extension 'cmake'
[0.530s] Level 1:colcon.colcon_core.package_identification:_identify(src) by extension 'python'
[0.530s] Level 1:colcon.colcon_core.package_identification:_identify(src) by extensions ['python_setup_py']
[0.530s] Level 1:colcon.colcon_core.package_identification:_identify(src) by extension 'python_setup_py'
[0.531s] Level 1:colcon.colcon_core.package_identification:_identify(src/shutter-ros2) by extensions ['ignore', 'ignore_ament_install']
[0.531s] Level 1:colcon.colcon_core.package_identification:_identify(src/shutter-ros2) by extension 'ignore'
[0.531s] Level 1:colcon.colcon_core.package_identification:_identify(src/shutter-ros2) by extension 'ignore_ament_install'
[0.531s] Level 1:colcon.colcon_core.package_identification:_identify(src/shutter-ros2) by extensions ['colcon_pkg']
[0.531s] Level 1:colcon.colcon_core.package_identification:_identify(src/shutter-ros2) by extension 'colcon_pkg'
[0.531s] Level 1:colcon.colcon_core.package_identification:_identify(src/shutter-ros2) by extensions ['colcon_meta']
[0.531s] Level 1:colcon.colcon_core.package_identification:_identify(src/shutter-ros2) by extension 'colcon_meta'
[0.531s] Level 1:colcon.colcon_core.package_identification:_identify(src/shutter-ros2) by extensions ['ros']
[0.531s] Level 1:colcon.colcon_core.package_identification:_identify(src/shutter-ros2) by extension 'ros'
[0.531s] Level 1:colcon.colcon_core.package_identification:_identify(src/shutter-ros2) by extensions ['cmake', 'python']
[0.531s] Level 1:colcon.colcon_core.package_identification:_identify(src/shutter-ros2) by extension 'cmake'
[0.531s] Level 1:colcon.colcon_core.package_identification:_identify(src/shutter-ros2) by extension 'python'
[0.531s] Level 1:colcon.colcon_core.package_identification:_identify(src/shutter-ros2) by extensions ['python_setup_py']
[0.531s] Level 1:colcon.colcon_core.package_identification:_identify(src/shutter-ros2) by extension 'python_setup_py'
[0.532s] Level 1:colcon.colcon_core.package_identification:_identify(src/shutter-ros2/build) by extensions ['ignore', 'ignore_ament_install']
[0.532s] Level 1:colcon.colcon_core.package_identification:_identify(src/shutter-ros2/build) by extension 'ignore'
[0.532s] Level 1:colcon.colcon_core.package_identification:_identify(src/shutter-ros2/build) ignored
[0.532s] Level 1:colcon.colcon_core.package_identification:_identify(src/shutter-ros2/documentation) by extensions ['ignore', 'ignore_ament_install']
[0.532s] Level 1:colcon.colcon_core.package_identification:_identify(src/shutter-ros2/documentation) by extension 'ignore'
[0.532s] Level 1:colcon.colcon_core.package_identification:_identify(src/shutter-ros2/documentation) by extension 'ignore_ament_install'
[0.532s] Level 1:colcon.colcon_core.package_identification:_identify(src/shutter-ros2/documentation) by extensions ['colcon_pkg']
[0.532s] Level 1:colcon.colcon_core.package_identification:_identify(src/shutter-ros2/documentation) by extension 'colcon_pkg'
[0.532s] Level 1:colcon.colcon_core.package_identification:_identify(src/shutter-ros2/documentation) by extensions ['colcon_meta']
[0.532s] Level 1:colcon.colcon_core.package_identification:_identify(src/shutter-ros2/documentation) by extension 'colcon_meta'
[0.532s] Level 1:colcon.colcon_core.package_identification:_identify(src/shutter-ros2/documentation) by extensions ['ros']
[0.532s] Level 1:colcon.colcon_core.package_identification:_identify(src/shutter-ros2/documentation) by extension 'ros'
[0.532s] Level 1:colcon.colcon_core.package_identification:_identify(src/shutter-ros2/documentation) by extensions ['cmake', 'python']
[0.532s] Level 1:colcon.colcon_core.package_identification:_identify(src/shutter-ros2/documentation) by extension 'cmake'
[0.533s] Level 1:colcon.colcon_core.package_identification:_identify(src/shutter-ros2/documentation) by extension 'python'
[0.533s] Level 1:colcon.colcon_core.package_identification:_identify(src/shutter-ros2/documentation) by extensions ['python_setup_py']
[0.533s] Level 1:colcon.colcon_core.package_identification:_identify(src/shutter-ros2/documentation) by extension 'python_setup_py'
[0.533s] Level 1:colcon.colcon_core.package_identification:_identify(src/shutter-ros2/documentation/source) by extensions ['ignore', 'ignore_ament_install']
[0.533s] Level 1:colcon.colcon_core.package_identification:_identify(src/shutter-ros2/documentation/source) by extension 'ignore'
[0.533s] Level 1:colcon.colcon_core.package_identification:_identify(src/shutter-ros2/documentation/source) by extension 'ignore_ament_install'
[0.533s] Level 1:colcon.colcon_core.package_identification:_identify(src/shutter-ros2/documentation/source) by extensions ['colcon_pkg']
[0.533s] Level 1:colcon.colcon_core.package_identification:_identify(src/shutter-ros2/documentation/source) by extension 'colcon_pkg'
[0.533s] Level 1:colcon.colcon_core.package_identification:_identify(src/shutter-ros2/documentation/source) by extensions ['colcon_meta']
[0.533s] Level 1:colcon.colcon_core.package_identification:_identify(src/shutter-ros2/documentation/source) by extension 'colcon_meta'
[0.533s] Level 1:colcon.colcon_core.package_identification:_identify(src/shutter-ros2/documentation/source) by extensions ['ros']
[0.533s] Level 1:colcon.colcon_core.package_identification:_identify(src/shutter-ros2/documentation/source) by extension 'ros'
[0.533s] Level 1:colcon.colcon_core.package_identification:_identify(src/shutter-ros2/documentation/source) by extensions ['cmake', 'python']
[0.533s] Level 1:colcon.colcon_core.package_identification:_identify(src/shutter-ros2/documentation/source) by extension 'cmake'
[0.533s] Level 1:colcon.colcon_core.package_identification:_identify(src/shutter-ros2/documentation/source) by extension 'python'
[0.533s] Level 1:colcon.colcon_core.package_identification:_identify(src/shutter-ros2/documentation/source) by extensions ['python_setup_py']
[0.533s] Level 1:colcon.colcon_core.package_identification:_identify(src/shutter-ros2/documentation/source) by extension 'python_setup_py'
[0.533s] Level 1:colcon.colcon_core.package_identification:_identify(src/shutter-ros2/documentation/source/images) by extensions ['ignore', 'ignore_ament_install']
[0.534s] Level 1:colcon.colcon_core.package_identification:_identify(src/shutter-ros2/documentation/source/images) by extension 'ignore'
[0.534s] Level 1:colcon.colcon_core.package_identification:_identify(src/shutter-ros2/documentation/source/images) by extension 'ignore_ament_install'
[0.534s] Level 1:colcon.colcon_core.package_identification:_identify(src/shutter-ros2/documentation/source/images) by extensions ['colcon_pkg']
[0.534s] Level 1:colcon.colcon_core.package_identification:_identify(src/shutter-ros2/documentation/source/images) by extension 'colcon_pkg'
[0.534s] Level 1:colcon.colcon_core.package_identification:_identify(src/shutter-ros2/documentation/source/images) by extensions ['colcon_meta']
[0.534s] Level 1:colcon.colcon_core.package_identification:_identify(src/shutter-ros2/documentation/source/images) by extension 'colcon_meta'
[0.534s] Level 1:colcon.colcon_core.package_identification:_identify(src/shutter-ros2/documentation/source/images) by extensions ['ros']
[0.534s] Level 1:colcon.colcon_core.package_identification:_identify(src/shutter-ros2/documentation/source/images) by extension 'ros'
[0.534s] Level 1:colcon.colcon_core.package_identification:_identify(src/shutter-ros2/documentation/source/images) by extensions ['cmake', 'python']
[0.534s] Level 1:colcon.colcon_core.package_identification:_identify(src/shutter-ros2/documentation/source/images) by extension 'cmake'
[0.534s] Level 1:colcon.colcon_core.package_identification:_identify(src/shutter-ros2/documentation/source/images) by extension 'python'
[0.534s] Level 1:colcon.colcon_core.package_identification:_identify(src/shutter-ros2/documentation/source/images) by extensions ['python_setup_py']
[0.534s] Level 1:colcon.colcon_core.package_identification:_identify(src/shutter-ros2/documentation/source/images) by extension 'python_setup_py'
[0.534s] Level 1:colcon.colcon_core.package_identification:_identify(src/shutter-ros2/documentation/source/packages) by extensions ['ignore', 'ignore_ament_install']
[0.534s] Level 1:colcon.colcon_core.package_identification:_identify(src/shutter-ros2/documentation/source/packages) by extension 'ignore'
[0.534s] Level 1:colcon.colcon_core.package_identification:_identify(src/shutter-ros2/documentation/source/packages) by extension 'ignore_ament_install'
[0.534s] Level 1:colcon.colcon_core.package_identification:_identify(src/shutter-ros2/documentation/source/packages) by extensions ['colcon_pkg']
[0.534s] Level 1:colcon.colcon_core.package_identification:_identify(src/shutter-ros2/documentation/source/packages) by extension 'colcon_pkg'
[0.534s] Level 1:colcon.colcon_core.package_identification:_identify(src/shutter-ros2/documentation/source/packages) by extensions ['colcon_meta']
[0.534s] Level 1:colcon.colcon_core.package_identification:_identify(src/shutter-ros2/documentation/source/packages) by extension 'colcon_meta'
[0.535s] Level 1:colcon.colcon_core.package_identification:_identify(src/shutter-ros2/documentation/source/packages) by extensions ['ros']
[0.535s] Level 1:colcon.colcon_core.package_identification:_identify(src/shutter-ros2/documentation/source/packages) by extension 'ros'
[0.535s] Level 1:colcon.colcon_core.package_identification:_identify(src/shutter-ros2/documentation/source/packages) by extensions ['cmake', 'python']
[0.535s] Level 1:colcon.colcon_core.package_identification:_identify(src/shutter-ros2/documentation/source/packages) by extension 'cmake'
[0.535s] Level 1:colcon.colcon_core.package_identification:_identify(src/shutter-ros2/documentation/source/packages) by extension 'python'
[0.535s] Level 1:colcon.colcon_core.package_identification:_identify(src/shutter-ros2/documentation/source/packages) by extensions ['python_setup_py']
[0.535s] Level 1:colcon.colcon_core.package_identification:_identify(src/shutter-ros2/documentation/source/packages) by extension 'python_setup_py'
[0.535s] Level 1:colcon.colcon_core.package_identification:_identify(src/shutter-ros2/install) by extensions ['ignore', 'ignore_ament_install']
[0.535s] Level 1:colcon.colcon_core.package_identification:_identify(src/shutter-ros2/install) by extension 'ignore'
[0.535s] Level 1:colcon.colcon_core.package_identification:_identify(src/shutter-ros2/install) ignored
[0.535s] Level 1:colcon.colcon_core.package_identification:_identify(src/shutter-ros2/log) by extensions ['ignore', 'ignore_ament_install']
[0.535s] Level 1:colcon.colcon_core.package_identification:_identify(src/shutter-ros2/log) by extension 'ignore'
[0.535s] Level 1:colcon.colcon_core.package_identification:_identify(src/shutter-ros2/log) ignored
[0.536s] Level 1:colcon.colcon_core.package_identification:_identify(src/shutter-ros2/modules) by extensions ['ignore', 'ignore_ament_install']
[0.536s] Level 1:colcon.colcon_core.package_identification:_identify(src/shutter-ros2/modules) by extension 'ignore'
[0.536s] Level 1:colcon.colcon_core.package_identification:_identify(src/shutter-ros2/modules) by extension 'ignore_ament_install'
[0.536s] Level 1:colcon.colcon_core.package_identification:_identify(src/shutter-ros2/modules) by extensions ['colcon_pkg']
[0.536s] Level 1:colcon.colcon_core.package_identification:_identify(src/shutter-ros2/modules) by extension 'colcon_pkg'
[0.536s] Level 1:colcon.colcon_core.package_identification:_identify(src/shutter-ros2/modules) by extensions ['colcon_meta']
[0.536s] Level 1:colcon.colcon_core.package_identification:_identify(src/shutter-ros2/modules) by extension 'colcon_meta'
[0.536s] Level 1:colcon.colcon_core.package_identification:_identify(src/shutter-ros2/modules) by extensions ['ros']
[0.536s] Level 1:colcon.colcon_core.package_identification:_identify(src/shutter-ros2/modules) by extension 'ros'
[0.536s] Level 1:colcon.colcon_core.package_identification:_identify(src/shutter-ros2/modules) by extensions ['cmake', 'python']
[0.536s] Level 1:colcon.colcon_core.package_identification:_identify(src/shutter-ros2/modules) by extension 'cmake'
[0.536s] Level 1:colcon.colcon_core.package_identification:_identify(src/shutter-ros2/modules) by extension 'python'
[0.536s] Level 1:colcon.colcon_core.package_identification:_identify(src/shutter-ros2/modules) by extensions ['python_setup_py']
[0.536s] Level 1:colcon.colcon_core.package_identification:_identify(src/shutter-ros2/modules) by extension 'python_setup_py'
[0.536s] Level 1:colcon.colcon_core.package_identification:_identify(src/shutter-ros2/modules/ROS-TCP-Endpoint) by extensions ['ignore', 'ignore_ament_install']
[0.537s] Level 1:colcon.colcon_core.package_identification:_identify(src/shutter-ros2/modules/ROS-TCP-Endpoint) by extension 'ignore'
[0.537s] Level 1:colcon.colcon_core.package_identification:_identify(src/shutter-ros2/modules/ROS-TCP-Endpoint) by extension 'ignore_ament_install'
[0.537s] Level 1:colcon.colcon_core.package_identification:_identify(src/shutter-ros2/modules/ROS-TCP-Endpoint) by extensions ['colcon_pkg']
[0.537s] Level 1:colcon.colcon_core.package_identification:_identify(src/shutter-ros2/modules/ROS-TCP-Endpoint) by extension 'colcon_pkg'
[0.537s] Level 1:colcon.colcon_core.package_identification:_identify(src/shutter-ros2/modules/ROS-TCP-Endpoint) by extensions ['colcon_meta']
[0.537s] Level 1:colcon.colcon_core.package_identification:_identify(src/shutter-ros2/modules/ROS-TCP-Endpoint) by extension 'colcon_meta'
[0.537s] Level 1:colcon.colcon_core.package_identification:_identify(src/shutter-ros2/modules/ROS-TCP-Endpoint) by extensions ['ros']
[0.537s] Level 1:colcon.colcon_core.package_identification:_identify(src/shutter-ros2/modules/ROS-TCP-Endpoint) by extension 'ros'
[0.540s] DEBUG:colcon.colcon_core.package_identification:Package 'src/shutter-ros2/modules/ROS-TCP-Endpoint' with type 'ros.ament_python' and name 'ros_tcp_endpoint'
[0.540s] Level 1:colcon.colcon_core.package_identification:_identify(src/shutter-ros2/shutter_bringup) by extensions ['ignore', 'ignore_ament_install']
[0.540s] Level 1:colcon.colcon_core.package_identification:_identify(src/shutter-ros2/shutter_bringup) by extension 'ignore'
[0.540s] Level 1:colcon.colcon_core.package_identification:_identify(src/shutter-ros2/shutter_bringup) by extension 'ignore_ament_install'
[0.540s] Level 1:colcon.colcon_core.package_identification:_identify(src/shutter-ros2/shutter_bringup) by extensions ['colcon_pkg']
[0.541s] Level 1:colcon.colcon_core.package_identification:_identify(src/shutter-ros2/shutter_bringup) by extension 'colcon_pkg'
[0.541s] Level 1:colcon.colcon_core.package_identification:_identify(src/shutter-ros2/shutter_bringup) by extensions ['colcon_meta']
[0.541s] Level 1:colcon.colcon_core.package_identification:_identify(src/shutter-ros2/shutter_bringup) by extension 'colcon_meta'
[0.541s] Level 1:colcon.colcon_core.package_identification:_identify(src/shutter-ros2/shutter_bringup) by extensions ['ros']
[0.541s] Level 1:colcon.colcon_core.package_identification:_identify(src/shutter-ros2/shutter_bringup) by extension 'ros'
[0.542s] DEBUG:colcon.colcon_core.package_identification:Package 'src/shutter-ros2/shutter_bringup' with type 'ros.ament_cmake' and name 'shutter_bringup'
[0.542s] Level 1:colcon.colcon_core.package_identification:_identify(src/shutter-ros2/shutter_description) by extensions ['ignore', 'ignore_ament_install']
[0.542s] Level 1:colcon.colcon_core.package_identification:_identify(src/shutter-ros2/shutter_description) by extension 'ignore'
[0.542s] Level 1:colcon.colcon_core.package_identification:_identify(src/shutter-ros2/shutter_description) by extension 'ignore_ament_install'
[0.542s] Level 1:colcon.colcon_core.package_identification:_identify(src/shutter-ros2/shutter_description) by extensions ['colcon_pkg']
[0.542s] Level 1:colcon.colcon_core.package_identification:_identify(src/shutter-ros2/shutter_description) by extension 'colcon_pkg'
[0.542s] Level 1:colcon.colcon_core.package_identification:_identify(src/shutter-ros2/shutter_description) by extensions ['colcon_meta']
[0.542s] Level 1:colcon.colcon_core.package_identification:_identify(src/shutter-ros2/shutter_description) by extension 'colcon_meta'
[0.542s] Level 1:colcon.colcon_core.package_identification:_identify(src/shutter-ros2/shutter_description) by extensions ['ros']
[0.542s] Level 1:colcon.colcon_core.package_identification:_identify(src/shutter-ros2/shutter_description) by extension 'ros'
[0.543s] DEBUG:colcon.colcon_core.package_identification:Package 'src/shutter-ros2/shutter_description' with type 'ros.ament_cmake' and name 'shutter_description'
[0.543s] Level 1:colcon.colcon_core.package_identification:_identify(src/shutter-ros2/shutter_face_ros) by extensions ['ignore', 'ignore_ament_install']
[0.543s] Level 1:colcon.colcon_core.package_identification:_identify(src/shutter-ros2/shutter_face_ros) by extension 'ignore'
[0.543s] Level 1:colcon.colcon_core.package_identification:_identify(src/shutter-ros2/shutter_face_ros) by extension 'ignore_ament_install'
[0.543s] Level 1:colcon.colcon_core.package_identification:_identify(src/shutter-ros2/shutter_face_ros) by extensions ['colcon_pkg']
[0.543s] Level 1:colcon.colcon_core.package_identification:_identify(src/shutter-ros2/shutter_face_ros) by extension 'colcon_pkg'
[0.543s] Level 1:colcon.colcon_core.package_identification:_identify(src/shutter-ros2/shutter_face_ros) by extensions ['colcon_meta']
[0.543s] Level 1:colcon.colcon_core.package_identification:_identify(src/shutter-ros2/shutter_face_ros) by extension 'colcon_meta'
[0.543s] Level 1:colcon.colcon_core.package_identification:_identify(src/shutter-ros2/shutter_face_ros) by extensions ['ros']
[0.543s] Level 1:colcon.colcon_core.package_identification:_identify(src/shutter-ros2/shutter_face_ros) by extension 'ros'
[0.544s] DEBUG:colcon.colcon_core.package_identification:Package 'src/shutter-ros2/shutter_face_ros' with type 'ros.ament_cmake' and name 'shutter_face_ros'
[0.544s] Level 1:colcon.colcon_core.package_identification:_identify(src/shutter-ros2/shutter_hardware_interface) by extensions ['ignore', 'ignore_ament_install']
[0.544s] Level 1:colcon.colcon_core.package_identification:_identify(src/shutter-ros2/shutter_hardware_interface) by extension 'ignore'
[0.544s] Level 1:colcon.colcon_core.package_identification:_identify(src/shutter-ros2/shutter_hardware_interface) by extension 'ignore_ament_install'
[0.544s] Level 1:colcon.colcon_core.package_identification:_identify(src/shutter-ros2/shutter_hardware_interface) by extensions ['colcon_pkg']
[0.544s] Level 1:colcon.colcon_core.package_identification:_identify(src/shutter-ros2/shutter_hardware_interface) by extension 'colcon_pkg'
[0.544s] Level 1:colcon.colcon_core.package_identification:_identify(src/shutter-ros2/shutter_hardware_interface) by extensions ['colcon_meta']
[0.544s] Level 1:colcon.colcon_core.package_identification:_identify(src/shutter-ros2/shutter_hardware_interface) by extension 'colcon_meta'
[0.544s] Level 1:colcon.colcon_core.package_identification:_identify(src/shutter-ros2/shutter_hardware_interface) by extensions ['ros']
[0.544s] Level 1:colcon.colcon_core.package_identification:_identify(src/shutter-ros2/shutter_hardware_interface) by extension 'ros'
[0.545s] DEBUG:colcon.colcon_core.package_identification:Package 'src/shutter-ros2/shutter_hardware_interface' with type 'ros.ament_cmake' and name 'shutter_hardware_interface'
[0.545s] Level 1:colcon.colcon_core.package_discovery:discover_packages(recursive) using defaults
[0.545s] Level 1:colcon.colcon_core.package_discovery:discover_packages(ignore) discover
[0.545s] Level 1:colcon.colcon_core.package_discovery:discover_packages(ignore) using defaults
[0.545s] Level 1:colcon.colcon_core.package_discovery:discover_packages(path) discover
[0.545s] Level 1:colcon.colcon_core.package_discovery:discover_packages(path) using defaults
[0.578s] Level 1:colcon.colcon_core.package_discovery:discover_packages(prefix_path) check parameters
[0.579s] Level 1:colcon.colcon_core.package_discovery:discover_packages(prefix_path) discover
[0.584s] DEBUG:colcon.colcon_installed_package_information.package_discovery:Found 5 installed packages in /home/hrs47/ros2_ws/install
[0.587s] DEBUG:colcon.colcon_installed_package_information.package_discovery:Found 366 installed packages in /opt/ros/jazzy
[0.589s] Level 1:colcon.colcon_core.package_discovery:discover_packages(prefix_path) using defaults
[0.643s] Level 5:colcon.colcon_core.verb:set package 'ros_tcp_endpoint' build argument 'cmake_args' from command line to '['-DCMAKE_BUILD_TYPE=Release']'
[0.643s] Level 5:colcon.colcon_core.verb:set package 'ros_tcp_endpoint' build argument 'cmake_target' from command line to 'None'
[0.643s] Level 5:colcon.colcon_core.verb:set package 'ros_tcp_endpoint' build argument 'cmake_target_skip_unavailable' from command line to 'False'
[0.643s] Level 5:colcon.colcon_core.verb:set package 'ros_tcp_endpoint' build argument 'cmake_clean_cache' from command line to 'False'
[0.643s] Level 5:colcon.colcon_core.verb:set package 'ros_tcp_endpoint' build argument 'cmake_clean_first' from command line to 'False'
[0.643s] Level 5:colcon.colcon_core.verb:set package 'ros_tcp_endpoint' build argument 'cmake_force_configure' from command line to 'False'
[0.643s] Level 5:colcon.colcon_core.verb:set package 'ros_tcp_endpoint' build argument 'ament_cmake_args' from command line to 'None'
[0.643s] Level 5:colcon.colcon_core.verb:set package 'ros_tcp_endpoint' build argument 'catkin_cmake_args' from command line to 'None'
[0.643s] Level 5:colcon.colcon_core.verb:set package 'ros_tcp_endpoint' build argument 'catkin_skip_building_tests' from command line to 'False'
[0.643s] DEBUG:colcon.colcon_core.verb:Building package 'ros_tcp_endpoint' with the following arguments: {'ament_cmake_args': None, 'build_base': '/home/hrs47/ros2_ws/build/ros_tcp_endpoint', 'catkin_cmake_args': None, 'catkin_skip_building_tests': False, 'cmake_args': ['-DCMAKE_BUILD_TYPE=Release'], 'cmake_clean_cache': False, 'cmake_clean_first': False, 'cmake_force_configure': False, 'cmake_target': None, 'cmake_target_skip_unavailable': False, 'install_base': '/home/hrs47/ros2_ws/install/ros_tcp_endpoint', 'merge_install': False, 'path': '/home/hrs47/ros2_ws/src/shutter-ros2/modules/ROS-TCP-Endpoint', 'symlink_install': False, 'test_result_base': None}
[0.643s] Level 5:colcon.colcon_core.verb:set package 'shutter_description' build argument 'cmake_args' from command line to '['-DCMAKE_BUILD_TYPE=Release']'
[0.643s] Level 5:colcon.colcon_core.verb:set package 'shutter_description' build argument 'cmake_target' from command line to 'None'
[0.643s] Level 5:colcon.colcon_core.verb:set package 'shutter_description' build argument 'cmake_target_skip_unavailable' from command line to 'False'
[0.643s] Level 5:colcon.colcon_core.verb:set package 'shutter_description' build argument 'cmake_clean_cache' from command line to 'False'
[0.643s] Level 5:colcon.colcon_core.verb:set package 'shutter_description' build argument 'cmake_clean_first' from command line to 'False'
[0.643s] Level 5:colcon.colcon_core.verb:set package 'shutter_description' build argument 'cmake_force_configure' from command line to 'False'
[0.643s] Level 5:colcon.colcon_core.verb:set package 'shutter_description' build argument 'ament_cmake_args' from command line to 'None'
[0.643s] Level 5:colcon.colcon_core.verb:set package 'shutter_description' build argument 'catkin_cmake_args' from command line to 'None'
[0.643s] Level 5:colcon.colcon_core.verb:set package 'shutter_description' build argument 'catkin_skip_building_tests' from command line to 'False'
[0.643s] DEBUG:colcon.colcon_core.verb:Building package 'shutter_description' with the following arguments: {'ament_cmake_args': None, 'build_base': '/home/hrs47/ros2_ws/build/shutter_description', 'catkin_cmake_args': None, 'catkin_skip_building_tests': False, 'cmake_args': ['-DCMAKE_BUILD_TYPE=Release'], 'cmake_clean_cache': False, 'cmake_clean_first': False, 'cmake_force_configure': False, 'cmake_target': None, 'cmake_target_skip_unavailable': False, 'install_base': '/home/hrs47/ros2_ws/install/shutter_description', 'merge_install': False, 'path': '/home/hrs47/ros2_ws/src/shutter-ros2/shutter_description', 'symlink_install': False, 'test_result_base': None}
[0.643s] Level 5:colcon.colcon_core.verb:set package 'shutter_face_ros' build argument 'cmake_args' from command line to '['-DCMAKE_BUILD_TYPE=Release']'
[0.643s] Level 5:colcon.colcon_core.verb:set package 'shutter_face_ros' build argument 'cmake_target' from command line to 'None'
[0.644s] Level 5:colcon.colcon_core.verb:set package 'shutter_face_ros' build argument 'cmake_target_skip_unavailable' from command line to 'False'
[0.644s] Level 5:colcon.colcon_core.verb:set package 'shutter_face_ros' build argument 'cmake_clean_cache' from command line to 'False'
[0.644s] Level 5:colcon.colcon_core.verb:set package 'shutter_face_ros' build argument 'cmake_clean_first' from command line to 'False'
[0.644s] Level 5:colcon.colcon_core.verb:set package 'shutter_face_ros' build argument 'cmake_force_configure' from command line to 'False'
[0.644s] Level 5:colcon.colcon_core.verb:set package 'shutter_face_ros' build argument 'ament_cmake_args' from command line to 'None'
[0.644s] Level 5:colcon.colcon_core.verb:set package 'shutter_face_ros' build argument 'catkin_cmake_args' from command line to 'None'
[0.644s] Level 5:colcon.colcon_core.verb:set package 'shutter_face_ros' build argument 'catkin_skip_building_tests' from command line to 'False'
[0.644s] DEBUG:colcon.colcon_core.verb:Building package 'shutter_face_ros' with the following arguments: {'ament_cmake_args': None, 'build_base': '/home/hrs47/ros2_ws/build/shutter_face_ros', 'catkin_cmake_args': None, 'catkin_skip_building_tests': False, 'cmake_args': ['-DCMAKE_BUILD_TYPE=Release'], 'cmake_clean_cache': False, 'cmake_clean_first': False, 'cmake_force_configure': False, 'cmake_target': None, 'cmake_target_skip_unavailable': False, 'install_base': '/home/hrs47/ros2_ws/install/shutter_face_ros', 'merge_install': False, 'path': '/home/hrs47/ros2_ws/src/shutter-ros2/shutter_face_ros', 'symlink_install': False, 'test_result_base': None}
[0.644s] Level 5:colcon.colcon_core.verb:set package 'shutter_hardware_interface' build argument 'cmake_args' from command line to '['-DCMAKE_BUILD_TYPE=Release']'
[0.644s] Level 5:colcon.colcon_core.verb:set package 'shutter_hardware_interface' build argument 'cmake_target' from command line to 'None'
[0.644s] Level 5:colcon.colcon_core.verb:set package 'shutter_hardware_interface' build argument 'cmake_target_skip_unavailable' from command line to 'False'
[0.644s] Level 5:colcon.colcon_core.verb:set package 'shutter_hardware_interface' build argument 'cmake_clean_cache' from command line to 'False'
[0.644s] Level 5:colcon.colcon_core.verb:set package 'shutter_hardware_interface' build argument 'cmake_clean_first' from command line to 'False'
[0.644s] Level 5:colcon.colcon_core.verb:set package 'shutter_hardware_interface' build argument 'cmake_force_configure' from command line to 'False'
[0.644s] Level 5:colcon.colcon_core.verb:set package 'shutter_hardware_interface' build argument 'ament_cmake_args' from command line to 'None'
[0.644s] Level 5:colcon.colcon_core.verb:set package 'shutter_hardware_interface' build argument 'catkin_cmake_args' from command line to 'None'
[0.644s] Level 5:colcon.colcon_core.verb:set package 'shutter_hardware_interface' build argument 'catkin_skip_building_tests' from command line to 'False'
[0.644s] DEBUG:colcon.colcon_core.verb:Building package 'shutter_hardware_interface' with the following arguments: {'ament_cmake_args': None, 'build_base': '/home/hrs47/ros2_ws/build/shutter_hardware_interface', 'catkin_cmake_args': None, 'catkin_skip_building_tests': False, 'cmake_args': ['-DCMAKE_BUILD_TYPE=Release'], 'cmake_clean_cache': False, 'cmake_clean_first': False, 'cmake_force_configure': False, 'cmake_target': None, 'cmake_target_skip_unavailable': False, 'install_base': '/home/hrs47/ros2_ws/install/shutter_hardware_interface', 'merge_install': False, 'path': '/home/hrs47/ros2_ws/src/shutter-ros2/shutter_hardware_interface', 'symlink_install': False, 'test_result_base': None}
[0.644s] Level 5:colcon.colcon_core.verb:set package 'shutter_bringup' build argument 'cmake_args' from command line to '['-DCMAKE_BUILD_TYPE=Release']'
[0.644s] Level 5:colcon.colcon_core.verb:set package 'shutter_bringup' build argument 'cmake_target' from command line to 'None'
[0.644s] Level 5:colcon.colcon_core.verb:set package 'shutter_bringup' build argument 'cmake_target_skip_unavailable' from command line to 'False'
[0.644s] Level 5:colcon.colcon_core.verb:set package 'shutter_bringup' build argument 'cmake_clean_cache' from command line to 'False'
[0.644s] Level 5:colcon.colcon_core.verb:set package 'shutter_bringup' build argument 'cmake_clean_first' from command line to 'False'
[0.644s] Level 5:colcon.colcon_core.verb:set package 'shutter_bringup' build argument 'cmake_force_configure' from command line to 'False'
[0.644s] Level 5:colcon.colcon_core.verb:set package 'shutter_bringup' build argument 'ament_cmake_args' from command line to 'None'
[0.644s] Level 5:colcon.colcon_core.verb:set package 'shutter_bringup' build argument 'catkin_cmake_args' from command line to 'None'
[0.644s] Level 5:colcon.colcon_core.verb:set package 'shutter_bringup' build argument 'catkin_skip_building_tests' from command line to 'False'
[0.644s] DEBUG:colcon.colcon_core.verb:Building package 'shutter_bringup' with the following arguments: {'ament_cmake_args': None, 'build_base': '/home/hrs47/ros2_ws/build/shutter_bringup', 'catkin_cmake_args': None, 'catkin_skip_building_tests': False, 'cmake_args': ['-DCMAKE_BUILD_TYPE=Release'], 'cmake_clean_cache': False, 'cmake_clean_first': False, 'cmake_force_configure': False, 'cmake_target': None, 'cmake_target_skip_unavailable': False, 'install_base': '/home/hrs47/ros2_ws/install/shutter_bringup', 'merge_install': False, 'path': '/home/hrs47/ros2_ws/src/shutter-ros2/shutter_bringup', 'symlink_install': False, 'test_result_base': None}
[0.644s] INFO:colcon.colcon_core.executor:Executing jobs using 'parallel' executor
[0.645s] DEBUG:colcon.colcon_parallel_executor.executor.parallel:run_until_complete
[0.645s] INFO:colcon.colcon_ros.task.ament_python.build:Building ROS package in '/home/hrs47/ros2_ws/src/shutter-ros2/modules/ROS-TCP-Endpoint' with build type 'ament_python'
[0.645s] Level 1:colcon.colcon_core.shell:create_environment_hook('ros_tcp_endpoint', 'ament_prefix_path')
[0.651s] INFO:colcon.colcon_core.plugin_system:Skipping extension 'colcon_core.shell.bat': Not used on non-Windows systems
[0.651s] INFO:colcon.colcon_core.shell:Creating environment hook '/home/hrs47/ros2_ws/install/ros_tcp_endpoint/share/ros_tcp_endpoint/hook/ament_prefix_path.ps1'
[0.652s] INFO:colcon.colcon_core.shell:Creating environment descriptor '/home/hrs47/ros2_ws/install/ros_tcp_endpoint/share/ros_tcp_endpoint/hook/ament_prefix_path.dsv'
[0.653s] INFO:colcon.colcon_core.shell:Creating environment hook '/home/hrs47/ros2_ws/install/ros_tcp_endpoint/share/ros_tcp_endpoint/hook/ament_prefix_path.sh'
[0.654s] INFO:colcon.colcon_core.shell:Skip shell extension 'powershell' for command environment: Not usable outside of PowerShell
[0.654s] DEBUG:colcon.colcon_core.shell:Skip shell extension 'dsv' for command environment
[0.658s] INFO:colcon.colcon_ros.task.ament_cmake.build:Building ROS package in '/home/hrs47/ros2_ws/src/shutter-ros2/shutter_description' with build type 'ament_cmake'
[0.658s] INFO:colcon.colcon_cmake.task.cmake.build:Building CMake package in '/home/hrs47/ros2_ws/src/shutter-ros2/shutter_description'
[0.658s] INFO:colcon.colcon_core.shell:Skip shell extension 'powershell' for command environment: Not usable outside of PowerShell
[0.659s] DEBUG:colcon.colcon_core.shell:Skip shell extension 'dsv' for command environment
[0.662s] INFO:colcon.colcon_ros.task.ament_cmake.build:Building ROS package in '/home/hrs47/ros2_ws/src/shutter-ros2/shutter_face_ros' with build type 'ament_cmake'
[0.662s] INFO:colcon.colcon_cmake.task.cmake.build:Building CMake package in '/home/hrs47/ros2_ws/src/shutter-ros2/shutter_face_ros'
[0.662s] INFO:colcon.colcon_core.shell:Skip shell extension 'powershell' for command environment: Not usable outside of PowerShell
[0.662s] DEBUG:colcon.colcon_core.shell:Skip shell extension 'dsv' for command environment
[0.666s] INFO:colcon.colcon_ros.task.ament_cmake.build:Building ROS package in '/home/hrs47/ros2_ws/src/shutter-ros2/shutter_hardware_interface' with build type 'ament_cmake'
[0.666s] INFO:colcon.colcon_cmake.task.cmake.build:Building CMake package in '/home/hrs47/ros2_ws/src/shutter-ros2/shutter_hardware_interface'
[0.666s] INFO:colcon.colcon_core.shell:Skip shell extension 'powershell' for command environment: Not usable outside of PowerShell
[0.666s] DEBUG:colcon.colcon_core.shell:Skip shell extension 'dsv' for command environment
[0.874s] INFO:colcon.colcon_core.task.python.build:Building Python package in '/home/hrs47/ros2_ws/src/shutter-ros2/modules/ROS-TCP-Endpoint'
[0.874s] INFO:colcon.colcon_core.shell:Skip shell extension 'powershell' for command environment: Not usable outside of PowerShell
[0.874s] DEBUG:colcon.colcon_core.shell:Skip shell extension 'dsv' for command environment
[0.881s] DEBUG:colcon.colcon_core.event_handler.log_command:Invoking command in '/home/hrs47/ros2_ws/build/shutter_description': CMAKE_PREFIX_PATH=${CMAKE_PREFIX_PATH}:/home/hrs47/ros2_ws/install/ros_tcp_endpoint:/opt/ros/jazzy DEBUGINFOD_URLS=https://debuginfod.ubuntu.com PS1=(.venv) \[\e]0;\u@\h: \w\a\]${debian_chroot:+($debian_chroot)}\[\033[01;32m\]\u@\h\[\033[00m\]:\[\033[01;34m\]\w\[\033[00m\]\$ VIRTUAL_ENV_PROMPT=(.venv) /usr/bin/cmake --build /home/hrs47/ros2_ws/build/shutter_description -- -j12 -l12
[0.886s] DEBUG:colcon.colcon_core.event_handler.log_command:Invoking command in '/home/hrs47/ros2_ws/build/shutter_face_ros': CMAKE_PREFIX_PATH=${CMAKE_PREFIX_PATH}:/home/hrs47/ros2_ws/install/ros_tcp_endpoint:/opt/ros/jazzy DEBUGINFOD_URLS=https://debuginfod.ubuntu.com PS1=(.venv) \[\e]0;\u@\h: \w\a\]${debian_chroot:+($debian_chroot)}\[\033[01;32m\]\u@\h\[\033[00m\]:\[\033[01;34m\]\w\[\033[00m\]\$ VIRTUAL_ENV_PROMPT=(.venv) /usr/bin/cmake --build /home/hrs47/ros2_ws/build/shutter_face_ros -- -j12 -l12
[0.890s] DEBUG:colcon.colcon_core.event_handler.log_command:Invoking command in '/home/hrs47/ros2_ws/build/shutter_hardware_interface': CMAKE_PREFIX_PATH=${CMAKE_PREFIX_PATH}:/home/hrs47/ros2_ws/install/ros_tcp_endpoint:/opt/ros/jazzy DEBUGINFOD_URLS=https://debuginfod.ubuntu.com PS1=(.venv) \[\e]0;\u@\h: \w\a\]${debian_chroot:+($debian_chroot)}\[\033[01;32m\]\u@\h\[\033[00m\]:\[\033[01;34m\]\w\[\033[00m\]\$ VIRTUAL_ENV_PROMPT=(.venv) /usr/bin/cmake --build /home/hrs47/ros2_ws/build/shutter_hardware_interface -- -j12 -l12
[1.019s] DEBUG:colcon.colcon_core.event_handler.log_command:Invoked command in '/home/hrs47/ros2_ws/build/shutter_description' returned '0': CMAKE_PREFIX_PATH=${CMAKE_PREFIX_PATH}:/home/hrs47/ros2_ws/install/ros_tcp_endpoint:/opt/ros/jazzy DEBUGINFOD_URLS=https://debuginfod.ubuntu.com PS1=(.venv) \[\e]0;\u@\h: \w\a\]${debian_chroot:+($debian_chroot)}\[\033[01;32m\]\u@\h\[\033[00m\]:\[\033[01;34m\]\w\[\033[00m\]\$ VIRTUAL_ENV_PROMPT=(.venv) /usr/bin/cmake --build /home/hrs47/ros2_ws/build/shutter_description -- -j12 -l12
[1.036s] DEBUG:colcon.colcon_core.event_handler.log_command:Invoking command in '/home/hrs47/ros2_ws/build/shutter_description': CMAKE_PREFIX_PATH=${CMAKE_PREFIX_PATH}:/home/hrs47/ros2_ws/install/ros_tcp_endpoint:/opt/ros/jazzy DEBUGINFOD_URLS=https://debuginfod.ubuntu.com PS1=(.venv) \[\e]0;\u@\h: \w\a\]${debian_chroot:+($debian_chroot)}\[\033[01;32m\]\u@\h\[\033[00m\]:\[\033[01;34m\]\w\[\033[00m\]\$ VIRTUAL_ENV_PROMPT=(.venv) /usr/bin/cmake --install /home/hrs47/ros2_ws/build/shutter_description
[1.053s] Level 1:colcon.colcon_core.environment:create_environment_scripts_only(shutter_description)
[1.056s] DEBUG:colcon.colcon_core.event_handler.log_command:Invoked command in '/home/hrs47/ros2_ws/build/shutter_description' returned '0': CMAKE_PREFIX_PATH=${CMAKE_PREFIX_PATH}:/home/hrs47/ros2_ws/install/ros_tcp_endpoint:/opt/ros/jazzy DEBUGINFOD_URLS=https://debuginfod.ubuntu.com PS1=(.venv) \[\e]0;\u@\h: \w\a\]${debian_chroot:+($debian_chroot)}\[\033[01;32m\]\u@\h\[\033[00m\]:\[\033[01;34m\]\w\[\033[00m\]\$ VIRTUAL_ENV_PROMPT=(.venv) /usr/bin/cmake --install /home/hrs47/ros2_ws/build/shutter_description
[1.062s] Level 1:colcon.colcon_core.environment:checking '/home/hrs47/ros2_ws/install/shutter_description' for CMake module files
[1.062s] Level 1:colcon.colcon_core.environment:checking '/home/hrs47/ros2_ws/install/shutter_description' for CMake config files
[1.063s] Level 1:colcon.colcon_core.shell:create_environment_hook('shutter_description', 'cmake_prefix_path')
[1.063s] INFO:colcon.colcon_core.shell:Creating environment hook '/home/hrs47/ros2_ws/install/shutter_description/share/shutter_description/hook/cmake_prefix_path.ps1'
[1.064s] INFO:colcon.colcon_core.shell:Creating environment descriptor '/home/hrs47/ros2_ws/install/shutter_description/share/shutter_description/hook/cmake_prefix_path.dsv'
[1.064s] INFO:colcon.colcon_core.shell:Creating environment hook '/home/hrs47/ros2_ws/install/shutter_description/share/shutter_description/hook/cmake_prefix_path.sh'
[1.065s] Level 1:colcon.colcon_core.environment:checking '/home/hrs47/ros2_ws/install/shutter_description/lib'
[1.065s] Level 1:colcon.colcon_core.environment:checking '/home/hrs47/ros2_ws/install/shutter_description/bin'
[1.065s] Level 1:colcon.colcon_core.environment:checking '/home/hrs47/ros2_ws/install/shutter_description/lib/pkgconfig/shutter_description.pc'
[1.065s] Level 1:colcon.colcon_core.environment:checking '/home/hrs47/ros2_ws/install/shutter_description/lib/python3.12/site-packages'
[1.065s] Level 1:colcon.colcon_core.environment:checking '/home/hrs47/ros2_ws/install/shutter_description/bin'
[1.066s] INFO:colcon.colcon_core.shell:Creating package script '/home/hrs47/ros2_ws/install/shutter_description/share/shutter_description/package.ps1'
[1.066s] INFO:colcon.colcon_core.shell:Creating package descriptor '/home/hrs47/ros2_ws/install/shutter_description/share/shutter_description/package.dsv'
[1.071s] INFO:colcon.colcon_core.shell:Creating package script '/home/hrs47/ros2_ws/install/shutter_description/share/shutter_description/package.sh'
[1.072s] INFO:colcon.colcon_core.shell:Creating package script '/home/hrs47/ros2_ws/install/shutter_description/share/shutter_description/package.bash'
[1.073s] INFO:colcon.colcon_core.shell:Creating package script '/home/hrs47/ros2_ws/install/shutter_description/share/shutter_description/package.zsh'
[1.081s] Level 1:colcon.colcon_core.environment:create_file_with_runtime_dependencies(/home/hrs47/ros2_ws/install/shutter_description/share/colcon-core/packages/shutter_description)
[1.081s] Level 1:colcon.colcon_core.environment:create_environment_scripts_only(shutter_description)
[1.081s] Level 1:colcon.colcon_core.environment:checking '/home/hrs47/ros2_ws/install/shutter_description' for CMake module files
[1.082s] Level 1:colcon.colcon_core.environment:checking '/home/hrs47/ros2_ws/install/shutter_description' for CMake config files
[1.082s] Level 1:colcon.colcon_core.shell:create_environment_hook('shutter_description', 'cmake_prefix_path')
[1.082s] INFO:colcon.colcon_core.shell:Creating environment hook '/home/hrs47/ros2_ws/install/shutter_description/share/shutter_description/hook/cmake_prefix_path.ps1'
[1.083s] INFO:colcon.colcon_core.shell:Creating environment descriptor '/home/hrs47/ros2_ws/install/shutter_description/share/shutter_description/hook/cmake_prefix_path.dsv'
[1.083s] INFO:colcon.colcon_core.shell:Creating environment hook '/home/hrs47/ros2_ws/install/shutter_description/share/shutter_description/hook/cmake_prefix_path.sh'
[1.084s] Level 1:colcon.colcon_core.environment:checking '/home/hrs47/ros2_ws/install/shutter_description/lib'
[1.084s] Level 1:colcon.colcon_core.environment:checking '/home/hrs47/ros2_ws/install/shutter_description/bin'
[1.084s] Level 1:colcon.colcon_core.environment:checking '/home/hrs47/ros2_ws/install/shutter_description/lib/pkgconfig/shutter_description.pc'
[1.085s] Level 1:colcon.colcon_core.environment:checking '/home/hrs47/ros2_ws/install/shutter_description/lib/python3.12/site-packages'
[1.085s] Level 1:colcon.colcon_core.environment:checking '/home/hrs47/ros2_ws/install/shutter_description/bin'
[1.086s] INFO:colcon.colcon_core.shell:Creating package script '/home/hrs47/ros2_ws/install/shutter_description/share/shutter_description/package.ps1'
[1.087s] INFO:colcon.colcon_core.shell:Creating package descriptor '/home/hrs47/ros2_ws/install/shutter_description/share/shutter_description/package.dsv'
[1.088s] INFO:colcon.colcon_core.shell:Creating package script '/home/hrs47/ros2_ws/install/shutter_description/share/shutter_description/package.sh'
[1.088s] INFO:colcon.colcon_core.shell:Creating package script '/home/hrs47/ros2_ws/install/shutter_description/share/shutter_description/package.bash'
[1.089s] INFO:colcon.colcon_core.shell:Creating package script '/home/hrs47/ros2_ws/install/shutter_description/share/shutter_description/package.zsh'
[1.089s] Level 1:colcon.colcon_core.environment:create_file_with_runtime_dependencies(/home/hrs47/ros2_ws/install/shutter_description/share/colcon-core/packages/shutter_description)
[1.144s] DEBUG:colcon.colcon_core.event_handler.log_command:Invoked command in '/home/hrs47/ros2_ws/build/shutter_hardware_interface' returned '0': CMAKE_PREFIX_PATH=${CMAKE_PREFIX_PATH}:/home/hrs47/ros2_ws/install/ros_tcp_endpoint:/opt/ros/jazzy DEBUGINFOD_URLS=https://debuginfod.ubuntu.com PS1=(.venv) \[\e]0;\u@\h: \w\a\]${debian_chroot:+($debian_chroot)}\[\033[01;32m\]\u@\h\[\033[00m\]:\[\033[01;34m\]\w\[\033[00m\]\$ VIRTUAL_ENV_PROMPT=(.venv) /usr/bin/cmake --build /home/hrs47/ros2_ws/build/shutter_hardware_interface -- -j12 -l12
[1.146s] DEBUG:colcon.colcon_core.event_handler.log_command:Invoking command in '/home/hrs47/ros2_ws/build/shutter_hardware_interface': CMAKE_PREFIX_PATH=${CMAKE_PREFIX_PATH}:/home/hrs47/ros2_ws/install/ros_tcp_endpoint:/opt/ros/jazzy DEBUGINFOD_URLS=https://debuginfod.ubuntu.com PS1=(.venv) \[\e]0;\u@\h: \w\a\]${debian_chroot:+($debian_chroot)}\[\033[01;32m\]\u@\h\[\033[00m\]:\[\033[01;34m\]\w\[\033[00m\]\$ VIRTUAL_ENV_PROMPT=(.venv) /usr/bin/cmake --install /home/hrs47/ros2_ws/build/shutter_hardware_interface
[1.160s] Level 1:colcon.colcon_core.environment:create_environment_scripts_only(shutter_hardware_interface)
[1.160s] DEBUG:colcon.colcon_core.event_handler.log_command:Invoked command in '/home/hrs47/ros2_ws/build/shutter_hardware_interface' returned '0': CMAKE_PREFIX_PATH=${CMAKE_PREFIX_PATH}:/home/hrs47/ros2_ws/install/ros_tcp_endpoint:/opt/ros/jazzy DEBUGINFOD_URLS=https://debuginfod.ubuntu.com PS1=(.venv) \[\e]0;\u@\h: \w\a\]${debian_chroot:+($debian_chroot)}\[\033[01;32m\]\u@\h\[\033[00m\]:\[\033[01;34m\]\w\[\033[00m\]\$ VIRTUAL_ENV_PROMPT=(.venv) /usr/bin/cmake --install /home/hrs47/ros2_ws/build/shutter_hardware_interface
[1.160s] Level 1:colcon.colcon_core.environment:checking '/home/hrs47/ros2_ws/install/shutter_hardware_interface' for CMake module files
[1.161s] Level 1:colcon.colcon_core.environment:checking '/home/hrs47/ros2_ws/install/shutter_hardware_interface' for CMake config files
[1.162s] Level 1:colcon.colcon_core.shell:create_environment_hook('shutter_hardware_interface', 'cmake_prefix_path')
[1.163s] INFO:colcon.colcon_core.shell:Creating environment hook '/home/hrs47/ros2_ws/install/shutter_hardware_interface/share/shutter_hardware_interface/hook/cmake_prefix_path.ps1'
[1.163s] INFO:colcon.colcon_core.shell:Creating environment descriptor '/home/hrs47/ros2_ws/install/shutter_hardware_interface/share/shutter_hardware_interface/hook/cmake_prefix_path.dsv'
[1.164s] INFO:colcon.colcon_core.shell:Creating environment hook '/home/hrs47/ros2_ws/install/shutter_hardware_interface/share/shutter_hardware_interface/hook/cmake_prefix_path.sh'
[1.164s] Level 1:colcon.colcon_core.environment:checking '/home/hrs47/ros2_ws/install/shutter_hardware_interface/lib'
[1.164s] Level 1:colcon.colcon_core.shell:create_environment_hook('shutter_hardware_interface', 'ld_library_path_lib')
[1.165s] INFO:colcon.colcon_core.shell:Creating environment hook '/home/hrs47/ros2_ws/install/shutter_hardware_interface/share/shutter_hardware_interface/hook/ld_library_path_lib.ps1'
[1.165s] INFO:colcon.colcon_core.shell:Creating environment descriptor '/home/hrs47/ros2_ws/install/shutter_hardware_interface/share/shutter_hardware_interface/hook/ld_library_path_lib.dsv'
[1.165s] INFO:colcon.colcon_core.shell:Creating environment hook '/home/hrs47/ros2_ws/install/shutter_hardware_interface/share/shutter_hardware_interface/hook/ld_library_path_lib.sh'
[1.166s] Level 1:colcon.colcon_core.environment:checking '/home/hrs47/ros2_ws/install/shutter_hardware_interface/bin'
[1.166s] Level 1:colcon.colcon_core.environment:checking '/home/hrs47/ros2_ws/install/shutter_hardware_interface/lib/pkgconfig/shutter_hardware_interface.pc'
[1.166s] Level 1:colcon.colcon_core.environment:checking '/home/hrs47/ros2_ws/install/shutter_hardware_interface/lib/python3.12/site-packages'
[1.167s] Level 1:colcon.colcon_core.environment:checking '/home/hrs47/ros2_ws/install/shutter_hardware_interface/bin'
[1.167s] INFO:colcon.colcon_core.shell:Creating package script '/home/hrs47/ros2_ws/install/shutter_hardware_interface/share/shutter_hardware_interface/package.ps1'
[1.168s] INFO:colcon.colcon_core.shell:Creating package descriptor '/home/hrs47/ros2_ws/install/shutter_hardware_interface/share/shutter_hardware_interface/package.dsv'
[1.168s] INFO:colcon.colcon_core.shell:Creating package script '/home/hrs47/ros2_ws/install/shutter_hardware_interface/share/shutter_hardware_interface/package.sh'
[1.169s] INFO:colcon.colcon_core.shell:Creating package script '/home/hrs47/ros2_ws/install/shutter_hardware_interface/share/shutter_hardware_interface/package.bash'
[1.169s] INFO:colcon.colcon_core.shell:Creating package script '/home/hrs47/ros2_ws/install/shutter_hardware_interface/share/shutter_hardware_interface/package.zsh'
[1.170s] Level 1:colcon.colcon_core.environment:create_file_with_runtime_dependencies(/home/hrs47/ros2_ws/install/shutter_hardware_interface/share/colcon-core/packages/shutter_hardware_interface)
[1.170s] Level 1:colcon.colcon_core.environment:create_environment_scripts_only(shutter_hardware_interface)
[1.171s] Level 1:colcon.colcon_core.environment:checking '/home/hrs47/ros2_ws/install/shutter_hardware_interface' for CMake module files
[1.171s] Level 1:colcon.colcon_core.environment:checking '/home/hrs47/ros2_ws/install/shutter_hardware_interface' for CMake config files
[1.172s] Level 1:colcon.colcon_core.shell:create_environment_hook('shutter_hardware_interface', 'cmake_prefix_path')
[1.172s] INFO:colcon.colcon_core.shell:Creating environment hook '/home/hrs47/ros2_ws/install/shutter_hardware_interface/share/shutter_hardware_interface/hook/cmake_prefix_path.ps1'
[1.172s] INFO:colcon.colcon_core.shell:Creating environment descriptor '/home/hrs47/ros2_ws/install/shutter_hardware_interface/share/shutter_hardware_interface/hook/cmake_prefix_path.dsv'
[1.172s] INFO:colcon.colcon_core.shell:Creating environment hook '/home/hrs47/ros2_ws/install/shutter_hardware_interface/share/shutter_hardware_interface/hook/cmake_prefix_path.sh'
[1.173s] Level 1:colcon.colcon_core.environment:checking '/home/hrs47/ros2_ws/install/shutter_hardware_interface/lib'
[1.173s] Level 1:colcon.colcon_core.shell:create_environment_hook('shutter_hardware_interface', 'ld_library_path_lib')
[1.173s] INFO:colcon.colcon_core.shell:Creating environment hook '/home/hrs47/ros2_ws/install/shutter_hardware_interface/share/shutter_hardware_interface/hook/ld_library_path_lib.ps1'
[1.173s] INFO:colcon.colcon_core.shell:Creating environment descriptor '/home/hrs47/ros2_ws/install/shutter_hardware_interface/share/shutter_hardware_interface/hook/ld_library_path_lib.dsv'
[1.174s] INFO:colcon.colcon_core.shell:Creating environment hook '/home/hrs47/ros2_ws/install/shutter_hardware_interface/share/shutter_hardware_interface/hook/ld_library_path_lib.sh'
[1.174s] Level 1:colcon.colcon_core.environment:checking '/home/hrs47/ros2_ws/install/shutter_hardware_interface/bin'
[1.174s] Level 1:colcon.colcon_core.environment:checking '/home/hrs47/ros2_ws/install/shutter_hardware_interface/lib/pkgconfig/shutter_hardware_interface.pc'
[1.174s] Level 1:colcon.colcon_core.environment:checking '/home/hrs47/ros2_ws/install/shutter_hardware_interface/lib/python3.12/site-packages'
[1.174s] Level 1:colcon.colcon_core.environment:checking '/home/hrs47/ros2_ws/install/shutter_hardware_interface/bin'
[1.175s] INFO:colcon.colcon_core.shell:Creating package script '/home/hrs47/ros2_ws/install/shutter_hardware_interface/share/shutter_hardware_interface/package.ps1'
[1.175s] INFO:colcon.colcon_core.shell:Creating package descriptor '/home/hrs47/ros2_ws/install/shutter_hardware_interface/share/shutter_hardware_interface/package.dsv'
[1.175s] INFO:colcon.colcon_core.shell:Creating package script '/home/hrs47/ros2_ws/install/shutter_hardware_interface/share/shutter_hardware_interface/package.sh'
[1.176s] INFO:colcon.colcon_core.shell:Creating package script '/home/hrs47/ros2_ws/install/shutter_hardware_interface/share/shutter_hardware_interface/package.bash'
[1.176s] INFO:colcon.colcon_core.shell:Creating package script '/home/hrs47/ros2_ws/install/shutter_hardware_interface/share/shutter_hardware_interface/package.zsh'
[1.176s] Level 1:colcon.colcon_core.environment:create_file_with_runtime_dependencies(/home/hrs47/ros2_ws/install/shutter_hardware_interface/share/colcon-core/packages/shutter_hardware_interface)
[1.452s] DEBUG:colcon.colcon_core.event_handler.log_command:Invoked command in '/home/hrs47/ros2_ws/build/shutter_face_ros' returned '0': CMAKE_PREFIX_PATH=${CMAKE_PREFIX_PATH}:/home/hrs47/ros2_ws/install/ros_tcp_endpoint:/opt/ros/jazzy DEBUGINFOD_URLS=https://debuginfod.ubuntu.com PS1=(.venv) \[\e]0;\u@\h: \w\a\]${debian_chroot:+($debian_chroot)}\[\033[01;32m\]\u@\h\[\033[00m\]:\[\033[01;34m\]\w\[\033[00m\]\$ VIRTUAL_ENV_PROMPT=(.venv) /usr/bin/cmake --build /home/hrs47/ros2_ws/build/shutter_face_ros -- -j12 -l12
[1.454s] DEBUG:colcon.colcon_core.event_handler.log_command:Invoking command in '/home/hrs47/ros2_ws/build/shutter_face_ros': CMAKE_PREFIX_PATH=${CMAKE_PREFIX_PATH}:/home/hrs47/ros2_ws/install/ros_tcp_endpoint:/opt/ros/jazzy DEBUGINFOD_URLS=https://debuginfod.ubuntu.com PS1=(.venv) \[\e]0;\u@\h: \w\a\]${debian_chroot:+($debian_chroot)}\[\033[01;32m\]\u@\h\[\033[00m\]:\[\033[01;34m\]\w\[\033[00m\]\$ VIRTUAL_ENV_PROMPT=(.venv) /usr/bin/cmake --install /home/hrs47/ros2_ws/build/shutter_face_ros
[1.521s] Level 1:colcon.colcon_core.environment:create_environment_scripts_only(shutter_face_ros)
[1.521s] Level 1:colcon.colcon_core.environment:checking '/home/hrs47/ros2_ws/install/shutter_face_ros' for CMake module files
[1.522s] DEBUG:colcon.colcon_core.event_handler.log_command:Invoked command in '/home/hrs47/ros2_ws/build/shutter_face_ros' returned '0': CMAKE_PREFIX_PATH=${CMAKE_PREFIX_PATH}:/home/hrs47/ros2_ws/install/ros_tcp_endpoint:/opt/ros/jazzy DEBUGINFOD_URLS=https://debuginfod.ubuntu.com PS1=(.venv) \[\e]0;\u@\h: \w\a\]${debian_chroot:+($debian_chroot)}\[\033[01;32m\]\u@\h\[\033[00m\]:\[\033[01;34m\]\w\[\033[00m\]\$ VIRTUAL_ENV_PROMPT=(.venv) /usr/bin/cmake --install /home/hrs47/ros2_ws/build/shutter_face_ros
[1.523s] Level 1:colcon.colcon_core.environment:checking '/home/hrs47/ros2_ws/install/shutter_face_ros' for CMake config files
[1.524s] Level 1:colcon.colcon_core.shell:create_environment_hook('shutter_face_ros', 'cmake_prefix_path')
[1.524s] INFO:colcon.colcon_core.shell:Creating environment hook '/home/hrs47/ros2_ws/install/shutter_face_ros/share/shutter_face_ros/hook/cmake_prefix_path.ps1'
[1.525s] INFO:colcon.colcon_core.shell:Creating environment descriptor '/home/hrs47/ros2_ws/install/shutter_face_ros/share/shutter_face_ros/hook/cmake_prefix_path.dsv'
[1.525s] INFO:colcon.colcon_core.shell:Creating environment hook '/home/hrs47/ros2_ws/install/shutter_face_ros/share/shutter_face_ros/hook/cmake_prefix_path.sh'
[1.526s] Level 1:colcon.colcon_core.environment:checking '/home/hrs47/ros2_ws/install/shutter_face_ros/lib'
[1.526s] Level 1:colcon.colcon_core.shell:create_environment_hook('shutter_face_ros', 'ld_library_path_lib')
[1.526s] INFO:colcon.colcon_core.shell:Creating environment hook '/home/hrs47/ros2_ws/install/shutter_face_ros/share/shutter_face_ros/hook/ld_library_path_lib.ps1'
[1.526s] INFO:colcon.colcon_core.shell:Creating environment descriptor '/home/hrs47/ros2_ws/install/shutter_face_ros/share/shutter_face_ros/hook/ld_library_path_lib.dsv'
[1.527s] INFO:colcon.colcon_core.shell:Creating environment hook '/home/hrs47/ros2_ws/install/shutter_face_ros/share/shutter_face_ros/hook/ld_library_path_lib.sh'
[1.527s] Level 1:colcon.colcon_core.environment:checking '/home/hrs47/ros2_ws/install/shutter_face_ros/bin'
[1.527s] Level 1:colcon.colcon_core.environment:checking '/home/hrs47/ros2_ws/install/shutter_face_ros/lib/pkgconfig/shutter_face_ros.pc'
[1.527s] Level 1:colcon.colcon_core.environment:checking '/home/hrs47/ros2_ws/install/shutter_face_ros/lib/python3.12/site-packages'
[1.528s] Level 1:colcon.colcon_core.shell:create_environment_hook('shutter_face_ros', 'pythonpath')
[1.528s] INFO:colcon.colcon_core.shell:Creating environment hook '/home/hrs47/ros2_ws/install/shutter_face_ros/share/shutter_face_ros/hook/pythonpath.ps1'
[1.528s] INFO:colcon.colcon_core.shell:Creating environment descriptor '/home/hrs47/ros2_ws/install/shutter_face_ros/share/shutter_face_ros/hook/pythonpath.dsv'
[1.528s] INFO:colcon.colcon_core.shell:Creating environment hook '/home/hrs47/ros2_ws/install/shutter_face_ros/share/shutter_face_ros/hook/pythonpath.sh'
[1.529s] Level 1:colcon.colcon_core.environment:checking '/home/hrs47/ros2_ws/install/shutter_face_ros/bin'
[1.529s] INFO:colcon.colcon_core.shell:Creating package script '/home/hrs47/ros2_ws/install/shutter_face_ros/share/shutter_face_ros/package.ps1'
[1.530s] INFO:colcon.colcon_core.shell:Creating package descriptor '/home/hrs47/ros2_ws/install/shutter_face_ros/share/shutter_face_ros/package.dsv'
[1.530s] INFO:colcon.colcon_core.shell:Creating package script '/home/hrs47/ros2_ws/install/shutter_face_ros/share/shutter_face_ros/package.sh'
[1.530s] INFO:colcon.colcon_core.shell:Creating package script '/home/hrs47/ros2_ws/install/shutter_face_ros/share/shutter_face_ros/package.bash'
[1.531s] INFO:colcon.colcon_core.shell:Creating package script '/home/hrs47/ros2_ws/install/shutter_face_ros/share/shutter_face_ros/package.zsh'
[1.531s] Level 1:colcon.colcon_core.environment:create_file_with_runtime_dependencies(/home/hrs47/ros2_ws/install/shutter_face_ros/share/colcon-core/packages/shutter_face_ros)
[1.531s] Level 1:colcon.colcon_core.environment:create_environment_scripts_only(shutter_face_ros)
[1.531s] Level 1:colcon.colcon_core.environment:checking '/home/hrs47/ros2_ws/install/shutter_face_ros' for CMake module files
[1.532s] Level 1:colcon.colcon_core.environment:checking '/home/hrs47/ros2_ws/install/shutter_face_ros' for CMake config files
[1.533s] Level 1:colcon.colcon_core.shell:create_environment_hook('shutter_face_ros', 'cmake_prefix_path')
[1.533s] INFO:colcon.colcon_core.shell:Creating environment hook '/home/hrs47/ros2_ws/install/shutter_face_ros/share/shutter_face_ros/hook/cmake_prefix_path.ps1'
[1.533s] INFO:colcon.colcon_core.shell:Creating environment descriptor '/home/hrs47/ros2_ws/install/shutter_face_ros/share/shutter_face_ros/hook/cmake_prefix_path.dsv'
[1.533s] INFO:colcon.colcon_core.shell:Creating environment hook '/home/hrs47/ros2_ws/install/shutter_face_ros/share/shutter_face_ros/hook/cmake_prefix_path.sh'
[1.534s] Level 1:colcon.colcon_core.environment:checking '/home/hrs47/ros2_ws/install/shutter_face_ros/lib'
[1.534s] Level 1:colcon.colcon_core.shell:create_environment_hook('shutter_face_ros', 'ld_library_path_lib')
[1.534s] INFO:colcon.colcon_core.shell:Creating environment hook '/home/hrs47/ros2_ws/install/shutter_face_ros/share/shutter_face_ros/hook/ld_library_path_lib.ps1'
[1.534s] INFO:colcon.colcon_core.shell:Creating environment descriptor '/home/hrs47/ros2_ws/install/shutter_face_ros/share/shutter_face_ros/hook/ld_library_path_lib.dsv'
[1.534s] INFO:colcon.colcon_core.shell:Creating environment hook '/home/hrs47/ros2_ws/install/shutter_face_ros/share/shutter_face_ros/hook/ld_library_path_lib.sh'
[1.535s] Level 1:colcon.colcon_core.environment:checking '/home/hrs47/ros2_ws/install/shutter_face_ros/bin'
[1.535s] Level 1:colcon.colcon_core.environment:checking '/home/hrs47/ros2_ws/install/shutter_face_ros/lib/pkgconfig/shutter_face_ros.pc'
[1.535s] Level 1:colcon.colcon_core.environment:checking '/home/hrs47/ros2_ws/install/shutter_face_ros/lib/python3.12/site-packages'
[1.535s] Level 1:colcon.colcon_core.shell:create_environment_hook('shutter_face_ros', 'pythonpath')
[1.535s] INFO:colcon.colcon_core.shell:Creating environment hook '/home/hrs47/ros2_ws/install/shutter_face_ros/share/shutter_face_ros/hook/pythonpath.ps1'
[1.535s] INFO:colcon.colcon_core.shell:Creating environment descriptor '/home/hrs47/ros2_ws/install/shutter_face_ros/share/shutter_face_ros/hook/pythonpath.dsv'
[1.536s] INFO:colcon.colcon_core.shell:Creating environment hook '/home/hrs47/ros2_ws/install/shutter_face_ros/share/shutter_face_ros/hook/pythonpath.sh'
[1.536s] Level 1:colcon.colcon_core.environment:checking '/home/hrs47/ros2_ws/install/shutter_face_ros/bin'
[1.536s] INFO:colcon.colcon_core.shell:Creating package script '/home/hrs47/ros2_ws/install/shutter_face_ros/share/shutter_face_ros/package.ps1'
[1.537s] INFO:colcon.colcon_core.shell:Creating package descriptor '/home/hrs47/ros2_ws/install/shutter_face_ros/share/shutter_face_ros/package.dsv'
[1.537s] INFO:colcon.colcon_core.shell:Creating package script '/home/hrs47/ros2_ws/install/shutter_face_ros/share/shutter_face_ros/package.sh'
[1.538s] INFO:colcon.colcon_core.shell:Creating package script '/home/hrs47/ros2_ws/install/shutter_face_ros/share/shutter_face_ros/package.bash'
[1.538s] INFO:colcon.colcon_core.shell:Creating package script '/home/hrs47/ros2_ws/install/shutter_face_ros/share/shutter_face_ros/package.zsh'
[1.538s] Level 1:colcon.colcon_core.environment:create_file_with_runtime_dependencies(/home/hrs47/ros2_ws/install/shutter_face_ros/share/colcon-core/packages/shutter_face_ros)
[1.939s] DEBUG:colcon.colcon_core.event_handler.log_command:Invoking command in '/home/hrs47/ros2_ws/src/shutter-ros2/modules/ROS-TCP-Endpoint': DEBUGINFOD_URLS=https://debuginfod.ubuntu.com PS1=(.venv) \[\e]0;\u@\h: \w\a\]${debian_chroot:+($debian_chroot)}\[\033[01;32m\]\u@\h\[\033[00m\]:\[\033[01;34m\]\w\[\033[00m\]\$ PYTHONPATH=/home/hrs47/ros2_ws/build/ros_tcp_endpoint/prefix_override:/usr/lib/python3/dist-packages/colcon_core/task/python/colcon_distutils_commands:/home/hrs47/ros2_ws/install/ros_tcp_endpoint/lib/python3.12/site-packages:${PYTHONPATH} VIRTUAL_ENV_PROMPT=(.venv) /usr/bin/python3 -W ignore:setup.py install is deprecated -W ignore:easy_install command is deprecated setup.py egg_info --egg-base ../../../../build/ros_tcp_endpoint build --build-base /home/hrs47/ros2_ws/build/ros_tcp_endpoint/build install --record /home/hrs47/ros2_ws/build/ros_tcp_endpoint/install.log --single-version-externally-managed install_data
[2.507s] Level 1:colcon.colcon_core.environment:checking '/home/hrs47/ros2_ws/install/ros_tcp_endpoint' for CMake module files
[2.507s] DEBUG:colcon.colcon_core.event_handler.log_command:Invoked command in '/home/hrs47/ros2_ws/src/shutter-ros2/modules/ROS-TCP-Endpoint' returned '0': DEBUGINFOD_URLS=https://debuginfod.ubuntu.com PS1=(.venv) \[\e]0;\u@\h: \w\a\]${debian_chroot:+($debian_chroot)}\[\033[01;32m\]\u@\h\[\033[00m\]:\[\033[01;34m\]\w\[\033[00m\]\$ PYTHONPATH=/home/hrs47/ros2_ws/build/ros_tcp_endpoint/prefix_override:/usr/lib/python3/dist-packages/colcon_core/task/python/colcon_distutils_commands:/home/hrs47/ros2_ws/install/ros_tcp_endpoint/lib/python3.12/site-packages:${PYTHONPATH} VIRTUAL_ENV_PROMPT=(.venv) /usr/bin/python3 -W ignore:setup.py install is deprecated -W ignore:easy_install command is deprecated setup.py egg_info --egg-base ../../../../build/ros_tcp_endpoint build --build-base /home/hrs47/ros2_ws/build/ros_tcp_endpoint/build install --record /home/hrs47/ros2_ws/build/ros_tcp_endpoint/install.log --single-version-externally-managed install_data
[2.508s] Level 1:colcon.colcon_core.environment:checking '/home/hrs47/ros2_ws/install/ros_tcp_endpoint' for CMake config files
[2.508s] Level 1:colcon.colcon_core.environment:checking '/home/hrs47/ros2_ws/install/ros_tcp_endpoint/lib'
[2.508s] Level 1:colcon.colcon_core.environment:checking '/home/hrs47/ros2_ws/install/ros_tcp_endpoint/bin'
[2.508s] Level 1:colcon.colcon_core.environment:checking '/home/hrs47/ros2_ws/install/ros_tcp_endpoint/lib/pkgconfig/ros_tcp_endpoint.pc'
[2.508s] Level 1:colcon.colcon_core.environment:checking '/home/hrs47/ros2_ws/install/ros_tcp_endpoint/lib/python3.12/site-packages'
[2.508s] Level 1:colcon.colcon_core.shell:create_environment_hook('ros_tcp_endpoint', 'pythonpath')
[2.509s] INFO:colcon.colcon_core.shell:Creating environment hook '/home/hrs47/ros2_ws/install/ros_tcp_endpoint/share/ros_tcp_endpoint/hook/pythonpath.ps1'
[2.509s] INFO:colcon.colcon_core.shell:Creating environment descriptor '/home/hrs47/ros2_ws/install/ros_tcp_endpoint/share/ros_tcp_endpoint/hook/pythonpath.dsv'
[2.509s] INFO:colcon.colcon_core.shell:Creating environment hook '/home/hrs47/ros2_ws/install/ros_tcp_endpoint/share/ros_tcp_endpoint/hook/pythonpath.sh'
[2.510s] Level 1:colcon.colcon_core.environment:checking '/home/hrs47/ros2_ws/install/ros_tcp_endpoint/bin'
[2.510s] Level 1:colcon.colcon_core.environment:create_environment_scripts_only(ros_tcp_endpoint)
[2.510s] INFO:colcon.colcon_core.shell:Creating package script '/home/hrs47/ros2_ws/install/ros_tcp_endpoint/share/ros_tcp_endpoint/package.ps1'
[2.510s] INFO:colcon.colcon_core.shell:Creating package descriptor '/home/hrs47/ros2_ws/install/ros_tcp_endpoint/share/ros_tcp_endpoint/package.dsv'
[2.511s] INFO:colcon.colcon_core.shell:Creating package script '/home/hrs47/ros2_ws/install/ros_tcp_endpoint/share/ros_tcp_endpoint/package.sh'
[2.511s] INFO:colcon.colcon_core.shell:Creating package script '/home/hrs47/ros2_ws/install/ros_tcp_endpoint/share/ros_tcp_endpoint/package.bash'
[2.511s] INFO:colcon.colcon_core.shell:Creating package script '/home/hrs47/ros2_ws/install/ros_tcp_endpoint/share/ros_tcp_endpoint/package.zsh'
[2.512s] Level 1:colcon.colcon_core.environment:create_file_with_runtime_dependencies(/home/hrs47/ros2_ws/install/ros_tcp_endpoint/share/colcon-core/packages/ros_tcp_endpoint)
[2.512s] INFO:colcon.colcon_ros.task.ament_cmake.build:Building ROS package in '/home/hrs47/ros2_ws/src/shutter-ros2/shutter_bringup' with build type 'ament_cmake'
[2.512s] INFO:colcon.colcon_cmake.task.cmake.build:Building CMake package in '/home/hrs47/ros2_ws/src/shutter-ros2/shutter_bringup'
[2.512s] INFO:colcon.colcon_core.shell:Skip shell extension 'powershell' for command environment: Not usable outside of PowerShell
[2.512s] DEBUG:colcon.colcon_core.shell:Skip shell extension 'dsv' for command environment
[2.529s] DEBUG:colcon.colcon_core.event_handler.log_command:Invoking command in '/home/hrs47/ros2_ws/build/shutter_bringup': AMENT_PREFIX_PATH=/home/hrs47/ros2_ws/install/ros_tcp_endpoint:/home/hrs47/ros2_ws/install/shutter_hardware_interface:/home/hrs47/ros2_ws/install/shutter_bringup:/home/hrs47/ros2_ws/install/shutter_face_ros:/home/hrs47/ros2_ws/install/shutter_description:/opt/ros/jazzy CMAKE_PREFIX_PATH=/home/hrs47/ros2_ws/install/shutter_face_ros:/home/hrs47/ros2_ws/install/shutter_description:/home/hrs47/ros2_ws/install/shutter_hardware_interface:/home/hrs47/ros2_ws/install/shutter_bringup:/opt/ros/jazzy/opt/sdformat_vendor:/opt/ros/jazzy/opt/gz_math_vendor:/opt/ros/jazzy/opt/gz_utils_vendor:/opt/ros/jazzy/opt/gz_tools_vendor:/opt/ros/jazzy/opt/gz_cmake_vendor:/home/hrs47/ros2_ws/install/ros_tcp_endpoint:/opt/ros/jazzy DEBUGINFOD_URLS=https://debuginfod.ubuntu.com LD_LIBRARY_PATH=/home/hrs47/ros2_ws/install/shutter_face_ros/lib:/home/hrs47/ros2_ws/install/shutter_hardware_interface/lib:/opt/ros/jazzy/opt/sdformat_vendor/lib:/opt/ros/jazzy/opt/rviz_ogre_vendor/lib:/opt/ros/jazzy/lib/x86_64-linux-gnu:/opt/ros/jazzy/opt/gz_math_vendor/lib:/opt/ros/jazzy/opt/gz_utils_vendor/lib:/opt/ros/jazzy/opt/gz_tools_vendor/lib:/opt/ros/jazzy/opt/gz_cmake_vendor/lib:/opt/ros/jazzy/lib:/usr/local/cuda/lib64:/usr/local/cuda/extras/CUPTI/lib64:/opt/ros/noetic/lib:/opt/ros/noetic/lib/x86_64-linux-gnu PS1=(.venv) \[\e]0;\u@\h: \w\a\]${debian_chroot:+($debian_chroot)}\[\033[01;32m\]\u@\h\[\033[00m\]:\[\033[01;34m\]\w\[\033[00m\]\$ VIRTUAL_ENV_PROMPT=(.venv) /usr/bin/cmake --build /home/hrs47/ros2_ws/build/shutter_bringup -- -j12 -l12
[2.567s] DEBUG:colcon.colcon_core.event_handler.log_command:Invoked command in '/home/hrs47/ros2_ws/build/shutter_bringup' returned '0': AMENT_PREFIX_PATH=/home/hrs47/ros2_ws/install/ros_tcp_endpoint:/home/hrs47/ros2_ws/install/shutter_hardware_interface:/home/hrs47/ros2_ws/install/shutter_bringup:/home/hrs47/ros2_ws/install/shutter_face_ros:/home/hrs47/ros2_ws/install/shutter_description:/opt/ros/jazzy CMAKE_PREFIX_PATH=/home/hrs47/ros2_ws/install/shutter_face_ros:/home/hrs47/ros2_ws/install/shutter_description:/home/hrs47/ros2_ws/install/shutter_hardware_interface:/home/hrs47/ros2_ws/install/shutter_bringup:/opt/ros/jazzy/opt/sdformat_vendor:/opt/ros/jazzy/opt/gz_math_vendor:/opt/ros/jazzy/opt/gz_utils_vendor:/opt/ros/jazzy/opt/gz_tools_vendor:/opt/ros/jazzy/opt/gz_cmake_vendor:/home/hrs47/ros2_ws/install/ros_tcp_endpoint:/opt/ros/jazzy DEBUGINFOD_URLS=https://debuginfod.ubuntu.com LD_LIBRARY_PATH=/home/hrs47/ros2_ws/install/shutter_face_ros/lib:/home/hrs47/ros2_ws/install/shutter_hardware_interface/lib:/opt/ros/jazzy/opt/sdformat_vendor/lib:/opt/ros/jazzy/opt/rviz_ogre_vendor/lib:/opt/ros/jazzy/lib/x86_64-linux-gnu:/opt/ros/jazzy/opt/gz_math_vendor/lib:/opt/ros/jazzy/opt/gz_utils_vendor/lib:/opt/ros/jazzy/opt/gz_tools_vendor/lib:/opt/ros/jazzy/opt/gz_cmake_vendor/lib:/opt/ros/jazzy/lib:/usr/local/cuda/lib64:/usr/local/cuda/extras/CUPTI/lib64:/opt/ros/noetic/lib:/opt/ros/noetic/lib/x86_64-linux-gnu PS1=(.venv) \[\e]0;\u@\h: \w\a\]${debian_chroot:+($debian_chroot)}\[\033[01;32m\]\u@\h\[\033[00m\]:\[\033[01;34m\]\w\[\033[00m\]\$ VIRTUAL_ENV_PROMPT=(.venv) /usr/bin/cmake --build /home/hrs47/ros2_ws/build/shutter_bringup -- -j12 -l12
[2.568s] DEBUG:colcon.colcon_core.event_handler.log_command:Invoking command in '/home/hrs47/ros2_ws/build/shutter_bringup': AMENT_PREFIX_PATH=/home/hrs47/ros2_ws/install/ros_tcp_endpoint:/home/hrs47/ros2_ws/install/shutter_hardware_interface:/home/hrs47/ros2_ws/install/shutter_bringup:/home/hrs47/ros2_ws/install/shutter_face_ros:/home/hrs47/ros2_ws/install/shutter_description:/opt/ros/jazzy CMAKE_PREFIX_PATH=/home/hrs47/ros2_ws/install/shutter_face_ros:/home/hrs47/ros2_ws/install/shutter_description:/home/hrs47/ros2_ws/install/shutter_hardware_interface:/home/hrs47/ros2_ws/install/shutter_bringup:/opt/ros/jazzy/opt/sdformat_vendor:/opt/ros/jazzy/opt/gz_math_vendor:/opt/ros/jazzy/opt/gz_utils_vendor:/opt/ros/jazzy/opt/gz_tools_vendor:/opt/ros/jazzy/opt/gz_cmake_vendor:/home/hrs47/ros2_ws/install/ros_tcp_endpoint:/opt/ros/jazzy DEBUGINFOD_URLS=https://debuginfod.ubuntu.com LD_LIBRARY_PATH=/home/hrs47/ros2_ws/install/shutter_face_ros/lib:/home/hrs47/ros2_ws/install/shutter_hardware_interface/lib:/opt/ros/jazzy/opt/sdformat_vendor/lib:/opt/ros/jazzy/opt/rviz_ogre_vendor/lib:/opt/ros/jazzy/lib/x86_64-linux-gnu:/opt/ros/jazzy/opt/gz_math_vendor/lib:/opt/ros/jazzy/opt/gz_utils_vendor/lib:/opt/ros/jazzy/opt/gz_tools_vendor/lib:/opt/ros/jazzy/opt/gz_cmake_vendor/lib:/opt/ros/jazzy/lib:/usr/local/cuda/lib64:/usr/local/cuda/extras/CUPTI/lib64:/opt/ros/noetic/lib:/opt/ros/noetic/lib/x86_64-linux-gnu PS1=(.venv) \[\e]0;\u@\h: \w\a\]${debian_chroot:+($debian_chroot)}\[\033[01;32m\]\u@\h\[\033[00m\]:\[\033[01;34m\]\w\[\033[00m\]\$ VIRTUAL_ENV_PROMPT=(.venv) /usr/bin/cmake --install /home/hrs47/ros2_ws/build/shutter_bringup
[2.581s] Level 1:colcon.colcon_core.environment:create_environment_scripts_only(shutter_bringup)
[2.581s] Level 1:colcon.colcon_core.environment:checking '/home/hrs47/ros2_ws/install/shutter_bringup' for CMake module files
[2.581s] DEBUG:colcon.colcon_core.event_handler.log_command:Invoked command in '/home/hrs47/ros2_ws/build/shutter_bringup' returned '0': AMENT_PREFIX_PATH=/home/hrs47/ros2_ws/install/ros_tcp_endpoint:/home/hrs47/ros2_ws/install/shutter_hardware_interface:/home/hrs47/ros2_ws/install/shutter_bringup:/home/hrs47/ros2_ws/install/shutter_face_ros:/home/hrs47/ros2_ws/install/shutter_description:/opt/ros/jazzy CMAKE_PREFIX_PATH=/home/hrs47/ros2_ws/install/shutter_face_ros:/home/hrs47/ros2_ws/install/shutter_description:/home/hrs47/ros2_ws/install/shutter_hardware_interface:/home/hrs47/ros2_ws/install/shutter_bringup:/opt/ros/jazzy/opt/sdformat_vendor:/opt/ros/jazzy/opt/gz_math_vendor:/opt/ros/jazzy/opt/gz_utils_vendor:/opt/ros/jazzy/opt/gz_tools_vendor:/opt/ros/jazzy/opt/gz_cmake_vendor:/home/hrs47/ros2_ws/install/ros_tcp_endpoint:/opt/ros/jazzy DEBUGINFOD_URLS=https://debuginfod.ubuntu.com LD_LIBRARY_PATH=/home/hrs47/ros2_ws/install/shutter_face_ros/lib:/home/hrs47/ros2_ws/install/shutter_hardware_interface/lib:/opt/ros/jazzy/opt/sdformat_vendor/lib:/opt/ros/jazzy/opt/rviz_ogre_vendor/lib:/opt/ros/jazzy/lib/x86_64-linux-gnu:/opt/ros/jazzy/opt/gz_math_vendor/lib:/opt/ros/jazzy/opt/gz_utils_vendor/lib:/opt/ros/jazzy/opt/gz_tools_vendor/lib:/opt/ros/jazzy/opt/gz_cmake_vendor/lib:/opt/ros/jazzy/lib:/usr/local/cuda/lib64:/usr/local/cuda/extras/CUPTI/lib64:/opt/ros/noetic/lib:/opt/ros/noetic/lib/x86_64-linux-gnu PS1=(.venv) \[\e]0;\u@\h: \w\a\]${debian_chroot:+($debian_chroot)}\[\033[01;32m\]\u@\h\[\033[00m\]:\[\033[01;34m\]\w\[\033[00m\]\$ VIRTUAL_ENV_PROMPT=(.venv) /usr/bin/cmake --install /home/hrs47/ros2_ws/build/shutter_bringup
[2.582s] Level 1:colcon.colcon_core.environment:checking '/home/hrs47/ros2_ws/install/shutter_bringup' for CMake config files
[2.586s] Level 1:colcon.colcon_core.shell:create_environment_hook('shutter_bringup', 'cmake_prefix_path')
[2.587s] INFO:colcon.colcon_core.shell:Creating environment hook '/home/hrs47/ros2_ws/install/shutter_bringup/share/shutter_bringup/hook/cmake_prefix_path.ps1'
[2.587s] INFO:colcon.colcon_core.shell:Creating environment descriptor '/home/hrs47/ros2_ws/install/shutter_bringup/share/shutter_bringup/hook/cmake_prefix_path.dsv'
[2.587s] INFO:colcon.colcon_core.shell:Creating environment hook '/home/hrs47/ros2_ws/install/shutter_bringup/share/shutter_bringup/hook/cmake_prefix_path.sh'
[2.588s] Level 1:colcon.colcon_core.environment:checking '/home/hrs47/ros2_ws/install/shutter_bringup/lib'
[2.588s] Level 1:colcon.colcon_core.environment:checking '/home/hrs47/ros2_ws/install/shutter_bringup/bin'
[2.588s] Level 1:colcon.colcon_core.environment:checking '/home/hrs47/ros2_ws/install/shutter_bringup/lib/pkgconfig/shutter_bringup.pc'
[2.588s] Level 1:colcon.colcon_core.environment:checking '/home/hrs47/ros2_ws/install/shutter_bringup/lib/python3.12/site-packages'
[2.588s] Level 1:colcon.colcon_core.environment:checking '/home/hrs47/ros2_ws/install/shutter_bringup/bin'
[2.588s] INFO:colcon.colcon_core.shell:Creating package script '/home/hrs47/ros2_ws/install/shutter_bringup/share/shutter_bringup/package.ps1'
[2.589s] INFO:colcon.colcon_core.shell:Creating package descriptor '/home/hrs47/ros2_ws/install/shutter_bringup/share/shutter_bringup/package.dsv'
[2.589s] INFO:colcon.colcon_core.shell:Creating package script '/home/hrs47/ros2_ws/install/shutter_bringup/share/shutter_bringup/package.sh'
[2.589s] INFO:colcon.colcon_core.shell:Creating package script '/home/hrs47/ros2_ws/install/shutter_bringup/share/shutter_bringup/package.bash'
[2.590s] INFO:colcon.colcon_core.shell:Creating package script '/home/hrs47/ros2_ws/install/shutter_bringup/share/shutter_bringup/package.zsh'
[2.590s] Level 1:colcon.colcon_core.environment:create_file_with_runtime_dependencies(/home/hrs47/ros2_ws/install/shutter_bringup/share/colcon-core/packages/shutter_bringup)
[2.590s] Level 1:colcon.colcon_core.environment:create_environment_scripts_only(shutter_bringup)
[2.591s] Level 1:colcon.colcon_core.environment:checking '/home/hrs47/ros2_ws/install/shutter_bringup' for CMake module files
[2.591s] Level 1:colcon.colcon_core.environment:checking '/home/hrs47/ros2_ws/install/shutter_bringup' for CMake config files
[2.592s] Level 1:colcon.colcon_core.shell:create_environment_hook('shutter_bringup', 'cmake_prefix_path')
[2.592s] INFO:colcon.colcon_core.shell:Creating environment hook '/home/hrs47/ros2_ws/install/shutter_bringup/share/shutter_bringup/hook/cmake_prefix_path.ps1'
[2.592s] INFO:colcon.colcon_core.shell:Creating environment descriptor '/home/hrs47/ros2_ws/install/shutter_bringup/share/shutter_bringup/hook/cmake_prefix_path.dsv'
[2.593s] INFO:colcon.colcon_core.shell:Creating environment hook '/home/hrs47/ros2_ws/install/shutter_bringup/share/shutter_bringup/hook/cmake_prefix_path.sh'
[2.593s] Level 1:colcon.colcon_core.environment:checking '/home/hrs47/ros2_ws/install/shutter_bringup/lib'
[2.593s] Level 1:colcon.colcon_core.environment:checking '/home/hrs47/ros2_ws/install/shutter_bringup/bin'
[2.593s] Level 1:colcon.colcon_core.environment:checking '/home/hrs47/ros2_ws/install/shutter_bringup/lib/pkgconfig/shutter_bringup.pc'
[2.593s] Level 1:colcon.colcon_core.environment:checking '/home/hrs47/ros2_ws/install/shutter_bringup/lib/python3.12/site-packages'
[2.594s] Level 1:colcon.colcon_core.environment:checking '/home/hrs47/ros2_ws/install/shutter_bringup/bin'
[2.594s] INFO:colcon.colcon_core.shell:Creating package script '/home/hrs47/ros2_ws/install/shutter_bringup/share/shutter_bringup/package.ps1'
[2.594s] INFO:colcon.colcon_core.shell:Creating package descriptor '/home/hrs47/ros2_ws/install/shutter_bringup/share/shutter_bringup/package.dsv'
[2.594s] INFO:colcon.colcon_core.shell:Creating package script '/home/hrs47/ros2_ws/install/shutter_bringup/share/shutter_bringup/package.sh'
[2.595s] INFO:colcon.colcon_core.shell:Creating package script '/home/hrs47/ros2_ws/install/shutter_bringup/share/shutter_bringup/package.bash'
[2.595s] INFO:colcon.colcon_core.shell:Creating package script '/home/hrs47/ros2_ws/install/shutter_bringup/share/shutter_bringup/package.zsh'
[2.596s] Level 1:colcon.colcon_core.environment:create_file_with_runtime_dependencies(/home/hrs47/ros2_ws/install/shutter_bringup/share/colcon-core/packages/shutter_bringup)
[2.596s] DEBUG:colcon.colcon_parallel_executor.executor.parallel:closing loop
[2.596s] DEBUG:colcon.colcon_parallel_executor.executor.parallel:loop closed
[2.596s] DEBUG:colcon.colcon_parallel_executor.executor.parallel:run_until_complete finished with '0'
[2.596s] DEBUG:colcon.colcon_core.event_reactor:joining thread
[2.604s] INFO:colcon.colcon_core.plugin_system:Skipping extension 'colcon_notification.desktop_notification.terminal_notifier': Not used on non-Darwin systems
[2.604s] INFO:colcon.colcon_core.plugin_system:Skipping extension 'colcon_notification.desktop_notification.win32': Not used on non-Windows systems
[2.604s] INFO:colcon.colcon_notification.desktop_notification:Sending desktop notification using 'notify2'
[2.618s] DEBUG:colcon.colcon_core.event_reactor:joined thread
[2.619s] INFO:colcon.colcon_core.shell:Creating prefix script '/home/hrs47/ros2_ws/install/local_setup.ps1'
[2.619s] INFO:colcon.colcon_core.shell:Creating prefix util module '/home/hrs47/ros2_ws/install/_local_setup_util_ps1.py'
[2.621s] INFO:colcon.colcon_core.shell:Creating prefix chain script '/home/hrs47/ros2_ws/install/setup.ps1'
[2.622s] INFO:colcon.colcon_core.shell:Creating prefix script '/home/hrs47/ros2_ws/install/local_setup.sh'
[2.623s] INFO:colcon.colcon_core.shell:Creating prefix util module '/home/hrs47/ros2_ws/install/_local_setup_util_sh.py'
[2.623s] INFO:colcon.colcon_core.shell:Creating prefix chain script '/home/hrs47/ros2_ws/install/setup.sh'
[2.624s] INFO:colcon.colcon_core.shell:Creating prefix script '/home/hrs47/ros2_ws/install/local_setup.bash'
[2.625s] INFO:colcon.colcon_core.shell:Creating prefix chain script '/home/hrs47/ros2_ws/install/setup.bash'
[2.626s] INFO:colcon.colcon_core.shell:Creating prefix script '/home/hrs47/ros2_ws/install/local_setup.zsh'
[2.627s] INFO:colcon.colcon_core.shell:Creating prefix chain script '/home/hrs47/ros2_ws/install/setup.zsh'
