[0.840s] Invoking command in '/home/hrs47/ros2_ws/src/shutter-ros2/modules/ROS-TCP-Endpoint': DEBUGINFOD_URLS=https://debuginfod.ubuntu.com PYTHONPATH=/home/hrs47/ros2_ws/build/ros_tcp_endpoint/prefix_override:/usr/lib/python3/dist-packages/colcon_core/task/python/colcon_distutils_commands:/home/hrs47/ros2_ws/install/ros_tcp_endpoint/lib/python3.12/site-packages:${PYTHONPATH} /usr/bin/python3 -W ignore:setup.py install is deprecated -W ignore:easy_install command is deprecated setup.py egg_info --egg-base ../../../../build/ros_tcp_endpoint build --build-base /home/hrs47/ros2_ws/build/ros_tcp_endpoint/build install --record /home/hrs47/ros2_ws/build/ros_tcp_endpoint/install.log --single-version-externally-managed install_data
[1.123s] running egg_info
[1.123s] creating ../../../../build/ros_tcp_endpoint/ros_tcp_endpoint.egg-info
[1.146s] writing ../../../../build/ros_tcp_endpoint/ros_tcp_endpoint.egg-info/PKG-INFO
[1.146s] writing dependency_links to ../../../../build/ros_tcp_endpoint/ros_tcp_endpoint.egg-info/dependency_links.txt
[1.146s] writing entry points to ../../../../build/ros_tcp_endpoint/ros_tcp_endpoint.egg-info/entry_points.txt
[1.146s] writing requirements to ../../../../build/ros_tcp_endpoint/ros_tcp_endpoint.egg-info/requires.txt
[1.147s] writing top-level names to ../../../../build/ros_tcp_endpoint/ros_tcp_endpoint.egg-info/top_level.txt
[1.147s] writing manifest file '../../../../build/ros_tcp_endpoint/ros_tcp_endpoint.egg-info/SOURCES.txt'
[1.192s] reading manifest file '../../../../build/ros_tcp_endpoint/ros_tcp_endpoint.egg-info/SOURCES.txt'
[1.192s] adding license file 'LICENSE'
[1.193s] writing manifest file '../../../../build/ros_tcp_endpoint/ros_tcp_endpoint.egg-info/SOURCES.txt'
[1.193s] running build
[1.193s] running build_py
[1.193s] creating /home/hrs47/ros2_ws/build/ros_tcp_endpoint/build
[1.193s] creating /home/hrs47/ros2_ws/build/ros_tcp_endpoint/build/lib
[1.193s] creating /home/hrs47/ros2_ws/build/ros_tcp_endpoint/build/lib/ros_tcp_endpoint
[1.193s] copying ros_tcp_endpoint/subscriber.py -> /home/hrs47/ros2_ws/build/ros_tcp_endpoint/build/lib/ros_tcp_endpoint
[1.193s] copying ros_tcp_endpoint/client.py -> /home/hrs47/ros2_ws/build/ros_tcp_endpoint/build/lib/ros_tcp_endpoint
[1.193s] copying ros_tcp_endpoint/tcp_sender.py -> /home/hrs47/ros2_ws/build/ros_tcp_endpoint/build/lib/ros_tcp_endpoint
[1.194s] copying ros_tcp_endpoint/publisher.py -> /home/hrs47/ros2_ws/build/ros_tcp_endpoint/build/lib/ros_tcp_endpoint
[1.194s] copying ros_tcp_endpoint/communication.py -> /home/hrs47/ros2_ws/build/ros_tcp_endpoint/build/lib/ros_tcp_endpoint
[1.194s] copying ros_tcp_endpoint/server.py -> /home/hrs47/ros2_ws/build/ros_tcp_endpoint/build/lib/ros_tcp_endpoint
[1.194s] copying ros_tcp_endpoint/thread_pauser.py -> /home/hrs47/ros2_ws/build/ros_tcp_endpoint/build/lib/ros_tcp_endpoint
[1.194s] copying ros_tcp_endpoint/__init__.py -> /home/hrs47/ros2_ws/build/ros_tcp_endpoint/build/lib/ros_tcp_endpoint
[1.194s] copying ros_tcp_endpoint/unity_service.py -> /home/hrs47/ros2_ws/build/ros_tcp_endpoint/build/lib/ros_tcp_endpoint
[1.194s] copying ros_tcp_endpoint/service.py -> /home/hrs47/ros2_ws/build/ros_tcp_endpoint/build/lib/ros_tcp_endpoint
[1.194s] copying ros_tcp_endpoint/exceptions.py -> /home/hrs47/ros2_ws/build/ros_tcp_endpoint/build/lib/ros_tcp_endpoint
[1.194s] copying ros_tcp_endpoint/default_server_endpoint.py -> /home/hrs47/ros2_ws/build/ros_tcp_endpoint/build/lib/ros_tcp_endpoint
[1.195s] running install
[1.200s] running install_lib
[1.223s] creating /home/hrs47/ros2_ws/install/ros_tcp_endpoint/lib/python3.12/site-packages/ros_tcp_endpoint
[1.223s] copying /home/hrs47/ros2_ws/build/ros_tcp_endpoint/build/lib/ros_tcp_endpoint/subscriber.py -> /home/hrs47/ros2_ws/install/ros_tcp_endpoint/lib/python3.12/site-packages/ros_tcp_endpoint
[1.223s] copying /home/hrs47/ros2_ws/build/ros_tcp_endpoint/build/lib/ros_tcp_endpoint/client.py -> /home/hrs47/ros2_ws/install/ros_tcp_endpoint/lib/python3.12/site-packages/ros_tcp_endpoint
[1.224s] copying /home/hrs47/ros2_ws/build/ros_tcp_endpoint/build/lib/ros_tcp_endpoint/tcp_sender.py -> /home/hrs47/ros2_ws/install/ros_tcp_endpoint/lib/python3.12/site-packages/ros_tcp_endpoint
[1.224s] copying /home/hrs47/ros2_ws/build/ros_tcp_endpoint/build/lib/ros_tcp_endpoint/publisher.py -> /home/hrs47/ros2_ws/install/ros_tcp_endpoint/lib/python3.12/site-packages/ros_tcp_endpoint
[1.224s] copying /home/hrs47/ros2_ws/build/ros_tcp_endpoint/build/lib/ros_tcp_endpoint/communication.py -> /home/hrs47/ros2_ws/install/ros_tcp_endpoint/lib/python3.12/site-packages/ros_tcp_endpoint
[1.224s] copying /home/hrs47/ros2_ws/build/ros_tcp_endpoint/build/lib/ros_tcp_endpoint/server.py -> /home/hrs47/ros2_ws/install/ros_tcp_endpoint/lib/python3.12/site-packages/ros_tcp_endpoint
[1.224s] copying /home/hrs47/ros2_ws/build/ros_tcp_endpoint/build/lib/ros_tcp_endpoint/thread_pauser.py -> /home/hrs47/ros2_ws/install/ros_tcp_endpoint/lib/python3.12/site-packages/ros_tcp_endpoint
[1.224s] copying /home/hrs47/ros2_ws/build/ros_tcp_endpoint/build/lib/ros_tcp_endpoint/__init__.py -> /home/hrs47/ros2_ws/install/ros_tcp_endpoint/lib/python3.12/site-packages/ros_tcp_endpoint
[1.224s] copying /home/hrs47/ros2_ws/build/ros_tcp_endpoint/build/lib/ros_tcp_endpoint/unity_service.py -> /home/hrs47/ros2_ws/install/ros_tcp_endpoint/lib/python3.12/site-packages/ros_tcp_endpoint
[1.225s] copying /home/hrs47/ros2_ws/build/ros_tcp_endpoint/build/lib/ros_tcp_endpoint/service.py -> /home/hrs47/ros2_ws/install/ros_tcp_endpoint/lib/python3.12/site-packages/ros_tcp_endpoint
[1.225s] copying /home/hrs47/ros2_ws/build/ros_tcp_endpoint/build/lib/ros_tcp_endpoint/exceptions.py -> /home/hrs47/ros2_ws/install/ros_tcp_endpoint/lib/python3.12/site-packages/ros_tcp_endpoint
[1.225s] copying /home/hrs47/ros2_ws/build/ros_tcp_endpoint/build/lib/ros_tcp_endpoint/default_server_endpoint.py -> /home/hrs47/ros2_ws/install/ros_tcp_endpoint/lib/python3.12/site-packages/ros_tcp_endpoint
[1.225s] byte-compiling /home/hrs47/ros2_ws/install/ros_tcp_endpoint/lib/python3.12/site-packages/ros_tcp_endpoint/subscriber.py to subscriber.cpython-312.pyc
[1.225s] byte-compiling /home/hrs47/ros2_ws/install/ros_tcp_endpoint/lib/python3.12/site-packages/ros_tcp_endpoint/client.py to client.cpython-312.pyc
[1.226s] byte-compiling /home/hrs47/ros2_ws/install/ros_tcp_endpoint/lib/python3.12/site-packages/ros_tcp_endpoint/tcp_sender.py to tcp_sender.cpython-312.pyc
[1.228s] byte-compiling /home/hrs47/ros2_ws/install/ros_tcp_endpoint/lib/python3.12/site-packages/ros_tcp_endpoint/publisher.py to publisher.cpython-312.pyc
[1.228s] byte-compiling /home/hrs47/ros2_ws/install/ros_tcp_endpoint/lib/python3.12/site-packages/ros_tcp_endpoint/communication.py to communication.cpython-312.pyc
[1.229s] byte-compiling /home/hrs47/ros2_ws/install/ros_tcp_endpoint/lib/python3.12/site-packages/ros_tcp_endpoint/server.py to server.cpython-312.pyc
[1.231s] byte-compiling /home/hrs47/ros2_ws/install/ros_tcp_endpoint/lib/python3.12/site-packages/ros_tcp_endpoint/thread_pauser.py to thread_pauser.cpython-312.pyc
[1.231s] byte-compiling /home/hrs47/ros2_ws/install/ros_tcp_endpoint/lib/python3.12/site-packages/ros_tcp_endpoint/__init__.py to __init__.cpython-312.pyc
[1.231s] byte-compiling /home/hrs47/ros2_ws/install/ros_tcp_endpoint/lib/python3.12/site-packages/ros_tcp_endpoint/unity_service.py to unity_service.cpython-312.pyc
[1.232s] byte-compiling /home/hrs47/ros2_ws/install/ros_tcp_endpoint/lib/python3.12/site-packages/ros_tcp_endpoint/service.py to service.cpython-312.pyc
[1.232s] byte-compiling /home/hrs47/ros2_ws/install/ros_tcp_endpoint/lib/python3.12/site-packages/ros_tcp_endpoint/exceptions.py to exceptions.cpython-312.pyc
[1.232s] byte-compiling /home/hrs47/ros2_ws/install/ros_tcp_endpoint/lib/python3.12/site-packages/ros_tcp_endpoint/default_server_endpoint.py to default_server_endpoint.cpython-312.pyc
[1.233s] running install_data
[1.233s] creating /home/hrs47/ros2_ws/install/ros_tcp_endpoint/share/ament_index
[1.233s] creating /home/hrs47/ros2_ws/install/ros_tcp_endpoint/share/ament_index/resource_index
[1.234s] creating /home/hrs47/ros2_ws/install/ros_tcp_endpoint/share/ament_index/resource_index/packages
[1.234s] copying resource/ros_tcp_endpoint -> /home/hrs47/ros2_ws/install/ros_tcp_endpoint/share/ament_index/resource_index/packages
[1.234s] copying package.xml -> /home/hrs47/ros2_ws/install/ros_tcp_endpoint/share/ros_tcp_endpoint
[1.234s] creating /home/hrs47/ros2_ws/install/ros_tcp_endpoint/share/ros_tcp_endpoint/launch
[1.234s] copying launch/endpoint.py -> /home/hrs47/ros2_ws/install/ros_tcp_endpoint/share/ros_tcp_endpoint/launch
[1.234s] running install_egg_info
[1.258s] Copying ../../../../build/ros_tcp_endpoint/ros_tcp_endpoint.egg-info to /home/hrs47/ros2_ws/install/ros_tcp_endpoint/lib/python3.12/site-packages/ros_tcp_endpoint-0.0.1-py3.12.egg-info
[1.258s] running install_scripts
[1.408s] Installing default_server_endpoint script to /home/hrs47/ros2_ws/install/ros_tcp_endpoint/lib/ros_tcp_endpoint
[1.408s] writing list of installed files to '/home/hrs47/ros2_ws/build/ros_tcp_endpoint/install.log'
[1.429s] Invoked command in '/home/hrs47/ros2_ws/src/shutter-ros2/modules/ROS-TCP-Endpoint' returned '0': DEBUGINFOD_URLS=https://debuginfod.ubuntu.com PYTHONPATH=/home/hrs47/ros2_ws/build/ros_tcp_endpoint/prefix_override:/usr/lib/python3/dist-packages/colcon_core/task/python/colcon_distutils_commands:/home/hrs47/ros2_ws/install/ros_tcp_endpoint/lib/python3.12/site-packages:${PYTHONPATH} /usr/bin/python3 -W ignore:setup.py install is deprecated -W ignore:easy_install command is deprecated setup.py egg_info --egg-base ../../../../build/ros_tcp_endpoint build --build-base /home/hrs47/ros2_ws/build/ros_tcp_endpoint/build install --record /home/hrs47/ros2_ws/build/ros_tcp_endpoint/install.log --single-version-externally-managed install_data
