-- Install configuration: "Release"
-- Up-to-date: /home/hrs47/ros2_ws/install/shutter_bringup/share/shutter_bringup//launch
-- Up-to-date: /home/hrs47/ros2_ws/install/shutter_bringup/share/shutter_bringup//launch/shutter_sim.launch.py
-- Up-to-date: /home/hrs47/ros2_ws/install/shutter_bringup/share/shutter_bringup//launch/demo.launch.py
-- Up-to-date: /home/hrs47/ros2_ws/install/shutter_bringup/share/shutter_bringup//launch/shutter_unity.launch.py
-- Installing: /home/hrs47/ros2_ws/install/shutter_bringup/share/shutter_bringup//launch/shutter_with_face.launch.py
-- Up-to-date: /home/hrs47/ros2_ws/install/shutter_bringup/share/shutter_bringup//launch/motor_startup_publisher.py
-- Up-to-date: /home/hrs47/ros2_ws/install/shutter_bringup/share/shutter_bringup//launch/shutter.launch.py
-- Up-to-date: /home/hrs47/ros2_ws/install/shutter_bringup/share/shutter_bringup//launch/shutter_webcam.launch.py
-- Up-to-date: /home/hrs47/ros2_ws/install/shutter_bringup/share/shutter_bringup//config
-- Up-to-date: /home/hrs47/ros2_ws/install/shutter_bringup/share/shutter_bringup//config/infer_webcam_id.py
-- Up-to-date: /home/hrs47/ros2_ws/install/shutter_bringup/share/shutter_bringup//config/shutter.v.0.2.yaml
-- Up-to-date: /home/hrs47/ros2_ws/install/shutter_bringup/share/shutter_bringup//config/logitech_c920.yaml
-- Up-to-date: /home/hrs47/ros2_ws/install/shutter_bringup/share/shutter_bringup//config/rviz_target.cfg.rviz
-- Up-to-date: /home/hrs47/ros2_ws/install/shutter_bringup/share/shutter_bringup//config/env-hooks
-- Up-to-date: /home/hrs47/ros2_ws/install/shutter_bringup/share/shutter_bringup//config/env-hooks/.gitkeep
-- Up-to-date: /home/hrs47/ros2_ws/install/shutter_bringup/share/shutter_bringup//config/shutter.v.0.1.yaml
-- Up-to-date: /home/hrs47/ros2_ws/install/shutter_bringup/share/shutter_bringup//config/shutter.v.2.0.yaml
-- Up-to-date: /home/hrs47/ros2_ws/install/shutter_bringup/lib/shutter_bringup/unity_simulation_manager.py
-- Up-to-date: /home/hrs47/ros2_ws/install/shutter_bringup/lib/shutter_bringup/infer_webcam_id.py
-- Up-to-date: /home/hrs47/ros2_ws/install/shutter_bringup/lib/shutter_bringup/motor_startup_publisher.py
-- Up-to-date: /home/hrs47/ros2_ws/install/shutter_bringup/share/ament_index/resource_index/package_run_dependencies/shutter_bringup
-- Up-to-date: /home/hrs47/ros2_ws/install/shutter_bringup/share/ament_index/resource_index/parent_prefix_path/shutter_bringup
-- Up-to-date: /home/hrs47/ros2_ws/install/shutter_bringup/share/shutter_bringup/environment/ament_prefix_path.sh
-- Up-to-date: /home/hrs47/ros2_ws/install/shutter_bringup/share/shutter_bringup/environment/ament_prefix_path.dsv
-- Up-to-date: /home/hrs47/ros2_ws/install/shutter_bringup/share/shutter_bringup/environment/path.sh
-- Up-to-date: /home/hrs47/ros2_ws/install/shutter_bringup/share/shutter_bringup/environment/path.dsv
-- Up-to-date: /home/hrs47/ros2_ws/install/shutter_bringup/share/shutter_bringup/local_setup.bash
-- Up-to-date: /home/hrs47/ros2_ws/install/shutter_bringup/share/shutter_bringup/local_setup.sh
-- Up-to-date: /home/hrs47/ros2_ws/install/shutter_bringup/share/shutter_bringup/local_setup.zsh
-- Up-to-date: /home/hrs47/ros2_ws/install/shutter_bringup/share/shutter_bringup/local_setup.dsv
-- Installing: /home/hrs47/ros2_ws/install/shutter_bringup/share/shutter_bringup/package.dsv
-- Up-to-date: /home/hrs47/ros2_ws/install/shutter_bringup/share/ament_index/resource_index/packages/shutter_bringup
-- Up-to-date: /home/hrs47/ros2_ws/install/shutter_bringup/share/shutter_bringup/cmake/shutter_bringupConfig.cmake
-- Up-to-date: /home/hrs47/ros2_ws/install/shutter_bringup/share/shutter_bringup/cmake/shutter_bringupConfig-version.cmake
-- Up-to-date: /home/hrs47/ros2_ws/install/shutter_bringup/share/shutter_bringup/package.xml
