[0.933s] Invoking command in '/home/hrs47/ros2_ws/src/shutter-ros2/modules/ROS-TCP-Endpoint': DEBUGINFOD_URLS=https://debuginfod.ubuntu.com PS1=(.venv) \[\e]0;\u@\h: \w\a\]${debian_chroot:+($debian_chroot)}\[\033[01;32m\]\u@\h\[\033[00m\]:\[\033[01;34m\]\w\[\033[00m\]\$ PYTHONPATH=/home/hrs47/ros2_ws/build/ros_tcp_endpoint/prefix_override:/usr/lib/python3/dist-packages/colcon_core/task/python/colcon_distutils_commands:/home/hrs47/ros2_ws/install/ros_tcp_endpoint/lib/python3.12/site-packages:${PYTHONPATH} VIRTUAL_ENV_PROMPT=(.venv) /usr/bin/python3 -W ignore:setup.py install is deprecated -W ignore:easy_install command is deprecated setup.py egg_info --egg-base ../../../../build/ros_tcp_endpoint build --build-base /home/hrs47/ros2_ws/build/ros_tcp_endpoint/build install --record /home/hrs47/ros2_ws/build/ros_tcp_endpoint/install.log --single-version-externally-managed install_data
[1.208s] running egg_info
[1.231s] writing ../../../../build/ros_tcp_endpoint/ros_tcp_endpoint.egg-info/PKG-INFO
[1.231s] writing dependency_links to ../../../../build/ros_tcp_endpoint/ros_tcp_endpoint.egg-info/dependency_links.txt
[1.231s] writing entry points to ../../../../build/ros_tcp_endpoint/ros_tcp_endpoint.egg-info/entry_points.txt
[1.231s] writing requirements to ../../../../build/ros_tcp_endpoint/ros_tcp_endpoint.egg-info/requires.txt
[1.231s] writing top-level names to ../../../../build/ros_tcp_endpoint/ros_tcp_endpoint.egg-info/top_level.txt
[1.278s] reading manifest file '../../../../build/ros_tcp_endpoint/ros_tcp_endpoint.egg-info/SOURCES.txt'
[1.278s] adding license file 'LICENSE'
[1.278s] writing manifest file '../../../../build/ros_tcp_endpoint/ros_tcp_endpoint.egg-info/SOURCES.txt'
[1.278s] running build
[1.279s] running build_py
[1.279s] running install
[1.285s] running install_lib
[1.310s] running install_data
[1.310s] running install_egg_info
[1.335s] removing '/home/hrs47/ros2_ws/install/ros_tcp_endpoint/lib/python3.12/site-packages/ros_tcp_endpoint-0.0.1-py3.12.egg-info' (and everything under it)
[1.335s] Copying ../../../../build/ros_tcp_endpoint/ros_tcp_endpoint.egg-info to /home/hrs47/ros2_ws/install/ros_tcp_endpoint/lib/python3.12/site-packages/ros_tcp_endpoint-0.0.1-py3.12.egg-info
[1.335s] running install_scripts
[1.480s] Installing default_server_endpoint script to /home/hrs47/ros2_ws/install/ros_tcp_endpoint/lib/ros_tcp_endpoint
[1.480s] writing list of installed files to '/home/hrs47/ros2_ws/build/ros_tcp_endpoint/install.log'
[1.500s] Invoked command in '/home/hrs47/ros2_ws/src/shutter-ros2/modules/ROS-TCP-Endpoint' returned '0': DEBUGINFOD_URLS=https://debuginfod.ubuntu.com PS1=(.venv) \[\e]0;\u@\h: \w\a\]${debian_chroot:+($debian_chroot)}\[\033[01;32m\]\u@\h\[\033[00m\]:\[\033[01;34m\]\w\[\033[00m\]\$ PYTHONPATH=/home/hrs47/ros2_ws/build/ros_tcp_endpoint/prefix_override:/usr/lib/python3/dist-packages/colcon_core/task/python/colcon_distutils_commands:/home/hrs47/ros2_ws/install/ros_tcp_endpoint/lib/python3.12/site-packages:${PYTHONPATH} VIRTUAL_ENV_PROMPT=(.venv) /usr/bin/python3 -W ignore:setup.py install is deprecated -W ignore:easy_install command is deprecated setup.py egg_info --egg-base ../../../../build/ros_tcp_endpoint build --build-base /home/hrs47/ros2_ws/build/ros_tcp_endpoint/build install --record /home/hrs47/ros2_ws/build/ros_tcp_endpoint/install.log --single-version-externally-managed install_data
