[0.008s] Invoking command in '/home/hrs47/ros2_ws/build/shutter_bringup': AMENT_PREFIX_PATH=/home/hrs47/ros2_ws/install/shutter_description:/home/hrs47/ros2_ws/install/ros_tcp_endpoint:${AMENT_PREFIX_PATH} CMAKE_PREFIX_PATH=/home/hrs47/ros2_ws/install/shutter_description:/opt/ros/jazzy/opt/sdformat_vendor:/opt/ros/jazzy/opt/gz_math_vendor:/opt/ros/jazzy/opt/gz_utils_vendor:/opt/ros/jazzy/opt/gz_tools_vendor:/opt/ros/jazzy/opt/gz_cmake_vendor:/opt/ros/jazzy DEBUGINFOD_URLS=https://debuginfod.ubuntu.com PYTHONPATH=/home/hrs47/ros2_ws/install/ros_tcp_endpoint/lib/python3.12/site-packages:${PYTHONPATH} /usr/bin/cmake /home/hrs47/ros2_ws/src/shutter-ros2/shutter_bringup -DCMAKE_BUILD_TYPE=Release -DCMAKE_INSTALL_PREFIX=/home/hrs47/ros2_ws/install/shutter_bringup
[0.057s] -- The C compiler identification is GNU 13.3.0
[0.114s] -- The CXX compiler identification is GNU 13.3.0
[0.129s] -- Detecting C compiler ABI info
[0.212s] -- Detecting C compiler ABI info - done
[0.223s] -- Check for working C compiler: /usr/bin/cc - skipped
[0.223s] -- Detecting C compile features
[0.224s] -- Detecting C compile features - done
[0.233s] -- Detecting CXX compiler ABI info
[0.351s] -- Detecting CXX compiler ABI info - done
[0.361s] -- Check for working CXX compiler: /usr/bin/c++ - skipped
[0.361s] -- Detecting CXX compile features
[0.361s] -- Detecting CXX compile features - done
[0.364s] -- Found ament_cmake: 2.5.4 (/opt/ros/jazzy/share/ament_cmake/cmake)
[0.844s] -- Found Python3: /home/app/.pyenv/shims/python3 (found version "3.12.3") found components: Interpreter 
[1.005s] -- Found rclpy: 7.1.5 (/opt/ros/jazzy/share/rclpy/cmake)
[1.010s] -- Found std_msgs: 5.3.6 (/opt/ros/jazzy/share/std_msgs/cmake)
[1.056s] -- Found rosidl_generator_c: 4.6.6 (/opt/ros/jazzy/share/rosidl_generator_c/cmake)
[1.069s] -- Found rosidl_generator_cpp: 4.6.6 (/opt/ros/jazzy/share/rosidl_generator_cpp/cmake)
[1.085s] -- Using all available rosidl_typesupport_c: rosidl_typesupport_fastrtps_c;rosidl_typesupport_introspection_c
[1.103s] -- Using all available rosidl_typesupport_cpp: rosidl_typesupport_fastrtps_cpp;rosidl_typesupport_introspection_cpp
[1.134s] -- Found sensor_msgs: 5.3.6 (/opt/ros/jazzy/share/sensor_msgs/cmake)
[1.187s] -- Found ament_lint_auto: 0.17.3 (/opt/ros/jazzy/share/ament_lint_auto/cmake)
[1.317s] -- Added test 'copyright' to check source files copyright and LICENSE
[1.320s] -- Added test 'flake8' to check Python code syntax and style conventions
[1.320s] -- Configured 'flake8' exclude dirs and/or files: 
[1.321s] -- Added test 'lint_cmake' to check CMake code style
[1.322s] -- Added test 'pep257' to check Python code against some of the docstring style conventions in PEP 257
[1.323s] -- Added test 'xmllint' to check XML markup files
[1.324s] -- Configuring done (1.3s)
[1.328s] -- Generating done (0.0s)
[1.330s] -- Build files have been written to: /home/hrs47/ros2_ws/build/shutter_bringup
[1.336s] Invoked command in '/home/hrs47/ros2_ws/build/shutter_bringup' returned '0': AMENT_PREFIX_PATH=/home/hrs47/ros2_ws/install/shutter_description:/home/hrs47/ros2_ws/install/ros_tcp_endpoint:${AMENT_PREFIX_PATH} CMAKE_PREFIX_PATH=/home/hrs47/ros2_ws/install/shutter_description:/opt/ros/jazzy/opt/sdformat_vendor:/opt/ros/jazzy/opt/gz_math_vendor:/opt/ros/jazzy/opt/gz_utils_vendor:/opt/ros/jazzy/opt/gz_tools_vendor:/opt/ros/jazzy/opt/gz_cmake_vendor:/opt/ros/jazzy DEBUGINFOD_URLS=https://debuginfod.ubuntu.com PYTHONPATH=/home/hrs47/ros2_ws/install/ros_tcp_endpoint/lib/python3.12/site-packages:${PYTHONPATH} /usr/bin/cmake /home/hrs47/ros2_ws/src/shutter-ros2/shutter_bringup -DCMAKE_BUILD_TYPE=Release -DCMAKE_INSTALL_PREFIX=/home/hrs47/ros2_ws/install/shutter_bringup
[1.337s] Invoking command in '/home/hrs47/ros2_ws/build/shutter_bringup': AMENT_PREFIX_PATH=/home/hrs47/ros2_ws/install/shutter_description:/home/hrs47/ros2_ws/install/ros_tcp_endpoint:${AMENT_PREFIX_PATH} CMAKE_PREFIX_PATH=/home/hrs47/ros2_ws/install/shutter_description:/opt/ros/jazzy/opt/sdformat_vendor:/opt/ros/jazzy/opt/gz_math_vendor:/opt/ros/jazzy/opt/gz_utils_vendor:/opt/ros/jazzy/opt/gz_tools_vendor:/opt/ros/jazzy/opt/gz_cmake_vendor:/opt/ros/jazzy DEBUGINFOD_URLS=https://debuginfod.ubuntu.com PYTHONPATH=/home/hrs47/ros2_ws/install/ros_tcp_endpoint/lib/python3.12/site-packages:${PYTHONPATH} /usr/bin/cmake --build /home/hrs47/ros2_ws/build/shutter_bringup -- -j12 -l12
[1.372s] Invoked command in '/home/hrs47/ros2_ws/build/shutter_bringup' returned '0': AMENT_PREFIX_PATH=/home/hrs47/ros2_ws/install/shutter_description:/home/hrs47/ros2_ws/install/ros_tcp_endpoint:${AMENT_PREFIX_PATH} CMAKE_PREFIX_PATH=/home/hrs47/ros2_ws/install/shutter_description:/opt/ros/jazzy/opt/sdformat_vendor:/opt/ros/jazzy/opt/gz_math_vendor:/opt/ros/jazzy/opt/gz_utils_vendor:/opt/ros/jazzy/opt/gz_tools_vendor:/opt/ros/jazzy/opt/gz_cmake_vendor:/opt/ros/jazzy DEBUGINFOD_URLS=https://debuginfod.ubuntu.com PYTHONPATH=/home/hrs47/ros2_ws/install/ros_tcp_endpoint/lib/python3.12/site-packages:${PYTHONPATH} /usr/bin/cmake --build /home/hrs47/ros2_ws/build/shutter_bringup -- -j12 -l12
[1.373s] Invoking command in '/home/hrs47/ros2_ws/build/shutter_bringup': AMENT_PREFIX_PATH=/home/hrs47/ros2_ws/install/shutter_description:/home/hrs47/ros2_ws/install/ros_tcp_endpoint:${AMENT_PREFIX_PATH} CMAKE_PREFIX_PATH=/home/hrs47/ros2_ws/install/shutter_description:/opt/ros/jazzy/opt/sdformat_vendor:/opt/ros/jazzy/opt/gz_math_vendor:/opt/ros/jazzy/opt/gz_utils_vendor:/opt/ros/jazzy/opt/gz_tools_vendor:/opt/ros/jazzy/opt/gz_cmake_vendor:/opt/ros/jazzy DEBUGINFOD_URLS=https://debuginfod.ubuntu.com PYTHONPATH=/home/hrs47/ros2_ws/install/ros_tcp_endpoint/lib/python3.12/site-packages:${PYTHONPATH} /usr/bin/cmake --install /home/hrs47/ros2_ws/build/shutter_bringup
[1.381s] -- Install configuration: "Release"
[1.381s] -- Installing: /home/hrs47/ros2_ws/install/shutter_bringup/share/shutter_bringup//launch
[1.381s] -- Installing: /home/hrs47/ros2_ws/install/shutter_bringup/share/shutter_bringup//launch/shutter_sim.launch.py
[1.381s] -- Installing: /home/hrs47/ros2_ws/install/shutter_bringup/share/shutter_bringup//launch/demo.launch.py
[1.382s] -- Installing: /home/hrs47/ros2_ws/install/shutter_bringup/share/shutter_bringup//launch/shutter_unity.launch.py
[1.382s] -- Installing: /home/hrs47/ros2_ws/install/shutter_bringup/share/shutter_bringup//launch/shutter_with_face.launch.py
[1.382s] -- Installing: /home/hrs47/ros2_ws/install/shutter_bringup/share/shutter_bringup//launch/shutter.launch.py
[1.382s] -- Installing: /home/hrs47/ros2_ws/install/shutter_bringup/share/shutter_bringup//launch/shutter_webcam.launch.py
[1.382s] -- Installing: /home/hrs47/ros2_ws/install/shutter_bringup/share/shutter_bringup//config
[1.382s] -- Installing: /home/hrs47/ros2_ws/install/shutter_bringup/share/shutter_bringup//config/infer_webcam_id.py
[1.383s] -- Installing: /home/hrs47/ros2_ws/install/shutter_bringup/share/shutter_bringup//config/shutter.v.0.2.yaml
[1.383s] -- Installing: /home/hrs47/ros2_ws/install/shutter_bringup/share/shutter_bringup//config/logitech_c920.yaml
[1.383s] -- Installing: /home/hrs47/ros2_ws/install/shutter_bringup/share/shutter_bringup//config/rviz_target.cfg.rviz
[1.383s] -- Installing: /home/hrs47/ros2_ws/install/shutter_bringup/share/shutter_bringup//config/env-hooks
[1.383s] -- Installing: /home/hrs47/ros2_ws/install/shutter_bringup/share/shutter_bringup//config/env-hooks/.gitkeep
[1.383s] -- Installing: /home/hrs47/ros2_ws/install/shutter_bringup/share/shutter_bringup//config/shutter.v.0.1.yaml
[1.384s] -- Installing: /home/hrs47/ros2_ws/install/shutter_bringup/share/shutter_bringup//config/shutter.v.2.0.yaml
[1.384s] -- Installing: /home/hrs47/ros2_ws/install/shutter_bringup/lib/shutter_bringup/unity_simulation_manager.py
[1.384s] -- Installing: /home/hrs47/ros2_ws/install/shutter_bringup/lib/shutter_bringup/infer_webcam_id.py
[1.384s] -- Installing: /home/hrs47/ros2_ws/install/shutter_bringup/share/ament_index/resource_index/package_run_dependencies/shutter_bringup
[1.384s] -- Installing: /home/hrs47/ros2_ws/install/shutter_bringup/share/ament_index/resource_index/parent_prefix_path/shutter_bringup
[1.384s] -- Installing: /home/hrs47/ros2_ws/install/shutter_bringup/share/shutter_bringup/environment/ament_prefix_path.sh
[1.385s] -- Installing: /home/hrs47/ros2_ws/install/shutter_bringup/share/shutter_bringup/environment/ament_prefix_path.dsv
[1.385s] -- Installing: /home/hrs47/ros2_ws/install/shutter_bringup/share/shutter_bringup/environment/path.sh
[1.385s] -- Installing: /home/hrs47/ros2_ws/install/shutter_bringup/share/shutter_bringup/environment/path.dsv
[1.385s] -- Installing: /home/hrs47/ros2_ws/install/shutter_bringup/share/shutter_bringup/local_setup.bash
[1.385s] -- Installing: /home/hrs47/ros2_ws/install/shutter_bringup/share/shutter_bringup/local_setup.sh
[1.385s] -- Installing: /home/hrs47/ros2_ws/install/shutter_bringup/share/shutter_bringup/local_setup.zsh
[1.385s] -- Installing: /home/hrs47/ros2_ws/install/shutter_bringup/share/shutter_bringup/local_setup.dsv
[1.385s] -- Installing: /home/hrs47/ros2_ws/install/shutter_bringup/share/shutter_bringup/package.dsv
[1.386s] -- Installing: /home/hrs47/ros2_ws/install/shutter_bringup/share/ament_index/resource_index/packages/shutter_bringup
[1.386s] -- Installing: /home/hrs47/ros2_ws/install/shutter_bringup/share/shutter_bringup/cmake/shutter_bringupConfig.cmake
[1.386s] -- Installing: /home/hrs47/ros2_ws/install/shutter_bringup/share/shutter_bringup/cmake/shutter_bringupConfig-version.cmake
[1.386s] -- Installing: /home/hrs47/ros2_ws/install/shutter_bringup/share/shutter_bringup/package.xml
[1.387s] Invoked command in '/home/hrs47/ros2_ws/build/shutter_bringup' returned '0': AMENT_PREFIX_PATH=/home/hrs47/ros2_ws/install/shutter_description:/home/hrs47/ros2_ws/install/ros_tcp_endpoint:${AMENT_PREFIX_PATH} CMAKE_PREFIX_PATH=/home/hrs47/ros2_ws/install/shutter_description:/opt/ros/jazzy/opt/sdformat_vendor:/opt/ros/jazzy/opt/gz_math_vendor:/opt/ros/jazzy/opt/gz_utils_vendor:/opt/ros/jazzy/opt/gz_tools_vendor:/opt/ros/jazzy/opt/gz_cmake_vendor:/opt/ros/jazzy DEBUGINFOD_URLS=https://debuginfod.ubuntu.com PYTHONPATH=/home/hrs47/ros2_ws/install/ros_tcp_endpoint/lib/python3.12/site-packages:${PYTHONPATH} /usr/bin/cmake --install /home/hrs47/ros2_ws/build/shutter_bringup
