-- The C compiler identification is GNU 13.3.0
-- The CXX compiler identification is GNU 13.3.0
-- Detecting C compiler ABI info
-- Detecting C compiler ABI info - done
-- Check for working C compiler: /usr/bin/cc - skipped
-- Detecting C compile features
-- Detecting C compile features - done
-- Detecting CXX compiler ABI info
-- Detecting CXX compiler ABI info - done
-- Check for working CXX compiler: /usr/bin/c++ - skipped
-- Detecting CXX compile features
-- Detecting CXX compile features - done
-- Found ament_cmake: 2.5.4 (/opt/ros/jazzy/share/ament_cmake/cmake)
-- Found Python3: /home/hrs47/ros2_ws/.venv/bin/python3 (found version "3.12.3") found components: Interpreter 
-- Found rclcpp: 28.1.11 (/opt/ros/jazzy/share/rclcpp/cmake)
-- Found rosidl_generator_c: 4.6.6 (/opt/ros/jazzy/share/rosidl_generator_c/cmake)
-- Found rosidl_generator_cpp: 4.6.6 (/opt/ros/jazzy/share/rosidl_generator_cpp/cmake)
-- Using all available rosidl_typesupport_c: rosidl_typesupport_fastrtps_c;rosidl_typesupport_introspection_c
-- Using all available rosidl_typesupport_cpp: rosidl_typesupport_fastrtps_cpp;rosidl_typesupport_introspection_cpp
-- Found rmw_implementation_cmake: 7.3.2 (/opt/ros/jazzy/share/rmw_implementation_cmake/cmake)
-- Found rmw_fastrtps_cpp: 8.4.3 (/opt/ros/jazzy/share/rmw_fastrtps_cpp/cmake)
-- Found OpenSSL: /usr/lib/x86_64-linux-gnu/libcrypto.so (found version "3.0.13")  
-- Found FastRTPS: /opt/ros/jazzy/include (Required is at least version "2.13") 
-- Using RMW implementation 'rmw_fastrtps_cpp' as default
-- Found sensor_msgs: 5.3.6 (/opt/ros/jazzy/share/sensor_msgs/cmake)
-- Found dynamixel_workbench_toolbox: 2.2.5 (/opt/ros/jazzy/share/dynamixel_workbench_toolbox/cmake)
-- Found dynamixel_workbench_msgs: 2.1.0 (/opt/ros/jazzy/share/dynamixel_workbench_msgs/cmake)
-- Found joint_limits: 4.38.0 (/opt/ros/jazzy/share/joint_limits/cmake)
-- Configuring done (1.8s)
-- Generating done (0.0s)
-- Build files have been written to: /home/hrs47/ros2_ws/src/shutter-ros2/build/shutter_hardware_interface
[ 20%] [32mBuilding CXX object CMakeFiles/shutter_hw_core.dir/src/dynamixel_ros_control.cpp.o[0m
[ 40%] [32mBuilding CXX object CMakeFiles/shutter_hw_core.dir/src/shutter_position_interface.cpp.o[0m
[ 60%] [32m[1mLinking CXX shared library libshutter_hw_core.so[0m
[ 60%] Built target shutter_hw_core
[ 80%] [32mBuilding CXX object CMakeFiles/shutter_position_node.dir/src/shutter_position_node.cpp.o[0m
gmake[2]: *** [CMakeFiles/shutter_position_node.dir/build.make:76: CMakeFiles/shutter_position_node.dir/src/shutter_position_node.cpp.o] Interrupt
gmake[1]: *** [CMakeFiles/Makefile2:165: CMakeFiles/shutter_position_node.dir/all] Interrupt
gmake: *** [Makefile:146: all] Interrupt
