[0.206s] Invoking command in '/home/hrs47/ros2_ws/build/shutter_description': CMAKE_PREFIX_PATH=${CMAKE_PREFIX_PATH}:/opt/ros/jazzy DEBUGINFOD_URLS=https://debuginfod.ubuntu.com /usr/bin/cmake /home/hrs47/ros2_ws/src/shutter-ros2/shutter_description -DCMAKE_BUILD_TYPE=Release -DCMAKE_INSTALL_PREFIX=/home/hrs47/ros2_ws/install/shutter_description
[0.256s] -- The C compiler identification is GNU 13.3.0
[0.309s] -- The CXX compiler identification is GNU 13.3.0
[0.324s] -- Detecting C compiler ABI info
[0.403s] -- Detecting C compiler ABI info - done
[0.412s] -- Check for working C compiler: /usr/bin/cc - skipped
[0.412s] -- Detecting C compile features
[0.413s] -- Detecting C compile features - done
[0.421s] -- Detecting CXX compiler ABI info
[0.509s] -- Detecting CXX compiler ABI info - done
[0.519s] -- Check for working CXX compiler: /usr/bin/c++ - skipped
[0.519s] -- Detecting CXX compile features
[0.519s] -- Detecting CXX compile features - done
[0.522s] -- Found ament_cmake: 2.5.4 (/opt/ros/jazzy/share/ament_cmake/cmake)
[0.899s] -- Found Python3: /home/app/.pyenv/shims/python3 (found version "3.12.3") found components: Interpreter 
[1.030s] -- Found urdf: 2.10.0 (/opt/ros/jazzy/share/urdf/cmake)
[1.066s] -- Found TinyXML2 via Config file: /usr/lib/x86_64-linux-gnu/cmake/tinyxml2
[1.075s] -- Found xacro: 2.0.13 (/opt/ros/jazzy/share/xacro/cmake)
[1.077s] -- Found ament_lint_auto: 0.17.3 (/opt/ros/jazzy/share/ament_lint_auto/cmake)
[1.210s] -- Added test 'copyright' to check source files copyright and LICENSE
[1.216s] -- Added test 'flake8' to check Python code syntax and style conventions
[1.216s] -- Configured 'flake8' exclude dirs and/or files: 
[1.217s] -- Added test 'lint_cmake' to check CMake code style
[1.218s] -- Added test 'pep257' to check Python code against some of the docstring style conventions in PEP 257
[1.221s] -- Added test 'xmllint' to check XML markup files
[1.222s] -- Configuring done (1.0s)
[1.225s] -- Generating done (0.0s)
[1.228s] -- Build files have been written to: /home/hrs47/ros2_ws/build/shutter_description
[1.232s] Invoked command in '/home/hrs47/ros2_ws/build/shutter_description' returned '0': CMAKE_PREFIX_PATH=${CMAKE_PREFIX_PATH}:/opt/ros/jazzy DEBUGINFOD_URLS=https://debuginfod.ubuntu.com /usr/bin/cmake /home/hrs47/ros2_ws/src/shutter-ros2/shutter_description -DCMAKE_BUILD_TYPE=Release -DCMAKE_INSTALL_PREFIX=/home/hrs47/ros2_ws/install/shutter_description
[1.233s] Invoking command in '/home/hrs47/ros2_ws/build/shutter_description': CMAKE_PREFIX_PATH=${CMAKE_PREFIX_PATH}:/opt/ros/jazzy DEBUGINFOD_URLS=https://debuginfod.ubuntu.com /usr/bin/cmake --build /home/hrs47/ros2_ws/build/shutter_description -- -j12 -l12
[1.269s] Invoked command in '/home/hrs47/ros2_ws/build/shutter_description' returned '0': CMAKE_PREFIX_PATH=${CMAKE_PREFIX_PATH}:/opt/ros/jazzy DEBUGINFOD_URLS=https://debuginfod.ubuntu.com /usr/bin/cmake --build /home/hrs47/ros2_ws/build/shutter_description -- -j12 -l12
[1.277s] Invoking command in '/home/hrs47/ros2_ws/build/shutter_description': CMAKE_PREFIX_PATH=${CMAKE_PREFIX_PATH}:/opt/ros/jazzy DEBUGINFOD_URLS=https://debuginfod.ubuntu.com /usr/bin/cmake --install /home/hrs47/ros2_ws/build/shutter_description
[1.284s] -- Install configuration: "Release"
[1.284s] -- Installing: /home/hrs47/ros2_ws/install/shutter_description/share/shutter_description//launch
[1.284s] -- Installing: /home/hrs47/ros2_ws/install/shutter_description/share/shutter_description//launch/shutter_rviz.launch.py
[1.284s] -- Installing: /home/hrs47/ros2_ws/install/shutter_description/share/shutter_description//launch/load_description.launch.py
[1.284s] -- Installing: /home/hrs47/ros2_ws/install/shutter_description/share/shutter_description//config
[1.284s] -- Installing: /home/hrs47/ros2_ws/install/shutter_description/share/shutter_description//config/robot_view.rviz
[1.285s] -- Installing: /home/hrs47/ros2_ws/install/shutter_description/share/shutter_description//meshes
[1.285s] -- Installing: /home/hrs47/ros2_ws/install/shutter_description/share/shutter_description//meshes/shoulder_link.stl
[1.285s] -- Installing: /home/hrs47/ros2_ws/install/shutter_description/share/shutter_description//meshes/base_link.stl
[1.285s] -- Installing: /home/hrs47/ros2_ws/install/shutter_description/share/shutter_description//meshes/biceps_link.new.stl
[1.285s] -- Installing: /home/hrs47/ros2_ws/install/shutter_description/share/shutter_description//meshes/head.obj
[1.287s] -- Installing: /home/hrs47/ros2_ws/install/shutter_description/share/shutter_description//meshes/d435.dae
[1.297s] -- Installing: /home/hrs47/ros2_ws/install/shutter_description/share/shutter_description//meshes/forearm_link.new.stl
[1.297s] -- Installing: /home/hrs47/ros2_ws/install/shutter_description/share/shutter_description//meshes/forearm_link.stl
[1.297s] -- Installing: /home/hrs47/ros2_ws/install/shutter_description/share/shutter_description//meshes/cart_in_meters.obj
[1.323s] -- Installing: /home/hrs47/ros2_ws/install/shutter_description/share/shutter_description//meshes/wrist_link_no_motor.stl
[1.323s] -- Installing: /home/hrs47/ros2_ws/install/shutter_description/share/shutter_description//meshes/biceps_link.stl
[1.323s] -- Installing: /home/hrs47/ros2_ws/install/shutter_description/share/shutter_description//robots
[1.323s] -- Installing: /home/hrs47/ros2_ws/install/shutter_description/share/shutter_description//robots/shutter.v.0.1.dae
[1.323s] -- Installing: /home/hrs47/ros2_ws/install/shutter_description/share/shutter_description//robots/shutter.v.0.1.urdf
[1.323s] -- Installing: /home/hrs47/ros2_ws/install/shutter_description/share/shutter_description//robots/shutter.v.0.1.openrave.xml
[1.324s] -- Installing: /home/hrs47/ros2_ws/install/shutter_description/share/shutter_description//robots/shutter.v.2.0.xacro
[1.324s] -- Installing: /home/hrs47/ros2_ws/install/shutter_description/share/shutter_description//robots/shutter.v.0.1.xacro
[1.324s] -- Installing: /home/hrs47/ros2_ws/install/shutter_description/share/shutter_description//robots/shutter.v.unity.xacro
[1.324s] -- Installing: /home/hrs47/ros2_ws/install/shutter_description/share/shutter_description//robots/shutter.v.3.0.xacro
[1.324s] -- Installing: /home/hrs47/ros2_ws/install/shutter_description/share/shutter_description//robots/shutter.v.0.2.xacro
[1.324s] -- Installing: /home/hrs47/ros2_ws/install/shutter_description/share/shutter_description//robots/generated_urdf
[1.324s] -- Installing: /home/hrs47/ros2_ws/install/shutter_description/share/shutter_description//robots/generated_urdf/shutter.v.3.0.urdf
[1.324s] -- Installing: /home/hrs47/ros2_ws/install/shutter_description/share/shutter_description//robots/generated_urdf/shutter.v.2.0.urdf
[1.324s] -- Installing: /home/hrs47/ros2_ws/install/shutter_description/share/shutter_description//robots/shutter.v.4.1.xacro
[1.324s] -- Installing: /home/hrs47/ros2_ws/install/shutter_description/share/shutter_description//robots/shutter.v.4.0.xacro
[1.324s] -- Installing: /home/hrs47/ros2_ws/install/shutter_description/share/shutter_description//urdf
[1.324s] -- Installing: /home/hrs47/ros2_ws/install/shutter_description/share/shutter_description//urdf/shutter.v.2.xacro
[1.325s] -- Installing: /home/hrs47/ros2_ws/install/shutter_description/share/shutter_description//urdf/third_party
[1.325s] -- Installing: /home/hrs47/ros2_ws/install/shutter_description/share/shutter_description//urdf/third_party/azure_kinect.urdf.xacro
[1.325s] -- Installing: /home/hrs47/ros2_ws/install/shutter_description/share/shutter_description//urdf/third_party/sensor-zed.urdf.xacro
[1.325s] -- Installing: /home/hrs47/ros2_ws/install/shutter_description/share/shutter_description//urdf/third_party/realsense_d435.urdf.xacro
[1.325s] -- Installing: /home/hrs47/ros2_ws/install/shutter_description/share/shutter_description//urdf/third_party/widowx-nogripper.v.2.0.urdf.xacro
[1.325s] -- Installing: /home/hrs47/ros2_ws/install/shutter_description/share/shutter_description//urdf/third_party/widowx-nogripper.v.0.2.urdf.xacro
[1.325s] -- Installing: /home/hrs47/ros2_ws/install/shutter_description/share/shutter_description//urdf/third_party/widowx-nogripper.urdf.xacro
[1.325s] -- Installing: /home/hrs47/ros2_ws/install/shutter_description/share/shutter_description//urdf/shutter.v.1.xacro
[1.325s] -- Installing: /home/hrs47/ros2_ws/install/shutter_description/share/shutter_description//urdf/zed_urdf
[1.325s] -- Installing: /home/hrs47/ros2_ws/install/shutter_description/share/shutter_description//urdf/zed_urdf/zed.urdf
[1.326s] -- Installing: /home/hrs47/ros2_ws/install/shutter_description/share/shutter_description//urdf/zed_urdf/ZED.stl
[1.326s] -- Installing: /home/hrs47/ros2_ws/install/shutter_description/share/shutter_description//urdf/core
[1.326s] -- Installing: /home/hrs47/ros2_ws/install/shutter_description/share/shutter_description//urdf/core/shutter_cart.xacro
[1.326s] -- Installing: /home/hrs47/ros2_ws/install/shutter_description/share/shutter_description//urdf/core/shutter_head.v.1.xacro
[1.326s] -- Installing: /home/hrs47/ros2_ws/install/shutter_description/share/shutter_description//urdf/core/shutter_arm.xacro
[1.326s] -- Installing: /home/hrs47/ros2_ws/install/shutter_description/share/shutter_description//urdf/core/shutter_head.v.2.xacro
[1.326s] -- Installing: /home/hrs47/ros2_ws/install/shutter_description/lib/shutter_description/generate_ikfast_cpp.py
[1.326s] -- Installing: /home/hrs47/ros2_ws/install/shutter_description/lib/shutter_description/make_ikfast_cpp.sh
[1.326s] -- Installing: /home/hrs47/ros2_ws/install/shutter_description/lib/shutter_description/urdf_from_xacro.sh
[1.326s] -- Installing: /home/hrs47/ros2_ws/install/shutter_description/share/ament_index/resource_index/package_run_dependencies/shutter_description
[1.327s] -- Installing: /home/hrs47/ros2_ws/install/shutter_description/share/ament_index/resource_index/parent_prefix_path/shutter_description
[1.327s] -- Installing: /home/hrs47/ros2_ws/install/shutter_description/share/shutter_description/environment/ament_prefix_path.sh
[1.327s] -- Installing: /home/hrs47/ros2_ws/install/shutter_description/share/shutter_description/environment/ament_prefix_path.dsv
[1.327s] -- Installing: /home/hrs47/ros2_ws/install/shutter_description/share/shutter_description/environment/path.sh
[1.327s] -- Installing: /home/hrs47/ros2_ws/install/shutter_description/share/shutter_description/environment/path.dsv
[1.327s] -- Installing: /home/hrs47/ros2_ws/install/shutter_description/share/shutter_description/local_setup.bash
[1.327s] -- Installing: /home/hrs47/ros2_ws/install/shutter_description/share/shutter_description/local_setup.sh
[1.327s] -- Installing: /home/hrs47/ros2_ws/install/shutter_description/share/shutter_description/local_setup.zsh
[1.328s] -- Installing: /home/hrs47/ros2_ws/install/shutter_description/share/shutter_description/local_setup.dsv
[1.328s] -- Installing: /home/hrs47/ros2_ws/install/shutter_description/share/shutter_description/package.dsv
[1.328s] -- Installing: /home/hrs47/ros2_ws/install/shutter_description/share/ament_index/resource_index/packages/shutter_description
[1.328s] -- Installing: /home/hrs47/ros2_ws/install/shutter_description/share/shutter_description/cmake/shutter_descriptionConfig.cmake
[1.328s] -- Installing: /home/hrs47/ros2_ws/install/shutter_description/share/shutter_description/cmake/shutter_descriptionConfig-version.cmake
[1.328s] -- Installing: /home/hrs47/ros2_ws/install/shutter_description/share/shutter_description/package.xml
[1.330s] Invoked command in '/home/hrs47/ros2_ws/build/shutter_description' returned '0': CMAKE_PREFIX_PATH=${CMAKE_PREFIX_PATH}:/opt/ros/jazzy DEBUGINFOD_URLS=https://debuginfod.ubuntu.com /usr/bin/cmake --install /home/hrs47/ros2_ws/build/shutter_description
