[0.169s] DEBUG:colcon:Command line arguments: ['/usr/bin/colcon', 'build']
[0.169s] DEBUG:colcon:Parsed command line arguments: Namespace(log_base=None, log_level=None, verb_name='build', build_base='build', install_base='install', merge_install=False, symlink_install=False, test_result_base=None, continue_on_error=False, executor='parallel', parallel_workers=12, event_handlers=None, ignore_user_meta=False, metas=['./colcon.meta'], base_paths=['.'], packages_ignore=None, packages_ignore_regex=None, paths=None, packages_up_to=None, packages_up_to_regex=None, packages_above=None, packages_above_and_dependencies=None, packages_above_depth=None, packages_select_by_dep=None, packages_skip_by_dep=None, packages_skip_up_to=None, packages_select_build_failed=False, packages_skip_build_finished=False, packages_select_test_failures=False, packages_skip_test_passed=False, packages_select=None, packages_skip=None, packages_select_regex=None, packages_skip_regex=None, packages_start=None, packages_end=None, allow_overriding=[], cmake_args=None, cmake_target=None, cmake_target_skip_unavailable=False, cmake_clean_cache=False, cmake_clean_first=False, cmake_force_configure=False, ament_cmake_args=None, catkin_cmake_args=None, catkin_skip_building_tests=False, mixin_files=None, mixin=None, verb_parser=<colcon_mixin.mixin.mixin_argument.MixinArgumentDecorator object at 0x7a90a9ce8f20>, verb_extension=<colcon_core.verb.build.BuildVerb object at 0x7a90a9ce8c50>, main=<bound method BuildVerb.main of <colcon_core.verb.build.BuildVerb object at 0x7a90a9ce8c50>>, mixin_verb=('build',))
[0.231s] Level 1:colcon.colcon_core.package_discovery:discover_packages(colcon_meta) check parameters
[0.231s] Level 1:colcon.colcon_core.package_discovery:discover_packages(recursive) check parameters
[0.231s] Level 1:colcon.colcon_core.package_discovery:discover_packages(ignore) check parameters
[0.231s] Level 1:colcon.colcon_core.package_discovery:discover_packages(path) check parameters
[0.231s] Level 1:colcon.colcon_core.package_discovery:discover_packages(colcon_meta) discover
[0.231s] Level 1:colcon.colcon_core.package_discovery:discover_packages(recursive) discover
[0.231s] INFO:colcon.colcon_core.package_discovery:Crawling recursively for packages in '/home/hrs47/ros2_ws'
[0.231s] Level 1:colcon.colcon_core.package_identification:_identify(.) by extensions ['ignore', 'ignore_ament_install']
[0.231s] Level 1:colcon.colcon_core.package_identification:_identify(.) by extension 'ignore'
[0.231s] Level 1:colcon.colcon_core.package_identification:_identify(.) by extension 'ignore_ament_install'
[0.232s] Level 1:colcon.colcon_core.package_identification:_identify(.) by extensions ['colcon_pkg']
[0.232s] Level 1:colcon.colcon_core.package_identification:_identify(.) by extension 'colcon_pkg'
[0.232s] Level 1:colcon.colcon_core.package_identification:_identify(.) by extensions ['colcon_meta']
[0.232s] Level 1:colcon.colcon_core.package_identification:_identify(.) by extension 'colcon_meta'
[0.232s] Level 1:colcon.colcon_core.package_identification:_identify(.) by extensions ['ros']
[0.232s] Level 1:colcon.colcon_core.package_identification:_identify(.) by extension 'ros'
[0.287s] Level 1:colcon.colcon_core.package_identification:_identify(.) by extensions ['cmake', 'python']
[0.287s] Level 1:colcon.colcon_core.package_identification:_identify(.) by extension 'cmake'
[0.287s] Level 1:colcon.colcon_core.package_identification:_identify(.) by extension 'python'
[0.287s] Level 1:colcon.colcon_core.package_identification:_identify(.) by extensions ['python_setup_py']
[0.287s] Level 1:colcon.colcon_core.package_identification:_identify(.) by extension 'python_setup_py'
[0.288s] Level 1:colcon.colcon_core.package_identification:_identify(build) by extensions ['ignore', 'ignore_ament_install']
[0.288s] Level 1:colcon.colcon_core.package_identification:_identify(build) by extension 'ignore'
[0.288s] Level 1:colcon.colcon_core.package_identification:_identify(build) ignored
[0.288s] Level 1:colcon.colcon_core.package_identification:_identify(install) by extensions ['ignore', 'ignore_ament_install']
[0.288s] Level 1:colcon.colcon_core.package_identification:_identify(install) by extension 'ignore'
[0.288s] Level 1:colcon.colcon_core.package_identification:_identify(install) ignored
[0.288s] Level 1:colcon.colcon_core.package_identification:_identify(log) by extensions ['ignore', 'ignore_ament_install']
[0.288s] Level 1:colcon.colcon_core.package_identification:_identify(log) by extension 'ignore'
[0.288s] Level 1:colcon.colcon_core.package_identification:_identify(log) ignored
[0.288s] Level 1:colcon.colcon_core.package_identification:_identify(src) by extensions ['ignore', 'ignore_ament_install']
[0.288s] Level 1:colcon.colcon_core.package_identification:_identify(src) by extension 'ignore'
[0.288s] Level 1:colcon.colcon_core.package_identification:_identify(src) by extension 'ignore_ament_install'
[0.288s] Level 1:colcon.colcon_core.package_identification:_identify(src) by extensions ['colcon_pkg']
[0.288s] Level 1:colcon.colcon_core.package_identification:_identify(src) by extension 'colcon_pkg'
[0.288s] Level 1:colcon.colcon_core.package_identification:_identify(src) by extensions ['colcon_meta']
[0.288s] Level 1:colcon.colcon_core.package_identification:_identify(src) by extension 'colcon_meta'
[0.288s] Level 1:colcon.colcon_core.package_identification:_identify(src) by extensions ['ros']
[0.288s] Level 1:colcon.colcon_core.package_identification:_identify(src) by extension 'ros'
[0.289s] Level 1:colcon.colcon_core.package_identification:_identify(src) by extensions ['cmake', 'python']
[0.289s] Level 1:colcon.colcon_core.package_identification:_identify(src) by extension 'cmake'
[0.289s] Level 1:colcon.colcon_core.package_identification:_identify(src) by extension 'python'
[0.289s] Level 1:colcon.colcon_core.package_identification:_identify(src) by extensions ['python_setup_py']
[0.289s] Level 1:colcon.colcon_core.package_identification:_identify(src) by extension 'python_setup_py'
[0.289s] Level 1:colcon.colcon_core.package_identification:_identify(src/shutter-ros2) by extensions ['ignore', 'ignore_ament_install']
[0.289s] Level 1:colcon.colcon_core.package_identification:_identify(src/shutter-ros2) by extension 'ignore'
[0.289s] Level 1:colcon.colcon_core.package_identification:_identify(src/shutter-ros2) by extension 'ignore_ament_install'
[0.289s] Level 1:colcon.colcon_core.package_identification:_identify(src/shutter-ros2) by extensions ['colcon_pkg']
[0.289s] Level 1:colcon.colcon_core.package_identification:_identify(src/shutter-ros2) by extension 'colcon_pkg'
[0.289s] Level 1:colcon.colcon_core.package_identification:_identify(src/shutter-ros2) by extensions ['colcon_meta']
[0.289s] Level 1:colcon.colcon_core.package_identification:_identify(src/shutter-ros2) by extension 'colcon_meta'
[0.289s] Level 1:colcon.colcon_core.package_identification:_identify(src/shutter-ros2) by extensions ['ros']
[0.289s] Level 1:colcon.colcon_core.package_identification:_identify(src/shutter-ros2) by extension 'ros'
[0.289s] Level 1:colcon.colcon_core.package_identification:_identify(src/shutter-ros2) by extensions ['cmake', 'python']
[0.289s] Level 1:colcon.colcon_core.package_identification:_identify(src/shutter-ros2) by extension 'cmake'
[0.289s] Level 1:colcon.colcon_core.package_identification:_identify(src/shutter-ros2) by extension 'python'
[0.289s] Level 1:colcon.colcon_core.package_identification:_identify(src/shutter-ros2) by extensions ['python_setup_py']
[0.289s] Level 1:colcon.colcon_core.package_identification:_identify(src/shutter-ros2) by extension 'python_setup_py'
[0.289s] Level 1:colcon.colcon_core.package_identification:_identify(src/shutter-ros2/documentation) by extensions ['ignore', 'ignore_ament_install']
[0.289s] Level 1:colcon.colcon_core.package_identification:_identify(src/shutter-ros2/documentation) by extension 'ignore'
[0.289s] Level 1:colcon.colcon_core.package_identification:_identify(src/shutter-ros2/documentation) by extension 'ignore_ament_install'
[0.290s] Level 1:colcon.colcon_core.package_identification:_identify(src/shutter-ros2/documentation) by extensions ['colcon_pkg']
[0.290s] Level 1:colcon.colcon_core.package_identification:_identify(src/shutter-ros2/documentation) by extension 'colcon_pkg'
[0.290s] Level 1:colcon.colcon_core.package_identification:_identify(src/shutter-ros2/documentation) by extensions ['colcon_meta']
[0.290s] Level 1:colcon.colcon_core.package_identification:_identify(src/shutter-ros2/documentation) by extension 'colcon_meta'
[0.290s] Level 1:colcon.colcon_core.package_identification:_identify(src/shutter-ros2/documentation) by extensions ['ros']
[0.290s] Level 1:colcon.colcon_core.package_identification:_identify(src/shutter-ros2/documentation) by extension 'ros'
[0.290s] Level 1:colcon.colcon_core.package_identification:_identify(src/shutter-ros2/documentation) by extensions ['cmake', 'python']
[0.290s] Level 1:colcon.colcon_core.package_identification:_identify(src/shutter-ros2/documentation) by extension 'cmake'
[0.290s] Level 1:colcon.colcon_core.package_identification:_identify(src/shutter-ros2/documentation) by extension 'python'
[0.290s] Level 1:colcon.colcon_core.package_identification:_identify(src/shutter-ros2/documentation) by extensions ['python_setup_py']
[0.290s] Level 1:colcon.colcon_core.package_identification:_identify(src/shutter-ros2/documentation) by extension 'python_setup_py'
[0.290s] Level 1:colcon.colcon_core.package_identification:_identify(src/shutter-ros2/documentation/source) by extensions ['ignore', 'ignore_ament_install']
[0.290s] Level 1:colcon.colcon_core.package_identification:_identify(src/shutter-ros2/documentation/source) by extension 'ignore'
[0.290s] Level 1:colcon.colcon_core.package_identification:_identify(src/shutter-ros2/documentation/source) by extension 'ignore_ament_install'
[0.290s] Level 1:colcon.colcon_core.package_identification:_identify(src/shutter-ros2/documentation/source) by extensions ['colcon_pkg']
[0.290s] Level 1:colcon.colcon_core.package_identification:_identify(src/shutter-ros2/documentation/source) by extension 'colcon_pkg'
[0.290s] Level 1:colcon.colcon_core.package_identification:_identify(src/shutter-ros2/documentation/source) by extensions ['colcon_meta']
[0.290s] Level 1:colcon.colcon_core.package_identification:_identify(src/shutter-ros2/documentation/source) by extension 'colcon_meta'
[0.290s] Level 1:colcon.colcon_core.package_identification:_identify(src/shutter-ros2/documentation/source) by extensions ['ros']
[0.290s] Level 1:colcon.colcon_core.package_identification:_identify(src/shutter-ros2/documentation/source) by extension 'ros'
[0.290s] Level 1:colcon.colcon_core.package_identification:_identify(src/shutter-ros2/documentation/source) by extensions ['cmake', 'python']
[0.290s] Level 1:colcon.colcon_core.package_identification:_identify(src/shutter-ros2/documentation/source) by extension 'cmake'
[0.290s] Level 1:colcon.colcon_core.package_identification:_identify(src/shutter-ros2/documentation/source) by extension 'python'
[0.290s] Level 1:colcon.colcon_core.package_identification:_identify(src/shutter-ros2/documentation/source) by extensions ['python_setup_py']
[0.290s] Level 1:colcon.colcon_core.package_identification:_identify(src/shutter-ros2/documentation/source) by extension 'python_setup_py'
[0.291s] Level 1:colcon.colcon_core.package_identification:_identify(src/shutter-ros2/documentation/source/images) by extensions ['ignore', 'ignore_ament_install']
[0.291s] Level 1:colcon.colcon_core.package_identification:_identify(src/shutter-ros2/documentation/source/images) by extension 'ignore'
[0.291s] Level 1:colcon.colcon_core.package_identification:_identify(src/shutter-ros2/documentation/source/images) by extension 'ignore_ament_install'
[0.291s] Level 1:colcon.colcon_core.package_identification:_identify(src/shutter-ros2/documentation/source/images) by extensions ['colcon_pkg']
[0.291s] Level 1:colcon.colcon_core.package_identification:_identify(src/shutter-ros2/documentation/source/images) by extension 'colcon_pkg'
[0.291s] Level 1:colcon.colcon_core.package_identification:_identify(src/shutter-ros2/documentation/source/images) by extensions ['colcon_meta']
[0.291s] Level 1:colcon.colcon_core.package_identification:_identify(src/shutter-ros2/documentation/source/images) by extension 'colcon_meta'
[0.291s] Level 1:colcon.colcon_core.package_identification:_identify(src/shutter-ros2/documentation/source/images) by extensions ['ros']
[0.291s] Level 1:colcon.colcon_core.package_identification:_identify(src/shutter-ros2/documentation/source/images) by extension 'ros'
[0.291s] Level 1:colcon.colcon_core.package_identification:_identify(src/shutter-ros2/documentation/source/images) by extensions ['cmake', 'python']
[0.291s] Level 1:colcon.colcon_core.package_identification:_identify(src/shutter-ros2/documentation/source/images) by extension 'cmake'
[0.291s] Level 1:colcon.colcon_core.package_identification:_identify(src/shutter-ros2/documentation/source/images) by extension 'python'
[0.291s] Level 1:colcon.colcon_core.package_identification:_identify(src/shutter-ros2/documentation/source/images) by extensions ['python_setup_py']
[0.291s] Level 1:colcon.colcon_core.package_identification:_identify(src/shutter-ros2/documentation/source/images) by extension 'python_setup_py'
[0.292s] Level 1:colcon.colcon_core.package_identification:_identify(src/shutter-ros2/documentation/source/packages) by extensions ['ignore', 'ignore_ament_install']
[0.292s] Level 1:colcon.colcon_core.package_identification:_identify(src/shutter-ros2/documentation/source/packages) by extension 'ignore'
[0.292s] Level 1:colcon.colcon_core.package_identification:_identify(src/shutter-ros2/documentation/source/packages) by extension 'ignore_ament_install'
[0.292s] Level 1:colcon.colcon_core.package_identification:_identify(src/shutter-ros2/documentation/source/packages) by extensions ['colcon_pkg']
[0.292s] Level 1:colcon.colcon_core.package_identification:_identify(src/shutter-ros2/documentation/source/packages) by extension 'colcon_pkg'
[0.292s] Level 1:colcon.colcon_core.package_identification:_identify(src/shutter-ros2/documentation/source/packages) by extensions ['colcon_meta']
[0.292s] Level 1:colcon.colcon_core.package_identification:_identify(src/shutter-ros2/documentation/source/packages) by extension 'colcon_meta'
[0.292s] Level 1:colcon.colcon_core.package_identification:_identify(src/shutter-ros2/documentation/source/packages) by extensions ['ros']
[0.292s] Level 1:colcon.colcon_core.package_identification:_identify(src/shutter-ros2/documentation/source/packages) by extension 'ros'
[0.292s] Level 1:colcon.colcon_core.package_identification:_identify(src/shutter-ros2/documentation/source/packages) by extensions ['cmake', 'python']
[0.292s] Level 1:colcon.colcon_core.package_identification:_identify(src/shutter-ros2/documentation/source/packages) by extension 'cmake'
[0.292s] Level 1:colcon.colcon_core.package_identification:_identify(src/shutter-ros2/documentation/source/packages) by extension 'python'
[0.292s] Level 1:colcon.colcon_core.package_identification:_identify(src/shutter-ros2/documentation/source/packages) by extensions ['python_setup_py']
[0.292s] Level 1:colcon.colcon_core.package_identification:_identify(src/shutter-ros2/documentation/source/packages) by extension 'python_setup_py'
[0.293s] Level 1:colcon.colcon_core.package_identification:_identify(src/shutter-ros2/modules) by extensions ['ignore', 'ignore_ament_install']
[0.293s] Level 1:colcon.colcon_core.package_identification:_identify(src/shutter-ros2/modules) by extension 'ignore'
[0.293s] Level 1:colcon.colcon_core.package_identification:_identify(src/shutter-ros2/modules) by extension 'ignore_ament_install'
[0.293s] Level 1:colcon.colcon_core.package_identification:_identify(src/shutter-ros2/modules) by extensions ['colcon_pkg']
[0.293s] Level 1:colcon.colcon_core.package_identification:_identify(src/shutter-ros2/modules) by extension 'colcon_pkg'
[0.293s] Level 1:colcon.colcon_core.package_identification:_identify(src/shutter-ros2/modules) by extensions ['colcon_meta']
[0.293s] Level 1:colcon.colcon_core.package_identification:_identify(src/shutter-ros2/modules) by extension 'colcon_meta'
[0.293s] Level 1:colcon.colcon_core.package_identification:_identify(src/shutter-ros2/modules) by extensions ['ros']
[0.293s] Level 1:colcon.colcon_core.package_identification:_identify(src/shutter-ros2/modules) by extension 'ros'
[0.293s] Level 1:colcon.colcon_core.package_identification:_identify(src/shutter-ros2/modules) by extensions ['cmake', 'python']
[0.293s] Level 1:colcon.colcon_core.package_identification:_identify(src/shutter-ros2/modules) by extension 'cmake'
[0.293s] Level 1:colcon.colcon_core.package_identification:_identify(src/shutter-ros2/modules) by extension 'python'
[0.293s] Level 1:colcon.colcon_core.package_identification:_identify(src/shutter-ros2/modules) by extensions ['python_setup_py']
[0.293s] Level 1:colcon.colcon_core.package_identification:_identify(src/shutter-ros2/modules) by extension 'python_setup_py'
[0.293s] Level 1:colcon.colcon_core.package_identification:_identify(src/shutter-ros2/modules/ROS-TCP-Endpoint) by extensions ['ignore', 'ignore_ament_install']
[0.293s] Level 1:colcon.colcon_core.package_identification:_identify(src/shutter-ros2/modules/ROS-TCP-Endpoint) by extension 'ignore'
[0.294s] Level 1:colcon.colcon_core.package_identification:_identify(src/shutter-ros2/modules/ROS-TCP-Endpoint) by extension 'ignore_ament_install'
[0.294s] Level 1:colcon.colcon_core.package_identification:_identify(src/shutter-ros2/modules/ROS-TCP-Endpoint) by extensions ['colcon_pkg']
[0.294s] Level 1:colcon.colcon_core.package_identification:_identify(src/shutter-ros2/modules/ROS-TCP-Endpoint) by extension 'colcon_pkg'
[0.294s] Level 1:colcon.colcon_core.package_identification:_identify(src/shutter-ros2/modules/ROS-TCP-Endpoint) by extensions ['colcon_meta']
[0.294s] Level 1:colcon.colcon_core.package_identification:_identify(src/shutter-ros2/modules/ROS-TCP-Endpoint) by extension 'colcon_meta'
[0.294s] Level 1:colcon.colcon_core.package_identification:_identify(src/shutter-ros2/modules/ROS-TCP-Endpoint) by extensions ['ros']
[0.294s] Level 1:colcon.colcon_core.package_identification:_identify(src/shutter-ros2/modules/ROS-TCP-Endpoint) by extension 'ros'
[0.296s] DEBUG:colcon.colcon_core.package_identification:Package 'src/shutter-ros2/modules/ROS-TCP-Endpoint' with type 'ros.ament_python' and name 'ros_tcp_endpoint'
[0.296s] Level 1:colcon.colcon_core.package_identification:_identify(src/shutter-ros2/shutter_bringup) by extensions ['ignore', 'ignore_ament_install']
[0.296s] Level 1:colcon.colcon_core.package_identification:_identify(src/shutter-ros2/shutter_bringup) by extension 'ignore'
[0.296s] Level 1:colcon.colcon_core.package_identification:_identify(src/shutter-ros2/shutter_bringup) by extension 'ignore_ament_install'
[0.296s] Level 1:colcon.colcon_core.package_identification:_identify(src/shutter-ros2/shutter_bringup) by extensions ['colcon_pkg']
[0.296s] Level 1:colcon.colcon_core.package_identification:_identify(src/shutter-ros2/shutter_bringup) by extension 'colcon_pkg'
[0.296s] Level 1:colcon.colcon_core.package_identification:_identify(src/shutter-ros2/shutter_bringup) by extensions ['colcon_meta']
[0.296s] Level 1:colcon.colcon_core.package_identification:_identify(src/shutter-ros2/shutter_bringup) by extension 'colcon_meta'
[0.297s] Level 1:colcon.colcon_core.package_identification:_identify(src/shutter-ros2/shutter_bringup) by extensions ['ros']
[0.297s] Level 1:colcon.colcon_core.package_identification:_identify(src/shutter-ros2/shutter_bringup) by extension 'ros'
[0.297s] DEBUG:colcon.colcon_core.package_identification:Package 'src/shutter-ros2/shutter_bringup' with type 'ros.ament_cmake' and name 'shutter_bringup'
[0.298s] Level 1:colcon.colcon_core.package_identification:_identify(src/shutter-ros2/shutter_description) by extensions ['ignore', 'ignore_ament_install']
[0.298s] Level 1:colcon.colcon_core.package_identification:_identify(src/shutter-ros2/shutter_description) by extension 'ignore'
[0.298s] Level 1:colcon.colcon_core.package_identification:_identify(src/shutter-ros2/shutter_description) by extension 'ignore_ament_install'
[0.298s] Level 1:colcon.colcon_core.package_identification:_identify(src/shutter-ros2/shutter_description) by extensions ['colcon_pkg']
[0.298s] Level 1:colcon.colcon_core.package_identification:_identify(src/shutter-ros2/shutter_description) by extension 'colcon_pkg'
[0.298s] Level 1:colcon.colcon_core.package_identification:_identify(src/shutter-ros2/shutter_description) by extensions ['colcon_meta']
[0.298s] Level 1:colcon.colcon_core.package_identification:_identify(src/shutter-ros2/shutter_description) by extension 'colcon_meta'
[0.298s] Level 1:colcon.colcon_core.package_identification:_identify(src/shutter-ros2/shutter_description) by extensions ['ros']
[0.298s] Level 1:colcon.colcon_core.package_identification:_identify(src/shutter-ros2/shutter_description) by extension 'ros'
[0.298s] DEBUG:colcon.colcon_core.package_identification:Package 'src/shutter-ros2/shutter_description' with type 'ros.ament_cmake' and name 'shutter_description'
[0.298s] Level 1:colcon.colcon_core.package_discovery:discover_packages(recursive) using defaults
[0.298s] Level 1:colcon.colcon_core.package_discovery:discover_packages(ignore) discover
[0.298s] Level 1:colcon.colcon_core.package_discovery:discover_packages(ignore) using defaults
[0.299s] Level 1:colcon.colcon_core.package_discovery:discover_packages(path) discover
[0.299s] Level 1:colcon.colcon_core.package_discovery:discover_packages(path) using defaults
[0.324s] Level 1:colcon.colcon_core.package_discovery:discover_packages(prefix_path) check parameters
[0.324s] Level 1:colcon.colcon_core.package_discovery:discover_packages(prefix_path) discover
[0.327s] DEBUG:colcon.colcon_installed_package_information.package_discovery:Found 3 installed packages in /home/hrs47/ros2_ws/install
[0.328s] DEBUG:colcon.colcon_installed_package_information.package_discovery:Found 366 installed packages in /opt/ros/jazzy
[0.329s] Level 1:colcon.colcon_core.package_discovery:discover_packages(prefix_path) using defaults
[0.376s] Level 5:colcon.colcon_core.verb:set package 'ros_tcp_endpoint' build argument 'cmake_args' from command line to 'None'
[0.376s] Level 5:colcon.colcon_core.verb:set package 'ros_tcp_endpoint' build argument 'cmake_target' from command line to 'None'
[0.376s] Level 5:colcon.colcon_core.verb:set package 'ros_tcp_endpoint' build argument 'cmake_target_skip_unavailable' from command line to 'False'
[0.376s] Level 5:colcon.colcon_core.verb:set package 'ros_tcp_endpoint' build argument 'cmake_clean_cache' from command line to 'False'
[0.376s] Level 5:colcon.colcon_core.verb:set package 'ros_tcp_endpoint' build argument 'cmake_clean_first' from command line to 'False'
[0.376s] Level 5:colcon.colcon_core.verb:set package 'ros_tcp_endpoint' build argument 'cmake_force_configure' from command line to 'False'
[0.376s] Level 5:colcon.colcon_core.verb:set package 'ros_tcp_endpoint' build argument 'ament_cmake_args' from command line to 'None'
[0.376s] Level 5:colcon.colcon_core.verb:set package 'ros_tcp_endpoint' build argument 'catkin_cmake_args' from command line to 'None'
[0.376s] Level 5:colcon.colcon_core.verb:set package 'ros_tcp_endpoint' build argument 'catkin_skip_building_tests' from command line to 'False'
[0.376s] DEBUG:colcon.colcon_core.verb:Building package 'ros_tcp_endpoint' with the following arguments: {'ament_cmake_args': None, 'build_base': '/home/hrs47/ros2_ws/build/ros_tcp_endpoint', 'catkin_cmake_args': None, 'catkin_skip_building_tests': False, 'cmake_args': None, 'cmake_clean_cache': False, 'cmake_clean_first': False, 'cmake_force_configure': False, 'cmake_target': None, 'cmake_target_skip_unavailable': False, 'install_base': '/home/hrs47/ros2_ws/install/ros_tcp_endpoint', 'merge_install': False, 'path': '/home/hrs47/ros2_ws/src/shutter-ros2/modules/ROS-TCP-Endpoint', 'symlink_install': False, 'test_result_base': None}
[0.376s] Level 5:colcon.colcon_core.verb:set package 'shutter_description' build argument 'cmake_args' from command line to 'None'
[0.376s] Level 5:colcon.colcon_core.verb:set package 'shutter_description' build argument 'cmake_target' from command line to 'None'
[0.376s] Level 5:colcon.colcon_core.verb:set package 'shutter_description' build argument 'cmake_target_skip_unavailable' from command line to 'False'
[0.376s] Level 5:colcon.colcon_core.verb:set package 'shutter_description' build argument 'cmake_clean_cache' from command line to 'False'
[0.376s] Level 5:colcon.colcon_core.verb:set package 'shutter_description' build argument 'cmake_clean_first' from command line to 'False'
[0.376s] Level 5:colcon.colcon_core.verb:set package 'shutter_description' build argument 'cmake_force_configure' from command line to 'False'
[0.376s] Level 5:colcon.colcon_core.verb:set package 'shutter_description' build argument 'ament_cmake_args' from command line to 'None'
[0.376s] Level 5:colcon.colcon_core.verb:set package 'shutter_description' build argument 'catkin_cmake_args' from command line to 'None'
[0.376s] Level 5:colcon.colcon_core.verb:set package 'shutter_description' build argument 'catkin_skip_building_tests' from command line to 'False'
[0.376s] DEBUG:colcon.colcon_core.verb:Building package 'shutter_description' with the following arguments: {'ament_cmake_args': None, 'build_base': '/home/hrs47/ros2_ws/build/shutter_description', 'catkin_cmake_args': None, 'catkin_skip_building_tests': False, 'cmake_args': None, 'cmake_clean_cache': False, 'cmake_clean_first': False, 'cmake_force_configure': False, 'cmake_target': None, 'cmake_target_skip_unavailable': False, 'install_base': '/home/hrs47/ros2_ws/install/shutter_description', 'merge_install': False, 'path': '/home/hrs47/ros2_ws/src/shutter-ros2/shutter_description', 'symlink_install': False, 'test_result_base': None}
[0.376s] Level 5:colcon.colcon_core.verb:set package 'shutter_bringup' build argument 'cmake_args' from command line to 'None'
[0.376s] Level 5:colcon.colcon_core.verb:set package 'shutter_bringup' build argument 'cmake_target' from command line to 'None'
[0.376s] Level 5:colcon.colcon_core.verb:set package 'shutter_bringup' build argument 'cmake_target_skip_unavailable' from command line to 'False'
[0.376s] Level 5:colcon.colcon_core.verb:set package 'shutter_bringup' build argument 'cmake_clean_cache' from command line to 'False'
[0.376s] Level 5:colcon.colcon_core.verb:set package 'shutter_bringup' build argument 'cmake_clean_first' from command line to 'False'
[0.377s] Level 5:colcon.colcon_core.verb:set package 'shutter_bringup' build argument 'cmake_force_configure' from command line to 'False'
[0.377s] Level 5:colcon.colcon_core.verb:set package 'shutter_bringup' build argument 'ament_cmake_args' from command line to 'None'
[0.377s] Level 5:colcon.colcon_core.verb:set package 'shutter_bringup' build argument 'catkin_cmake_args' from command line to 'None'
[0.377s] Level 5:colcon.colcon_core.verb:set package 'shutter_bringup' build argument 'catkin_skip_building_tests' from command line to 'False'
[0.377s] DEBUG:colcon.colcon_core.verb:Building package 'shutter_bringup' with the following arguments: {'ament_cmake_args': None, 'build_base': '/home/hrs47/ros2_ws/build/shutter_bringup', 'catkin_cmake_args': None, 'catkin_skip_building_tests': False, 'cmake_args': None, 'cmake_clean_cache': False, 'cmake_clean_first': False, 'cmake_force_configure': False, 'cmake_target': None, 'cmake_target_skip_unavailable': False, 'install_base': '/home/hrs47/ros2_ws/install/shutter_bringup', 'merge_install': False, 'path': '/home/hrs47/ros2_ws/src/shutter-ros2/shutter_bringup', 'symlink_install': False, 'test_result_base': None}
[0.377s] INFO:colcon.colcon_core.executor:Executing jobs using 'parallel' executor
[0.377s] DEBUG:colcon.colcon_parallel_executor.executor.parallel:run_until_complete
[0.377s] INFO:colcon.colcon_ros.task.ament_python.build:Building ROS package in '/home/hrs47/ros2_ws/src/shutter-ros2/modules/ROS-TCP-Endpoint' with build type 'ament_python'
[0.377s] Level 1:colcon.colcon_core.shell:create_environment_hook('ros_tcp_endpoint', 'ament_prefix_path')
[0.384s] INFO:colcon.colcon_core.plugin_system:Skipping extension 'colcon_core.shell.bat': Not used on non-Windows systems
[0.384s] INFO:colcon.colcon_core.shell:Creating environment hook '/home/hrs47/ros2_ws/install/ros_tcp_endpoint/share/ros_tcp_endpoint/hook/ament_prefix_path.ps1'
[0.385s] INFO:colcon.colcon_core.shell:Creating environment descriptor '/home/hrs47/ros2_ws/install/ros_tcp_endpoint/share/ros_tcp_endpoint/hook/ament_prefix_path.dsv'
[0.385s] INFO:colcon.colcon_core.shell:Creating environment hook '/home/hrs47/ros2_ws/install/ros_tcp_endpoint/share/ros_tcp_endpoint/hook/ament_prefix_path.sh'
[0.386s] INFO:colcon.colcon_core.shell:Skip shell extension 'powershell' for command environment: Not usable outside of PowerShell
[0.386s] DEBUG:colcon.colcon_core.shell:Skip shell extension 'dsv' for command environment
[0.390s] INFO:colcon.colcon_ros.task.ament_cmake.build:Building ROS package in '/home/hrs47/ros2_ws/src/shutter-ros2/shutter_description' with build type 'ament_cmake'
[0.390s] INFO:colcon.colcon_cmake.task.cmake.build:Building CMake package in '/home/hrs47/ros2_ws/src/shutter-ros2/shutter_description'
[0.390s] INFO:colcon.colcon_core.shell:Skip shell extension 'powershell' for command environment: Not usable outside of PowerShell
[0.390s] DEBUG:colcon.colcon_core.shell:Skip shell extension 'dsv' for command environment
[0.603s] INFO:colcon.colcon_core.task.python.build:Building Python package in '/home/hrs47/ros2_ws/src/shutter-ros2/modules/ROS-TCP-Endpoint'
[0.603s] INFO:colcon.colcon_core.shell:Skip shell extension 'powershell' for command environment: Not usable outside of PowerShell
[0.603s] DEBUG:colcon.colcon_core.shell:Skip shell extension 'dsv' for command environment
[0.610s] DEBUG:colcon.colcon_core.event_handler.log_command:Invoking command in '/home/hrs47/ros2_ws/build/shutter_description': CMAKE_PREFIX_PATH=${CMAKE_PREFIX_PATH}:/home/hrs47/ros2_ws/install/ros_tcp_endpoint:/opt/ros/jazzy DEBUGINFOD_URLS=https://debuginfod.ubuntu.com PS1=(.venv) \[\e]0;\u@\h: \w\a\]${debian_chroot:+($debian_chroot)}\[\033[01;32m\]\u@\h\[\033[00m\]:\[\033[01;34m\]\w\[\033[00m\]\$ VIRTUAL_ENV_PROMPT=(.venv) /usr/bin/cmake /home/hrs47/ros2_ws/src/shutter-ros2/shutter_description -DCMAKE_INSTALL_PREFIX=/home/hrs47/ros2_ws/install/shutter_description
[1.620s] DEBUG:colcon.colcon_core.event_handler.log_command:Invoked command in '/home/hrs47/ros2_ws/build/shutter_description' returned '0': CMAKE_PREFIX_PATH=${CMAKE_PREFIX_PATH}:/home/hrs47/ros2_ws/install/ros_tcp_endpoint:/opt/ros/jazzy DEBUGINFOD_URLS=https://debuginfod.ubuntu.com PS1=(.venv) \[\e]0;\u@\h: \w\a\]${debian_chroot:+($debian_chroot)}\[\033[01;32m\]\u@\h\[\033[00m\]:\[\033[01;34m\]\w\[\033[00m\]\$ VIRTUAL_ENV_PROMPT=(.venv) /usr/bin/cmake /home/hrs47/ros2_ws/src/shutter-ros2/shutter_description -DCMAKE_INSTALL_PREFIX=/home/hrs47/ros2_ws/install/shutter_description
[1.623s] DEBUG:colcon.colcon_core.event_handler.log_command:Invoking command in '/home/hrs47/ros2_ws/build/shutter_description': CMAKE_PREFIX_PATH=${CMAKE_PREFIX_PATH}:/home/hrs47/ros2_ws/install/ros_tcp_endpoint:/opt/ros/jazzy DEBUGINFOD_URLS=https://debuginfod.ubuntu.com PS1=(.venv) \[\e]0;\u@\h: \w\a\]${debian_chroot:+($debian_chroot)}\[\033[01;32m\]\u@\h\[\033[00m\]:\[\033[01;34m\]\w\[\033[00m\]\$ VIRTUAL_ENV_PROMPT=(.venv) /usr/bin/cmake --build /home/hrs47/ros2_ws/build/shutter_description -- -j12 -l12
[1.664s] DEBUG:colcon.colcon_core.event_handler.log_command:Invoked command in '/home/hrs47/ros2_ws/build/shutter_description' returned '0': CMAKE_PREFIX_PATH=${CMAKE_PREFIX_PATH}:/home/hrs47/ros2_ws/install/ros_tcp_endpoint:/opt/ros/jazzy DEBUGINFOD_URLS=https://debuginfod.ubuntu.com PS1=(.venv) \[\e]0;\u@\h: \w\a\]${debian_chroot:+($debian_chroot)}\[\033[01;32m\]\u@\h\[\033[00m\]:\[\033[01;34m\]\w\[\033[00m\]\$ VIRTUAL_ENV_PROMPT=(.venv) /usr/bin/cmake --build /home/hrs47/ros2_ws/build/shutter_description -- -j12 -l12
[1.674s] DEBUG:colcon.colcon_core.event_handler.log_command:Invoking command in '/home/hrs47/ros2_ws/build/shutter_description': CMAKE_PREFIX_PATH=${CMAKE_PREFIX_PATH}:/home/hrs47/ros2_ws/install/ros_tcp_endpoint:/opt/ros/jazzy DEBUGINFOD_URLS=https://debuginfod.ubuntu.com PS1=(.venv) \[\e]0;\u@\h: \w\a\]${debian_chroot:+($debian_chroot)}\[\033[01;32m\]\u@\h\[\033[00m\]:\[\033[01;34m\]\w\[\033[00m\]\$ VIRTUAL_ENV_PROMPT=(.venv) /usr/bin/cmake --install /home/hrs47/ros2_ws/build/shutter_description
[1.677s] DEBUG:colcon.colcon_core.event_handler.log_command:Invoking command in '/home/hrs47/ros2_ws/src/shutter-ros2/modules/ROS-TCP-Endpoint': DEBUGINFOD_URLS=https://debuginfod.ubuntu.com PS1=(.venv) \[\e]0;\u@\h: \w\a\]${debian_chroot:+($debian_chroot)}\[\033[01;32m\]\u@\h\[\033[00m\]:\[\033[01;34m\]\w\[\033[00m\]\$ PYTHONPATH=/home/hrs47/ros2_ws/build/ros_tcp_endpoint/prefix_override:/usr/lib/python3/dist-packages/colcon_core/task/python/colcon_distutils_commands:/home/hrs47/ros2_ws/install/ros_tcp_endpoint/lib/python3.12/site-packages:${PYTHONPATH} VIRTUAL_ENV_PROMPT=(.venv) /usr/bin/python3 -W ignore:setup.py install is deprecated -W ignore:easy_install command is deprecated setup.py egg_info --egg-base ../../../../build/ros_tcp_endpoint build --build-base /home/hrs47/ros2_ws/build/ros_tcp_endpoint/build install --record /home/hrs47/ros2_ws/build/ros_tcp_endpoint/install.log --single-version-externally-managed install_data
[1.687s] Level 1:colcon.colcon_core.environment:create_environment_scripts_only(shutter_description)
[1.688s] DEBUG:colcon.colcon_core.event_handler.log_command:Invoked command in '/home/hrs47/ros2_ws/build/shutter_description' returned '0': CMAKE_PREFIX_PATH=${CMAKE_PREFIX_PATH}:/home/hrs47/ros2_ws/install/ros_tcp_endpoint:/opt/ros/jazzy DEBUGINFOD_URLS=https://debuginfod.ubuntu.com PS1=(.venv) \[\e]0;\u@\h: \w\a\]${debian_chroot:+($debian_chroot)}\[\033[01;32m\]\u@\h\[\033[00m\]:\[\033[01;34m\]\w\[\033[00m\]\$ VIRTUAL_ENV_PROMPT=(.venv) /usr/bin/cmake --install /home/hrs47/ros2_ws/build/shutter_description
[1.693s] Level 1:colcon.colcon_core.environment:checking '/home/hrs47/ros2_ws/install/shutter_description' for CMake module files
[1.694s] Level 1:colcon.colcon_core.environment:checking '/home/hrs47/ros2_ws/install/shutter_description' for CMake config files
[1.694s] Level 1:colcon.colcon_core.shell:create_environment_hook('shutter_description', 'cmake_prefix_path')
[1.694s] INFO:colcon.colcon_core.shell:Creating environment hook '/home/hrs47/ros2_ws/install/shutter_description/share/shutter_description/hook/cmake_prefix_path.ps1'
[1.695s] INFO:colcon.colcon_core.shell:Creating environment descriptor '/home/hrs47/ros2_ws/install/shutter_description/share/shutter_description/hook/cmake_prefix_path.dsv'
[1.695s] INFO:colcon.colcon_core.shell:Creating environment hook '/home/hrs47/ros2_ws/install/shutter_description/share/shutter_description/hook/cmake_prefix_path.sh'
[1.696s] Level 1:colcon.colcon_core.environment:checking '/home/hrs47/ros2_ws/install/shutter_description/lib'
[1.696s] Level 1:colcon.colcon_core.environment:checking '/home/hrs47/ros2_ws/install/shutter_description/bin'
[1.696s] Level 1:colcon.colcon_core.environment:checking '/home/hrs47/ros2_ws/install/shutter_description/lib/pkgconfig/shutter_description.pc'
[1.696s] Level 1:colcon.colcon_core.environment:checking '/home/hrs47/ros2_ws/install/shutter_description/lib/python3.12/site-packages'
[1.696s] Level 1:colcon.colcon_core.environment:checking '/home/hrs47/ros2_ws/install/shutter_description/bin'
[1.696s] INFO:colcon.colcon_core.shell:Creating package script '/home/hrs47/ros2_ws/install/shutter_description/share/shutter_description/package.ps1'
[1.697s] INFO:colcon.colcon_core.shell:Creating package descriptor '/home/hrs47/ros2_ws/install/shutter_description/share/shutter_description/package.dsv'
[1.698s] INFO:colcon.colcon_core.shell:Creating package script '/home/hrs47/ros2_ws/install/shutter_description/share/shutter_description/package.sh'
[1.698s] INFO:colcon.colcon_core.shell:Creating package script '/home/hrs47/ros2_ws/install/shutter_description/share/shutter_description/package.bash'
[1.699s] INFO:colcon.colcon_core.shell:Creating package script '/home/hrs47/ros2_ws/install/shutter_description/share/shutter_description/package.zsh'
[1.700s] Level 1:colcon.colcon_core.environment:create_file_with_runtime_dependencies(/home/hrs47/ros2_ws/install/shutter_description/share/colcon-core/packages/shutter_description)
[1.700s] Level 1:colcon.colcon_core.environment:create_environment_scripts_only(shutter_description)
[1.700s] Level 1:colcon.colcon_core.environment:checking '/home/hrs47/ros2_ws/install/shutter_description' for CMake module files
[1.701s] Level 1:colcon.colcon_core.environment:checking '/home/hrs47/ros2_ws/install/shutter_description' for CMake config files
[1.701s] Level 1:colcon.colcon_core.shell:create_environment_hook('shutter_description', 'cmake_prefix_path')
[1.701s] INFO:colcon.colcon_core.shell:Creating environment hook '/home/hrs47/ros2_ws/install/shutter_description/share/shutter_description/hook/cmake_prefix_path.ps1'
[1.702s] INFO:colcon.colcon_core.shell:Creating environment descriptor '/home/hrs47/ros2_ws/install/shutter_description/share/shutter_description/hook/cmake_prefix_path.dsv'
[1.702s] INFO:colcon.colcon_core.shell:Creating environment hook '/home/hrs47/ros2_ws/install/shutter_description/share/shutter_description/hook/cmake_prefix_path.sh'
[1.702s] Level 1:colcon.colcon_core.environment:checking '/home/hrs47/ros2_ws/install/shutter_description/lib'
[1.702s] Level 1:colcon.colcon_core.environment:checking '/home/hrs47/ros2_ws/install/shutter_description/bin'
[1.703s] Level 1:colcon.colcon_core.environment:checking '/home/hrs47/ros2_ws/install/shutter_description/lib/pkgconfig/shutter_description.pc'
[1.703s] Level 1:colcon.colcon_core.environment:checking '/home/hrs47/ros2_ws/install/shutter_description/lib/python3.12/site-packages'
[1.703s] Level 1:colcon.colcon_core.environment:checking '/home/hrs47/ros2_ws/install/shutter_description/bin'
[1.703s] INFO:colcon.colcon_core.shell:Creating package script '/home/hrs47/ros2_ws/install/shutter_description/share/shutter_description/package.ps1'
[1.703s] INFO:colcon.colcon_core.shell:Creating package descriptor '/home/hrs47/ros2_ws/install/shutter_description/share/shutter_description/package.dsv'
[1.704s] INFO:colcon.colcon_core.shell:Creating package script '/home/hrs47/ros2_ws/install/shutter_description/share/shutter_description/package.sh'
[1.704s] INFO:colcon.colcon_core.shell:Creating package script '/home/hrs47/ros2_ws/install/shutter_description/share/shutter_description/package.bash'
[1.705s] INFO:colcon.colcon_core.shell:Creating package script '/home/hrs47/ros2_ws/install/shutter_description/share/shutter_description/package.zsh'
[1.705s] Level 1:colcon.colcon_core.environment:create_file_with_runtime_dependencies(/home/hrs47/ros2_ws/install/shutter_description/share/colcon-core/packages/shutter_description)
[2.238s] Level 1:colcon.colcon_core.environment:checking '/home/hrs47/ros2_ws/install/ros_tcp_endpoint' for CMake module files
[2.238s] DEBUG:colcon.colcon_core.event_handler.log_command:Invoked command in '/home/hrs47/ros2_ws/src/shutter-ros2/modules/ROS-TCP-Endpoint' returned '0': DEBUGINFOD_URLS=https://debuginfod.ubuntu.com PS1=(.venv) \[\e]0;\u@\h: \w\a\]${debian_chroot:+($debian_chroot)}\[\033[01;32m\]\u@\h\[\033[00m\]:\[\033[01;34m\]\w\[\033[00m\]\$ PYTHONPATH=/home/hrs47/ros2_ws/build/ros_tcp_endpoint/prefix_override:/usr/lib/python3/dist-packages/colcon_core/task/python/colcon_distutils_commands:/home/hrs47/ros2_ws/install/ros_tcp_endpoint/lib/python3.12/site-packages:${PYTHONPATH} VIRTUAL_ENV_PROMPT=(.venv) /usr/bin/python3 -W ignore:setup.py install is deprecated -W ignore:easy_install command is deprecated setup.py egg_info --egg-base ../../../../build/ros_tcp_endpoint build --build-base /home/hrs47/ros2_ws/build/ros_tcp_endpoint/build install --record /home/hrs47/ros2_ws/build/ros_tcp_endpoint/install.log --single-version-externally-managed install_data
[2.239s] Level 1:colcon.colcon_core.environment:checking '/home/hrs47/ros2_ws/install/ros_tcp_endpoint' for CMake config files
[2.239s] Level 1:colcon.colcon_core.environment:checking '/home/hrs47/ros2_ws/install/ros_tcp_endpoint/lib'
[2.239s] Level 1:colcon.colcon_core.environment:checking '/home/hrs47/ros2_ws/install/ros_tcp_endpoint/bin'
[2.239s] Level 1:colcon.colcon_core.environment:checking '/home/hrs47/ros2_ws/install/ros_tcp_endpoint/lib/pkgconfig/ros_tcp_endpoint.pc'
[2.239s] Level 1:colcon.colcon_core.environment:checking '/home/hrs47/ros2_ws/install/ros_tcp_endpoint/lib/python3.12/site-packages'
[2.240s] Level 1:colcon.colcon_core.shell:create_environment_hook('ros_tcp_endpoint', 'pythonpath')
[2.240s] INFO:colcon.colcon_core.shell:Creating environment hook '/home/hrs47/ros2_ws/install/ros_tcp_endpoint/share/ros_tcp_endpoint/hook/pythonpath.ps1'
[2.240s] INFO:colcon.colcon_core.shell:Creating environment descriptor '/home/hrs47/ros2_ws/install/ros_tcp_endpoint/share/ros_tcp_endpoint/hook/pythonpath.dsv'
[2.240s] INFO:colcon.colcon_core.shell:Creating environment hook '/home/hrs47/ros2_ws/install/ros_tcp_endpoint/share/ros_tcp_endpoint/hook/pythonpath.sh'
[2.241s] Level 1:colcon.colcon_core.environment:checking '/home/hrs47/ros2_ws/install/ros_tcp_endpoint/bin'
[2.241s] Level 1:colcon.colcon_core.environment:create_environment_scripts_only(ros_tcp_endpoint)
[2.241s] INFO:colcon.colcon_core.shell:Creating package script '/home/hrs47/ros2_ws/install/ros_tcp_endpoint/share/ros_tcp_endpoint/package.ps1'
[2.241s] INFO:colcon.colcon_core.shell:Creating package descriptor '/home/hrs47/ros2_ws/install/ros_tcp_endpoint/share/ros_tcp_endpoint/package.dsv'
[2.242s] INFO:colcon.colcon_core.shell:Creating package script '/home/hrs47/ros2_ws/install/ros_tcp_endpoint/share/ros_tcp_endpoint/package.sh'
[2.242s] INFO:colcon.colcon_core.shell:Creating package script '/home/hrs47/ros2_ws/install/ros_tcp_endpoint/share/ros_tcp_endpoint/package.bash'
[2.242s] INFO:colcon.colcon_core.shell:Creating package script '/home/hrs47/ros2_ws/install/ros_tcp_endpoint/share/ros_tcp_endpoint/package.zsh'
[2.243s] Level 1:colcon.colcon_core.environment:create_file_with_runtime_dependencies(/home/hrs47/ros2_ws/install/ros_tcp_endpoint/share/colcon-core/packages/ros_tcp_endpoint)
[2.243s] INFO:colcon.colcon_ros.task.ament_cmake.build:Building ROS package in '/home/hrs47/ros2_ws/src/shutter-ros2/shutter_bringup' with build type 'ament_cmake'
[2.243s] INFO:colcon.colcon_cmake.task.cmake.build:Building CMake package in '/home/hrs47/ros2_ws/src/shutter-ros2/shutter_bringup'
[2.243s] INFO:colcon.colcon_core.shell:Skip shell extension 'powershell' for command environment: Not usable outside of PowerShell
[2.243s] DEBUG:colcon.colcon_core.shell:Skip shell extension 'dsv' for command environment
[2.255s] DEBUG:colcon.colcon_core.event_handler.log_command:Invoking command in '/home/hrs47/ros2_ws/build/shutter_bringup': AMENT_PREFIX_PATH=/home/hrs47/ros2_ws/install/ros_tcp_endpoint:/home/hrs47/ros2_ws/install/shutter_bringup:/home/hrs47/ros2_ws/install/shutter_description:/opt/ros/jazzy CMAKE_PREFIX_PATH=/home/hrs47/ros2_ws/install/shutter_description:/home/hrs47/ros2_ws/install/shutter_bringup:/opt/ros/jazzy/opt/sdformat_vendor:/opt/ros/jazzy/opt/gz_math_vendor:/opt/ros/jazzy/opt/gz_utils_vendor:/opt/ros/jazzy/opt/gz_tools_vendor:/opt/ros/jazzy/opt/gz_cmake_vendor:/home/hrs47/ros2_ws/install/ros_tcp_endpoint:/opt/ros/jazzy DEBUGINFOD_URLS=https://debuginfod.ubuntu.com PS1=(.venv) \[\e]0;\u@\h: \w\a\]${debian_chroot:+($debian_chroot)}\[\033[01;32m\]\u@\h\[\033[00m\]:\[\033[01;34m\]\w\[\033[00m\]\$ VIRTUAL_ENV_PROMPT=(.venv) /usr/bin/cmake /home/hrs47/ros2_ws/src/shutter-ros2/shutter_bringup -DCMAKE_INSTALL_PREFIX=/home/hrs47/ros2_ws/install/shutter_bringup
[3.218s] DEBUG:colcon.colcon_core.event_handler.log_command:Invoked command in '/home/hrs47/ros2_ws/build/shutter_bringup' returned '0': AMENT_PREFIX_PATH=/home/hrs47/ros2_ws/install/ros_tcp_endpoint:/home/hrs47/ros2_ws/install/shutter_bringup:/home/hrs47/ros2_ws/install/shutter_description:/opt/ros/jazzy CMAKE_PREFIX_PATH=/home/hrs47/ros2_ws/install/shutter_description:/home/hrs47/ros2_ws/install/shutter_bringup:/opt/ros/jazzy/opt/sdformat_vendor:/opt/ros/jazzy/opt/gz_math_vendor:/opt/ros/jazzy/opt/gz_utils_vendor:/opt/ros/jazzy/opt/gz_tools_vendor:/opt/ros/jazzy/opt/gz_cmake_vendor:/home/hrs47/ros2_ws/install/ros_tcp_endpoint:/opt/ros/jazzy DEBUGINFOD_URLS=https://debuginfod.ubuntu.com PS1=(.venv) \[\e]0;\u@\h: \w\a\]${debian_chroot:+($debian_chroot)}\[\033[01;32m\]\u@\h\[\033[00m\]:\[\033[01;34m\]\w\[\033[00m\]\$ VIRTUAL_ENV_PROMPT=(.venv) /usr/bin/cmake /home/hrs47/ros2_ws/src/shutter-ros2/shutter_bringup -DCMAKE_INSTALL_PREFIX=/home/hrs47/ros2_ws/install/shutter_bringup
[3.219s] DEBUG:colcon.colcon_core.event_handler.log_command:Invoking command in '/home/hrs47/ros2_ws/build/shutter_bringup': AMENT_PREFIX_PATH=/home/hrs47/ros2_ws/install/ros_tcp_endpoint:/home/hrs47/ros2_ws/install/shutter_bringup:/home/hrs47/ros2_ws/install/shutter_description:/opt/ros/jazzy CMAKE_PREFIX_PATH=/home/hrs47/ros2_ws/install/shutter_description:/home/hrs47/ros2_ws/install/shutter_bringup:/opt/ros/jazzy/opt/sdformat_vendor:/opt/ros/jazzy/opt/gz_math_vendor:/opt/ros/jazzy/opt/gz_utils_vendor:/opt/ros/jazzy/opt/gz_tools_vendor:/opt/ros/jazzy/opt/gz_cmake_vendor:/home/hrs47/ros2_ws/install/ros_tcp_endpoint:/opt/ros/jazzy DEBUGINFOD_URLS=https://debuginfod.ubuntu.com PS1=(.venv) \[\e]0;\u@\h: \w\a\]${debian_chroot:+($debian_chroot)}\[\033[01;32m\]\u@\h\[\033[00m\]:\[\033[01;34m\]\w\[\033[00m\]\$ VIRTUAL_ENV_PROMPT=(.venv) /usr/bin/cmake --build /home/hrs47/ros2_ws/build/shutter_bringup -- -j12 -l12
[3.255s] DEBUG:colcon.colcon_core.event_handler.log_command:Invoked command in '/home/hrs47/ros2_ws/build/shutter_bringup' returned '0': AMENT_PREFIX_PATH=/home/hrs47/ros2_ws/install/ros_tcp_endpoint:/home/hrs47/ros2_ws/install/shutter_bringup:/home/hrs47/ros2_ws/install/shutter_description:/opt/ros/jazzy CMAKE_PREFIX_PATH=/home/hrs47/ros2_ws/install/shutter_description:/home/hrs47/ros2_ws/install/shutter_bringup:/opt/ros/jazzy/opt/sdformat_vendor:/opt/ros/jazzy/opt/gz_math_vendor:/opt/ros/jazzy/opt/gz_utils_vendor:/opt/ros/jazzy/opt/gz_tools_vendor:/opt/ros/jazzy/opt/gz_cmake_vendor:/home/hrs47/ros2_ws/install/ros_tcp_endpoint:/opt/ros/jazzy DEBUGINFOD_URLS=https://debuginfod.ubuntu.com PS1=(.venv) \[\e]0;\u@\h: \w\a\]${debian_chroot:+($debian_chroot)}\[\033[01;32m\]\u@\h\[\033[00m\]:\[\033[01;34m\]\w\[\033[00m\]\$ VIRTUAL_ENV_PROMPT=(.venv) /usr/bin/cmake --build /home/hrs47/ros2_ws/build/shutter_bringup -- -j12 -l12
[3.256s] DEBUG:colcon.colcon_core.event_handler.log_command:Invoking command in '/home/hrs47/ros2_ws/build/shutter_bringup': AMENT_PREFIX_PATH=/home/hrs47/ros2_ws/install/ros_tcp_endpoint:/home/hrs47/ros2_ws/install/shutter_bringup:/home/hrs47/ros2_ws/install/shutter_description:/opt/ros/jazzy CMAKE_PREFIX_PATH=/home/hrs47/ros2_ws/install/shutter_description:/home/hrs47/ros2_ws/install/shutter_bringup:/opt/ros/jazzy/opt/sdformat_vendor:/opt/ros/jazzy/opt/gz_math_vendor:/opt/ros/jazzy/opt/gz_utils_vendor:/opt/ros/jazzy/opt/gz_tools_vendor:/opt/ros/jazzy/opt/gz_cmake_vendor:/home/hrs47/ros2_ws/install/ros_tcp_endpoint:/opt/ros/jazzy DEBUGINFOD_URLS=https://debuginfod.ubuntu.com PS1=(.venv) \[\e]0;\u@\h: \w\a\]${debian_chroot:+($debian_chroot)}\[\033[01;32m\]\u@\h\[\033[00m\]:\[\033[01;34m\]\w\[\033[00m\]\$ VIRTUAL_ENV_PROMPT=(.venv) /usr/bin/cmake --install /home/hrs47/ros2_ws/build/shutter_bringup
[3.269s] Level 1:colcon.colcon_core.environment:create_environment_scripts_only(shutter_bringup)
[3.270s] DEBUG:colcon.colcon_core.event_handler.log_command:Invoked command in '/home/hrs47/ros2_ws/build/shutter_bringup' returned '0': AMENT_PREFIX_PATH=/home/hrs47/ros2_ws/install/ros_tcp_endpoint:/home/hrs47/ros2_ws/install/shutter_bringup:/home/hrs47/ros2_ws/install/shutter_description:/opt/ros/jazzy CMAKE_PREFIX_PATH=/home/hrs47/ros2_ws/install/shutter_description:/home/hrs47/ros2_ws/install/shutter_bringup:/opt/ros/jazzy/opt/sdformat_vendor:/opt/ros/jazzy/opt/gz_math_vendor:/opt/ros/jazzy/opt/gz_utils_vendor:/opt/ros/jazzy/opt/gz_tools_vendor:/opt/ros/jazzy/opt/gz_cmake_vendor:/home/hrs47/ros2_ws/install/ros_tcp_endpoint:/opt/ros/jazzy DEBUGINFOD_URLS=https://debuginfod.ubuntu.com PS1=(.venv) \[\e]0;\u@\h: \w\a\]${debian_chroot:+($debian_chroot)}\[\033[01;32m\]\u@\h\[\033[00m\]:\[\033[01;34m\]\w\[\033[00m\]\$ VIRTUAL_ENV_PROMPT=(.venv) /usr/bin/cmake --install /home/hrs47/ros2_ws/build/shutter_bringup
[3.270s] Level 1:colcon.colcon_core.environment:checking '/home/hrs47/ros2_ws/install/shutter_bringup' for CMake module files
[3.271s] Level 1:colcon.colcon_core.environment:checking '/home/hrs47/ros2_ws/install/shutter_bringup' for CMake config files
[3.275s] Level 1:colcon.colcon_core.shell:create_environment_hook('shutter_bringup', 'cmake_prefix_path')
[3.275s] INFO:colcon.colcon_core.shell:Creating environment hook '/home/hrs47/ros2_ws/install/shutter_bringup/share/shutter_bringup/hook/cmake_prefix_path.ps1'
[3.275s] INFO:colcon.colcon_core.shell:Creating environment descriptor '/home/hrs47/ros2_ws/install/shutter_bringup/share/shutter_bringup/hook/cmake_prefix_path.dsv'
[3.275s] INFO:colcon.colcon_core.shell:Creating environment hook '/home/hrs47/ros2_ws/install/shutter_bringup/share/shutter_bringup/hook/cmake_prefix_path.sh'
[3.276s] Level 1:colcon.colcon_core.environment:checking '/home/hrs47/ros2_ws/install/shutter_bringup/lib'
[3.276s] Level 1:colcon.colcon_core.environment:checking '/home/hrs47/ros2_ws/install/shutter_bringup/bin'
[3.276s] Level 1:colcon.colcon_core.environment:checking '/home/hrs47/ros2_ws/install/shutter_bringup/lib/pkgconfig/shutter_bringup.pc'
[3.276s] Level 1:colcon.colcon_core.environment:checking '/home/hrs47/ros2_ws/install/shutter_bringup/lib/python3.12/site-packages'
[3.276s] Level 1:colcon.colcon_core.environment:checking '/home/hrs47/ros2_ws/install/shutter_bringup/bin'
[3.277s] INFO:colcon.colcon_core.shell:Creating package script '/home/hrs47/ros2_ws/install/shutter_bringup/share/shutter_bringup/package.ps1'
[3.277s] INFO:colcon.colcon_core.shell:Creating package descriptor '/home/hrs47/ros2_ws/install/shutter_bringup/share/shutter_bringup/package.dsv'
[3.277s] INFO:colcon.colcon_core.shell:Creating package script '/home/hrs47/ros2_ws/install/shutter_bringup/share/shutter_bringup/package.sh'
[3.278s] INFO:colcon.colcon_core.shell:Creating package script '/home/hrs47/ros2_ws/install/shutter_bringup/share/shutter_bringup/package.bash'
[3.278s] INFO:colcon.colcon_core.shell:Creating package script '/home/hrs47/ros2_ws/install/shutter_bringup/share/shutter_bringup/package.zsh'
[3.278s] Level 1:colcon.colcon_core.environment:create_file_with_runtime_dependencies(/home/hrs47/ros2_ws/install/shutter_bringup/share/colcon-core/packages/shutter_bringup)
[3.279s] Level 1:colcon.colcon_core.environment:create_environment_scripts_only(shutter_bringup)
[3.279s] Level 1:colcon.colcon_core.environment:checking '/home/hrs47/ros2_ws/install/shutter_bringup' for CMake module files
[3.279s] Level 1:colcon.colcon_core.environment:checking '/home/hrs47/ros2_ws/install/shutter_bringup' for CMake config files
[3.280s] Level 1:colcon.colcon_core.shell:create_environment_hook('shutter_bringup', 'cmake_prefix_path')
[3.280s] INFO:colcon.colcon_core.shell:Creating environment hook '/home/hrs47/ros2_ws/install/shutter_bringup/share/shutter_bringup/hook/cmake_prefix_path.ps1'
[3.281s] INFO:colcon.colcon_core.shell:Creating environment descriptor '/home/hrs47/ros2_ws/install/shutter_bringup/share/shutter_bringup/hook/cmake_prefix_path.dsv'
[3.281s] INFO:colcon.colcon_core.shell:Creating environment hook '/home/hrs47/ros2_ws/install/shutter_bringup/share/shutter_bringup/hook/cmake_prefix_path.sh'
[3.281s] Level 1:colcon.colcon_core.environment:checking '/home/hrs47/ros2_ws/install/shutter_bringup/lib'
[3.281s] Level 1:colcon.colcon_core.environment:checking '/home/hrs47/ros2_ws/install/shutter_bringup/bin'
[3.282s] Level 1:colcon.colcon_core.environment:checking '/home/hrs47/ros2_ws/install/shutter_bringup/lib/pkgconfig/shutter_bringup.pc'
[3.282s] Level 1:colcon.colcon_core.environment:checking '/home/hrs47/ros2_ws/install/shutter_bringup/lib/python3.12/site-packages'
[3.282s] Level 1:colcon.colcon_core.environment:checking '/home/hrs47/ros2_ws/install/shutter_bringup/bin'
[3.282s] INFO:colcon.colcon_core.shell:Creating package script '/home/hrs47/ros2_ws/install/shutter_bringup/share/shutter_bringup/package.ps1'
[3.283s] INFO:colcon.colcon_core.shell:Creating package descriptor '/home/hrs47/ros2_ws/install/shutter_bringup/share/shutter_bringup/package.dsv'
[3.283s] INFO:colcon.colcon_core.shell:Creating package script '/home/hrs47/ros2_ws/install/shutter_bringup/share/shutter_bringup/package.sh'
[3.284s] INFO:colcon.colcon_core.shell:Creating package script '/home/hrs47/ros2_ws/install/shutter_bringup/share/shutter_bringup/package.bash'
[3.284s] INFO:colcon.colcon_core.shell:Creating package script '/home/hrs47/ros2_ws/install/shutter_bringup/share/shutter_bringup/package.zsh'
[3.284s] Level 1:colcon.colcon_core.environment:create_file_with_runtime_dependencies(/home/hrs47/ros2_ws/install/shutter_bringup/share/colcon-core/packages/shutter_bringup)
[3.285s] DEBUG:colcon.colcon_parallel_executor.executor.parallel:closing loop
[3.285s] DEBUG:colcon.colcon_parallel_executor.executor.parallel:loop closed
[3.285s] DEBUG:colcon.colcon_parallel_executor.executor.parallel:run_until_complete finished with '0'
[3.285s] DEBUG:colcon.colcon_core.event_reactor:joining thread
[3.292s] INFO:colcon.colcon_core.plugin_system:Skipping extension 'colcon_notification.desktop_notification.terminal_notifier': Not used on non-Darwin systems
[3.292s] INFO:colcon.colcon_core.plugin_system:Skipping extension 'colcon_notification.desktop_notification.win32': Not used on non-Windows systems
[3.292s] INFO:colcon.colcon_notification.desktop_notification:Sending desktop notification using 'notify2'
[3.311s] DEBUG:colcon.colcon_core.event_reactor:joined thread
[3.311s] INFO:colcon.colcon_core.shell:Creating prefix script '/home/hrs47/ros2_ws/install/local_setup.ps1'
[3.312s] INFO:colcon.colcon_core.shell:Creating prefix util module '/home/hrs47/ros2_ws/install/_local_setup_util_ps1.py'
[3.314s] INFO:colcon.colcon_core.shell:Creating prefix chain script '/home/hrs47/ros2_ws/install/setup.ps1'
[3.315s] INFO:colcon.colcon_core.shell:Creating prefix script '/home/hrs47/ros2_ws/install/local_setup.sh'
[3.316s] INFO:colcon.colcon_core.shell:Creating prefix util module '/home/hrs47/ros2_ws/install/_local_setup_util_sh.py'
[3.316s] INFO:colcon.colcon_core.shell:Creating prefix chain script '/home/hrs47/ros2_ws/install/setup.sh'
[3.318s] INFO:colcon.colcon_core.shell:Creating prefix script '/home/hrs47/ros2_ws/install/local_setup.bash'
[3.319s] INFO:colcon.colcon_core.shell:Creating prefix chain script '/home/hrs47/ros2_ws/install/setup.bash'
[3.320s] INFO:colcon.colcon_core.shell:Creating prefix script '/home/hrs47/ros2_ws/install/local_setup.zsh'
[3.321s] INFO:colcon.colcon_core.shell:Creating prefix chain script '/home/hrs47/ros2_ws/install/setup.zsh'
