[0.843s] DEBUG:colcon:Command line arguments: ['/usr/bin/colcon', 'build', '--cmake-args', '-DCMAKE_BUILD_TYPE=Release']
[0.843s] DEBUG:colcon:Parsed command line arguments: Namespace(log_base=None, log_level=None, verb_name='build', build_base='build', install_base='install', merge_install=False, symlink_install=False, test_result_base=None, continue_on_error=False, executor='parallel', parallel_workers=12, event_handlers=None, ignore_user_meta=False, metas=['./colcon.meta'], base_paths=['.'], packages_ignore=None, packages_ignore_regex=None, paths=None, packages_up_to=None, packages_up_to_regex=None, packages_above=None, packages_above_and_dependencies=None, packages_above_depth=None, packages_select_by_dep=None, packages_skip_by_dep=None, packages_skip_up_to=None, packages_select_build_failed=False, packages_skip_build_finished=False, packages_select_test_failures=False, packages_skip_test_passed=False, packages_select=None, packages_skip=None, packages_select_regex=None, packages_skip_regex=None, packages_start=None, packages_end=None, allow_overriding=[], cmake_args=['-DCMAKE_BUILD_TYPE=Release'], cmake_target=None, cmake_target_skip_unavailable=False, cmake_clean_cache=False, cmake_clean_first=False, cmake_force_configure=False, ament_cmake_args=None, catkin_cmake_args=None, catkin_skip_building_tests=False, mixin_files=None, mixin=None, verb_parser=<colcon_mixin.mixin.mixin_argument.MixinArgumentDecorator object at 0x7560567f1280>, verb_extension=<colcon_core.verb.build.BuildVerb object at 0x7560567f0fe0>, main=<bound method BuildVerb.main of <colcon_core.verb.build.BuildVerb object at 0x7560567f0fe0>>, mixin_verb=('build',))
[0.878s] Level 1:colcon.colcon_core.package_discovery:discover_packages(colcon_meta) check parameters
[0.878s] Level 1:colcon.colcon_core.package_discovery:discover_packages(recursive) check parameters
[0.879s] Level 1:colcon.colcon_core.package_discovery:discover_packages(ignore) check parameters
[0.879s] Level 1:colcon.colcon_core.package_discovery:discover_packages(path) check parameters
[0.879s] Level 1:colcon.colcon_core.package_discovery:discover_packages(colcon_meta) discover
[0.879s] Level 1:colcon.colcon_core.package_discovery:discover_packages(recursive) discover
[0.879s] INFO:colcon.colcon_core.package_discovery:Crawling recursively for packages in '/home/hrs47/ros2_ws'
[0.879s] Level 1:colcon.colcon_core.package_identification:_identify(.) by extensions ['ignore', 'ignore_ament_install']
[0.879s] Level 1:colcon.colcon_core.package_identification:_identify(.) by extension 'ignore'
[0.879s] Level 1:colcon.colcon_core.package_identification:_identify(.) by extension 'ignore_ament_install'
[0.879s] Level 1:colcon.colcon_core.package_identification:_identify(.) by extensions ['colcon_pkg']
[0.879s] Level 1:colcon.colcon_core.package_identification:_identify(.) by extension 'colcon_pkg'
[0.879s] Level 1:colcon.colcon_core.package_identification:_identify(.) by extensions ['colcon_meta']
[0.879s] Level 1:colcon.colcon_core.package_identification:_identify(.) by extension 'colcon_meta'
[0.879s] Level 1:colcon.colcon_core.package_identification:_identify(.) by extensions ['ros']
[0.879s] Level 1:colcon.colcon_core.package_identification:_identify(.) by extension 'ros'
[0.899s] Level 1:colcon.colcon_core.package_identification:_identify(.) by extensions ['cmake', 'python']
[0.900s] Level 1:colcon.colcon_core.package_identification:_identify(.) by extension 'cmake'
[0.900s] Level 1:colcon.colcon_core.package_identification:_identify(.) by extension 'python'
[0.900s] Level 1:colcon.colcon_core.package_identification:_identify(.) by extensions ['python_setup_py']
[0.900s] Level 1:colcon.colcon_core.package_identification:_identify(.) by extension 'python_setup_py'
[0.900s] Level 1:colcon.colcon_core.package_identification:_identify(build) by extensions ['ignore', 'ignore_ament_install']
[0.900s] Level 1:colcon.colcon_core.package_identification:_identify(build) by extension 'ignore'
[0.900s] Level 1:colcon.colcon_core.package_identification:_identify(build) ignored
[0.900s] Level 1:colcon.colcon_core.package_identification:_identify(install) by extensions ['ignore', 'ignore_ament_install']
[0.900s] Level 1:colcon.colcon_core.package_identification:_identify(install) by extension 'ignore'
[0.900s] Level 1:colcon.colcon_core.package_identification:_identify(install) ignored
[0.900s] Level 1:colcon.colcon_core.package_identification:_identify(log) by extensions ['ignore', 'ignore_ament_install']
[0.900s] Level 1:colcon.colcon_core.package_identification:_identify(log) by extension 'ignore'
[0.900s] Level 1:colcon.colcon_core.package_identification:_identify(log) ignored
[0.900s] Level 1:colcon.colcon_core.package_identification:_identify(src) by extensions ['ignore', 'ignore_ament_install']
[0.900s] Level 1:colcon.colcon_core.package_identification:_identify(src) by extension 'ignore'
[0.900s] Level 1:colcon.colcon_core.package_identification:_identify(src) by extension 'ignore_ament_install'
[0.900s] Level 1:colcon.colcon_core.package_identification:_identify(src) by extensions ['colcon_pkg']
[0.901s] Level 1:colcon.colcon_core.package_identification:_identify(src) by extension 'colcon_pkg'
[0.901s] Level 1:colcon.colcon_core.package_identification:_identify(src) by extensions ['colcon_meta']
[0.901s] Level 1:colcon.colcon_core.package_identification:_identify(src) by extension 'colcon_meta'
[0.901s] Level 1:colcon.colcon_core.package_identification:_identify(src) by extensions ['ros']
[0.901s] Level 1:colcon.colcon_core.package_identification:_identify(src) by extension 'ros'
[0.901s] Level 1:colcon.colcon_core.package_identification:_identify(src) by extensions ['cmake', 'python']
[0.901s] Level 1:colcon.colcon_core.package_identification:_identify(src) by extension 'cmake'
[0.901s] Level 1:colcon.colcon_core.package_identification:_identify(src) by extension 'python'
[0.901s] Level 1:colcon.colcon_core.package_identification:_identify(src) by extensions ['python_setup_py']
[0.901s] Level 1:colcon.colcon_core.package_identification:_identify(src) by extension 'python_setup_py'
[0.901s] Level 1:colcon.colcon_core.package_identification:_identify(src/shutter-ros2) by extensions ['ignore', 'ignore_ament_install']
[0.901s] Level 1:colcon.colcon_core.package_identification:_identify(src/shutter-ros2) by extension 'ignore'
[0.901s] Level 1:colcon.colcon_core.package_identification:_identify(src/shutter-ros2) by extension 'ignore_ament_install'
[0.901s] Level 1:colcon.colcon_core.package_identification:_identify(src/shutter-ros2) by extensions ['colcon_pkg']
[0.901s] Level 1:colcon.colcon_core.package_identification:_identify(src/shutter-ros2) by extension 'colcon_pkg'
[0.901s] Level 1:colcon.colcon_core.package_identification:_identify(src/shutter-ros2) by extensions ['colcon_meta']
[0.901s] Level 1:colcon.colcon_core.package_identification:_identify(src/shutter-ros2) by extension 'colcon_meta'
[0.901s] Level 1:colcon.colcon_core.package_identification:_identify(src/shutter-ros2) by extensions ['ros']
[0.901s] Level 1:colcon.colcon_core.package_identification:_identify(src/shutter-ros2) by extension 'ros'
[0.901s] Level 1:colcon.colcon_core.package_identification:_identify(src/shutter-ros2) by extensions ['cmake', 'python']
[0.901s] Level 1:colcon.colcon_core.package_identification:_identify(src/shutter-ros2) by extension 'cmake'
[0.901s] Level 1:colcon.colcon_core.package_identification:_identify(src/shutter-ros2) by extension 'python'
[0.901s] Level 1:colcon.colcon_core.package_identification:_identify(src/shutter-ros2) by extensions ['python_setup_py']
[0.901s] Level 1:colcon.colcon_core.package_identification:_identify(src/shutter-ros2) by extension 'python_setup_py'
[0.902s] Level 1:colcon.colcon_core.package_identification:_identify(src/shutter-ros2/build) by extensions ['ignore', 'ignore_ament_install']
[0.902s] Level 1:colcon.colcon_core.package_identification:_identify(src/shutter-ros2/build) by extension 'ignore'
[0.902s] Level 1:colcon.colcon_core.package_identification:_identify(src/shutter-ros2/build) ignored
[0.902s] Level 1:colcon.colcon_core.package_identification:_identify(src/shutter-ros2/documentation) by extensions ['ignore', 'ignore_ament_install']
[0.902s] Level 1:colcon.colcon_core.package_identification:_identify(src/shutter-ros2/documentation) by extension 'ignore'
[0.902s] Level 1:colcon.colcon_core.package_identification:_identify(src/shutter-ros2/documentation) by extension 'ignore_ament_install'
[0.902s] Level 1:colcon.colcon_core.package_identification:_identify(src/shutter-ros2/documentation) by extensions ['colcon_pkg']
[0.902s] Level 1:colcon.colcon_core.package_identification:_identify(src/shutter-ros2/documentation) by extension 'colcon_pkg'
[0.902s] Level 1:colcon.colcon_core.package_identification:_identify(src/shutter-ros2/documentation) by extensions ['colcon_meta']
[0.902s] Level 1:colcon.colcon_core.package_identification:_identify(src/shutter-ros2/documentation) by extension 'colcon_meta'
[0.902s] Level 1:colcon.colcon_core.package_identification:_identify(src/shutter-ros2/documentation) by extensions ['ros']
[0.902s] Level 1:colcon.colcon_core.package_identification:_identify(src/shutter-ros2/documentation) by extension 'ros'
[0.902s] Level 1:colcon.colcon_core.package_identification:_identify(src/shutter-ros2/documentation) by extensions ['cmake', 'python']
[0.902s] Level 1:colcon.colcon_core.package_identification:_identify(src/shutter-ros2/documentation) by extension 'cmake'
[0.902s] Level 1:colcon.colcon_core.package_identification:_identify(src/shutter-ros2/documentation) by extension 'python'
[0.902s] Level 1:colcon.colcon_core.package_identification:_identify(src/shutter-ros2/documentation) by extensions ['python_setup_py']
[0.902s] Level 1:colcon.colcon_core.package_identification:_identify(src/shutter-ros2/documentation) by extension 'python_setup_py'
[0.902s] Level 1:colcon.colcon_core.package_identification:_identify(src/shutter-ros2/documentation/source) by extensions ['ignore', 'ignore_ament_install']
[0.902s] Level 1:colcon.colcon_core.package_identification:_identify(src/shutter-ros2/documentation/source) by extension 'ignore'
[0.902s] Level 1:colcon.colcon_core.package_identification:_identify(src/shutter-ros2/documentation/source) by extension 'ignore_ament_install'
[0.902s] Level 1:colcon.colcon_core.package_identification:_identify(src/shutter-ros2/documentation/source) by extensions ['colcon_pkg']
[0.902s] Level 1:colcon.colcon_core.package_identification:_identify(src/shutter-ros2/documentation/source) by extension 'colcon_pkg'
[0.903s] Level 1:colcon.colcon_core.package_identification:_identify(src/shutter-ros2/documentation/source) by extensions ['colcon_meta']
[0.903s] Level 1:colcon.colcon_core.package_identification:_identify(src/shutter-ros2/documentation/source) by extension 'colcon_meta'
[0.903s] Level 1:colcon.colcon_core.package_identification:_identify(src/shutter-ros2/documentation/source) by extensions ['ros']
[0.903s] Level 1:colcon.colcon_core.package_identification:_identify(src/shutter-ros2/documentation/source) by extension 'ros'
[0.903s] Level 1:colcon.colcon_core.package_identification:_identify(src/shutter-ros2/documentation/source) by extensions ['cmake', 'python']
[0.903s] Level 1:colcon.colcon_core.package_identification:_identify(src/shutter-ros2/documentation/source) by extension 'cmake'
[0.903s] Level 1:colcon.colcon_core.package_identification:_identify(src/shutter-ros2/documentation/source) by extension 'python'
[0.903s] Level 1:colcon.colcon_core.package_identification:_identify(src/shutter-ros2/documentation/source) by extensions ['python_setup_py']
[0.903s] Level 1:colcon.colcon_core.package_identification:_identify(src/shutter-ros2/documentation/source) by extension 'python_setup_py'
[0.903s] Level 1:colcon.colcon_core.package_identification:_identify(src/shutter-ros2/documentation/source/images) by extensions ['ignore', 'ignore_ament_install']
[0.903s] Level 1:colcon.colcon_core.package_identification:_identify(src/shutter-ros2/documentation/source/images) by extension 'ignore'
[0.903s] Level 1:colcon.colcon_core.package_identification:_identify(src/shutter-ros2/documentation/source/images) by extension 'ignore_ament_install'
[0.903s] Level 1:colcon.colcon_core.package_identification:_identify(src/shutter-ros2/documentation/source/images) by extensions ['colcon_pkg']
[0.903s] Level 1:colcon.colcon_core.package_identification:_identify(src/shutter-ros2/documentation/source/images) by extension 'colcon_pkg'
[0.903s] Level 1:colcon.colcon_core.package_identification:_identify(src/shutter-ros2/documentation/source/images) by extensions ['colcon_meta']
[0.903s] Level 1:colcon.colcon_core.package_identification:_identify(src/shutter-ros2/documentation/source/images) by extension 'colcon_meta'
[0.903s] Level 1:colcon.colcon_core.package_identification:_identify(src/shutter-ros2/documentation/source/images) by extensions ['ros']
[0.903s] Level 1:colcon.colcon_core.package_identification:_identify(src/shutter-ros2/documentation/source/images) by extension 'ros'
[0.903s] Level 1:colcon.colcon_core.package_identification:_identify(src/shutter-ros2/documentation/source/images) by extensions ['cmake', 'python']
[0.903s] Level 1:colcon.colcon_core.package_identification:_identify(src/shutter-ros2/documentation/source/images) by extension 'cmake'
[0.903s] Level 1:colcon.colcon_core.package_identification:_identify(src/shutter-ros2/documentation/source/images) by extension 'python'
[0.903s] Level 1:colcon.colcon_core.package_identification:_identify(src/shutter-ros2/documentation/source/images) by extensions ['python_setup_py']
[0.903s] Level 1:colcon.colcon_core.package_identification:_identify(src/shutter-ros2/documentation/source/images) by extension 'python_setup_py'
[0.903s] Level 1:colcon.colcon_core.package_identification:_identify(src/shutter-ros2/documentation/source/packages) by extensions ['ignore', 'ignore_ament_install']
[0.904s] Level 1:colcon.colcon_core.package_identification:_identify(src/shutter-ros2/documentation/source/packages) by extension 'ignore'
[0.904s] Level 1:colcon.colcon_core.package_identification:_identify(src/shutter-ros2/documentation/source/packages) by extension 'ignore_ament_install'
[0.904s] Level 1:colcon.colcon_core.package_identification:_identify(src/shutter-ros2/documentation/source/packages) by extensions ['colcon_pkg']
[0.904s] Level 1:colcon.colcon_core.package_identification:_identify(src/shutter-ros2/documentation/source/packages) by extension 'colcon_pkg'
[0.904s] Level 1:colcon.colcon_core.package_identification:_identify(src/shutter-ros2/documentation/source/packages) by extensions ['colcon_meta']
[0.904s] Level 1:colcon.colcon_core.package_identification:_identify(src/shutter-ros2/documentation/source/packages) by extension 'colcon_meta'
[0.904s] Level 1:colcon.colcon_core.package_identification:_identify(src/shutter-ros2/documentation/source/packages) by extensions ['ros']
[0.904s] Level 1:colcon.colcon_core.package_identification:_identify(src/shutter-ros2/documentation/source/packages) by extension 'ros'
[0.904s] Level 1:colcon.colcon_core.package_identification:_identify(src/shutter-ros2/documentation/source/packages) by extensions ['cmake', 'python']
[0.904s] Level 1:colcon.colcon_core.package_identification:_identify(src/shutter-ros2/documentation/source/packages) by extension 'cmake'
[0.904s] Level 1:colcon.colcon_core.package_identification:_identify(src/shutter-ros2/documentation/source/packages) by extension 'python'
[0.904s] Level 1:colcon.colcon_core.package_identification:_identify(src/shutter-ros2/documentation/source/packages) by extensions ['python_setup_py']
[0.904s] Level 1:colcon.colcon_core.package_identification:_identify(src/shutter-ros2/documentation/source/packages) by extension 'python_setup_py'
[0.904s] Level 1:colcon.colcon_core.package_identification:_identify(src/shutter-ros2/install) by extensions ['ignore', 'ignore_ament_install']
[0.904s] Level 1:colcon.colcon_core.package_identification:_identify(src/shutter-ros2/install) by extension 'ignore'
[0.904s] Level 1:colcon.colcon_core.package_identification:_identify(src/shutter-ros2/install) ignored
[0.904s] Level 1:colcon.colcon_core.package_identification:_identify(src/shutter-ros2/log) by extensions ['ignore', 'ignore_ament_install']
[0.904s] Level 1:colcon.colcon_core.package_identification:_identify(src/shutter-ros2/log) by extension 'ignore'
[0.904s] Level 1:colcon.colcon_core.package_identification:_identify(src/shutter-ros2/log) ignored
[0.905s] Level 1:colcon.colcon_core.package_identification:_identify(src/shutter-ros2/modules) by extensions ['ignore', 'ignore_ament_install']
[0.905s] Level 1:colcon.colcon_core.package_identification:_identify(src/shutter-ros2/modules) by extension 'ignore'
[0.905s] Level 1:colcon.colcon_core.package_identification:_identify(src/shutter-ros2/modules) by extension 'ignore_ament_install'
[0.905s] Level 1:colcon.colcon_core.package_identification:_identify(src/shutter-ros2/modules) by extensions ['colcon_pkg']
[0.905s] Level 1:colcon.colcon_core.package_identification:_identify(src/shutter-ros2/modules) by extension 'colcon_pkg'
[0.905s] Level 1:colcon.colcon_core.package_identification:_identify(src/shutter-ros2/modules) by extensions ['colcon_meta']
[0.905s] Level 1:colcon.colcon_core.package_identification:_identify(src/shutter-ros2/modules) by extension 'colcon_meta'
[0.905s] Level 1:colcon.colcon_core.package_identification:_identify(src/shutter-ros2/modules) by extensions ['ros']
[0.905s] Level 1:colcon.colcon_core.package_identification:_identify(src/shutter-ros2/modules) by extension 'ros'
[0.905s] Level 1:colcon.colcon_core.package_identification:_identify(src/shutter-ros2/modules) by extensions ['cmake', 'python']
[0.905s] Level 1:colcon.colcon_core.package_identification:_identify(src/shutter-ros2/modules) by extension 'cmake'
[0.905s] Level 1:colcon.colcon_core.package_identification:_identify(src/shutter-ros2/modules) by extension 'python'
[0.905s] Level 1:colcon.colcon_core.package_identification:_identify(src/shutter-ros2/modules) by extensions ['python_setup_py']
[0.905s] Level 1:colcon.colcon_core.package_identification:_identify(src/shutter-ros2/modules) by extension 'python_setup_py'
[0.905s] Level 1:colcon.colcon_core.package_identification:_identify(src/shutter-ros2/modules/ROS-TCP-Endpoint) by extensions ['ignore', 'ignore_ament_install']
[0.905s] Level 1:colcon.colcon_core.package_identification:_identify(src/shutter-ros2/modules/ROS-TCP-Endpoint) by extension 'ignore'
[0.905s] Level 1:colcon.colcon_core.package_identification:_identify(src/shutter-ros2/modules/ROS-TCP-Endpoint) by extension 'ignore_ament_install'
[0.905s] Level 1:colcon.colcon_core.package_identification:_identify(src/shutter-ros2/modules/ROS-TCP-Endpoint) by extensions ['colcon_pkg']
[0.905s] Level 1:colcon.colcon_core.package_identification:_identify(src/shutter-ros2/modules/ROS-TCP-Endpoint) by extension 'colcon_pkg'
[0.905s] Level 1:colcon.colcon_core.package_identification:_identify(src/shutter-ros2/modules/ROS-TCP-Endpoint) by extensions ['colcon_meta']
[0.905s] Level 1:colcon.colcon_core.package_identification:_identify(src/shutter-ros2/modules/ROS-TCP-Endpoint) by extension 'colcon_meta'
[0.905s] Level 1:colcon.colcon_core.package_identification:_identify(src/shutter-ros2/modules/ROS-TCP-Endpoint) by extensions ['ros']
[0.905s] Level 1:colcon.colcon_core.package_identification:_identify(src/shutter-ros2/modules/ROS-TCP-Endpoint) by extension 'ros'
[0.908s] DEBUG:colcon.colcon_core.package_identification:Package 'src/shutter-ros2/modules/ROS-TCP-Endpoint' with type 'ros.ament_python' and name 'ros_tcp_endpoint'
[0.908s] Level 1:colcon.colcon_core.package_identification:_identify(src/shutter-ros2/shutter_bringup) by extensions ['ignore', 'ignore_ament_install']
[0.908s] Level 1:colcon.colcon_core.package_identification:_identify(src/shutter-ros2/shutter_bringup) by extension 'ignore'
[0.908s] Level 1:colcon.colcon_core.package_identification:_identify(src/shutter-ros2/shutter_bringup) by extension 'ignore_ament_install'
[0.908s] Level 1:colcon.colcon_core.package_identification:_identify(src/shutter-ros2/shutter_bringup) by extensions ['colcon_pkg']
[0.908s] Level 1:colcon.colcon_core.package_identification:_identify(src/shutter-ros2/shutter_bringup) by extension 'colcon_pkg'
[0.908s] Level 1:colcon.colcon_core.package_identification:_identify(src/shutter-ros2/shutter_bringup) by extensions ['colcon_meta']
[0.908s] Level 1:colcon.colcon_core.package_identification:_identify(src/shutter-ros2/shutter_bringup) by extension 'colcon_meta'
[0.908s] Level 1:colcon.colcon_core.package_identification:_identify(src/shutter-ros2/shutter_bringup) by extensions ['ros']
[0.908s] Level 1:colcon.colcon_core.package_identification:_identify(src/shutter-ros2/shutter_bringup) by extension 'ros'
[0.909s] DEBUG:colcon.colcon_core.package_identification:Package 'src/shutter-ros2/shutter_bringup' with type 'ros.ament_cmake' and name 'shutter_bringup'
[0.909s] Level 1:colcon.colcon_core.package_identification:_identify(src/shutter-ros2/shutter_description) by extensions ['ignore', 'ignore_ament_install']
[0.909s] Level 1:colcon.colcon_core.package_identification:_identify(src/shutter-ros2/shutter_description) by extension 'ignore'
[0.909s] Level 1:colcon.colcon_core.package_identification:_identify(src/shutter-ros2/shutter_description) by extension 'ignore_ament_install'
[0.909s] Level 1:colcon.colcon_core.package_identification:_identify(src/shutter-ros2/shutter_description) by extensions ['colcon_pkg']
[0.909s] Level 1:colcon.colcon_core.package_identification:_identify(src/shutter-ros2/shutter_description) by extension 'colcon_pkg'
[0.909s] Level 1:colcon.colcon_core.package_identification:_identify(src/shutter-ros2/shutter_description) by extensions ['colcon_meta']
[0.909s] Level 1:colcon.colcon_core.package_identification:_identify(src/shutter-ros2/shutter_description) by extension 'colcon_meta'
[0.909s] Level 1:colcon.colcon_core.package_identification:_identify(src/shutter-ros2/shutter_description) by extensions ['ros']
[0.909s] Level 1:colcon.colcon_core.package_identification:_identify(src/shutter-ros2/shutter_description) by extension 'ros'
[0.910s] DEBUG:colcon.colcon_core.package_identification:Package 'src/shutter-ros2/shutter_description' with type 'ros.ament_cmake' and name 'shutter_description'
[0.910s] Level 1:colcon.colcon_core.package_identification:_identify(src/shutter-ros2/shutter_face_ros) by extensions ['ignore', 'ignore_ament_install']
[0.910s] Level 1:colcon.colcon_core.package_identification:_identify(src/shutter-ros2/shutter_face_ros) by extension 'ignore'
[0.910s] Level 1:colcon.colcon_core.package_identification:_identify(src/shutter-ros2/shutter_face_ros) by extension 'ignore_ament_install'
[0.910s] Level 1:colcon.colcon_core.package_identification:_identify(src/shutter-ros2/shutter_face_ros) by extensions ['colcon_pkg']
[0.910s] Level 1:colcon.colcon_core.package_identification:_identify(src/shutter-ros2/shutter_face_ros) by extension 'colcon_pkg'
[0.910s] Level 1:colcon.colcon_core.package_identification:_identify(src/shutter-ros2/shutter_face_ros) by extensions ['colcon_meta']
[0.910s] Level 1:colcon.colcon_core.package_identification:_identify(src/shutter-ros2/shutter_face_ros) by extension 'colcon_meta'
[0.910s] Level 1:colcon.colcon_core.package_identification:_identify(src/shutter-ros2/shutter_face_ros) by extensions ['ros']
[0.910s] Level 1:colcon.colcon_core.package_identification:_identify(src/shutter-ros2/shutter_face_ros) by extension 'ros'
[0.910s] DEBUG:colcon.colcon_core.package_identification:Package 'src/shutter-ros2/shutter_face_ros' with type 'ros.ament_cmake' and name 'shutter_face_ros'
[0.911s] Level 1:colcon.colcon_core.package_identification:_identify(src/shutter-ros2/shutter_hardware_interface) by extensions ['ignore', 'ignore_ament_install']
[0.911s] Level 1:colcon.colcon_core.package_identification:_identify(src/shutter-ros2/shutter_hardware_interface) by extension 'ignore'
[0.911s] Level 1:colcon.colcon_core.package_identification:_identify(src/shutter-ros2/shutter_hardware_interface) by extension 'ignore_ament_install'
[0.911s] Level 1:colcon.colcon_core.package_identification:_identify(src/shutter-ros2/shutter_hardware_interface) by extensions ['colcon_pkg']
[0.911s] Level 1:colcon.colcon_core.package_identification:_identify(src/shutter-ros2/shutter_hardware_interface) by extension 'colcon_pkg'
[0.911s] Level 1:colcon.colcon_core.package_identification:_identify(src/shutter-ros2/shutter_hardware_interface) by extensions ['colcon_meta']
[0.911s] Level 1:colcon.colcon_core.package_identification:_identify(src/shutter-ros2/shutter_hardware_interface) by extension 'colcon_meta'
[0.911s] Level 1:colcon.colcon_core.package_identification:_identify(src/shutter-ros2/shutter_hardware_interface) by extensions ['ros']
[0.911s] Level 1:colcon.colcon_core.package_identification:_identify(src/shutter-ros2/shutter_hardware_interface) by extension 'ros'
[0.911s] DEBUG:colcon.colcon_core.package_identification:Package 'src/shutter-ros2/shutter_hardware_interface' with type 'ros.ament_cmake' and name 'shutter_hardware_interface'
[0.911s] Level 1:colcon.colcon_core.package_discovery:discover_packages(recursive) using defaults
[0.912s] Level 1:colcon.colcon_core.package_discovery:discover_packages(ignore) discover
[0.912s] Level 1:colcon.colcon_core.package_discovery:discover_packages(ignore) using defaults
[0.912s] Level 1:colcon.colcon_core.package_discovery:discover_packages(path) discover
[0.912s] Level 1:colcon.colcon_core.package_discovery:discover_packages(path) using defaults
[0.926s] Level 1:colcon.colcon_core.package_discovery:discover_packages(prefix_path) check parameters
[0.926s] Level 1:colcon.colcon_core.package_discovery:discover_packages(prefix_path) discover
[0.928s] DEBUG:colcon.colcon_installed_package_information.package_discovery:Found 5 installed packages in /home/hrs47/ros2_ws/install
[0.930s] DEBUG:colcon.colcon_installed_package_information.package_discovery:Found 366 installed packages in /opt/ros/jazzy
[0.930s] Level 1:colcon.colcon_core.package_discovery:discover_packages(prefix_path) using defaults
[0.977s] Level 5:colcon.colcon_core.verb:set package 'ros_tcp_endpoint' build argument 'cmake_args' from command line to '['-DCMAKE_BUILD_TYPE=Release']'
[0.977s] Level 5:colcon.colcon_core.verb:set package 'ros_tcp_endpoint' build argument 'cmake_target' from command line to 'None'
[0.977s] Level 5:colcon.colcon_core.verb:set package 'ros_tcp_endpoint' build argument 'cmake_target_skip_unavailable' from command line to 'False'
[0.977s] Level 5:colcon.colcon_core.verb:set package 'ros_tcp_endpoint' build argument 'cmake_clean_cache' from command line to 'False'
[0.977s] Level 5:colcon.colcon_core.verb:set package 'ros_tcp_endpoint' build argument 'cmake_clean_first' from command line to 'False'
[0.977s] Level 5:colcon.colcon_core.verb:set package 'ros_tcp_endpoint' build argument 'cmake_force_configure' from command line to 'False'
[0.977s] Level 5:colcon.colcon_core.verb:set package 'ros_tcp_endpoint' build argument 'ament_cmake_args' from command line to 'None'
[0.977s] Level 5:colcon.colcon_core.verb:set package 'ros_tcp_endpoint' build argument 'catkin_cmake_args' from command line to 'None'
[0.977s] Level 5:colcon.colcon_core.verb:set package 'ros_tcp_endpoint' build argument 'catkin_skip_building_tests' from command line to 'False'
[0.977s] DEBUG:colcon.colcon_core.verb:Building package 'ros_tcp_endpoint' with the following arguments: {'ament_cmake_args': None, 'build_base': '/home/hrs47/ros2_ws/build/ros_tcp_endpoint', 'catkin_cmake_args': None, 'catkin_skip_building_tests': False, 'cmake_args': ['-DCMAKE_BUILD_TYPE=Release'], 'cmake_clean_cache': False, 'cmake_clean_first': False, 'cmake_force_configure': False, 'cmake_target': None, 'cmake_target_skip_unavailable': False, 'install_base': '/home/hrs47/ros2_ws/install/ros_tcp_endpoint', 'merge_install': False, 'path': '/home/hrs47/ros2_ws/src/shutter-ros2/modules/ROS-TCP-Endpoint', 'symlink_install': False, 'test_result_base': None}
[0.977s] Level 5:colcon.colcon_core.verb:set package 'shutter_description' build argument 'cmake_args' from command line to '['-DCMAKE_BUILD_TYPE=Release']'
[0.977s] Level 5:colcon.colcon_core.verb:set package 'shutter_description' build argument 'cmake_target' from command line to 'None'
[0.977s] Level 5:colcon.colcon_core.verb:set package 'shutter_description' build argument 'cmake_target_skip_unavailable' from command line to 'False'
[0.977s] Level 5:colcon.colcon_core.verb:set package 'shutter_description' build argument 'cmake_clean_cache' from command line to 'False'
[0.977s] Level 5:colcon.colcon_core.verb:set package 'shutter_description' build argument 'cmake_clean_first' from command line to 'False'
[0.977s] Level 5:colcon.colcon_core.verb:set package 'shutter_description' build argument 'cmake_force_configure' from command line to 'False'
[0.977s] Level 5:colcon.colcon_core.verb:set package 'shutter_description' build argument 'ament_cmake_args' from command line to 'None'
[0.977s] Level 5:colcon.colcon_core.verb:set package 'shutter_description' build argument 'catkin_cmake_args' from command line to 'None'
[0.977s] Level 5:colcon.colcon_core.verb:set package 'shutter_description' build argument 'catkin_skip_building_tests' from command line to 'False'
[0.978s] DEBUG:colcon.colcon_core.verb:Building package 'shutter_description' with the following arguments: {'ament_cmake_args': None, 'build_base': '/home/hrs47/ros2_ws/build/shutter_description', 'catkin_cmake_args': None, 'catkin_skip_building_tests': False, 'cmake_args': ['-DCMAKE_BUILD_TYPE=Release'], 'cmake_clean_cache': False, 'cmake_clean_first': False, 'cmake_force_configure': False, 'cmake_target': None, 'cmake_target_skip_unavailable': False, 'install_base': '/home/hrs47/ros2_ws/install/shutter_description', 'merge_install': False, 'path': '/home/hrs47/ros2_ws/src/shutter-ros2/shutter_description', 'symlink_install': False, 'test_result_base': None}
[0.978s] Level 5:colcon.colcon_core.verb:set package 'shutter_face_ros' build argument 'cmake_args' from command line to '['-DCMAKE_BUILD_TYPE=Release']'
[0.978s] Level 5:colcon.colcon_core.verb:set package 'shutter_face_ros' build argument 'cmake_target' from command line to 'None'
[0.978s] Level 5:colcon.colcon_core.verb:set package 'shutter_face_ros' build argument 'cmake_target_skip_unavailable' from command line to 'False'
[0.978s] Level 5:colcon.colcon_core.verb:set package 'shutter_face_ros' build argument 'cmake_clean_cache' from command line to 'False'
[0.978s] Level 5:colcon.colcon_core.verb:set package 'shutter_face_ros' build argument 'cmake_clean_first' from command line to 'False'
[0.978s] Level 5:colcon.colcon_core.verb:set package 'shutter_face_ros' build argument 'cmake_force_configure' from command line to 'False'
[0.978s] Level 5:colcon.colcon_core.verb:set package 'shutter_face_ros' build argument 'ament_cmake_args' from command line to 'None'
[0.978s] Level 5:colcon.colcon_core.verb:set package 'shutter_face_ros' build argument 'catkin_cmake_args' from command line to 'None'
[0.978s] Level 5:colcon.colcon_core.verb:set package 'shutter_face_ros' build argument 'catkin_skip_building_tests' from command line to 'False'
[0.978s] DEBUG:colcon.colcon_core.verb:Building package 'shutter_face_ros' with the following arguments: {'ament_cmake_args': None, 'build_base': '/home/hrs47/ros2_ws/build/shutter_face_ros', 'catkin_cmake_args': None, 'catkin_skip_building_tests': False, 'cmake_args': ['-DCMAKE_BUILD_TYPE=Release'], 'cmake_clean_cache': False, 'cmake_clean_first': False, 'cmake_force_configure': False, 'cmake_target': None, 'cmake_target_skip_unavailable': False, 'install_base': '/home/hrs47/ros2_ws/install/shutter_face_ros', 'merge_install': False, 'path': '/home/hrs47/ros2_ws/src/shutter-ros2/shutter_face_ros', 'symlink_install': False, 'test_result_base': None}
[0.978s] Level 5:colcon.colcon_core.verb:set package 'shutter_hardware_interface' build argument 'cmake_args' from command line to '['-DCMAKE_BUILD_TYPE=Release']'
[0.978s] Level 5:colcon.colcon_core.verb:set package 'shutter_hardware_interface' build argument 'cmake_target' from command line to 'None'
[0.978s] Level 5:colcon.colcon_core.verb:set package 'shutter_hardware_interface' build argument 'cmake_target_skip_unavailable' from command line to 'False'
[0.978s] Level 5:colcon.colcon_core.verb:set package 'shutter_hardware_interface' build argument 'cmake_clean_cache' from command line to 'False'
[0.978s] Level 5:colcon.colcon_core.verb:set package 'shutter_hardware_interface' build argument 'cmake_clean_first' from command line to 'False'
[0.978s] Level 5:colcon.colcon_core.verb:set package 'shutter_hardware_interface' build argument 'cmake_force_configure' from command line to 'False'
[0.978s] Level 5:colcon.colcon_core.verb:set package 'shutter_hardware_interface' build argument 'ament_cmake_args' from command line to 'None'
[0.978s] Level 5:colcon.colcon_core.verb:set package 'shutter_hardware_interface' build argument 'catkin_cmake_args' from command line to 'None'
[0.978s] Level 5:colcon.colcon_core.verb:set package 'shutter_hardware_interface' build argument 'catkin_skip_building_tests' from command line to 'False'
[0.978s] DEBUG:colcon.colcon_core.verb:Building package 'shutter_hardware_interface' with the following arguments: {'ament_cmake_args': None, 'build_base': '/home/hrs47/ros2_ws/build/shutter_hardware_interface', 'catkin_cmake_args': None, 'catkin_skip_building_tests': False, 'cmake_args': ['-DCMAKE_BUILD_TYPE=Release'], 'cmake_clean_cache': False, 'cmake_clean_first': False, 'cmake_force_configure': False, 'cmake_target': None, 'cmake_target_skip_unavailable': False, 'install_base': '/home/hrs47/ros2_ws/install/shutter_hardware_interface', 'merge_install': False, 'path': '/home/hrs47/ros2_ws/src/shutter-ros2/shutter_hardware_interface', 'symlink_install': False, 'test_result_base': None}
[0.979s] Level 5:colcon.colcon_core.verb:set package 'shutter_bringup' build argument 'cmake_args' from command line to '['-DCMAKE_BUILD_TYPE=Release']'
[0.979s] Level 5:colcon.colcon_core.verb:set package 'shutter_bringup' build argument 'cmake_target' from command line to 'None'
[0.979s] Level 5:colcon.colcon_core.verb:set package 'shutter_bringup' build argument 'cmake_target_skip_unavailable' from command line to 'False'
[0.979s] Level 5:colcon.colcon_core.verb:set package 'shutter_bringup' build argument 'cmake_clean_cache' from command line to 'False'
[0.979s] Level 5:colcon.colcon_core.verb:set package 'shutter_bringup' build argument 'cmake_clean_first' from command line to 'False'
[0.979s] Level 5:colcon.colcon_core.verb:set package 'shutter_bringup' build argument 'cmake_force_configure' from command line to 'False'
[0.979s] Level 5:colcon.colcon_core.verb:set package 'shutter_bringup' build argument 'ament_cmake_args' from command line to 'None'
[0.979s] Level 5:colcon.colcon_core.verb:set package 'shutter_bringup' build argument 'catkin_cmake_args' from command line to 'None'
[0.979s] Level 5:colcon.colcon_core.verb:set package 'shutter_bringup' build argument 'catkin_skip_building_tests' from command line to 'False'
[0.979s] DEBUG:colcon.colcon_core.verb:Building package 'shutter_bringup' with the following arguments: {'ament_cmake_args': None, 'build_base': '/home/hrs47/ros2_ws/build/shutter_bringup', 'catkin_cmake_args': None, 'catkin_skip_building_tests': False, 'cmake_args': ['-DCMAKE_BUILD_TYPE=Release'], 'cmake_clean_cache': False, 'cmake_clean_first': False, 'cmake_force_configure': False, 'cmake_target': None, 'cmake_target_skip_unavailable': False, 'install_base': '/home/hrs47/ros2_ws/install/shutter_bringup', 'merge_install': False, 'path': '/home/hrs47/ros2_ws/src/shutter-ros2/shutter_bringup', 'symlink_install': False, 'test_result_base': None}
[0.979s] INFO:colcon.colcon_core.executor:Executing jobs using 'parallel' executor
[0.979s] DEBUG:colcon.colcon_parallel_executor.executor.parallel:run_until_complete
[0.979s] INFO:colcon.colcon_ros.task.ament_python.build:Building ROS package in '/home/hrs47/ros2_ws/src/shutter-ros2/modules/ROS-TCP-Endpoint' with build type 'ament_python'
[0.980s] Level 1:colcon.colcon_core.shell:create_environment_hook('ros_tcp_endpoint', 'ament_prefix_path')
[0.981s] INFO:colcon.colcon_core.plugin_system:Skipping extension 'colcon_core.shell.bat': Not used on non-Windows systems
[0.982s] INFO:colcon.colcon_core.shell:Creating environment hook '/home/hrs47/ros2_ws/install/ros_tcp_endpoint/share/ros_tcp_endpoint/hook/ament_prefix_path.ps1'
[0.982s] INFO:colcon.colcon_core.shell:Creating environment descriptor '/home/hrs47/ros2_ws/install/ros_tcp_endpoint/share/ros_tcp_endpoint/hook/ament_prefix_path.dsv'
[0.983s] INFO:colcon.colcon_core.shell:Creating environment hook '/home/hrs47/ros2_ws/install/ros_tcp_endpoint/share/ros_tcp_endpoint/hook/ament_prefix_path.sh'
[0.983s] INFO:colcon.colcon_core.shell:Skip shell extension 'powershell' for command environment: Not usable outside of PowerShell
[0.983s] DEBUG:colcon.colcon_core.shell:Skip shell extension 'dsv' for command environment
[0.987s] INFO:colcon.colcon_ros.task.ament_cmake.build:Building ROS package in '/home/hrs47/ros2_ws/src/shutter-ros2/shutter_description' with build type 'ament_cmake'
[0.987s] INFO:colcon.colcon_cmake.task.cmake.build:Building CMake package in '/home/hrs47/ros2_ws/src/shutter-ros2/shutter_description'
[0.988s] INFO:colcon.colcon_core.shell:Skip shell extension 'powershell' for command environment: Not usable outside of PowerShell
[0.988s] DEBUG:colcon.colcon_core.shell:Skip shell extension 'dsv' for command environment
[0.991s] INFO:colcon.colcon_ros.task.ament_cmake.build:Building ROS package in '/home/hrs47/ros2_ws/src/shutter-ros2/shutter_face_ros' with build type 'ament_cmake'
[0.991s] INFO:colcon.colcon_cmake.task.cmake.build:Building CMake package in '/home/hrs47/ros2_ws/src/shutter-ros2/shutter_face_ros'
[0.991s] INFO:colcon.colcon_core.shell:Skip shell extension 'powershell' for command environment: Not usable outside of PowerShell
[0.991s] DEBUG:colcon.colcon_core.shell:Skip shell extension 'dsv' for command environment
[0.995s] INFO:colcon.colcon_ros.task.ament_cmake.build:Building ROS package in '/home/hrs47/ros2_ws/src/shutter-ros2/shutter_hardware_interface' with build type 'ament_cmake'
[0.995s] INFO:colcon.colcon_cmake.task.cmake.build:Building CMake package in '/home/hrs47/ros2_ws/src/shutter-ros2/shutter_hardware_interface'
[0.995s] INFO:colcon.colcon_core.shell:Skip shell extension 'powershell' for command environment: Not usable outside of PowerShell
[0.995s] DEBUG:colcon.colcon_core.shell:Skip shell extension 'dsv' for command environment
[1.211s] INFO:colcon.colcon_core.task.python.build:Building Python package in '/home/hrs47/ros2_ws/src/shutter-ros2/modules/ROS-TCP-Endpoint'
[1.211s] INFO:colcon.colcon_core.shell:Skip shell extension 'powershell' for command environment: Not usable outside of PowerShell
[1.211s] DEBUG:colcon.colcon_core.shell:Skip shell extension 'dsv' for command environment
[1.217s] DEBUG:colcon.colcon_core.event_handler.log_command:Invoking command in '/home/hrs47/ros2_ws/build/shutter_description': CMAKE_PREFIX_PATH=${CMAKE_PREFIX_PATH}:/home/hrs47/ros2_ws/install/ros_tcp_endpoint:/opt/ros/jazzy DEBUGINFOD_URLS=https://debuginfod.ubuntu.com PS1=(.venv) \[\e]0;\u@\h: \w\a\]${debian_chroot:+($debian_chroot)}\[\033[01;32m\]\u@\h\[\033[00m\]:\[\033[01;34m\]\w\[\033[00m\]\$ VIRTUAL_ENV_PROMPT=(.venv) /usr/bin/cmake --build /home/hrs47/ros2_ws/build/shutter_description -- -j12 -l12
[1.220s] DEBUG:colcon.colcon_core.event_handler.log_command:Invoking command in '/home/hrs47/ros2_ws/build/shutter_face_ros': CMAKE_PREFIX_PATH=${CMAKE_PREFIX_PATH}:/home/hrs47/ros2_ws/install/ros_tcp_endpoint:/opt/ros/jazzy DEBUGINFOD_URLS=https://debuginfod.ubuntu.com PS1=(.venv) \[\e]0;\u@\h: \w\a\]${debian_chroot:+($debian_chroot)}\[\033[01;32m\]\u@\h\[\033[00m\]:\[\033[01;34m\]\w\[\033[00m\]\$ VIRTUAL_ENV_PROMPT=(.venv) /usr/bin/cmake --build /home/hrs47/ros2_ws/build/shutter_face_ros -- -j12 -l12
[1.223s] DEBUG:colcon.colcon_core.event_handler.log_command:Invoking command in '/home/hrs47/ros2_ws/build/shutter_hardware_interface': CMAKE_PREFIX_PATH=${CMAKE_PREFIX_PATH}:/home/hrs47/ros2_ws/install/ros_tcp_endpoint:/opt/ros/jazzy DEBUGINFOD_URLS=https://debuginfod.ubuntu.com PS1=(.venv) \[\e]0;\u@\h: \w\a\]${debian_chroot:+($debian_chroot)}\[\033[01;32m\]\u@\h\[\033[00m\]:\[\033[01;34m\]\w\[\033[00m\]\$ VIRTUAL_ENV_PROMPT=(.venv) /usr/bin/cmake --build /home/hrs47/ros2_ws/build/shutter_hardware_interface -- -j12 -l12
[1.256s] DEBUG:colcon.colcon_core.event_handler.log_command:Invoked command in '/home/hrs47/ros2_ws/build/shutter_description' returned '0': CMAKE_PREFIX_PATH=${CMAKE_PREFIX_PATH}:/home/hrs47/ros2_ws/install/ros_tcp_endpoint:/opt/ros/jazzy DEBUGINFOD_URLS=https://debuginfod.ubuntu.com PS1=(.venv) \[\e]0;\u@\h: \w\a\]${debian_chroot:+($debian_chroot)}\[\033[01;32m\]\u@\h\[\033[00m\]:\[\033[01;34m\]\w\[\033[00m\]\$ VIRTUAL_ENV_PROMPT=(.venv) /usr/bin/cmake --build /home/hrs47/ros2_ws/build/shutter_description -- -j12 -l12
[1.266s] DEBUG:colcon.colcon_core.event_handler.log_command:Invoking command in '/home/hrs47/ros2_ws/build/shutter_description': CMAKE_PREFIX_PATH=${CMAKE_PREFIX_PATH}:/home/hrs47/ros2_ws/install/ros_tcp_endpoint:/opt/ros/jazzy DEBUGINFOD_URLS=https://debuginfod.ubuntu.com PS1=(.venv) \[\e]0;\u@\h: \w\a\]${debian_chroot:+($debian_chroot)}\[\033[01;32m\]\u@\h\[\033[00m\]:\[\033[01;34m\]\w\[\033[00m\]\$ VIRTUAL_ENV_PROMPT=(.venv) /usr/bin/cmake --install /home/hrs47/ros2_ws/build/shutter_description
[1.281s] Level 1:colcon.colcon_core.environment:create_environment_scripts_only(shutter_description)
[1.286s] DEBUG:colcon.colcon_core.event_handler.log_command:Invoked command in '/home/hrs47/ros2_ws/build/shutter_description' returned '0': CMAKE_PREFIX_PATH=${CMAKE_PREFIX_PATH}:/home/hrs47/ros2_ws/install/ros_tcp_endpoint:/opt/ros/jazzy DEBUGINFOD_URLS=https://debuginfod.ubuntu.com PS1=(.venv) \[\e]0;\u@\h: \w\a\]${debian_chroot:+($debian_chroot)}\[\033[01;32m\]\u@\h\[\033[00m\]:\[\033[01;34m\]\w\[\033[00m\]\$ VIRTUAL_ENV_PROMPT=(.venv) /usr/bin/cmake --install /home/hrs47/ros2_ws/build/shutter_description
[1.288s] Level 1:colcon.colcon_core.environment:checking '/home/hrs47/ros2_ws/install/shutter_description' for CMake module files
[1.288s] Level 1:colcon.colcon_core.environment:checking '/home/hrs47/ros2_ws/install/shutter_description' for CMake config files
[1.289s] Level 1:colcon.colcon_core.shell:create_environment_hook('shutter_description', 'cmake_prefix_path')
[1.289s] INFO:colcon.colcon_core.shell:Creating environment hook '/home/hrs47/ros2_ws/install/shutter_description/share/shutter_description/hook/cmake_prefix_path.ps1'
[1.289s] INFO:colcon.colcon_core.shell:Creating environment descriptor '/home/hrs47/ros2_ws/install/shutter_description/share/shutter_description/hook/cmake_prefix_path.dsv'
[1.290s] INFO:colcon.colcon_core.shell:Creating environment hook '/home/hrs47/ros2_ws/install/shutter_description/share/shutter_description/hook/cmake_prefix_path.sh'
[1.291s] Level 1:colcon.colcon_core.environment:checking '/home/hrs47/ros2_ws/install/shutter_description/lib'
[1.291s] Level 1:colcon.colcon_core.environment:checking '/home/hrs47/ros2_ws/install/shutter_description/bin'
[1.291s] Level 1:colcon.colcon_core.environment:checking '/home/hrs47/ros2_ws/install/shutter_description/lib/pkgconfig/shutter_description.pc'
[1.291s] Level 1:colcon.colcon_core.environment:checking '/home/hrs47/ros2_ws/install/shutter_description/lib/python3.12/site-packages'
[1.291s] Level 1:colcon.colcon_core.environment:checking '/home/hrs47/ros2_ws/install/shutter_description/bin'
[1.292s] INFO:colcon.colcon_core.shell:Creating package script '/home/hrs47/ros2_ws/install/shutter_description/share/shutter_description/package.ps1'
[1.293s] INFO:colcon.colcon_core.shell:Creating package descriptor '/home/hrs47/ros2_ws/install/shutter_description/share/shutter_description/package.dsv'
[1.293s] INFO:colcon.colcon_core.shell:Creating package script '/home/hrs47/ros2_ws/install/shutter_description/share/shutter_description/package.sh'
[1.294s] INFO:colcon.colcon_core.shell:Creating package script '/home/hrs47/ros2_ws/install/shutter_description/share/shutter_description/package.bash'
[1.295s] INFO:colcon.colcon_core.shell:Creating package script '/home/hrs47/ros2_ws/install/shutter_description/share/shutter_description/package.zsh'
[1.296s] Level 1:colcon.colcon_core.environment:create_file_with_runtime_dependencies(/home/hrs47/ros2_ws/install/shutter_description/share/colcon-core/packages/shutter_description)
[1.297s] Level 1:colcon.colcon_core.environment:create_environment_scripts_only(shutter_description)
[1.297s] Level 1:colcon.colcon_core.environment:checking '/home/hrs47/ros2_ws/install/shutter_description' for CMake module files
[1.299s] Level 1:colcon.colcon_core.environment:checking '/home/hrs47/ros2_ws/install/shutter_description' for CMake config files
[1.300s] Level 1:colcon.colcon_core.shell:create_environment_hook('shutter_description', 'cmake_prefix_path')
[1.300s] INFO:colcon.colcon_core.shell:Creating environment hook '/home/hrs47/ros2_ws/install/shutter_description/share/shutter_description/hook/cmake_prefix_path.ps1'
[1.301s] INFO:colcon.colcon_core.shell:Creating environment descriptor '/home/hrs47/ros2_ws/install/shutter_description/share/shutter_description/hook/cmake_prefix_path.dsv'
[1.301s] INFO:colcon.colcon_core.shell:Creating environment hook '/home/hrs47/ros2_ws/install/shutter_description/share/shutter_description/hook/cmake_prefix_path.sh'
[1.302s] Level 1:colcon.colcon_core.environment:checking '/home/hrs47/ros2_ws/install/shutter_description/lib'
[1.302s] Level 1:colcon.colcon_core.environment:checking '/home/hrs47/ros2_ws/install/shutter_description/bin'
[1.302s] Level 1:colcon.colcon_core.environment:checking '/home/hrs47/ros2_ws/install/shutter_description/lib/pkgconfig/shutter_description.pc'
[1.303s] Level 1:colcon.colcon_core.environment:checking '/home/hrs47/ros2_ws/install/shutter_description/lib/python3.12/site-packages'
[1.303s] Level 1:colcon.colcon_core.environment:checking '/home/hrs47/ros2_ws/install/shutter_description/bin'
[1.303s] INFO:colcon.colcon_core.shell:Creating package script '/home/hrs47/ros2_ws/install/shutter_description/share/shutter_description/package.ps1'
[1.304s] INFO:colcon.colcon_core.shell:Creating package descriptor '/home/hrs47/ros2_ws/install/shutter_description/share/shutter_description/package.dsv'
[1.305s] INFO:colcon.colcon_core.shell:Creating package script '/home/hrs47/ros2_ws/install/shutter_description/share/shutter_description/package.sh'
[1.306s] INFO:colcon.colcon_core.shell:Creating package script '/home/hrs47/ros2_ws/install/shutter_description/share/shutter_description/package.bash'
[1.306s] INFO:colcon.colcon_core.shell:Creating package script '/home/hrs47/ros2_ws/install/shutter_description/share/shutter_description/package.zsh'
[1.307s] Level 1:colcon.colcon_core.environment:create_file_with_runtime_dependencies(/home/hrs47/ros2_ws/install/shutter_description/share/colcon-core/packages/shutter_description)
[1.336s] DEBUG:colcon.colcon_core.event_handler.log_command:Invoked command in '/home/hrs47/ros2_ws/build/shutter_hardware_interface' returned '0': CMAKE_PREFIX_PATH=${CMAKE_PREFIX_PATH}:/home/hrs47/ros2_ws/install/ros_tcp_endpoint:/opt/ros/jazzy DEBUGINFOD_URLS=https://debuginfod.ubuntu.com PS1=(.venv) \[\e]0;\u@\h: \w\a\]${debian_chroot:+($debian_chroot)}\[\033[01;32m\]\u@\h\[\033[00m\]:\[\033[01;34m\]\w\[\033[00m\]\$ VIRTUAL_ENV_PROMPT=(.venv) /usr/bin/cmake --build /home/hrs47/ros2_ws/build/shutter_hardware_interface -- -j12 -l12
[1.337s] DEBUG:colcon.colcon_core.event_handler.log_command:Invoking command in '/home/hrs47/ros2_ws/build/shutter_hardware_interface': CMAKE_PREFIX_PATH=${CMAKE_PREFIX_PATH}:/home/hrs47/ros2_ws/install/ros_tcp_endpoint:/opt/ros/jazzy DEBUGINFOD_URLS=https://debuginfod.ubuntu.com PS1=(.venv) \[\e]0;\u@\h: \w\a\]${debian_chroot:+($debian_chroot)}\[\033[01;32m\]\u@\h\[\033[00m\]:\[\033[01;34m\]\w\[\033[00m\]\$ VIRTUAL_ENV_PROMPT=(.venv) /usr/bin/cmake --install /home/hrs47/ros2_ws/build/shutter_hardware_interface
[1.349s] Level 1:colcon.colcon_core.environment:create_environment_scripts_only(shutter_hardware_interface)
[1.349s] Level 1:colcon.colcon_core.environment:checking '/home/hrs47/ros2_ws/install/shutter_hardware_interface' for CMake module files
[1.349s] DEBUG:colcon.colcon_core.event_handler.log_command:Invoked command in '/home/hrs47/ros2_ws/build/shutter_hardware_interface' returned '0': CMAKE_PREFIX_PATH=${CMAKE_PREFIX_PATH}:/home/hrs47/ros2_ws/install/ros_tcp_endpoint:/opt/ros/jazzy DEBUGINFOD_URLS=https://debuginfod.ubuntu.com PS1=(.venv) \[\e]0;\u@\h: \w\a\]${debian_chroot:+($debian_chroot)}\[\033[01;32m\]\u@\h\[\033[00m\]:\[\033[01;34m\]\w\[\033[00m\]\$ VIRTUAL_ENV_PROMPT=(.venv) /usr/bin/cmake --install /home/hrs47/ros2_ws/build/shutter_hardware_interface
[1.350s] Level 1:colcon.colcon_core.environment:checking '/home/hrs47/ros2_ws/install/shutter_hardware_interface' for CMake config files
[1.350s] Level 1:colcon.colcon_core.shell:create_environment_hook('shutter_hardware_interface', 'cmake_prefix_path')
[1.350s] INFO:colcon.colcon_core.shell:Creating environment hook '/home/hrs47/ros2_ws/install/shutter_hardware_interface/share/shutter_hardware_interface/hook/cmake_prefix_path.ps1'
[1.351s] INFO:colcon.colcon_core.shell:Creating environment descriptor '/home/hrs47/ros2_ws/install/shutter_hardware_interface/share/shutter_hardware_interface/hook/cmake_prefix_path.dsv'
[1.351s] INFO:colcon.colcon_core.shell:Creating environment hook '/home/hrs47/ros2_ws/install/shutter_hardware_interface/share/shutter_hardware_interface/hook/cmake_prefix_path.sh'
[1.352s] Level 1:colcon.colcon_core.environment:checking '/home/hrs47/ros2_ws/install/shutter_hardware_interface/lib'
[1.352s] Level 1:colcon.colcon_core.shell:create_environment_hook('shutter_hardware_interface', 'ld_library_path_lib')
[1.352s] INFO:colcon.colcon_core.shell:Creating environment hook '/home/hrs47/ros2_ws/install/shutter_hardware_interface/share/shutter_hardware_interface/hook/ld_library_path_lib.ps1'
[1.352s] INFO:colcon.colcon_core.shell:Creating environment descriptor '/home/hrs47/ros2_ws/install/shutter_hardware_interface/share/shutter_hardware_interface/hook/ld_library_path_lib.dsv'
[1.352s] INFO:colcon.colcon_core.shell:Creating environment hook '/home/hrs47/ros2_ws/install/shutter_hardware_interface/share/shutter_hardware_interface/hook/ld_library_path_lib.sh'
[1.353s] Level 1:colcon.colcon_core.environment:checking '/home/hrs47/ros2_ws/install/shutter_hardware_interface/bin'
[1.353s] Level 1:colcon.colcon_core.environment:checking '/home/hrs47/ros2_ws/install/shutter_hardware_interface/lib/pkgconfig/shutter_hardware_interface.pc'
[1.353s] Level 1:colcon.colcon_core.environment:checking '/home/hrs47/ros2_ws/install/shutter_hardware_interface/lib/python3.12/site-packages'
[1.353s] Level 1:colcon.colcon_core.environment:checking '/home/hrs47/ros2_ws/install/shutter_hardware_interface/bin'
[1.354s] INFO:colcon.colcon_core.shell:Creating package script '/home/hrs47/ros2_ws/install/shutter_hardware_interface/share/shutter_hardware_interface/package.ps1'
[1.354s] INFO:colcon.colcon_core.shell:Creating package descriptor '/home/hrs47/ros2_ws/install/shutter_hardware_interface/share/shutter_hardware_interface/package.dsv'
[1.354s] INFO:colcon.colcon_core.shell:Creating package script '/home/hrs47/ros2_ws/install/shutter_hardware_interface/share/shutter_hardware_interface/package.sh'
[1.355s] INFO:colcon.colcon_core.shell:Creating package script '/home/hrs47/ros2_ws/install/shutter_hardware_interface/share/shutter_hardware_interface/package.bash'
[1.355s] INFO:colcon.colcon_core.shell:Creating package script '/home/hrs47/ros2_ws/install/shutter_hardware_interface/share/shutter_hardware_interface/package.zsh'
[1.355s] Level 1:colcon.colcon_core.environment:create_file_with_runtime_dependencies(/home/hrs47/ros2_ws/install/shutter_hardware_interface/share/colcon-core/packages/shutter_hardware_interface)
[1.356s] Level 1:colcon.colcon_core.environment:create_environment_scripts_only(shutter_hardware_interface)
[1.356s] Level 1:colcon.colcon_core.environment:checking '/home/hrs47/ros2_ws/install/shutter_hardware_interface' for CMake module files
[1.357s] Level 1:colcon.colcon_core.environment:checking '/home/hrs47/ros2_ws/install/shutter_hardware_interface' for CMake config files
[1.357s] Level 1:colcon.colcon_core.shell:create_environment_hook('shutter_hardware_interface', 'cmake_prefix_path')
[1.357s] INFO:colcon.colcon_core.shell:Creating environment hook '/home/hrs47/ros2_ws/install/shutter_hardware_interface/share/shutter_hardware_interface/hook/cmake_prefix_path.ps1'
[1.357s] INFO:colcon.colcon_core.shell:Creating environment descriptor '/home/hrs47/ros2_ws/install/shutter_hardware_interface/share/shutter_hardware_interface/hook/cmake_prefix_path.dsv'
[1.358s] INFO:colcon.colcon_core.shell:Creating environment hook '/home/hrs47/ros2_ws/install/shutter_hardware_interface/share/shutter_hardware_interface/hook/cmake_prefix_path.sh'
[1.358s] Level 1:colcon.colcon_core.environment:checking '/home/hrs47/ros2_ws/install/shutter_hardware_interface/lib'
[1.358s] Level 1:colcon.colcon_core.shell:create_environment_hook('shutter_hardware_interface', 'ld_library_path_lib')
[1.358s] INFO:colcon.colcon_core.shell:Creating environment hook '/home/hrs47/ros2_ws/install/shutter_hardware_interface/share/shutter_hardware_interface/hook/ld_library_path_lib.ps1'
[1.359s] INFO:colcon.colcon_core.shell:Creating environment descriptor '/home/hrs47/ros2_ws/install/shutter_hardware_interface/share/shutter_hardware_interface/hook/ld_library_path_lib.dsv'
[1.359s] INFO:colcon.colcon_core.shell:Creating environment hook '/home/hrs47/ros2_ws/install/shutter_hardware_interface/share/shutter_hardware_interface/hook/ld_library_path_lib.sh'
[1.359s] Level 1:colcon.colcon_core.environment:checking '/home/hrs47/ros2_ws/install/shutter_hardware_interface/bin'
[1.359s] Level 1:colcon.colcon_core.environment:checking '/home/hrs47/ros2_ws/install/shutter_hardware_interface/lib/pkgconfig/shutter_hardware_interface.pc'
[1.360s] Level 1:colcon.colcon_core.environment:checking '/home/hrs47/ros2_ws/install/shutter_hardware_interface/lib/python3.12/site-packages'
[1.360s] Level 1:colcon.colcon_core.environment:checking '/home/hrs47/ros2_ws/install/shutter_hardware_interface/bin'
[1.360s] INFO:colcon.colcon_core.shell:Creating package script '/home/hrs47/ros2_ws/install/shutter_hardware_interface/share/shutter_hardware_interface/package.ps1'
[1.360s] INFO:colcon.colcon_core.shell:Creating package descriptor '/home/hrs47/ros2_ws/install/shutter_hardware_interface/share/shutter_hardware_interface/package.dsv'
[1.361s] INFO:colcon.colcon_core.shell:Creating package script '/home/hrs47/ros2_ws/install/shutter_hardware_interface/share/shutter_hardware_interface/package.sh'
[1.361s] INFO:colcon.colcon_core.shell:Creating package script '/home/hrs47/ros2_ws/install/shutter_hardware_interface/share/shutter_hardware_interface/package.bash'
[1.362s] INFO:colcon.colcon_core.shell:Creating package script '/home/hrs47/ros2_ws/install/shutter_hardware_interface/share/shutter_hardware_interface/package.zsh'
[1.362s] Level 1:colcon.colcon_core.environment:create_file_with_runtime_dependencies(/home/hrs47/ros2_ws/install/shutter_hardware_interface/share/colcon-core/packages/shutter_hardware_interface)
[1.665s] DEBUG:colcon.colcon_core.event_handler.log_command:Invoked command in '/home/hrs47/ros2_ws/build/shutter_face_ros' returned '0': CMAKE_PREFIX_PATH=${CMAKE_PREFIX_PATH}:/home/hrs47/ros2_ws/install/ros_tcp_endpoint:/opt/ros/jazzy DEBUGINFOD_URLS=https://debuginfod.ubuntu.com PS1=(.venv) \[\e]0;\u@\h: \w\a\]${debian_chroot:+($debian_chroot)}\[\033[01;32m\]\u@\h\[\033[00m\]:\[\033[01;34m\]\w\[\033[00m\]\$ VIRTUAL_ENV_PROMPT=(.venv) /usr/bin/cmake --build /home/hrs47/ros2_ws/build/shutter_face_ros -- -j12 -l12
[1.667s] DEBUG:colcon.colcon_core.event_handler.log_command:Invoking command in '/home/hrs47/ros2_ws/build/shutter_face_ros': CMAKE_PREFIX_PATH=${CMAKE_PREFIX_PATH}:/home/hrs47/ros2_ws/install/ros_tcp_endpoint:/opt/ros/jazzy DEBUGINFOD_URLS=https://debuginfod.ubuntu.com PS1=(.venv) \[\e]0;\u@\h: \w\a\]${debian_chroot:+($debian_chroot)}\[\033[01;32m\]\u@\h\[\033[00m\]:\[\033[01;34m\]\w\[\033[00m\]\$ VIRTUAL_ENV_PROMPT=(.venv) /usr/bin/cmake --install /home/hrs47/ros2_ws/build/shutter_face_ros
[1.721s] Level 1:colcon.colcon_core.environment:create_environment_scripts_only(shutter_face_ros)
[1.722s] Level 1:colcon.colcon_core.environment:checking '/home/hrs47/ros2_ws/install/shutter_face_ros' for CMake module files
[1.722s] DEBUG:colcon.colcon_core.event_handler.log_command:Invoked command in '/home/hrs47/ros2_ws/build/shutter_face_ros' returned '0': CMAKE_PREFIX_PATH=${CMAKE_PREFIX_PATH}:/home/hrs47/ros2_ws/install/ros_tcp_endpoint:/opt/ros/jazzy DEBUGINFOD_URLS=https://debuginfod.ubuntu.com PS1=(.venv) \[\e]0;\u@\h: \w\a\]${debian_chroot:+($debian_chroot)}\[\033[01;32m\]\u@\h\[\033[00m\]:\[\033[01;34m\]\w\[\033[00m\]\$ VIRTUAL_ENV_PROMPT=(.venv) /usr/bin/cmake --install /home/hrs47/ros2_ws/build/shutter_face_ros
[1.723s] Level 1:colcon.colcon_core.environment:checking '/home/hrs47/ros2_ws/install/shutter_face_ros' for CMake config files
[1.723s] Level 1:colcon.colcon_core.shell:create_environment_hook('shutter_face_ros', 'cmake_prefix_path')
[1.723s] INFO:colcon.colcon_core.shell:Creating environment hook '/home/hrs47/ros2_ws/install/shutter_face_ros/share/shutter_face_ros/hook/cmake_prefix_path.ps1'
[1.724s] INFO:colcon.colcon_core.shell:Creating environment descriptor '/home/hrs47/ros2_ws/install/shutter_face_ros/share/shutter_face_ros/hook/cmake_prefix_path.dsv'
[1.724s] INFO:colcon.colcon_core.shell:Creating environment hook '/home/hrs47/ros2_ws/install/shutter_face_ros/share/shutter_face_ros/hook/cmake_prefix_path.sh'
[1.724s] Level 1:colcon.colcon_core.environment:checking '/home/hrs47/ros2_ws/install/shutter_face_ros/lib'
[1.725s] Level 1:colcon.colcon_core.shell:create_environment_hook('shutter_face_ros', 'ld_library_path_lib')
[1.725s] INFO:colcon.colcon_core.shell:Creating environment hook '/home/hrs47/ros2_ws/install/shutter_face_ros/share/shutter_face_ros/hook/ld_library_path_lib.ps1'
[1.725s] INFO:colcon.colcon_core.shell:Creating environment descriptor '/home/hrs47/ros2_ws/install/shutter_face_ros/share/shutter_face_ros/hook/ld_library_path_lib.dsv'
[1.725s] INFO:colcon.colcon_core.shell:Creating environment hook '/home/hrs47/ros2_ws/install/shutter_face_ros/share/shutter_face_ros/hook/ld_library_path_lib.sh'
[1.726s] Level 1:colcon.colcon_core.environment:checking '/home/hrs47/ros2_ws/install/shutter_face_ros/bin'
[1.726s] Level 1:colcon.colcon_core.environment:checking '/home/hrs47/ros2_ws/install/shutter_face_ros/lib/pkgconfig/shutter_face_ros.pc'
[1.726s] Level 1:colcon.colcon_core.environment:checking '/home/hrs47/ros2_ws/install/shutter_face_ros/lib/python3.12/site-packages'
[1.726s] Level 1:colcon.colcon_core.shell:create_environment_hook('shutter_face_ros', 'pythonpath')
[1.726s] INFO:colcon.colcon_core.shell:Creating environment hook '/home/hrs47/ros2_ws/install/shutter_face_ros/share/shutter_face_ros/hook/pythonpath.ps1'
[1.726s] INFO:colcon.colcon_core.shell:Creating environment descriptor '/home/hrs47/ros2_ws/install/shutter_face_ros/share/shutter_face_ros/hook/pythonpath.dsv'
[1.727s] INFO:colcon.colcon_core.shell:Creating environment hook '/home/hrs47/ros2_ws/install/shutter_face_ros/share/shutter_face_ros/hook/pythonpath.sh'
[1.727s] Level 1:colcon.colcon_core.environment:checking '/home/hrs47/ros2_ws/install/shutter_face_ros/bin'
[1.727s] INFO:colcon.colcon_core.shell:Creating package script '/home/hrs47/ros2_ws/install/shutter_face_ros/share/shutter_face_ros/package.ps1'
[1.728s] INFO:colcon.colcon_core.shell:Creating package descriptor '/home/hrs47/ros2_ws/install/shutter_face_ros/share/shutter_face_ros/package.dsv'
[1.728s] INFO:colcon.colcon_core.shell:Creating package script '/home/hrs47/ros2_ws/install/shutter_face_ros/share/shutter_face_ros/package.sh'
[1.729s] INFO:colcon.colcon_core.shell:Creating package script '/home/hrs47/ros2_ws/install/shutter_face_ros/share/shutter_face_ros/package.bash'
[1.729s] INFO:colcon.colcon_core.shell:Creating package script '/home/hrs47/ros2_ws/install/shutter_face_ros/share/shutter_face_ros/package.zsh'
[1.729s] Level 1:colcon.colcon_core.environment:create_file_with_runtime_dependencies(/home/hrs47/ros2_ws/install/shutter_face_ros/share/colcon-core/packages/shutter_face_ros)
[1.730s] Level 1:colcon.colcon_core.environment:create_environment_scripts_only(shutter_face_ros)
[1.730s] Level 1:colcon.colcon_core.environment:checking '/home/hrs47/ros2_ws/install/shutter_face_ros' for CMake module files
[1.730s] Level 1:colcon.colcon_core.environment:checking '/home/hrs47/ros2_ws/install/shutter_face_ros' for CMake config files
[1.731s] Level 1:colcon.colcon_core.shell:create_environment_hook('shutter_face_ros', 'cmake_prefix_path')
[1.731s] INFO:colcon.colcon_core.shell:Creating environment hook '/home/hrs47/ros2_ws/install/shutter_face_ros/share/shutter_face_ros/hook/cmake_prefix_path.ps1'
[1.731s] INFO:colcon.colcon_core.shell:Creating environment descriptor '/home/hrs47/ros2_ws/install/shutter_face_ros/share/shutter_face_ros/hook/cmake_prefix_path.dsv'
[1.732s] INFO:colcon.colcon_core.shell:Creating environment hook '/home/hrs47/ros2_ws/install/shutter_face_ros/share/shutter_face_ros/hook/cmake_prefix_path.sh'
[1.732s] Level 1:colcon.colcon_core.environment:checking '/home/hrs47/ros2_ws/install/shutter_face_ros/lib'
[1.732s] Level 1:colcon.colcon_core.shell:create_environment_hook('shutter_face_ros', 'ld_library_path_lib')
[1.732s] INFO:colcon.colcon_core.shell:Creating environment hook '/home/hrs47/ros2_ws/install/shutter_face_ros/share/shutter_face_ros/hook/ld_library_path_lib.ps1'
[1.733s] INFO:colcon.colcon_core.shell:Creating environment descriptor '/home/hrs47/ros2_ws/install/shutter_face_ros/share/shutter_face_ros/hook/ld_library_path_lib.dsv'
[1.733s] INFO:colcon.colcon_core.shell:Creating environment hook '/home/hrs47/ros2_ws/install/shutter_face_ros/share/shutter_face_ros/hook/ld_library_path_lib.sh'
[1.733s] Level 1:colcon.colcon_core.environment:checking '/home/hrs47/ros2_ws/install/shutter_face_ros/bin'
[1.733s] Level 1:colcon.colcon_core.environment:checking '/home/hrs47/ros2_ws/install/shutter_face_ros/lib/pkgconfig/shutter_face_ros.pc'
[1.733s] Level 1:colcon.colcon_core.environment:checking '/home/hrs47/ros2_ws/install/shutter_face_ros/lib/python3.12/site-packages'
[1.734s] Level 1:colcon.colcon_core.shell:create_environment_hook('shutter_face_ros', 'pythonpath')
[1.734s] INFO:colcon.colcon_core.shell:Creating environment hook '/home/hrs47/ros2_ws/install/shutter_face_ros/share/shutter_face_ros/hook/pythonpath.ps1'
[1.734s] INFO:colcon.colcon_core.shell:Creating environment descriptor '/home/hrs47/ros2_ws/install/shutter_face_ros/share/shutter_face_ros/hook/pythonpath.dsv'
[1.734s] INFO:colcon.colcon_core.shell:Creating environment hook '/home/hrs47/ros2_ws/install/shutter_face_ros/share/shutter_face_ros/hook/pythonpath.sh'
[1.735s] Level 1:colcon.colcon_core.environment:checking '/home/hrs47/ros2_ws/install/shutter_face_ros/bin'
[1.735s] INFO:colcon.colcon_core.shell:Creating package script '/home/hrs47/ros2_ws/install/shutter_face_ros/share/shutter_face_ros/package.ps1'
[1.735s] INFO:colcon.colcon_core.shell:Creating package descriptor '/home/hrs47/ros2_ws/install/shutter_face_ros/share/shutter_face_ros/package.dsv'
[1.736s] INFO:colcon.colcon_core.shell:Creating package script '/home/hrs47/ros2_ws/install/shutter_face_ros/share/shutter_face_ros/package.sh'
[1.736s] INFO:colcon.colcon_core.shell:Creating package script '/home/hrs47/ros2_ws/install/shutter_face_ros/share/shutter_face_ros/package.bash'
[1.737s] INFO:colcon.colcon_core.shell:Creating package script '/home/hrs47/ros2_ws/install/shutter_face_ros/share/shutter_face_ros/package.zsh'
[1.737s] Level 1:colcon.colcon_core.environment:create_file_with_runtime_dependencies(/home/hrs47/ros2_ws/install/shutter_face_ros/share/colcon-core/packages/shutter_face_ros)
[1.884s] DEBUG:colcon.colcon_core.event_handler.log_command:Invoking command in '/home/hrs47/ros2_ws/src/shutter-ros2/modules/ROS-TCP-Endpoint': DEBUGINFOD_URLS=https://debuginfod.ubuntu.com PS1=(.venv) \[\e]0;\u@\h: \w\a\]${debian_chroot:+($debian_chroot)}\[\033[01;32m\]\u@\h\[\033[00m\]:\[\033[01;34m\]\w\[\033[00m\]\$ PYTHONPATH=/home/hrs47/ros2_ws/build/ros_tcp_endpoint/prefix_override:/usr/lib/python3/dist-packages/colcon_core/task/python/colcon_distutils_commands:/home/hrs47/ros2_ws/install/ros_tcp_endpoint/lib/python3.12/site-packages:${PYTHONPATH} VIRTUAL_ENV_PROMPT=(.venv) /usr/bin/python3 -W ignore:setup.py install is deprecated -W ignore:easy_install command is deprecated setup.py egg_info --egg-base ../../../../build/ros_tcp_endpoint build --build-base /home/hrs47/ros2_ws/build/ros_tcp_endpoint/build install --record /home/hrs47/ros2_ws/build/ros_tcp_endpoint/install.log --single-version-externally-managed install_data
[2.442s] Level 1:colcon.colcon_core.environment:checking '/home/hrs47/ros2_ws/install/ros_tcp_endpoint' for CMake module files
[2.443s] DEBUG:colcon.colcon_core.event_handler.log_command:Invoked command in '/home/hrs47/ros2_ws/src/shutter-ros2/modules/ROS-TCP-Endpoint' returned '0': DEBUGINFOD_URLS=https://debuginfod.ubuntu.com PS1=(.venv) \[\e]0;\u@\h: \w\a\]${debian_chroot:+($debian_chroot)}\[\033[01;32m\]\u@\h\[\033[00m\]:\[\033[01;34m\]\w\[\033[00m\]\$ PYTHONPATH=/home/hrs47/ros2_ws/build/ros_tcp_endpoint/prefix_override:/usr/lib/python3/dist-packages/colcon_core/task/python/colcon_distutils_commands:/home/hrs47/ros2_ws/install/ros_tcp_endpoint/lib/python3.12/site-packages:${PYTHONPATH} VIRTUAL_ENV_PROMPT=(.venv) /usr/bin/python3 -W ignore:setup.py install is deprecated -W ignore:easy_install command is deprecated setup.py egg_info --egg-base ../../../../build/ros_tcp_endpoint build --build-base /home/hrs47/ros2_ws/build/ros_tcp_endpoint/build install --record /home/hrs47/ros2_ws/build/ros_tcp_endpoint/install.log --single-version-externally-managed install_data
[2.443s] Level 1:colcon.colcon_core.environment:checking '/home/hrs47/ros2_ws/install/ros_tcp_endpoint' for CMake config files
[2.443s] Level 1:colcon.colcon_core.environment:checking '/home/hrs47/ros2_ws/install/ros_tcp_endpoint/lib'
[2.443s] Level 1:colcon.colcon_core.environment:checking '/home/hrs47/ros2_ws/install/ros_tcp_endpoint/bin'
[2.443s] Level 1:colcon.colcon_core.environment:checking '/home/hrs47/ros2_ws/install/ros_tcp_endpoint/lib/pkgconfig/ros_tcp_endpoint.pc'
[2.444s] Level 1:colcon.colcon_core.environment:checking '/home/hrs47/ros2_ws/install/ros_tcp_endpoint/lib/python3.12/site-packages'
[2.444s] Level 1:colcon.colcon_core.shell:create_environment_hook('ros_tcp_endpoint', 'pythonpath')
[2.444s] INFO:colcon.colcon_core.shell:Creating environment hook '/home/hrs47/ros2_ws/install/ros_tcp_endpoint/share/ros_tcp_endpoint/hook/pythonpath.ps1'
[2.444s] INFO:colcon.colcon_core.shell:Creating environment descriptor '/home/hrs47/ros2_ws/install/ros_tcp_endpoint/share/ros_tcp_endpoint/hook/pythonpath.dsv'
[2.445s] INFO:colcon.colcon_core.shell:Creating environment hook '/home/hrs47/ros2_ws/install/ros_tcp_endpoint/share/ros_tcp_endpoint/hook/pythonpath.sh'
[2.445s] Level 1:colcon.colcon_core.environment:checking '/home/hrs47/ros2_ws/install/ros_tcp_endpoint/bin'
[2.445s] Level 1:colcon.colcon_core.environment:create_environment_scripts_only(ros_tcp_endpoint)
[2.445s] INFO:colcon.colcon_core.shell:Creating package script '/home/hrs47/ros2_ws/install/ros_tcp_endpoint/share/ros_tcp_endpoint/package.ps1'
[2.446s] INFO:colcon.colcon_core.shell:Creating package descriptor '/home/hrs47/ros2_ws/install/ros_tcp_endpoint/share/ros_tcp_endpoint/package.dsv'
[2.446s] INFO:colcon.colcon_core.shell:Creating package script '/home/hrs47/ros2_ws/install/ros_tcp_endpoint/share/ros_tcp_endpoint/package.sh'
[2.446s] INFO:colcon.colcon_core.shell:Creating package script '/home/hrs47/ros2_ws/install/ros_tcp_endpoint/share/ros_tcp_endpoint/package.bash'
[2.447s] INFO:colcon.colcon_core.shell:Creating package script '/home/hrs47/ros2_ws/install/ros_tcp_endpoint/share/ros_tcp_endpoint/package.zsh'
[2.447s] Level 1:colcon.colcon_core.environment:create_file_with_runtime_dependencies(/home/hrs47/ros2_ws/install/ros_tcp_endpoint/share/colcon-core/packages/ros_tcp_endpoint)
[2.447s] INFO:colcon.colcon_ros.task.ament_cmake.build:Building ROS package in '/home/hrs47/ros2_ws/src/shutter-ros2/shutter_bringup' with build type 'ament_cmake'
[2.447s] INFO:colcon.colcon_cmake.task.cmake.build:Building CMake package in '/home/hrs47/ros2_ws/src/shutter-ros2/shutter_bringup'
[2.447s] INFO:colcon.colcon_core.shell:Skip shell extension 'powershell' for command environment: Not usable outside of PowerShell
[2.447s] DEBUG:colcon.colcon_core.shell:Skip shell extension 'dsv' for command environment
[2.460s] DEBUG:colcon.colcon_core.event_handler.log_command:Invoking command in '/home/hrs47/ros2_ws/build/shutter_bringup': AMENT_PREFIX_PATH=/home/hrs47/ros2_ws/install/ros_tcp_endpoint:/home/hrs47/ros2_ws/install/shutter_hardware_interface:/home/hrs47/ros2_ws/install/shutter_bringup:/home/hrs47/ros2_ws/install/shutter_face_ros:/home/hrs47/ros2_ws/install/shutter_description:/opt/ros/jazzy CMAKE_PREFIX_PATH=/home/hrs47/ros2_ws/install/shutter_face_ros:/home/hrs47/ros2_ws/install/shutter_description:/home/hrs47/ros2_ws/install/shutter_hardware_interface:/home/hrs47/ros2_ws/install/shutter_bringup:/opt/ros/jazzy/opt/sdformat_vendor:/opt/ros/jazzy/opt/gz_math_vendor:/opt/ros/jazzy/opt/gz_utils_vendor:/opt/ros/jazzy/opt/gz_tools_vendor:/opt/ros/jazzy/opt/gz_cmake_vendor:/home/hrs47/ros2_ws/install/ros_tcp_endpoint:/opt/ros/jazzy DEBUGINFOD_URLS=https://debuginfod.ubuntu.com LD_LIBRARY_PATH=/home/hrs47/ros2_ws/install/shutter_face_ros/lib:/home/hrs47/ros2_ws/install/shutter_hardware_interface/lib:/opt/ros/jazzy/opt/sdformat_vendor/lib:/opt/ros/jazzy/opt/rviz_ogre_vendor/lib:/opt/ros/jazzy/lib/x86_64-linux-gnu:/opt/ros/jazzy/opt/gz_math_vendor/lib:/opt/ros/jazzy/opt/gz_utils_vendor/lib:/opt/ros/jazzy/opt/gz_tools_vendor/lib:/opt/ros/jazzy/opt/gz_cmake_vendor/lib:/opt/ros/jazzy/lib:/usr/local/cuda/lib64:/usr/local/cuda/extras/CUPTI/lib64:/opt/ros/noetic/lib:/opt/ros/noetic/lib/x86_64-linux-gnu PS1=(.venv) \[\e]0;\u@\h: \w\a\]${debian_chroot:+($debian_chroot)}\[\033[01;32m\]\u@\h\[\033[00m\]:\[\033[01;34m\]\w\[\033[00m\]\$ VIRTUAL_ENV_PROMPT=(.venv) /usr/bin/cmake --build /home/hrs47/ros2_ws/build/shutter_bringup -- -j12 -l12
[2.500s] DEBUG:colcon.colcon_core.event_handler.log_command:Invoked command in '/home/hrs47/ros2_ws/build/shutter_bringup' returned '0': AMENT_PREFIX_PATH=/home/hrs47/ros2_ws/install/ros_tcp_endpoint:/home/hrs47/ros2_ws/install/shutter_hardware_interface:/home/hrs47/ros2_ws/install/shutter_bringup:/home/hrs47/ros2_ws/install/shutter_face_ros:/home/hrs47/ros2_ws/install/shutter_description:/opt/ros/jazzy CMAKE_PREFIX_PATH=/home/hrs47/ros2_ws/install/shutter_face_ros:/home/hrs47/ros2_ws/install/shutter_description:/home/hrs47/ros2_ws/install/shutter_hardware_interface:/home/hrs47/ros2_ws/install/shutter_bringup:/opt/ros/jazzy/opt/sdformat_vendor:/opt/ros/jazzy/opt/gz_math_vendor:/opt/ros/jazzy/opt/gz_utils_vendor:/opt/ros/jazzy/opt/gz_tools_vendor:/opt/ros/jazzy/opt/gz_cmake_vendor:/home/hrs47/ros2_ws/install/ros_tcp_endpoint:/opt/ros/jazzy DEBUGINFOD_URLS=https://debuginfod.ubuntu.com LD_LIBRARY_PATH=/home/hrs47/ros2_ws/install/shutter_face_ros/lib:/home/hrs47/ros2_ws/install/shutter_hardware_interface/lib:/opt/ros/jazzy/opt/sdformat_vendor/lib:/opt/ros/jazzy/opt/rviz_ogre_vendor/lib:/opt/ros/jazzy/lib/x86_64-linux-gnu:/opt/ros/jazzy/opt/gz_math_vendor/lib:/opt/ros/jazzy/opt/gz_utils_vendor/lib:/opt/ros/jazzy/opt/gz_tools_vendor/lib:/opt/ros/jazzy/opt/gz_cmake_vendor/lib:/opt/ros/jazzy/lib:/usr/local/cuda/lib64:/usr/local/cuda/extras/CUPTI/lib64:/opt/ros/noetic/lib:/opt/ros/noetic/lib/x86_64-linux-gnu PS1=(.venv) \[\e]0;\u@\h: \w\a\]${debian_chroot:+($debian_chroot)}\[\033[01;32m\]\u@\h\[\033[00m\]:\[\033[01;34m\]\w\[\033[00m\]\$ VIRTUAL_ENV_PROMPT=(.venv) /usr/bin/cmake --build /home/hrs47/ros2_ws/build/shutter_bringup -- -j12 -l12
[2.500s] DEBUG:colcon.colcon_core.event_handler.log_command:Invoking command in '/home/hrs47/ros2_ws/build/shutter_bringup': AMENT_PREFIX_PATH=/home/hrs47/ros2_ws/install/ros_tcp_endpoint:/home/hrs47/ros2_ws/install/shutter_hardware_interface:/home/hrs47/ros2_ws/install/shutter_bringup:/home/hrs47/ros2_ws/install/shutter_face_ros:/home/hrs47/ros2_ws/install/shutter_description:/opt/ros/jazzy CMAKE_PREFIX_PATH=/home/hrs47/ros2_ws/install/shutter_face_ros:/home/hrs47/ros2_ws/install/shutter_description:/home/hrs47/ros2_ws/install/shutter_hardware_interface:/home/hrs47/ros2_ws/install/shutter_bringup:/opt/ros/jazzy/opt/sdformat_vendor:/opt/ros/jazzy/opt/gz_math_vendor:/opt/ros/jazzy/opt/gz_utils_vendor:/opt/ros/jazzy/opt/gz_tools_vendor:/opt/ros/jazzy/opt/gz_cmake_vendor:/home/hrs47/ros2_ws/install/ros_tcp_endpoint:/opt/ros/jazzy DEBUGINFOD_URLS=https://debuginfod.ubuntu.com LD_LIBRARY_PATH=/home/hrs47/ros2_ws/install/shutter_face_ros/lib:/home/hrs47/ros2_ws/install/shutter_hardware_interface/lib:/opt/ros/jazzy/opt/sdformat_vendor/lib:/opt/ros/jazzy/opt/rviz_ogre_vendor/lib:/opt/ros/jazzy/lib/x86_64-linux-gnu:/opt/ros/jazzy/opt/gz_math_vendor/lib:/opt/ros/jazzy/opt/gz_utils_vendor/lib:/opt/ros/jazzy/opt/gz_tools_vendor/lib:/opt/ros/jazzy/opt/gz_cmake_vendor/lib:/opt/ros/jazzy/lib:/usr/local/cuda/lib64:/usr/local/cuda/extras/CUPTI/lib64:/opt/ros/noetic/lib:/opt/ros/noetic/lib/x86_64-linux-gnu PS1=(.venv) \[\e]0;\u@\h: \w\a\]${debian_chroot:+($debian_chroot)}\[\033[01;32m\]\u@\h\[\033[00m\]:\[\033[01;34m\]\w\[\033[00m\]\$ VIRTUAL_ENV_PROMPT=(.venv) /usr/bin/cmake --install /home/hrs47/ros2_ws/build/shutter_bringup
[2.512s] Level 1:colcon.colcon_core.environment:create_environment_scripts_only(shutter_bringup)
[2.513s] Level 1:colcon.colcon_core.environment:checking '/home/hrs47/ros2_ws/install/shutter_bringup' for CMake module files
[2.514s] DEBUG:colcon.colcon_core.event_handler.log_command:Invoked command in '/home/hrs47/ros2_ws/build/shutter_bringup' returned '0': AMENT_PREFIX_PATH=/home/hrs47/ros2_ws/install/ros_tcp_endpoint:/home/hrs47/ros2_ws/install/shutter_hardware_interface:/home/hrs47/ros2_ws/install/shutter_bringup:/home/hrs47/ros2_ws/install/shutter_face_ros:/home/hrs47/ros2_ws/install/shutter_description:/opt/ros/jazzy CMAKE_PREFIX_PATH=/home/hrs47/ros2_ws/install/shutter_face_ros:/home/hrs47/ros2_ws/install/shutter_description:/home/hrs47/ros2_ws/install/shutter_hardware_interface:/home/hrs47/ros2_ws/install/shutter_bringup:/opt/ros/jazzy/opt/sdformat_vendor:/opt/ros/jazzy/opt/gz_math_vendor:/opt/ros/jazzy/opt/gz_utils_vendor:/opt/ros/jazzy/opt/gz_tools_vendor:/opt/ros/jazzy/opt/gz_cmake_vendor:/home/hrs47/ros2_ws/install/ros_tcp_endpoint:/opt/ros/jazzy DEBUGINFOD_URLS=https://debuginfod.ubuntu.com LD_LIBRARY_PATH=/home/hrs47/ros2_ws/install/shutter_face_ros/lib:/home/hrs47/ros2_ws/install/shutter_hardware_interface/lib:/opt/ros/jazzy/opt/sdformat_vendor/lib:/opt/ros/jazzy/opt/rviz_ogre_vendor/lib:/opt/ros/jazzy/lib/x86_64-linux-gnu:/opt/ros/jazzy/opt/gz_math_vendor/lib:/opt/ros/jazzy/opt/gz_utils_vendor/lib:/opt/ros/jazzy/opt/gz_tools_vendor/lib:/opt/ros/jazzy/opt/gz_cmake_vendor/lib:/opt/ros/jazzy/lib:/usr/local/cuda/lib64:/usr/local/cuda/extras/CUPTI/lib64:/opt/ros/noetic/lib:/opt/ros/noetic/lib/x86_64-linux-gnu PS1=(.venv) \[\e]0;\u@\h: \w\a\]${debian_chroot:+($debian_chroot)}\[\033[01;32m\]\u@\h\[\033[00m\]:\[\033[01;34m\]\w\[\033[00m\]\$ VIRTUAL_ENV_PROMPT=(.venv) /usr/bin/cmake --install /home/hrs47/ros2_ws/build/shutter_bringup
[2.515s] Level 1:colcon.colcon_core.environment:checking '/home/hrs47/ros2_ws/install/shutter_bringup' for CMake config files
[2.516s] Level 1:colcon.colcon_core.shell:create_environment_hook('shutter_bringup', 'cmake_prefix_path')
[2.516s] INFO:colcon.colcon_core.shell:Creating environment hook '/home/hrs47/ros2_ws/install/shutter_bringup/share/shutter_bringup/hook/cmake_prefix_path.ps1'
[2.516s] INFO:colcon.colcon_core.shell:Creating environment descriptor '/home/hrs47/ros2_ws/install/shutter_bringup/share/shutter_bringup/hook/cmake_prefix_path.dsv'
[2.517s] INFO:colcon.colcon_core.shell:Creating environment hook '/home/hrs47/ros2_ws/install/shutter_bringup/share/shutter_bringup/hook/cmake_prefix_path.sh'
[2.517s] Level 1:colcon.colcon_core.environment:checking '/home/hrs47/ros2_ws/install/shutter_bringup/lib'
[2.517s] Level 1:colcon.colcon_core.environment:checking '/home/hrs47/ros2_ws/install/shutter_bringup/bin'
[2.517s] Level 1:colcon.colcon_core.environment:checking '/home/hrs47/ros2_ws/install/shutter_bringup/lib/pkgconfig/shutter_bringup.pc'
[2.517s] Level 1:colcon.colcon_core.environment:checking '/home/hrs47/ros2_ws/install/shutter_bringup/lib/python3.12/site-packages'
[2.518s] Level 1:colcon.colcon_core.environment:checking '/home/hrs47/ros2_ws/install/shutter_bringup/bin'
[2.518s] INFO:colcon.colcon_core.shell:Creating package script '/home/hrs47/ros2_ws/install/shutter_bringup/share/shutter_bringup/package.ps1'
[2.518s] INFO:colcon.colcon_core.shell:Creating package descriptor '/home/hrs47/ros2_ws/install/shutter_bringup/share/shutter_bringup/package.dsv'
[2.519s] INFO:colcon.colcon_core.shell:Creating package script '/home/hrs47/ros2_ws/install/shutter_bringup/share/shutter_bringup/package.sh'
[2.519s] INFO:colcon.colcon_core.shell:Creating package script '/home/hrs47/ros2_ws/install/shutter_bringup/share/shutter_bringup/package.bash'
[2.519s] INFO:colcon.colcon_core.shell:Creating package script '/home/hrs47/ros2_ws/install/shutter_bringup/share/shutter_bringup/package.zsh'
[2.520s] Level 1:colcon.colcon_core.environment:create_file_with_runtime_dependencies(/home/hrs47/ros2_ws/install/shutter_bringup/share/colcon-core/packages/shutter_bringup)
[2.520s] Level 1:colcon.colcon_core.environment:create_environment_scripts_only(shutter_bringup)
[2.520s] Level 1:colcon.colcon_core.environment:checking '/home/hrs47/ros2_ws/install/shutter_bringup' for CMake module files
[2.521s] Level 1:colcon.colcon_core.environment:checking '/home/hrs47/ros2_ws/install/shutter_bringup' for CMake config files
[2.522s] Level 1:colcon.colcon_core.shell:create_environment_hook('shutter_bringup', 'cmake_prefix_path')
[2.522s] INFO:colcon.colcon_core.shell:Creating environment hook '/home/hrs47/ros2_ws/install/shutter_bringup/share/shutter_bringup/hook/cmake_prefix_path.ps1'
[2.522s] INFO:colcon.colcon_core.shell:Creating environment descriptor '/home/hrs47/ros2_ws/install/shutter_bringup/share/shutter_bringup/hook/cmake_prefix_path.dsv'
[2.522s] INFO:colcon.colcon_core.shell:Creating environment hook '/home/hrs47/ros2_ws/install/shutter_bringup/share/shutter_bringup/hook/cmake_prefix_path.sh'
[2.523s] Level 1:colcon.colcon_core.environment:checking '/home/hrs47/ros2_ws/install/shutter_bringup/lib'
[2.523s] Level 1:colcon.colcon_core.environment:checking '/home/hrs47/ros2_ws/install/shutter_bringup/bin'
[2.523s] Level 1:colcon.colcon_core.environment:checking '/home/hrs47/ros2_ws/install/shutter_bringup/lib/pkgconfig/shutter_bringup.pc'
[2.523s] Level 1:colcon.colcon_core.environment:checking '/home/hrs47/ros2_ws/install/shutter_bringup/lib/python3.12/site-packages'
[2.524s] Level 1:colcon.colcon_core.environment:checking '/home/hrs47/ros2_ws/install/shutter_bringup/bin'
[2.524s] INFO:colcon.colcon_core.shell:Creating package script '/home/hrs47/ros2_ws/install/shutter_bringup/share/shutter_bringup/package.ps1'
[2.524s] INFO:colcon.colcon_core.shell:Creating package descriptor '/home/hrs47/ros2_ws/install/shutter_bringup/share/shutter_bringup/package.dsv'
[2.525s] INFO:colcon.colcon_core.shell:Creating package script '/home/hrs47/ros2_ws/install/shutter_bringup/share/shutter_bringup/package.sh'
[2.525s] INFO:colcon.colcon_core.shell:Creating package script '/home/hrs47/ros2_ws/install/shutter_bringup/share/shutter_bringup/package.bash'
[2.525s] INFO:colcon.colcon_core.shell:Creating package script '/home/hrs47/ros2_ws/install/shutter_bringup/share/shutter_bringup/package.zsh'
[2.526s] Level 1:colcon.colcon_core.environment:create_file_with_runtime_dependencies(/home/hrs47/ros2_ws/install/shutter_bringup/share/colcon-core/packages/shutter_bringup)
[2.526s] DEBUG:colcon.colcon_parallel_executor.executor.parallel:closing loop
[2.526s] DEBUG:colcon.colcon_parallel_executor.executor.parallel:loop closed
[2.526s] DEBUG:colcon.colcon_parallel_executor.executor.parallel:run_until_complete finished with '0'
[2.526s] DEBUG:colcon.colcon_core.event_reactor:joining thread
[2.533s] INFO:colcon.colcon_core.plugin_system:Skipping extension 'colcon_notification.desktop_notification.terminal_notifier': Not used on non-Darwin systems
[2.533s] INFO:colcon.colcon_core.plugin_system:Skipping extension 'colcon_notification.desktop_notification.win32': Not used on non-Windows systems
[2.533s] INFO:colcon.colcon_notification.desktop_notification:Sending desktop notification using 'notify2'
[2.544s] DEBUG:colcon.colcon_core.event_reactor:joined thread
[2.545s] INFO:colcon.colcon_core.shell:Creating prefix script '/home/hrs47/ros2_ws/install/local_setup.ps1'
[2.545s] INFO:colcon.colcon_core.shell:Creating prefix util module '/home/hrs47/ros2_ws/install/_local_setup_util_ps1.py'
[2.546s] INFO:colcon.colcon_core.shell:Creating prefix chain script '/home/hrs47/ros2_ws/install/setup.ps1'
[2.547s] INFO:colcon.colcon_core.shell:Creating prefix script '/home/hrs47/ros2_ws/install/local_setup.sh'
[2.548s] INFO:colcon.colcon_core.shell:Creating prefix util module '/home/hrs47/ros2_ws/install/_local_setup_util_sh.py'
[2.548s] INFO:colcon.colcon_core.shell:Creating prefix chain script '/home/hrs47/ros2_ws/install/setup.sh'
[2.549s] INFO:colcon.colcon_core.shell:Creating prefix script '/home/hrs47/ros2_ws/install/local_setup.bash'
[2.549s] INFO:colcon.colcon_core.shell:Creating prefix chain script '/home/hrs47/ros2_ws/install/setup.bash'
[2.550s] INFO:colcon.colcon_core.shell:Creating prefix script '/home/hrs47/ros2_ws/install/local_setup.zsh'
[2.550s] INFO:colcon.colcon_core.shell:Creating prefix chain script '/home/hrs47/ros2_ws/install/setup.zsh'
