-- The C compiler identification is GNU 13.3.0
-- The CXX compiler identification is GNU 13.3.0
-- Detecting C compiler ABI info
-- Detecting C compiler ABI info - done
-- Check for working C compiler: /usr/bin/cc - skipped
-- Detecting C compile features
-- Detecting C compile features - done
-- Detecting CXX compiler ABI info
-- Detecting CXX compiler ABI info - done
-- Check for working CXX compiler: /usr/bin/c++ - skipped
-- Detecting CXX compile features
-- Detecting CXX compile features - done
-- Found ament_cmake: 2.5.4 (/opt/ros/jazzy/share/ament_cmake/cmake)
-- Found Python3: /home/hrs47/ros2_ws/.venv/bin/python3 (found version "3.12.3") found components: Interpreter 
-- Found rclpy: 7.1.5 (/opt/ros/jazzy/share/rclpy/cmake)
-- Found std_msgs: 5.3.6 (/opt/ros/jazzy/share/std_msgs/cmake)
-- Found rosidl_generator_c: 4.6.6 (/opt/ros/jazzy/share/rosidl_generator_c/cmake)
-- Found rosidl_generator_cpp: 4.6.6 (/opt/ros/jazzy/share/rosidl_generator_cpp/cmake)
-- Using all available rosidl_typesupport_c: rosidl_typesupport_fastrtps_c;rosidl_typesupport_introspection_c
-- Using all available rosidl_typesupport_cpp: rosidl_typesupport_fastrtps_cpp;rosidl_typesupport_introspection_cpp
-- Found geometry_msgs: 5.3.6 (/opt/ros/jazzy/share/geometry_msgs/cmake)
-- Found rosidl_default_generators: 1.6.0 (/opt/ros/jazzy/share/rosidl_default_generators/cmake)
-- Found rosidl_adapter: 4.6.6 (/opt/ros/jazzy/share/rosidl_adapter/cmake)
-- Found ament_cmake_ros: 0.12.0 (/opt/ros/jazzy/share/ament_cmake_ros/cmake)
-- Using all available rosidl_typesupport_c: rosidl_typesupport_fastrtps_c;rosidl_typesupport_introspection_c
-- Using all available rosidl_typesupport_cpp: rosidl_typesupport_fastrtps_cpp;rosidl_typesupport_introspection_cpp
-- Found python_cmake_module: 0.11.1 (/opt/ros/jazzy/share/python_cmake_module/cmake)
-- Found PythonExtra: /home/hrs47/ros2_ws/.venv/bin/python3  
-- Found Python3: /home/hrs47/ros2_ws/.venv/bin/python3 (found version "3.12.3") found components: Interpreter Development NumPy Development.Module Development.Embed 
-- Found Python3: /home/hrs47/ros2_ws/.venv/bin/python3 (found version "3.12.3") found components: Interpreter 
-- Configuring done (3.4s)
-- Generating done (0.0s)
-- Build files have been written to: /home/hrs47/ros2_ws/src/shutter-ros2/build/shutter_face_ros
[  2%] [34m[1mGenerating type hashes for ROS interfaces[0m
[  2%] Built target ament_cmake_python_copy_shutter_face_ros
[  2%] Built target shutter_face_ros__rosidl_generator_type_description
[  5%] [34m[1mGenerating C code for ROS interfaces[0m
[  8%] [34m[1mGenerating C++ code for ROS interfaces[0m
running egg_info
creating shutter_face_ros.egg-info
writing shutter_face_ros.egg-info/PKG-INFO
writing dependency_links to shutter_face_ros.egg-info/dependency_links.txt
writing top-level names to shutter_face_ros.egg-info/top_level.txt
writing manifest file 'shutter_face_ros.egg-info/SOURCES.txt'
reading manifest file 'shutter_face_ros.egg-info/SOURCES.txt'
writing manifest file 'shutter_face_ros.egg-info/SOURCES.txt'
[  8%] Built target ament_cmake_python_build_shutter_face_ros_egg
[  8%] Built target shutter_face_ros__cpp
[ 14%] [32mBuilding C object CMakeFiles/shutter_face_ros__rosidl_generator_c.dir/rosidl_generator_c/shutter_face_ros/msg/detail/pupils_location__type_support.c.o[0m
[ 17%] [32mBuilding C object CMakeFiles/shutter_face_ros__rosidl_generator_c.dir/rosidl_generator_c/shutter_face_ros/msg/detail/pupils_location__description.c.o[0m
[ 17%] [32mBuilding C object CMakeFiles/shutter_face_ros__rosidl_generator_c.dir/rosidl_generator_c/shutter_face_ros/msg/detail/pupils_location__functions.c.o[0m
[ 20%] [32m[1mLinking C shared library libshutter_face_ros__rosidl_generator_c.so[0m
[ 20%] Built target shutter_face_ros__rosidl_generator_c
[ 29%] [34m[1mGenerating C type support dispatch for ROS interfaces[0m
[ 29%] [34m[1mGenerating C++ type support dispatch for ROS interfaces[0m
[ 29%] [34m[1mGenerating C++ introspection for ROS interfaces[0m
[ 35%] [34m[1mGenerating C introspection for ROS interfaces[0m
[ 35%] [34m[1mGenerating C type support for eProsima Fast-RTPS[0m
[ 38%] [34m[1mGenerating C++ type support for eProsima Fast-RTPS[0m
[ 41%] [32mBuilding CXX object CMakeFiles/shutter_face_ros__rosidl_typesupport_c.dir/rosidl_typesupport_c/shutter_face_ros/msg/pupils_location__type_support.cpp.o[0m
[ 44%] [32mBuilding CXX object CMakeFiles/shutter_face_ros__rosidl_typesupport_introspection_cpp.dir/rosidl_typesupport_introspection_cpp/shutter_face_ros/msg/detail/pupils_location__type_support.cpp.o[0m
[ 47%] [32m[1mLinking CXX shared library libshutter_face_ros__rosidl_typesupport_c.so[0m
[ 47%] Built target shutter_face_ros__rosidl_typesupport_c
[ 50%] [32mBuilding CXX object CMakeFiles/shutter_face_ros__rosidl_typesupport_cpp.dir/rosidl_typesupport_cpp/shutter_face_ros/msg/pupils_location__type_support.cpp.o[0m
[ 52%] [32mBuilding C object CMakeFiles/shutter_face_ros__rosidl_typesupport_introspection_c.dir/rosidl_typesupport_introspection_c/shutter_face_ros/msg/detail/pupils_location__type_support.c.o[0m
[ 55%] [32mBuilding CXX object CMakeFiles/shutter_face_ros__rosidl_typesupport_fastrtps_c.dir/rosidl_typesupport_fastrtps_c/shutter_face_ros/msg/detail/pupils_location__type_support_c.cpp.o[0m
[ 58%] [32mBuilding CXX object CMakeFiles/shutter_face_ros__rosidl_typesupport_fastrtps_cpp.dir/rosidl_typesupport_fastrtps_cpp/shutter_face_ros/msg/detail/dds_fastrtps/pupils_location__type_support.cpp.o[0m
[ 61%] [32m[1mLinking C shared library libshutter_face_ros__rosidl_typesupport_introspection_c.so[0m
[ 61%] Built target shutter_face_ros__rosidl_typesupport_introspection_c
[ 64%] [32m[1mLinking CXX shared library libshutter_face_ros__rosidl_typesupport_introspection_cpp.so[0m
[ 64%] Built target shutter_face_ros__rosidl_typesupport_introspection_cpp
[ 67%] [32m[1mLinking CXX shared library libshutter_face_ros__rosidl_typesupport_cpp.so[0m
[ 67%] Built target shutter_face_ros__rosidl_typesupport_cpp
[ 70%] [32m[1mLinking CXX shared library libshutter_face_ros__rosidl_typesupport_fastrtps_cpp.so[0m
[ 70%] Built target shutter_face_ros__rosidl_typesupport_fastrtps_cpp
[ 73%] [32m[1mLinking CXX shared library libshutter_face_ros__rosidl_typesupport_fastrtps_c.so[0m
[ 73%] Built target shutter_face_ros__rosidl_typesupport_fastrtps_c
[ 73%] Built target shutter_face_ros
[ 76%] [34m[1mGenerating Python code for ROS interfaces[0m
[ 76%] Built target shutter_face_ros__py
[ 79%] [32mBuilding C object CMakeFiles/shutter_face_ros__rosidl_generator_py.dir/rosidl_generator_py/shutter_face_ros/msg/_pupils_location_s.c.o[0m
[ 82%] [32m[1mLinking C shared library libshutter_face_ros__rosidl_generator_py.so[0m
[ 82%] Built target shutter_face_ros__rosidl_generator_py
[ 91%] [32mBuilding C object CMakeFiles/shutter_face_ros_s__rosidl_typesupport_c.dir/rosidl_generator_py/shutter_face_ros/_shutter_face_ros_s.ep.rosidl_typesupport_c.c.o[0m
[ 91%] [32mBuilding C object CMakeFiles/shutter_face_ros_s__rosidl_typesupport_fastrtps_c.dir/rosidl_generator_py/shutter_face_ros/_shutter_face_ros_s.ep.rosidl_typesupport_fastrtps_c.c.o[0m
[ 91%] [32mBuilding C object CMakeFiles/shutter_face_ros_s__rosidl_typesupport_introspection_c.dir/rosidl_generator_py/shutter_face_ros/_shutter_face_ros_s.ep.rosidl_typesupport_introspection_c.c.o[0m
[ 94%] [32m[1mLinking C shared module rosidl_generator_py/shutter_face_ros/shutter_face_ros_s__rosidl_typesupport_c.so[0m
[ 97%] [32m[1mLinking C shared module rosidl_generator_py/shutter_face_ros/shutter_face_ros_s__rosidl_typesupport_introspection_c.so[0m
[100%] [32m[1mLinking C shared module rosidl_generator_py/shutter_face_ros/shutter_face_ros_s__rosidl_typesupport_fastrtps_c.so[0m
[100%] Built target shutter_face_ros_s__rosidl_typesupport_c
[100%] Built target shutter_face_ros_s__rosidl_typesupport_introspection_c
[100%] Built target shutter_face_ros_s__rosidl_typesupport_fastrtps_c
-- Install configuration: "Release"
-- Installing: /home/hrs47/ros2_ws/src/shutter-ros2/install/shutter_face_ros/share/ament_index/resource_index/rosidl_interfaces/shutter_face_ros
-- Installing: /home/hrs47/ros2_ws/src/shutter-ros2/install/shutter_face_ros/share/shutter_face_ros/msg/PupilsLocation.json
-- Installing: /home/hrs47/ros2_ws/src/shutter-ros2/install/shutter_face_ros/include/shutter_face_ros/shutter_face_ros
-- Installing: /home/hrs47/ros2_ws/src/shutter-ros2/install/shutter_face_ros/include/shutter_face_ros/shutter_face_ros/msg
-- Installing: /home/hrs47/ros2_ws/src/shutter-ros2/install/shutter_face_ros/include/shutter_face_ros/shutter_face_ros/msg/pupils_location.h
-- Installing: /home/hrs47/ros2_ws/src/shutter-ros2/install/shutter_face_ros/include/shutter_face_ros/shutter_face_ros/msg/rosidl_generator_c__visibility_control.h
-- Installing: /home/hrs47/ros2_ws/src/shutter-ros2/install/shutter_face_ros/include/shutter_face_ros/shutter_face_ros/msg/detail
-- Installing: /home/hrs47/ros2_ws/src/shutter-ros2/install/shutter_face_ros/include/shutter_face_ros/shutter_face_ros/msg/detail/pupils_location__struct.h
-- Installing: /home/hrs47/ros2_ws/src/shutter-ros2/install/shutter_face_ros/include/shutter_face_ros/shutter_face_ros/msg/detail/pupils_location__type_support.h
-- Installing: /home/hrs47/ros2_ws/src/shutter-ros2/install/shutter_face_ros/include/shutter_face_ros/shutter_face_ros/msg/detail/pupils_location__type_support.c
-- Installing: /home/hrs47/ros2_ws/src/shutter-ros2/install/shutter_face_ros/include/shutter_face_ros/shutter_face_ros/msg/detail/pupils_location__description.c
-- Installing: /home/hrs47/ros2_ws/src/shutter-ros2/install/shutter_face_ros/include/shutter_face_ros/shutter_face_ros/msg/detail/pupils_location__functions.h
-- Installing: /home/hrs47/ros2_ws/src/shutter-ros2/install/shutter_face_ros/include/shutter_face_ros/shutter_face_ros/msg/detail/pupils_location__functions.c
-- Installing: /home/hrs47/ros2_ws/src/shutter-ros2/install/shutter_face_ros/share/shutter_face_ros/environment/library_path.sh
-- Installing: /home/hrs47/ros2_ws/src/shutter-ros2/install/shutter_face_ros/share/shutter_face_ros/environment/library_path.dsv
-- Installing: /home/hrs47/ros2_ws/src/shutter-ros2/install/shutter_face_ros/lib/libshutter_face_ros__rosidl_generator_c.so
-- Set non-toolchain portion of runtime path of "/home/hrs47/ros2_ws/src/shutter-ros2/install/shutter_face_ros/lib/libshutter_face_ros__rosidl_generator_c.so" to ""
-- Up-to-date: /home/hrs47/ros2_ws/src/shutter-ros2/install/shutter_face_ros/include/shutter_face_ros/shutter_face_ros
-- Up-to-date: /home/hrs47/ros2_ws/src/shutter-ros2/install/shutter_face_ros/include/shutter_face_ros/shutter_face_ros/msg
-- Installing: /home/hrs47/ros2_ws/src/shutter-ros2/install/shutter_face_ros/include/shutter_face_ros/shutter_face_ros/msg/rosidl_typesupport_fastrtps_c__visibility_control.h
-- Up-to-date: /home/hrs47/ros2_ws/src/shutter-ros2/install/shutter_face_ros/include/shutter_face_ros/shutter_face_ros/msg/detail
-- Installing: /home/hrs47/ros2_ws/src/shutter-ros2/install/shutter_face_ros/include/shutter_face_ros/shutter_face_ros/msg/detail/pupils_location__rosidl_typesupport_fastrtps_c.h
-- Installing: /home/hrs47/ros2_ws/src/shutter-ros2/install/shutter_face_ros/lib/libshutter_face_ros__rosidl_typesupport_fastrtps_c.so
-- Set non-toolchain portion of runtime path of "/home/hrs47/ros2_ws/src/shutter-ros2/install/shutter_face_ros/lib/libshutter_face_ros__rosidl_typesupport_fastrtps_c.so" to ""
-- Up-to-date: /home/hrs47/ros2_ws/src/shutter-ros2/install/shutter_face_ros/include/shutter_face_ros/shutter_face_ros
-- Up-to-date: /home/hrs47/ros2_ws/src/shutter-ros2/install/shutter_face_ros/include/shutter_face_ros/shutter_face_ros/msg
-- Installing: /home/hrs47/ros2_ws/src/shutter-ros2/install/shutter_face_ros/include/shutter_face_ros/shutter_face_ros/msg/pupils_location.hpp
-- Installing: /home/hrs47/ros2_ws/src/shutter-ros2/install/shutter_face_ros/include/shutter_face_ros/shutter_face_ros/msg/rosidl_generator_cpp__visibility_control.hpp
-- Up-to-date: /home/hrs47/ros2_ws/src/shutter-ros2/install/shutter_face_ros/include/shutter_face_ros/shutter_face_ros/msg/detail
-- Installing: /home/hrs47/ros2_ws/src/shutter-ros2/install/shutter_face_ros/include/shutter_face_ros/shutter_face_ros/msg/detail/pupils_location__builder.hpp
-- Installing: /home/hrs47/ros2_ws/src/shutter-ros2/install/shutter_face_ros/include/shutter_face_ros/shutter_face_ros/msg/detail/pupils_location__struct.hpp
-- Installing: /home/hrs47/ros2_ws/src/shutter-ros2/install/shutter_face_ros/include/shutter_face_ros/shutter_face_ros/msg/detail/pupils_location__traits.hpp
-- Installing: /home/hrs47/ros2_ws/src/shutter-ros2/install/shutter_face_ros/include/shutter_face_ros/shutter_face_ros/msg/detail/pupils_location__type_support.hpp
-- Up-to-date: /home/hrs47/ros2_ws/src/shutter-ros2/install/shutter_face_ros/include/shutter_face_ros/shutter_face_ros
-- Up-to-date: /home/hrs47/ros2_ws/src/shutter-ros2/install/shutter_face_ros/include/shutter_face_ros/shutter_face_ros/msg
-- Up-to-date: /home/hrs47/ros2_ws/src/shutter-ros2/install/shutter_face_ros/include/shutter_face_ros/shutter_face_ros/msg/detail
-- Installing: /home/hrs47/ros2_ws/src/shutter-ros2/install/shutter_face_ros/include/shutter_face_ros/shutter_face_ros/msg/detail/pupils_location__rosidl_typesupport_fastrtps_cpp.hpp
-- Installing: /home/hrs47/ros2_ws/src/shutter-ros2/install/shutter_face_ros/include/shutter_face_ros/shutter_face_ros/msg/detail/dds_fastrtps
-- Installing: /home/hrs47/ros2_ws/src/shutter-ros2/install/shutter_face_ros/include/shutter_face_ros/shutter_face_ros/msg/rosidl_typesupport_fastrtps_cpp__visibility_control.h
-- Installing: /home/hrs47/ros2_ws/src/shutter-ros2/install/shutter_face_ros/lib/libshutter_face_ros__rosidl_typesupport_fastrtps_cpp.so
-- Set non-toolchain portion of runtime path of "/home/hrs47/ros2_ws/src/shutter-ros2/install/shutter_face_ros/lib/libshutter_face_ros__rosidl_typesupport_fastrtps_cpp.so" to ""
-- Up-to-date: /home/hrs47/ros2_ws/src/shutter-ros2/install/shutter_face_ros/include/shutter_face_ros/shutter_face_ros
-- Up-to-date: /home/hrs47/ros2_ws/src/shutter-ros2/install/shutter_face_ros/include/shutter_face_ros/shutter_face_ros/msg
-- Up-to-date: /home/hrs47/ros2_ws/src/shutter-ros2/install/shutter_face_ros/include/shutter_face_ros/shutter_face_ros/msg/detail
-- Installing: /home/hrs47/ros2_ws/src/shutter-ros2/install/shutter_face_ros/include/shutter_face_ros/shutter_face_ros/msg/detail/pupils_location__rosidl_typesupport_introspection_c.h
-- Up-to-date: /home/hrs47/ros2_ws/src/shutter-ros2/install/shutter_face_ros/include/shutter_face_ros/shutter_face_ros/msg/detail/pupils_location__type_support.c
-- Installing: /home/hrs47/ros2_ws/src/shutter-ros2/install/shutter_face_ros/include/shutter_face_ros/shutter_face_ros/msg/rosidl_typesupport_introspection_c__visibility_control.h
-- Installing: /home/hrs47/ros2_ws/src/shutter-ros2/install/shutter_face_ros/lib/libshutter_face_ros__rosidl_typesupport_introspection_c.so
-- Set non-toolchain portion of runtime path of "/home/hrs47/ros2_ws/src/shutter-ros2/install/shutter_face_ros/lib/libshutter_face_ros__rosidl_typesupport_introspection_c.so" to ""
-- Installing: /home/hrs47/ros2_ws/src/shutter-ros2/install/shutter_face_ros/lib/libshutter_face_ros__rosidl_typesupport_c.so
-- Set non-toolchain portion of runtime path of "/home/hrs47/ros2_ws/src/shutter-ros2/install/shutter_face_ros/lib/libshutter_face_ros__rosidl_typesupport_c.so" to ""
-- Up-to-date: /home/hrs47/ros2_ws/src/shutter-ros2/install/shutter_face_ros/include/shutter_face_ros/shutter_face_ros
-- Up-to-date: /home/hrs47/ros2_ws/src/shutter-ros2/install/shutter_face_ros/include/shutter_face_ros/shutter_face_ros/msg
-- Up-to-date: /home/hrs47/ros2_ws/src/shutter-ros2/install/shutter_face_ros/include/shutter_face_ros/shutter_face_ros/msg/detail
-- Installing: /home/hrs47/ros2_ws/src/shutter-ros2/install/shutter_face_ros/include/shutter_face_ros/shutter_face_ros/msg/detail/pupils_location__type_support.cpp
-- Installing: /home/hrs47/ros2_ws/src/shutter-ros2/install/shutter_face_ros/include/shutter_face_ros/shutter_face_ros/msg/detail/pupils_location__rosidl_typesupport_introspection_cpp.hpp
-- Installing: /home/hrs47/ros2_ws/src/shutter-ros2/install/shutter_face_ros/lib/libshutter_face_ros__rosidl_typesupport_introspection_cpp.so
-- Set non-toolchain portion of runtime path of "/home/hrs47/ros2_ws/src/shutter-ros2/install/shutter_face_ros/lib/libshutter_face_ros__rosidl_typesupport_introspection_cpp.so" to ""
-- Installing: /home/hrs47/ros2_ws/src/shutter-ros2/install/shutter_face_ros/lib/libshutter_face_ros__rosidl_typesupport_cpp.so
-- Set non-toolchain portion of runtime path of "/home/hrs47/ros2_ws/src/shutter-ros2/install/shutter_face_ros/lib/libshutter_face_ros__rosidl_typesupport_cpp.so" to ""
-- Installing: /home/hrs47/ros2_ws/src/shutter-ros2/install/shutter_face_ros/share/shutter_face_ros/environment/pythonpath.sh
-- Installing: /home/hrs47/ros2_ws/src/shutter-ros2/install/shutter_face_ros/share/shutter_face_ros/environment/pythonpath.dsv
-- Installing: /home/hrs47/ros2_ws/src/shutter-ros2/install/shutter_face_ros/lib/python3.12/site-packages/shutter_face_ros-0.0.1-py3.12.egg-info
-- Installing: /home/hrs47/ros2_ws/src/shutter-ros2/install/shutter_face_ros/lib/python3.12/site-packages/shutter_face_ros-0.0.1-py3.12.egg-info/SOURCES.txt
-- Installing: /home/hrs47/ros2_ws/src/shutter-ros2/install/shutter_face_ros/lib/python3.12/site-packages/shutter_face_ros-0.0.1-py3.12.egg-info/dependency_links.txt
-- Installing: /home/hrs47/ros2_ws/src/shutter-ros2/install/shutter_face_ros/lib/python3.12/site-packages/shutter_face_ros-0.0.1-py3.12.egg-info/PKG-INFO
-- Installing: /home/hrs47/ros2_ws/src/shutter-ros2/install/shutter_face_ros/lib/python3.12/site-packages/shutter_face_ros-0.0.1-py3.12.egg-info/top_level.txt
-- Installing: /home/hrs47/ros2_ws/src/shutter-ros2/install/shutter_face_ros/lib/python3.12/site-packages/shutter_face_ros
-- Installing: /home/hrs47/ros2_ws/src/shutter-ros2/install/shutter_face_ros/lib/python3.12/site-packages/shutter_face_ros/_shutter_face_ros_s.ep.rosidl_typesupport_fastrtps_c.c
-- Installing: /home/hrs47/ros2_ws/src/shutter-ros2/install/shutter_face_ros/lib/python3.12/site-packages/shutter_face_ros/shutter_face_ros_s__rosidl_typesupport_fastrtps_c.so
-- Installing: /home/hrs47/ros2_ws/src/shutter-ros2/install/shutter_face_ros/lib/python3.12/site-packages/shutter_face_ros/_shutter_face_ros_s.ep.rosidl_typesupport_introspection_c.c
-- Installing: /home/hrs47/ros2_ws/src/shutter-ros2/install/shutter_face_ros/lib/python3.12/site-packages/shutter_face_ros/shutter_face_ros_s__rosidl_typesupport_introspection_c.so
-- Installing: /home/hrs47/ros2_ws/src/shutter-ros2/install/shutter_face_ros/lib/python3.12/site-packages/shutter_face_ros/__init__.py
-- Installing: /home/hrs47/ros2_ws/src/shutter-ros2/install/shutter_face_ros/lib/python3.12/site-packages/shutter_face_ros/msg
-- Installing: /home/hrs47/ros2_ws/src/shutter-ros2/install/shutter_face_ros/lib/python3.12/site-packages/shutter_face_ros/msg/__init__.py
-- Installing: /home/hrs47/ros2_ws/src/shutter-ros2/install/shutter_face_ros/lib/python3.12/site-packages/shutter_face_ros/msg/_pupils_location_s.c
-- Installing: /home/hrs47/ros2_ws/src/shutter-ros2/install/shutter_face_ros/lib/python3.12/site-packages/shutter_face_ros/msg/_pupils_location.py
-- Installing: /home/hrs47/ros2_ws/src/shutter-ros2/install/shutter_face_ros/lib/python3.12/site-packages/shutter_face_ros/_shutter_face_ros_s.ep.rosidl_typesupport_c.c
-- Installing: /home/hrs47/ros2_ws/src/shutter-ros2/install/shutter_face_ros/lib/python3.12/site-packages/shutter_face_ros/shutter_face_ros_s__rosidl_typesupport_c.so
Listing '/home/hrs47/ros2_ws/src/shutter-ros2/install/shutter_face_ros/lib/python3.12/site-packages/shutter_face_ros'...
Compiling '/home/hrs47/ros2_ws/src/shutter-ros2/install/shutter_face_ros/lib/python3.12/site-packages/shutter_face_ros/__init__.py'...
Listing '/home/hrs47/ros2_ws/src/shutter-ros2/install/shutter_face_ros/lib/python3.12/site-packages/shutter_face_ros/msg'...
Compiling '/home/hrs47/ros2_ws/src/shutter-ros2/install/shutter_face_ros/lib/python3.12/site-packages/shutter_face_ros/msg/__init__.py'...
Compiling '/home/hrs47/ros2_ws/src/shutter-ros2/install/shutter_face_ros/lib/python3.12/site-packages/shutter_face_ros/msg/_pupils_location.py'...
-- Installing: /home/hrs47/ros2_ws/src/shutter-ros2/install/shutter_face_ros/lib/python3.12/site-packages/shutter_face_ros/shutter_face_ros_s__rosidl_typesupport_fastrtps_c.so
-- Set non-toolchain portion of runtime path of "/home/hrs47/ros2_ws/src/shutter-ros2/install/shutter_face_ros/lib/python3.12/site-packages/shutter_face_ros/shutter_face_ros_s__rosidl_typesupport_fastrtps_c.so" to ""
-- Installing: /home/hrs47/ros2_ws/src/shutter-ros2/install/shutter_face_ros/lib/python3.12/site-packages/shutter_face_ros/shutter_face_ros_s__rosidl_typesupport_introspection_c.so
-- Set non-toolchain portion of runtime path of "/home/hrs47/ros2_ws/src/shutter-ros2/install/shutter_face_ros/lib/python3.12/site-packages/shutter_face_ros/shutter_face_ros_s__rosidl_typesupport_introspection_c.so" to ""
-- Installing: /home/hrs47/ros2_ws/src/shutter-ros2/install/shutter_face_ros/lib/python3.12/site-packages/shutter_face_ros/shutter_face_ros_s__rosidl_typesupport_c.so
-- Set non-toolchain portion of runtime path of "/home/hrs47/ros2_ws/src/shutter-ros2/install/shutter_face_ros/lib/python3.12/site-packages/shutter_face_ros/shutter_face_ros_s__rosidl_typesupport_c.so" to ""
-- Installing: /home/hrs47/ros2_ws/src/shutter-ros2/install/shutter_face_ros/lib/libshutter_face_ros__rosidl_generator_py.so
-- Set non-toolchain portion of runtime path of "/home/hrs47/ros2_ws/src/shutter-ros2/install/shutter_face_ros/lib/libshutter_face_ros__rosidl_generator_py.so" to ""
-- Installing: /home/hrs47/ros2_ws/src/shutter-ros2/install/shutter_face_ros/share/shutter_face_ros/msg/PupilsLocation.idl
-- Installing: /home/hrs47/ros2_ws/src/shutter-ros2/install/shutter_face_ros/share/shutter_face_ros/msg/PupilsLocation.msg
-- Installing: /home/hrs47/ros2_ws/src/shutter-ros2/install/shutter_face_ros/lib/shutter_face_ros/gaze_master.py
-- Installing: /home/hrs47/ros2_ws/src/shutter-ros2/install/shutter_face_ros/lib/shutter_face_ros/simple_face.py
