[0.216s] Invoking command in '/home/hrs47/ros2_ws/src/shutter-ros2/build/shutter_face_ros': CMAKE_PREFIX_PATH=${CMAKE_PREFIX_PATH}:/home/hrs47/ros2_ws/install/ros_tcp_endpoint:/opt/ros/jazzy DEBUGINFOD_URLS=https://debuginfod.ubuntu.com PS1=(.venv) \[\e]0;\u@\h: \w\a\]${debian_chroot:+($debian_chroot)}\[\033[01;32m\]\u@\h\[\033[00m\]:\[\033[01;34m\]\w\[\033[00m\]\$ VIRTUAL_ENV_PROMPT=(.venv) /usr/bin/cmake /home/hrs47/ros2_ws/src/shutter-ros2/shutter_face_ros -DCMAKE_BUILD_TYPE=Release -DCMAKE_INSTALL_PREFIX=/home/hrs47/ros2_ws/src/shutter-ros2/install/shutter_face_ros
[0.390s] -- The C compiler identification is GNU 13.3.0
[0.527s] -- The CXX compiler identification is GNU 13.3.0
[0.544s] -- Detecting C compiler ABI info
[0.630s] -- Detecting C compiler ABI info - done
[0.639s] -- Check for working C compiler: /usr/bin/cc - skipped
[0.639s] -- Detecting C compile features
[0.640s] -- Detecting C compile features - done
[0.650s] -- Detecting CXX compiler ABI info
[0.745s] -- Detecting CXX compiler ABI info - done
[0.765s] -- Check for working CXX compiler: /usr/bin/c++ - skipped
[0.765s] -- Detecting CXX compile features
[0.766s] -- Detecting CXX compile features - done
[0.770s] -- Found ament_cmake: 2.5.4 (/opt/ros/jazzy/share/ament_cmake/cmake)
[0.920s] -- Found Python3: /home/hrs47/ros2_ws/.venv/bin/python3 (found version "3.12.3") found components: Interpreter 
[1.047s] -- Found rclpy: 7.1.5 (/opt/ros/jazzy/share/rclpy/cmake)
[1.049s] -- Found std_msgs: 5.3.6 (/opt/ros/jazzy/share/std_msgs/cmake)
[1.094s] -- Found rosidl_generator_c: 4.6.6 (/opt/ros/jazzy/share/rosidl_generator_c/cmake)
[1.109s] -- Found rosidl_generator_cpp: 4.6.6 (/opt/ros/jazzy/share/rosidl_generator_cpp/cmake)
[1.127s] -- Using all available rosidl_typesupport_c: rosidl_typesupport_fastrtps_c;rosidl_typesupport_introspection_c
[1.147s] -- Using all available rosidl_typesupport_cpp: rosidl_typesupport_fastrtps_cpp;rosidl_typesupport_introspection_cpp
[1.183s] -- Found geometry_msgs: 5.3.6 (/opt/ros/jazzy/share/geometry_msgs/cmake)
[1.201s] -- Found rosidl_default_generators: 1.6.0 (/opt/ros/jazzy/share/rosidl_default_generators/cmake)
[1.227s] -- Found rosidl_adapter: 4.6.6 (/opt/ros/jazzy/share/rosidl_adapter/cmake)
[1.864s] -- Found ament_cmake_ros: 0.12.0 (/opt/ros/jazzy/share/ament_cmake_ros/cmake)
[2.672s] -- Using all available rosidl_typesupport_c: rosidl_typesupport_fastrtps_c;rosidl_typesupport_introspection_c
[2.996s] -- Using all available rosidl_typesupport_cpp: rosidl_typesupport_fastrtps_cpp;rosidl_typesupport_introspection_cpp
[2.999s] -- Found python_cmake_module: 0.11.1 (/opt/ros/jazzy/share/python_cmake_module/cmake)
[3.128s] -- Found PythonExtra: /home/hrs47/ros2_ws/.venv/bin/python3  
[3.553s] -- Found Python3: /home/hrs47/ros2_ws/.venv/bin/python3 (found version "3.12.3") found components: Interpreter Development NumPy Development.Module Development.Embed 
[3.638s] -- Found Python3: /home/hrs47/ros2_ws/.venv/bin/python3 (found version "3.12.3") found components: Interpreter 
[3.666s] -- Configuring done (3.4s)
[3.706s] -- Generating done (0.0s)
[3.718s] -- Build files have been written to: /home/hrs47/ros2_ws/src/shutter-ros2/build/shutter_face_ros
[3.727s] Invoked command in '/home/hrs47/ros2_ws/src/shutter-ros2/build/shutter_face_ros' returned '0': CMAKE_PREFIX_PATH=${CMAKE_PREFIX_PATH}:/home/hrs47/ros2_ws/install/ros_tcp_endpoint:/opt/ros/jazzy DEBUGINFOD_URLS=https://debuginfod.ubuntu.com PS1=(.venv) \[\e]0;\u@\h: \w\a\]${debian_chroot:+($debian_chroot)}\[\033[01;32m\]\u@\h\[\033[00m\]:\[\033[01;34m\]\w\[\033[00m\]\$ VIRTUAL_ENV_PROMPT=(.venv) /usr/bin/cmake /home/hrs47/ros2_ws/src/shutter-ros2/shutter_face_ros -DCMAKE_BUILD_TYPE=Release -DCMAKE_INSTALL_PREFIX=/home/hrs47/ros2_ws/src/shutter-ros2/install/shutter_face_ros
[3.728s] Invoking command in '/home/hrs47/ros2_ws/src/shutter-ros2/build/shutter_face_ros': CMAKE_PREFIX_PATH=${CMAKE_PREFIX_PATH}:/home/hrs47/ros2_ws/install/ros_tcp_endpoint:/opt/ros/jazzy DEBUGINFOD_URLS=https://debuginfod.ubuntu.com PS1=(.venv) \[\e]0;\u@\h: \w\a\]${debian_chroot:+($debian_chroot)}\[\033[01;32m\]\u@\h\[\033[00m\]:\[\033[01;34m\]\w\[\033[00m\]\$ VIRTUAL_ENV_PROMPT=(.venv) /usr/bin/cmake --build /home/hrs47/ros2_ws/src/shutter-ros2/build/shutter_face_ros -- -j12 -l12
[3.776s] [  2%] [34m[1mGenerating type hashes for ROS interfaces[0m
[3.785s] [  2%] Built target ament_cmake_python_copy_shutter_face_ros
[3.991s] [  2%] Built target shutter_face_ros__rosidl_generator_type_description
[4.002s] [  5%] [34m[1mGenerating C code for ROS interfaces[0m
[4.014s] [  8%] [34m[1mGenerating C++ code for ROS interfaces[0m
[4.034s] running egg_info
[4.035s] creating shutter_face_ros.egg-info
[4.061s] writing shutter_face_ros.egg-info/PKG-INFO
[4.061s] writing dependency_links to shutter_face_ros.egg-info/dependency_links.txt
[4.061s] writing top-level names to shutter_face_ros.egg-info/top_level.txt
[4.061s] writing manifest file 'shutter_face_ros.egg-info/SOURCES.txt'
[4.139s] reading manifest file 'shutter_face_ros.egg-info/SOURCES.txt'
[4.139s] writing manifest file 'shutter_face_ros.egg-info/SOURCES.txt'
[4.169s] [  8%] Built target ament_cmake_python_build_shutter_face_ros_egg
[4.299s] [  8%] Built target shutter_face_ros__cpp
[4.328s] [ 14%] [32mBuilding C object CMakeFiles/shutter_face_ros__rosidl_generator_c.dir/rosidl_generator_c/shutter_face_ros/msg/detail/pupils_location__type_support.c.o[0m
[4.328s] [ 17%] [32mBuilding C object CMakeFiles/shutter_face_ros__rosidl_generator_c.dir/rosidl_generator_c/shutter_face_ros/msg/detail/pupils_location__description.c.o[0m
[4.328s] [ 17%] [32mBuilding C object CMakeFiles/shutter_face_ros__rosidl_generator_c.dir/rosidl_generator_c/shutter_face_ros/msg/detail/pupils_location__functions.c.o[0m
[4.435s] [ 20%] [32m[1mLinking C shared library libshutter_face_ros__rosidl_generator_c.so[0m
[4.475s] [ 20%] Built target shutter_face_ros__rosidl_generator_c
[4.487s] [ 29%] [34m[1mGenerating C type support dispatch for ROS interfaces[0m
[4.487s] [ 29%] [34m[1mGenerating C++ type support dispatch for ROS interfaces[0m
[4.487s] [ 29%] [34m[1mGenerating C++ introspection for ROS interfaces[0m
[4.490s] [ 35%] [34m[1mGenerating C introspection for ROS interfaces[0m
[4.490s] [ 35%] [34m[1mGenerating C type support for eProsima Fast-RTPS[0m
[4.491s] [ 38%] [34m[1mGenerating C++ type support for eProsima Fast-RTPS[0m
[4.780s] [ 41%] [32mBuilding CXX object CMakeFiles/shutter_face_ros__rosidl_typesupport_c.dir/rosidl_typesupport_c/shutter_face_ros/msg/pupils_location__type_support.cpp.o[0m
[4.800s] [ 44%] [32mBuilding CXX object CMakeFiles/shutter_face_ros__rosidl_typesupport_introspection_cpp.dir/rosidl_typesupport_introspection_cpp/shutter_face_ros/msg/detail/pupils_location__type_support.cpp.o[0m
[4.846s] [ 47%] [32m[1mLinking CXX shared library libshutter_face_ros__rosidl_typesupport_c.so[0m
[4.898s] [ 47%] Built target shutter_face_ros__rosidl_typesupport_c
[4.985s] [ 50%] [32mBuilding CXX object CMakeFiles/shutter_face_ros__rosidl_typesupport_cpp.dir/rosidl_typesupport_cpp/shutter_face_ros/msg/pupils_location__type_support.cpp.o[0m
[5.004s] [ 52%] [32mBuilding C object CMakeFiles/shutter_face_ros__rosidl_typesupport_introspection_c.dir/rosidl_typesupport_introspection_c/shutter_face_ros/msg/detail/pupils_location__type_support.c.o[0m
[5.024s] [ 55%] [32mBuilding CXX object CMakeFiles/shutter_face_ros__rosidl_typesupport_fastrtps_c.dir/rosidl_typesupport_fastrtps_c/shutter_face_ros/msg/detail/pupils_location__type_support_c.cpp.o[0m
[5.025s] [ 58%] [32mBuilding CXX object CMakeFiles/shutter_face_ros__rosidl_typesupport_fastrtps_cpp.dir/rosidl_typesupport_fastrtps_cpp/shutter_face_ros/msg/detail/dds_fastrtps/pupils_location__type_support.cpp.o[0m
[5.062s] [ 61%] [32m[1mLinking C shared library libshutter_face_ros__rosidl_typesupport_introspection_c.so[0m
[5.098s] [ 61%] Built target shutter_face_ros__rosidl_typesupport_introspection_c
[5.198s] [ 64%] [32m[1mLinking CXX shared library libshutter_face_ros__rosidl_typesupport_introspection_cpp.so[0m
[5.275s] [ 64%] Built target shutter_face_ros__rosidl_typesupport_introspection_cpp
[5.342s] [ 67%] [32m[1mLinking CXX shared library libshutter_face_ros__rosidl_typesupport_cpp.so[0m
[5.389s] [ 67%] Built target shutter_face_ros__rosidl_typesupport_cpp
[5.600s] [ 70%] [32m[1mLinking CXX shared library libshutter_face_ros__rosidl_typesupport_fastrtps_cpp.so[0m
[5.652s] [ 70%] Built target shutter_face_ros__rosidl_typesupport_fastrtps_cpp
[5.652s] [ 73%] [32m[1mLinking CXX shared library libshutter_face_ros__rosidl_typesupport_fastrtps_c.so[0m
[5.704s] [ 73%] Built target shutter_face_ros__rosidl_typesupport_fastrtps_c
[5.725s] [ 73%] Built target shutter_face_ros
[5.747s] [ 76%] [34m[1mGenerating Python code for ROS interfaces[0m
[6.072s] [ 76%] Built target shutter_face_ros__py
[6.092s] [ 79%] [32mBuilding C object CMakeFiles/shutter_face_ros__rosidl_generator_py.dir/rosidl_generator_py/shutter_face_ros/msg/_pupils_location_s.c.o[0m
[6.286s] [ 82%] [32m[1mLinking C shared library libshutter_face_ros__rosidl_generator_py.so[0m
[6.330s] [ 82%] Built target shutter_face_ros__rosidl_generator_py
[6.350s] [ 91%] [32mBuilding C object CMakeFiles/shutter_face_ros_s__rosidl_typesupport_c.dir/rosidl_generator_py/shutter_face_ros/_shutter_face_ros_s.ep.rosidl_typesupport_c.c.o[0m
[6.350s] [ 91%] [32mBuilding C object CMakeFiles/shutter_face_ros_s__rosidl_typesupport_fastrtps_c.dir/rosidl_generator_py/shutter_face_ros/_shutter_face_ros_s.ep.rosidl_typesupport_fastrtps_c.c.o[0m
[6.351s] [ 91%] [32mBuilding C object CMakeFiles/shutter_face_ros_s__rosidl_typesupport_introspection_c.dir/rosidl_generator_py/shutter_face_ros/_shutter_face_ros_s.ep.rosidl_typesupport_introspection_c.c.o[0m
[6.474s] [ 94%] [32m[1mLinking C shared module rosidl_generator_py/shutter_face_ros/shutter_face_ros_s__rosidl_typesupport_c.so[0m
[6.475s] [ 97%] [32m[1mLinking C shared module rosidl_generator_py/shutter_face_ros/shutter_face_ros_s__rosidl_typesupport_introspection_c.so[0m
[6.481s] [100%] [32m[1mLinking C shared module rosidl_generator_py/shutter_face_ros/shutter_face_ros_s__rosidl_typesupport_fastrtps_c.so[0m
[6.506s] [100%] Built target shutter_face_ros_s__rosidl_typesupport_c
[6.507s] [100%] Built target shutter_face_ros_s__rosidl_typesupport_introspection_c
[6.515s] [100%] Built target shutter_face_ros_s__rosidl_typesupport_fastrtps_c
[6.527s] Invoked command in '/home/hrs47/ros2_ws/src/shutter-ros2/build/shutter_face_ros' returned '0': CMAKE_PREFIX_PATH=${CMAKE_PREFIX_PATH}:/home/hrs47/ros2_ws/install/ros_tcp_endpoint:/opt/ros/jazzy DEBUGINFOD_URLS=https://debuginfod.ubuntu.com PS1=(.venv) \[\e]0;\u@\h: \w\a\]${debian_chroot:+($debian_chroot)}\[\033[01;32m\]\u@\h\[\033[00m\]:\[\033[01;34m\]\w\[\033[00m\]\$ VIRTUAL_ENV_PROMPT=(.venv) /usr/bin/cmake --build /home/hrs47/ros2_ws/src/shutter-ros2/build/shutter_face_ros -- -j12 -l12
[6.528s] Invoking command in '/home/hrs47/ros2_ws/src/shutter-ros2/build/shutter_face_ros': CMAKE_PREFIX_PATH=${CMAKE_PREFIX_PATH}:/home/hrs47/ros2_ws/install/ros_tcp_endpoint:/opt/ros/jazzy DEBUGINFOD_URLS=https://debuginfod.ubuntu.com PS1=(.venv) \[\e]0;\u@\h: \w\a\]${debian_chroot:+($debian_chroot)}\[\033[01;32m\]\u@\h\[\033[00m\]:\[\033[01;34m\]\w\[\033[00m\]\$ VIRTUAL_ENV_PROMPT=(.venv) /usr/bin/cmake --install /home/hrs47/ros2_ws/src/shutter-ros2/build/shutter_face_ros
[6.536s] -- Install configuration: "Release"
[6.536s] -- Installing: /home/hrs47/ros2_ws/src/shutter-ros2/install/shutter_face_ros/share/ament_index/resource_index/rosidl_interfaces/shutter_face_ros
[6.536s] -- Installing: /home/hrs47/ros2_ws/src/shutter-ros2/install/shutter_face_ros/share/shutter_face_ros/msg/PupilsLocation.json
[6.536s] -- Installing: /home/hrs47/ros2_ws/src/shutter-ros2/install/shutter_face_ros/include/shutter_face_ros/shutter_face_ros
[6.536s] -- Installing: /home/hrs47/ros2_ws/src/shutter-ros2/install/shutter_face_ros/include/shutter_face_ros/shutter_face_ros/msg
[6.536s] -- Installing: /home/hrs47/ros2_ws/src/shutter-ros2/install/shutter_face_ros/include/shutter_face_ros/shutter_face_ros/msg/pupils_location.h
[6.536s] -- Installing: /home/hrs47/ros2_ws/src/shutter-ros2/install/shutter_face_ros/include/shutter_face_ros/shutter_face_ros/msg/rosidl_generator_c__visibility_control.h
[6.537s] -- Installing: /home/hrs47/ros2_ws/src/shutter-ros2/install/shutter_face_ros/include/shutter_face_ros/shutter_face_ros/msg/detail
[6.537s] -- Installing: /home/hrs47/ros2_ws/src/shutter-ros2/install/shutter_face_ros/include/shutter_face_ros/shutter_face_ros/msg/detail/pupils_location__struct.h
[6.537s] -- Installing: /home/hrs47/ros2_ws/src/shutter-ros2/install/shutter_face_ros/include/shutter_face_ros/shutter_face_ros/msg/detail/pupils_location__type_support.h
[6.537s] -- Installing: /home/hrs47/ros2_ws/src/shutter-ros2/install/shutter_face_ros/include/shutter_face_ros/shutter_face_ros/msg/detail/pupils_location__type_support.c
[6.537s] -- Installing: /home/hrs47/ros2_ws/src/shutter-ros2/install/shutter_face_ros/include/shutter_face_ros/shutter_face_ros/msg/detail/pupils_location__description.c
[6.537s] -- Installing: /home/hrs47/ros2_ws/src/shutter-ros2/install/shutter_face_ros/include/shutter_face_ros/shutter_face_ros/msg/detail/pupils_location__functions.h
[6.537s] -- Installing: /home/hrs47/ros2_ws/src/shutter-ros2/install/shutter_face_ros/include/shutter_face_ros/shutter_face_ros/msg/detail/pupils_location__functions.c
[6.537s] -- Installing: /home/hrs47/ros2_ws/src/shutter-ros2/install/shutter_face_ros/share/shutter_face_ros/environment/library_path.sh
[6.537s] -- Installing: /home/hrs47/ros2_ws/src/shutter-ros2/install/shutter_face_ros/share/shutter_face_ros/environment/library_path.dsv
[6.537s] -- Installing: /home/hrs47/ros2_ws/src/shutter-ros2/install/shutter_face_ros/lib/libshutter_face_ros__rosidl_generator_c.so
[6.538s] -- Set non-toolchain portion of runtime path of "/home/hrs47/ros2_ws/src/shutter-ros2/install/shutter_face_ros/lib/libshutter_face_ros__rosidl_generator_c.so" to ""
[6.538s] -- Up-to-date: /home/hrs47/ros2_ws/src/shutter-ros2/install/shutter_face_ros/include/shutter_face_ros/shutter_face_ros
[6.538s] -- Up-to-date: /home/hrs47/ros2_ws/src/shutter-ros2/install/shutter_face_ros/include/shutter_face_ros/shutter_face_ros/msg
[6.538s] -- Installing: /home/hrs47/ros2_ws/src/shutter-ros2/install/shutter_face_ros/include/shutter_face_ros/shutter_face_ros/msg/rosidl_typesupport_fastrtps_c__visibility_control.h
[6.538s] -- Up-to-date: /home/hrs47/ros2_ws/src/shutter-ros2/install/shutter_face_ros/include/shutter_face_ros/shutter_face_ros/msg/detail
[6.538s] -- Installing: /home/hrs47/ros2_ws/src/shutter-ros2/install/shutter_face_ros/include/shutter_face_ros/shutter_face_ros/msg/detail/pupils_location__rosidl_typesupport_fastrtps_c.h
[6.538s] -- Installing: /home/hrs47/ros2_ws/src/shutter-ros2/install/shutter_face_ros/lib/libshutter_face_ros__rosidl_typesupport_fastrtps_c.so
[6.538s] -- Set non-toolchain portion of runtime path of "/home/hrs47/ros2_ws/src/shutter-ros2/install/shutter_face_ros/lib/libshutter_face_ros__rosidl_typesupport_fastrtps_c.so" to ""
[6.538s] -- Up-to-date: /home/hrs47/ros2_ws/src/shutter-ros2/install/shutter_face_ros/include/shutter_face_ros/shutter_face_ros
[6.539s] -- Up-to-date: /home/hrs47/ros2_ws/src/shutter-ros2/install/shutter_face_ros/include/shutter_face_ros/shutter_face_ros/msg
[6.539s] -- Installing: /home/hrs47/ros2_ws/src/shutter-ros2/install/shutter_face_ros/include/shutter_face_ros/shutter_face_ros/msg/pupils_location.hpp
[6.539s] -- Installing: /home/hrs47/ros2_ws/src/shutter-ros2/install/shutter_face_ros/include/shutter_face_ros/shutter_face_ros/msg/rosidl_generator_cpp__visibility_control.hpp
[6.539s] -- Up-to-date: /home/hrs47/ros2_ws/src/shutter-ros2/install/shutter_face_ros/include/shutter_face_ros/shutter_face_ros/msg/detail
[6.539s] -- Installing: /home/hrs47/ros2_ws/src/shutter-ros2/install/shutter_face_ros/include/shutter_face_ros/shutter_face_ros/msg/detail/pupils_location__builder.hpp
[6.539s] -- Installing: /home/hrs47/ros2_ws/src/shutter-ros2/install/shutter_face_ros/include/shutter_face_ros/shutter_face_ros/msg/detail/pupils_location__struct.hpp
[6.539s] -- Installing: /home/hrs47/ros2_ws/src/shutter-ros2/install/shutter_face_ros/include/shutter_face_ros/shutter_face_ros/msg/detail/pupils_location__traits.hpp
[6.539s] -- Installing: /home/hrs47/ros2_ws/src/shutter-ros2/install/shutter_face_ros/include/shutter_face_ros/shutter_face_ros/msg/detail/pupils_location__type_support.hpp
[6.540s] -- Up-to-date: /home/hrs47/ros2_ws/src/shutter-ros2/install/shutter_face_ros/include/shutter_face_ros/shutter_face_ros
[6.540s] -- Up-to-date: /home/hrs47/ros2_ws/src/shutter-ros2/install/shutter_face_ros/include/shutter_face_ros/shutter_face_ros/msg
[6.540s] -- Up-to-date: /home/hrs47/ros2_ws/src/shutter-ros2/install/shutter_face_ros/include/shutter_face_ros/shutter_face_ros/msg/detail
[6.540s] -- Installing: /home/hrs47/ros2_ws/src/shutter-ros2/install/shutter_face_ros/include/shutter_face_ros/shutter_face_ros/msg/detail/pupils_location__rosidl_typesupport_fastrtps_cpp.hpp
[6.540s] -- Installing: /home/hrs47/ros2_ws/src/shutter-ros2/install/shutter_face_ros/include/shutter_face_ros/shutter_face_ros/msg/detail/dds_fastrtps
[6.540s] -- Installing: /home/hrs47/ros2_ws/src/shutter-ros2/install/shutter_face_ros/include/shutter_face_ros/shutter_face_ros/msg/rosidl_typesupport_fastrtps_cpp__visibility_control.h
[6.540s] -- Installing: /home/hrs47/ros2_ws/src/shutter-ros2/install/shutter_face_ros/lib/libshutter_face_ros__rosidl_typesupport_fastrtps_cpp.so
[6.540s] -- Set non-toolchain portion of runtime path of "/home/hrs47/ros2_ws/src/shutter-ros2/install/shutter_face_ros/lib/libshutter_face_ros__rosidl_typesupport_fastrtps_cpp.so" to ""
[6.540s] -- Up-to-date: /home/hrs47/ros2_ws/src/shutter-ros2/install/shutter_face_ros/include/shutter_face_ros/shutter_face_ros
[6.540s] -- Up-to-date: /home/hrs47/ros2_ws/src/shutter-ros2/install/shutter_face_ros/include/shutter_face_ros/shutter_face_ros/msg
[6.540s] -- Up-to-date: /home/hrs47/ros2_ws/src/shutter-ros2/install/shutter_face_ros/include/shutter_face_ros/shutter_face_ros/msg/detail
[6.541s] -- Installing: /home/hrs47/ros2_ws/src/shutter-ros2/install/shutter_face_ros/include/shutter_face_ros/shutter_face_ros/msg/detail/pupils_location__rosidl_typesupport_introspection_c.h
[6.541s] -- Up-to-date: /home/hrs47/ros2_ws/src/shutter-ros2/install/shutter_face_ros/include/shutter_face_ros/shutter_face_ros/msg/detail/pupils_location__type_support.c
[6.541s] -- Installing: /home/hrs47/ros2_ws/src/shutter-ros2/install/shutter_face_ros/include/shutter_face_ros/shutter_face_ros/msg/rosidl_typesupport_introspection_c__visibility_control.h
[6.541s] -- Installing: /home/hrs47/ros2_ws/src/shutter-ros2/install/shutter_face_ros/lib/libshutter_face_ros__rosidl_typesupport_introspection_c.so
[6.541s] -- Set non-toolchain portion of runtime path of "/home/hrs47/ros2_ws/src/shutter-ros2/install/shutter_face_ros/lib/libshutter_face_ros__rosidl_typesupport_introspection_c.so" to ""
[6.541s] -- Installing: /home/hrs47/ros2_ws/src/shutter-ros2/install/shutter_face_ros/lib/libshutter_face_ros__rosidl_typesupport_c.so
[6.541s] -- Set non-toolchain portion of runtime path of "/home/hrs47/ros2_ws/src/shutter-ros2/install/shutter_face_ros/lib/libshutter_face_ros__rosidl_typesupport_c.so" to ""
[6.541s] -- Up-to-date: /home/hrs47/ros2_ws/src/shutter-ros2/install/shutter_face_ros/include/shutter_face_ros/shutter_face_ros
[6.541s] -- Up-to-date: /home/hrs47/ros2_ws/src/shutter-ros2/install/shutter_face_ros/include/shutter_face_ros/shutter_face_ros/msg
[6.542s] -- Up-to-date: /home/hrs47/ros2_ws/src/shutter-ros2/install/shutter_face_ros/include/shutter_face_ros/shutter_face_ros/msg/detail
[6.542s] -- Installing: /home/hrs47/ros2_ws/src/shutter-ros2/install/shutter_face_ros/include/shutter_face_ros/shutter_face_ros/msg/detail/pupils_location__type_support.cpp
[6.542s] -- Installing: /home/hrs47/ros2_ws/src/shutter-ros2/install/shutter_face_ros/include/shutter_face_ros/shutter_face_ros/msg/detail/pupils_location__rosidl_typesupport_introspection_cpp.hpp
[6.542s] -- Installing: /home/hrs47/ros2_ws/src/shutter-ros2/install/shutter_face_ros/lib/libshutter_face_ros__rosidl_typesupport_introspection_cpp.so
[6.542s] -- Set non-toolchain portion of runtime path of "/home/hrs47/ros2_ws/src/shutter-ros2/install/shutter_face_ros/lib/libshutter_face_ros__rosidl_typesupport_introspection_cpp.so" to ""
[6.542s] -- Installing: /home/hrs47/ros2_ws/src/shutter-ros2/install/shutter_face_ros/lib/libshutter_face_ros__rosidl_typesupport_cpp.so
[6.542s] -- Set non-toolchain portion of runtime path of "/home/hrs47/ros2_ws/src/shutter-ros2/install/shutter_face_ros/lib/libshutter_face_ros__rosidl_typesupport_cpp.so" to ""
[6.542s] -- Installing: /home/hrs47/ros2_ws/src/shutter-ros2/install/shutter_face_ros/share/shutter_face_ros/environment/pythonpath.sh
[6.543s] -- Installing: /home/hrs47/ros2_ws/src/shutter-ros2/install/shutter_face_ros/share/shutter_face_ros/environment/pythonpath.dsv
[6.543s] -- Installing: /home/hrs47/ros2_ws/src/shutter-ros2/install/shutter_face_ros/lib/python3.12/site-packages/shutter_face_ros-0.0.1-py3.12.egg-info
[6.543s] -- Installing: /home/hrs47/ros2_ws/src/shutter-ros2/install/shutter_face_ros/lib/python3.12/site-packages/shutter_face_ros-0.0.1-py3.12.egg-info/SOURCES.txt
[6.543s] -- Installing: /home/hrs47/ros2_ws/src/shutter-ros2/install/shutter_face_ros/lib/python3.12/site-packages/shutter_face_ros-0.0.1-py3.12.egg-info/dependency_links.txt
[6.543s] -- Installing: /home/hrs47/ros2_ws/src/shutter-ros2/install/shutter_face_ros/lib/python3.12/site-packages/shutter_face_ros-0.0.1-py3.12.egg-info/PKG-INFO
[6.543s] -- Installing: /home/hrs47/ros2_ws/src/shutter-ros2/install/shutter_face_ros/lib/python3.12/site-packages/shutter_face_ros-0.0.1-py3.12.egg-info/top_level.txt
[6.543s] -- Installing: /home/hrs47/ros2_ws/src/shutter-ros2/install/shutter_face_ros/lib/python3.12/site-packages/shutter_face_ros
[6.543s] -- Installing: /home/hrs47/ros2_ws/src/shutter-ros2/install/shutter_face_ros/lib/python3.12/site-packages/shutter_face_ros/_shutter_face_ros_s.ep.rosidl_typesupport_fastrtps_c.c
[6.544s] -- Installing: /home/hrs47/ros2_ws/src/shutter-ros2/install/shutter_face_ros/lib/python3.12/site-packages/shutter_face_ros/shutter_face_ros_s__rosidl_typesupport_fastrtps_c.so
[6.544s] -- Installing: /home/hrs47/ros2_ws/src/shutter-ros2/install/shutter_face_ros/lib/python3.12/site-packages/shutter_face_ros/_shutter_face_ros_s.ep.rosidl_typesupport_introspection_c.c
[6.544s] -- Installing: /home/hrs47/ros2_ws/src/shutter-ros2/install/shutter_face_ros/lib/python3.12/site-packages/shutter_face_ros/shutter_face_ros_s__rosidl_typesupport_introspection_c.so
[6.544s] -- Installing: /home/hrs47/ros2_ws/src/shutter-ros2/install/shutter_face_ros/lib/python3.12/site-packages/shutter_face_ros/__init__.py
[6.544s] -- Installing: /home/hrs47/ros2_ws/src/shutter-ros2/install/shutter_face_ros/lib/python3.12/site-packages/shutter_face_ros/msg
[6.544s] -- Installing: /home/hrs47/ros2_ws/src/shutter-ros2/install/shutter_face_ros/lib/python3.12/site-packages/shutter_face_ros/msg/__init__.py
[6.544s] -- Installing: /home/hrs47/ros2_ws/src/shutter-ros2/install/shutter_face_ros/lib/python3.12/site-packages/shutter_face_ros/msg/_pupils_location_s.c
[6.544s] -- Installing: /home/hrs47/ros2_ws/src/shutter-ros2/install/shutter_face_ros/lib/python3.12/site-packages/shutter_face_ros/msg/_pupils_location.py
[6.544s] -- Installing: /home/hrs47/ros2_ws/src/shutter-ros2/install/shutter_face_ros/lib/python3.12/site-packages/shutter_face_ros/_shutter_face_ros_s.ep.rosidl_typesupport_c.c
[6.545s] -- Installing: /home/hrs47/ros2_ws/src/shutter-ros2/install/shutter_face_ros/lib/python3.12/site-packages/shutter_face_ros/shutter_face_ros_s__rosidl_typesupport_c.so
[6.579s] Listing '/home/hrs47/ros2_ws/src/shutter-ros2/install/shutter_face_ros/lib/python3.12/site-packages/shutter_face_ros'...
[6.579s] Compiling '/home/hrs47/ros2_ws/src/shutter-ros2/install/shutter_face_ros/lib/python3.12/site-packages/shutter_face_ros/__init__.py'...
[6.579s] Listing '/home/hrs47/ros2_ws/src/shutter-ros2/install/shutter_face_ros/lib/python3.12/site-packages/shutter_face_ros/msg'...
[6.579s] Compiling '/home/hrs47/ros2_ws/src/shutter-ros2/install/shutter_face_ros/lib/python3.12/site-packages/shutter_face_ros/msg/__init__.py'...
[6.579s] Compiling '/home/hrs47/ros2_ws/src/shutter-ros2/install/shutter_face_ros/lib/python3.12/site-packages/shutter_face_ros/msg/_pupils_location.py'...
[6.584s] -- Installing: /home/hrs47/ros2_ws/src/shutter-ros2/install/shutter_face_ros/lib/python3.12/site-packages/shutter_face_ros/shutter_face_ros_s__rosidl_typesupport_fastrtps_c.so
[6.584s] -- Set non-toolchain portion of runtime path of "/home/hrs47/ros2_ws/src/shutter-ros2/install/shutter_face_ros/lib/python3.12/site-packages/shutter_face_ros/shutter_face_ros_s__rosidl_typesupport_fastrtps_c.so" to ""
[6.584s] -- Installing: /home/hrs47/ros2_ws/src/shutter-ros2/install/shutter_face_ros/lib/python3.12/site-packages/shutter_face_ros/shutter_face_ros_s__rosidl_typesupport_introspection_c.so
[6.585s] -- Set non-toolchain portion of runtime path of "/home/hrs47/ros2_ws/src/shutter-ros2/install/shutter_face_ros/lib/python3.12/site-packages/shutter_face_ros/shutter_face_ros_s__rosidl_typesupport_introspection_c.so" to ""
[6.585s] -- Installing: /home/hrs47/ros2_ws/src/shutter-ros2/install/shutter_face_ros/lib/python3.12/site-packages/shutter_face_ros/shutter_face_ros_s__rosidl_typesupport_c.so
[6.585s] -- Set non-toolchain portion of runtime path of "/home/hrs47/ros2_ws/src/shutter-ros2/install/shutter_face_ros/lib/python3.12/site-packages/shutter_face_ros/shutter_face_ros_s__rosidl_typesupport_c.so" to ""
[6.585s] -- Installing: /home/hrs47/ros2_ws/src/shutter-ros2/install/shutter_face_ros/lib/libshutter_face_ros__rosidl_generator_py.so
[6.586s] -- Set non-toolchain portion of runtime path of "/home/hrs47/ros2_ws/src/shutter-ros2/install/shutter_face_ros/lib/libshutter_face_ros__rosidl_generator_py.so" to ""
[6.586s] -- Installing: /home/hrs47/ros2_ws/src/shutter-ros2/install/shutter_face_ros/share/shutter_face_ros/msg/PupilsLocation.idl
[6.586s] -- Installing: /home/hrs47/ros2_ws/src/shutter-ros2/install/shutter_face_ros/share/shutter_face_ros/msg/PupilsLocation.msg
[6.586s] -- Installing: /home/hrs47/ros2_ws/src/shutter-ros2/install/shutter_face_ros/lib/shutter_face_ros/gaze_master.py
[6.586s] -- Installing: /home/hrs47/ros2_ws/src/shutter-ros2/install/shutter_face_ros/lib/shutter_face_ros/simple_face.py
[6.586s] [31mCMake Error at cmake_install.cmake:385 (file):
[6.586s]   file INSTALL cannot find
[6.586s]   "/home/hrs47/ros2_ws/src/shutter-ros2/shutter_face_ros/shutter_face/shutter_face/data":
[6.586s]   No such file or directory.
[6.587s] 
[6.587s] [0m
[6.588s] Invoked command in '/home/hrs47/ros2_ws/src/shutter-ros2/build/shutter_face_ros' returned '1': CMAKE_PREFIX_PATH=${CMAKE_PREFIX_PATH}:/home/hrs47/ros2_ws/install/ros_tcp_endpoint:/opt/ros/jazzy DEBUGINFOD_URLS=https://debuginfod.ubuntu.com PS1=(.venv) \[\e]0;\u@\h: \w\a\]${debian_chroot:+($debian_chroot)}\[\033[01;32m\]\u@\h\[\033[00m\]:\[\033[01;34m\]\w\[\033[00m\]\$ VIRTUAL_ENV_PROMPT=(.venv) /usr/bin/cmake --install /home/hrs47/ros2_ws/src/shutter-ros2/build/shutter_face_ros
